[2023-06-11 07:38:43,691] {taskinstance.py:1179} INFO - Dependencies all met for <TaskInstance: listing_4_15.fetch_pageviews scheduled__2023-06-10T00:00:00+00:00 [queued]>
[2023-06-11 07:38:43,698] {taskinstance.py:1179} INFO - Dependencies all met for <TaskInstance: listing_4_15.fetch_pageviews scheduled__2023-06-10T00:00:00+00:00 [queued]>
[2023-06-11 07:38:43,699] {taskinstance.py:1376} INFO - 
--------------------------------------------------------------------------------
[2023-06-11 07:38:43,701] {taskinstance.py:1377} INFO - Starting attempt 1 of 1
[2023-06-11 07:38:43,702] {taskinstance.py:1378} INFO - 
--------------------------------------------------------------------------------
[2023-06-11 07:38:43,711] {taskinstance.py:1397} INFO - Executing <Task(PythonOperator): fetch_pageviews> on 2023-06-10 00:00:00+00:00
[2023-06-11 07:38:43,715] {standard_task_runner.py:52} INFO - Started process 83792 to run task
[2023-06-11 07:38:43,717] {standard_task_runner.py:79} INFO - Running: ['***', 'tasks', 'run', 'listing_4_15', 'fetch_pageviews', 'scheduled__2023-06-10T00:00:00+00:00', '--job-id', '119', '--raw', '--subdir', 'DAGS_FOLDER/listing_4_15.py', '--cfg-path', '/tmp/tmp8pgyetph', '--error-file', '/tmp/tmpr70a_x60']
[2023-06-11 07:38:43,719] {standard_task_runner.py:80} INFO - Job 119: Subtask fetch_pageviews
[2023-06-11 07:38:43,760] {task_command.py:371} INFO - Running <TaskInstance: listing_4_15.fetch_pageviews scheduled__2023-06-10T00:00:00+00:00 [running]> on host fd847b0d0eb3
[2023-06-11 07:38:43,802] {taskinstance.py:1591} INFO - Exporting the following env vars:
AIRFLOW_CTX_DAG_OWNER=***
AIRFLOW_CTX_DAG_ID=listing_4_15
AIRFLOW_CTX_TASK_ID=fetch_pageviews
AIRFLOW_CTX_EXECUTION_DATE=2023-06-10T00:00:00+00:00
AIRFLOW_CTX_TRY_NUMBER=1
AIRFLOW_CTX_DAG_RUN_ID=scheduled__2023-06-10T00:00:00+00:00
[2023-06-11 07:38:45,111] {logging_mixin.py:115} INFO - {'Google': '457', 'Amazon': '33', 'Apple': '34', 'Microsoft': '108', 'Facebook': '378'}
[2023-06-11 07:38:45,112] {python.py:173} INFO - Done. Returned value was: None
[2023-06-11 07:38:45,124] {taskinstance.py:1420} INFO - Marking task as SUCCESS. dag_id=listing_4_15, task_id=fetch_pageviews, execution_date=20230610T000000, start_date=20230611T073843, end_date=20230611T073845
[2023-06-11 07:38:45,172] {local_task_job.py:156} INFO - Task exited with return code 0
[2023-06-11 07:38:45,198] {local_task_job.py:273} INFO - 0 downstream tasks scheduled from follow-on schedule check
