[2023-06-11 04:40:55,677] {taskinstance.py:1179} INFO - Dependencies all met for <TaskInstance: 01_unscheduled.calculate_stats manual__2023-06-11T03:54:24.205713+00:00 [queued]>
[2023-06-11 04:40:55,684] {taskinstance.py:1179} INFO - Dependencies all met for <TaskInstance: 01_unscheduled.calculate_stats manual__2023-06-11T03:54:24.205713+00:00 [queued]>
[2023-06-11 04:40:55,685] {taskinstance.py:1376} INFO - 
--------------------------------------------------------------------------------
[2023-06-11 04:40:55,686] {taskinstance.py:1377} INFO - Starting attempt 2 of 2
[2023-06-11 04:40:55,686] {taskinstance.py:1378} INFO - 
--------------------------------------------------------------------------------
[2023-06-11 04:40:55,694] {taskinstance.py:1397} INFO - Executing <Task(PythonOperator): calculate_stats> on 2023-06-11 03:54:24.205713+00:00
[2023-06-11 04:40:55,698] {standard_task_runner.py:52} INFO - Started process 29743 to run task
[2023-06-11 04:40:55,700] {standard_task_runner.py:79} INFO - Running: ['***', 'tasks', 'run', '01_unscheduled', 'calculate_stats', 'manual__2023-06-11T03:54:24.205713+00:00', '--job-id', '75', '--raw', '--subdir', 'DAGS_FOLDER/unscheduled.py', '--cfg-path', '/tmp/tmpubeyp410', '--error-file', '/tmp/tmp81v67tc2']
[2023-06-11 04:40:55,702] {standard_task_runner.py:80} INFO - Job 75: Subtask calculate_stats
[2023-06-11 04:40:55,741] {task_command.py:371} INFO - Running <TaskInstance: 01_unscheduled.calculate_stats manual__2023-06-11T03:54:24.205713+00:00 [running]> on host fd847b0d0eb3
[2023-06-11 04:40:55,782] {taskinstance.py:1591} INFO - Exporting the following env vars:
AIRFLOW_CTX_DAG_OWNER=***
AIRFLOW_CTX_DAG_ID=01_unscheduled
AIRFLOW_CTX_TASK_ID=calculate_stats
AIRFLOW_CTX_EXECUTION_DATE=2023-06-11T03:54:24.205713+00:00
AIRFLOW_CTX_TRY_NUMBER=2
AIRFLOW_CTX_DAG_RUN_ID=manual__2023-06-11T03:54:24.205713+00:00
[2023-06-11 04:40:55,803] {python.py:173} INFO - Done. Returned value was: None
[2023-06-11 04:40:55,812] {taskinstance.py:1420} INFO - Marking task as SUCCESS. dag_id=01_unscheduled, task_id=calculate_stats, execution_date=20230611T035424, start_date=20230611T044055, end_date=20230611T044055
[2023-06-11 04:40:55,834] {local_task_job.py:156} INFO - Task exited with return code 0
[2023-06-11 04:40:55,854] {local_task_job.py:273} INFO - 0 downstream tasks scheduled from follow-on schedule check
