[2023-06-11 07:38:46,986] {taskinstance.py:1179} INFO - Dependencies all met for <TaskInstance: listing_4_15.get_data scheduled__2023-06-10T01:00:00+00:00 [queued]>
[2023-06-11 07:38:46,993] {taskinstance.py:1179} INFO - Dependencies all met for <TaskInstance: listing_4_15.get_data scheduled__2023-06-10T01:00:00+00:00 [queued]>
[2023-06-11 07:38:46,994] {taskinstance.py:1376} INFO - 
--------------------------------------------------------------------------------
[2023-06-11 07:38:46,995] {taskinstance.py:1377} INFO - Starting attempt 1 of 1
[2023-06-11 07:38:46,996] {taskinstance.py:1378} INFO - 
--------------------------------------------------------------------------------
[2023-06-11 07:38:47,004] {taskinstance.py:1397} INFO - Executing <Task(PythonOperator): get_data> on 2023-06-10 01:00:00+00:00
[2023-06-11 07:38:47,008] {standard_task_runner.py:52} INFO - Started process 83827 to run task
[2023-06-11 07:38:47,010] {standard_task_runner.py:79} INFO - Running: ['***', 'tasks', 'run', 'listing_4_15', 'get_data', 'scheduled__2023-06-10T01:00:00+00:00', '--job-id', '120', '--raw', '--subdir', 'DAGS_FOLDER/listing_4_15.py', '--cfg-path', '/tmp/tmpmuha085o', '--error-file', '/tmp/tmpbsg3340_']
[2023-06-11 07:38:47,011] {standard_task_runner.py:80} INFO - Job 120: Subtask get_data
[2023-06-11 07:38:47,055] {task_command.py:371} INFO - Running <TaskInstance: listing_4_15.get_data scheduled__2023-06-10T01:00:00+00:00 [running]> on host fd847b0d0eb3
[2023-06-11 07:38:47,076] {warnings.py:110} WARNING - /home/***/.local/lib/python3.7/site-packages/***/utils/context.py:202: AirflowContextDeprecationWarning: Accessing 'execution_date' from the template is deprecated and will be removed in a future version. Please use 'data_interval_start' or 'logical_date' instead.
  warnings.warn(_create_deprecation_warning(key, self._deprecation_replacements[key]))

[2023-06-11 07:38:47,102] {taskinstance.py:1591} INFO - Exporting the following env vars:
AIRFLOW_CTX_DAG_OWNER=***
AIRFLOW_CTX_DAG_ID=listing_4_15
AIRFLOW_CTX_TASK_ID=get_data
AIRFLOW_CTX_EXECUTION_DATE=2023-06-10T01:00:00+00:00
AIRFLOW_CTX_TRY_NUMBER=1
AIRFLOW_CTX_DAG_RUN_ID=scheduled__2023-06-10T01:00:00+00:00
[2023-06-11 07:38:59,339] {python.py:173} INFO - Done. Returned value was: None
[2023-06-11 07:38:59,369] {taskinstance.py:1420} INFO - Marking task as SUCCESS. dag_id=listing_4_15, task_id=get_data, execution_date=20230610T010000, start_date=20230611T073846, end_date=20230611T073859
[2023-06-11 07:38:59,397] {local_task_job.py:156} INFO - Task exited with return code 0
[2023-06-11 07:38:59,427] {local_task_job.py:273} INFO - 1 downstream tasks scheduled from follow-on schedule check
