[2023-06-11 06:37:23,831] {taskinstance.py:1179} INFO - Dependencies all met for <TaskInstance: listing_4_03.print_context manual__2023-06-11T06:37:23.311142+00:00 [queued]>
[2023-06-11 06:37:23,850] {taskinstance.py:1179} INFO - Dependencies all met for <TaskInstance: listing_4_03.print_context manual__2023-06-11T06:37:23.311142+00:00 [queued]>
[2023-06-11 06:37:23,853] {taskinstance.py:1376} INFO - 
--------------------------------------------------------------------------------
[2023-06-11 06:37:23,855] {taskinstance.py:1377} INFO - Starting attempt 1 of 1
[2023-06-11 06:37:23,856] {taskinstance.py:1378} INFO - 
--------------------------------------------------------------------------------
[2023-06-11 06:37:23,868] {taskinstance.py:1397} INFO - Executing <Task(PythonOperator): print_context> on 2023-06-11 06:37:23.311142+00:00
[2023-06-11 06:37:23,875] {standard_task_runner.py:52} INFO - Started process 43647 to run task
[2023-06-11 06:37:23,882] {standard_task_runner.py:79} INFO - Running: ['***', 'tasks', 'run', 'listing_4_03', 'print_context', 'manual__2023-06-11T06:37:23.311142+00:00', '--job-id', '78', '--raw', '--subdir', 'DAGS_FOLDER/listing_4_3.py', '--cfg-path', '/tmp/tmpeqefcvib', '--error-file', '/tmp/tmpjyrfwj99']
[2023-06-11 06:37:23,885] {standard_task_runner.py:80} INFO - Job 78: Subtask print_context
[2023-06-11 06:37:23,950] {task_command.py:371} INFO - Running <TaskInstance: listing_4_03.print_context manual__2023-06-11T06:37:23.311142+00:00 [running]> on host fd847b0d0eb3
[2023-06-11 06:37:24,033] {taskinstance.py:1591} INFO - Exporting the following env vars:
AIRFLOW_CTX_DAG_OWNER=***
AIRFLOW_CTX_DAG_ID=listing_4_03
AIRFLOW_CTX_TASK_ID=print_context
AIRFLOW_CTX_EXECUTION_DATE=2023-06-11T06:37:23.311142+00:00
AIRFLOW_CTX_TRY_NUMBER=1
AIRFLOW_CTX_DAG_RUN_ID=manual__2023-06-11T06:37:23.311142+00:00
[2023-06-11 06:37:24,038] {logging_mixin.py:115} INFO - {'conf': <***.configuration.AirflowConfigParser object at 0xffff928688d0>, 'dag': <DAG: listing_4_03>, 'dag_run': <DagRun listing_4_03 @ 2023-06-11 06:37:23.311142+00:00: manual__2023-06-11T06:37:23.311142+00:00, externally triggered: True>, 'data_interval_end': DateTime(2023, 6, 11, 0, 0, 0, tzinfo=Timezone('UTC')), 'data_interval_start': DateTime(2023, 6, 10, 0, 0, 0, tzinfo=Timezone('UTC')), 'ds': '2023-06-11', 'ds_nodash': '20230611', 'execution_date': <Proxy at 0xffff7d5d6cd0 with factory functools.partial(<function lazy_mapping_from_context.<locals>._deprecated_proxy_factory at 0xffff7d664c20>, 'execution_date', DateTime(2023, 6, 11, 6, 37, 23, 311142, tzinfo=Timezone('UTC')))>, 'inlets': [], 'logical_date': DateTime(2023, 6, 11, 6, 37, 23, 311142, tzinfo=Timezone('UTC')), 'macros': <module '***.macros' from '/home/***/.local/lib/python3.7/site-packages/***/macros/__init__.py'>, 'next_ds': <Proxy at 0xffff7d5d6c80 with factory functools.partial(<function lazy_mapping_from_context.<locals>._deprecated_proxy_factory at 0xffff7d664c20>, 'next_ds', '2023-06-11')>, 'next_ds_nodash': <Proxy at 0xffff7d5d6d20 with factory functools.partial(<function lazy_mapping_from_context.<locals>._deprecated_proxy_factory at 0xffff7d664c20>, 'next_ds_nodash', '20230611')>, 'next_execution_date': <Proxy at 0xffff7d5d6eb0 with factory functools.partial(<function lazy_mapping_from_context.<locals>._deprecated_proxy_factory at 0xffff7d664c20>, 'next_execution_date', DateTime(2023, 6, 11, 6, 37, 23, 311142, tzinfo=Timezone('UTC')))>, 'outlets': [], 'params': {}, 'prev_data_interval_start_success': None, 'prev_data_interval_end_success': None, 'prev_ds': <Proxy at 0xffff7d5d6e10 with factory functools.partial(<function lazy_mapping_from_context.<locals>._deprecated_proxy_factory at 0xffff7d664c20>, 'prev_ds', '2023-06-11')>, 'prev_ds_nodash': <Proxy at 0xffff7d613410 with factory functools.partial(<function lazy_mapping_from_context.<locals>._deprecated_proxy_factory at 0xffff7d664c20>, 'prev_ds_nodash', '20230611')>, 'prev_execution_date': <Proxy at 0xffff7d6130f0 with factory functools.partial(<function lazy_mapping_from_context.<locals>._deprecated_proxy_factory at 0xffff7d664c20>, 'prev_execution_date', DateTime(2023, 6, 11, 6, 37, 23, 311142, tzinfo=Timezone('UTC')))>, 'prev_execution_date_success': <Proxy at 0xffff7d5e3eb0 with factory functools.partial(<function lazy_mapping_from_context.<locals>._deprecated_proxy_factory at 0xffff7d664c20>, 'prev_execution_date_success', None)>, 'prev_start_date_success': None, 'run_id': 'manual__2023-06-11T06:37:23.311142+00:00', 'task': <Task(PythonOperator): print_context>, 'task_instance': <TaskInstance: listing_4_03.print_context manual__2023-06-11T06:37:23.311142+00:00 [running]>, 'task_instance_key_str': 'listing_4_03__print_context__20230611', 'test_mode': False, 'ti': <TaskInstance: listing_4_03.print_context manual__2023-06-11T06:37:23.311142+00:00 [running]>, 'tomorrow_ds': <Proxy at 0xffff7d56b3c0 with factory functools.partial(<function lazy_mapping_from_context.<locals>._deprecated_proxy_factory at 0xffff7d664c20>, 'tomorrow_ds', '2023-06-12')>, 'tomorrow_ds_nodash': <Proxy at 0xffff7d56b410 with factory functools.partial(<function lazy_mapping_from_context.<locals>._deprecated_proxy_factory at 0xffff7d664c20>, 'tomorrow_ds_nodash', '20230612')>, 'ts': '2023-06-11T06:37:23.311142+00:00', 'ts_nodash': '20230611T063723', 'ts_nodash_with_tz': '20230611T063723.311142+0000', 'var': {'json': None, 'value': None}, 'conn': None, 'yesterday_ds': <Proxy at 0xffff7d56b460 with factory functools.partial(<function lazy_mapping_from_context.<locals>._deprecated_proxy_factory at 0xffff7d664c20>, 'yesterday_ds', '2023-06-10')>, 'yesterday_ds_nodash': <Proxy at 0xffff7d56b4b0 with factory functools.partial(<function lazy_mapping_from_context.<locals>._deprecated_proxy_factory at 0xffff7d664c20>, 'yesterday_ds_nodash', '20230610')>, 'templates_dict': None}
[2023-06-11 06:37:24,043] {python.py:173} INFO - Done. Returned value was: None
[2023-06-11 06:37:24,057] {taskinstance.py:1420} INFO - Marking task as SUCCESS. dag_id=listing_4_03, task_id=print_context, execution_date=20230611T063723, start_date=20230611T063723, end_date=20230611T063724
[2023-06-11 06:37:24,095] {local_task_job.py:156} INFO - Task exited with return code 0
[2023-06-11 06:37:24,126] {local_task_job.py:273} INFO - 0 downstream tasks scheduled from follow-on schedule check
