[2023-06-11 07:38:02,425] {taskinstance.py:1179} INFO - Dependencies all met for <TaskInstance: listing_4_13.get_data manual__2023-06-11T07:20:54.701612+00:00 [queued]>
[2023-06-11 07:38:02,434] {taskinstance.py:1179} INFO - Dependencies all met for <TaskInstance: listing_4_13.get_data manual__2023-06-11T07:20:54.701612+00:00 [queued]>
[2023-06-11 07:38:02,435] {taskinstance.py:1376} INFO - 
--------------------------------------------------------------------------------
[2023-06-11 07:38:02,436] {taskinstance.py:1377} INFO - Starting attempt 4 of 4
[2023-06-11 07:38:02,437] {taskinstance.py:1378} INFO - 
--------------------------------------------------------------------------------
[2023-06-11 07:38:02,446] {taskinstance.py:1397} INFO - Executing <Task(PythonOperator): get_data> on 2023-06-11 07:20:54.701612+00:00
[2023-06-11 07:38:02,450] {standard_task_runner.py:52} INFO - Started process 83345 to run task
[2023-06-11 07:38:02,454] {standard_task_runner.py:79} INFO - Running: ['***', 'tasks', 'run', 'listing_4_13', 'get_data', 'manual__2023-06-11T07:20:54.701612+00:00', '--job-id', '116', '--raw', '--subdir', 'DAGS_FOLDER/listing_4_13.py', '--cfg-path', '/tmp/tmpo5lyen_r', '--error-file', '/tmp/tmpji_fdm9b']
[2023-06-11 07:38:02,455] {standard_task_runner.py:80} INFO - Job 116: Subtask get_data
[2023-06-11 07:38:02,500] {task_command.py:371} INFO - Running <TaskInstance: listing_4_13.get_data manual__2023-06-11T07:20:54.701612+00:00 [running]> on host fd847b0d0eb3
[2023-06-11 07:38:02,521] {warnings.py:110} WARNING - /home/***/.local/lib/python3.7/site-packages/***/utils/context.py:202: AirflowContextDeprecationWarning: Accessing 'execution_date' from the template is deprecated and will be removed in a future version. Please use 'data_interval_start' or 'logical_date' instead.
  warnings.warn(_create_deprecation_warning(key, self._deprecation_replacements[key]))

[2023-06-11 07:38:02,547] {taskinstance.py:1591} INFO - Exporting the following env vars:
AIRFLOW_CTX_DAG_OWNER=***
AIRFLOW_CTX_DAG_ID=listing_4_13
AIRFLOW_CTX_TASK_ID=get_data
AIRFLOW_CTX_EXECUTION_DATE=2023-06-11T07:20:54.701612+00:00
AIRFLOW_CTX_TRY_NUMBER=4
AIRFLOW_CTX_DAG_RUN_ID=manual__2023-06-11T07:20:54.701612+00:00
[2023-06-11 07:38:02,549] {logging_mixin.py:115} INFO - https://dumps.wikimedia.org/other/pageviews/2023/2023-06/pageviews-20230611-060000.gz
[2023-06-11 07:38:14,637] {python.py:173} INFO - Done. Returned value was: None
[2023-06-11 07:38:14,652] {taskinstance.py:1420} INFO - Marking task as SUCCESS. dag_id=listing_4_13, task_id=get_data, execution_date=20230611T072054, start_date=20230611T073802, end_date=20230611T073814
[2023-06-11 07:38:14,710] {local_task_job.py:156} INFO - Task exited with return code 0
[2023-06-11 07:38:14,734] {local_task_job.py:273} INFO - 0 downstream tasks scheduled from follow-on schedule check
