[2023-06-02 14:18:55,987] {processor.py:153} INFO - Started process (PID=60) to work on /home/airflow/.local/lib/python3.7/site-packages/airflow/example_dags/example_branch_operator_decorator.py
[2023-06-02 14:18:55,990] {processor.py:641} INFO - Processing file /home/airflow/.local/lib/python3.7/site-packages/airflow/example_dags/example_branch_operator_decorator.py for tasks to queue
[2023-06-02 14:18:55,992] {logging_mixin.py:115} INFO - [2023-06-02 14:18:55,992] {dagbag.py:508} INFO - Filling up the DagBag from /home/airflow/.local/lib/python3.7/site-packages/airflow/example_dags/example_branch_operator_decorator.py
[2023-06-02 14:18:56,029] {processor.py:651} INFO - DAG(s) dict_keys(['example_branch_python_operator_decorator']) retrieved from /home/airflow/.local/lib/python3.7/site-packages/airflow/example_dags/example_branch_operator_decorator.py
[2023-06-02 14:18:56,105] {logging_mixin.py:115} INFO - [2023-06-02 14:18:56,105] {manager.py:508} INFO - Created Permission View: can read on DAG:example_branch_python_operator_decorator
[2023-06-02 14:18:56,117] {logging_mixin.py:115} INFO - [2023-06-02 14:18:56,117] {manager.py:508} INFO - Created Permission View: can edit on DAG:example_branch_python_operator_decorator
[2023-06-02 14:18:56,126] {logging_mixin.py:115} INFO - [2023-06-02 14:18:56,126] {manager.py:508} INFO - Created Permission View: can delete on DAG:example_branch_python_operator_decorator
[2023-06-02 14:18:56,128] {logging_mixin.py:115} INFO - [2023-06-02 14:18:56,128] {dag.py:2420} INFO - Sync 1 DAGs
[2023-06-02 14:18:56,137] {logging_mixin.py:115} INFO - [2023-06-02 14:18:56,137] {dag.py:2439} INFO - Creating ORM DAG for example_branch_python_operator_decorator
[2023-06-02 14:18:56,158] {logging_mixin.py:115} INFO - [2023-06-02 14:18:56,158] {dag.py:2972} INFO - Setting next_dagrun for example_branch_python_operator_decorator to 2023-06-01T00:00:00+00:00, run_after=2023-06-02T00:00:00+00:00
[2023-06-02 14:18:56,188] {processor.py:161} INFO - Processing /home/airflow/.local/lib/python3.7/site-packages/airflow/example_dags/example_branch_operator_decorator.py took 0.204 seconds
[2023-06-02 14:19:26,345] {processor.py:153} INFO - Started process (PID=121) to work on /home/airflow/.local/lib/python3.7/site-packages/airflow/example_dags/example_branch_operator_decorator.py
[2023-06-02 14:19:26,347] {processor.py:641} INFO - Processing file /home/airflow/.local/lib/python3.7/site-packages/airflow/example_dags/example_branch_operator_decorator.py for tasks to queue
[2023-06-02 14:19:26,348] {logging_mixin.py:115} INFO - [2023-06-02 14:19:26,348] {dagbag.py:508} INFO - Filling up the DagBag from /home/airflow/.local/lib/python3.7/site-packages/airflow/example_dags/example_branch_operator_decorator.py
[2023-06-02 14:19:26,361] {processor.py:651} INFO - DAG(s) dict_keys(['example_branch_python_operator_decorator']) retrieved from /home/airflow/.local/lib/python3.7/site-packages/airflow/example_dags/example_branch_operator_decorator.py
[2023-06-02 14:19:26,384] {logging_mixin.py:115} INFO - [2023-06-02 14:19:26,384] {dag.py:2420} INFO - Sync 1 DAGs
[2023-06-02 14:19:26,398] {logging_mixin.py:115} INFO - [2023-06-02 14:19:26,398] {dag.py:2972} INFO - Setting next_dagrun for example_branch_python_operator_decorator to 2023-06-01T00:00:00+00:00, run_after=2023-06-02T00:00:00+00:00
[2023-06-02 14:19:26,408] {processor.py:161} INFO - Processing /home/airflow/.local/lib/python3.7/site-packages/airflow/example_dags/example_branch_operator_decorator.py took 0.065 seconds
[2023-06-02 14:19:56,985] {processor.py:153} INFO - Started process (PID=182) to work on /home/airflow/.local/lib/python3.7/site-packages/airflow/example_dags/example_branch_operator_decorator.py
[2023-06-02 14:19:56,986] {processor.py:641} INFO - Processing file /home/airflow/.local/lib/python3.7/site-packages/airflow/example_dags/example_branch_operator_decorator.py for tasks to queue
[2023-06-02 14:19:56,988] {logging_mixin.py:115} INFO - [2023-06-02 14:19:56,988] {dagbag.py:508} INFO - Filling up the DagBag from /home/airflow/.local/lib/python3.7/site-packages/airflow/example_dags/example_branch_operator_decorator.py
[2023-06-02 14:19:56,999] {processor.py:651} INFO - DAG(s) dict_keys(['example_branch_python_operator_decorator']) retrieved from /home/airflow/.local/lib/python3.7/site-packages/airflow/example_dags/example_branch_operator_decorator.py
[2023-06-02 14:19:57,018] {logging_mixin.py:115} INFO - [2023-06-02 14:19:57,018] {dag.py:2420} INFO - Sync 1 DAGs
[2023-06-02 14:19:57,033] {logging_mixin.py:115} INFO - [2023-06-02 14:19:57,033] {dag.py:2972} INFO - Setting next_dagrun for example_branch_python_operator_decorator to 2023-06-01T00:00:00+00:00, run_after=2023-06-02T00:00:00+00:00
[2023-06-02 14:19:57,042] {processor.py:161} INFO - Processing /home/airflow/.local/lib/python3.7/site-packages/airflow/example_dags/example_branch_operator_decorator.py took 0.059 seconds
[2023-06-02 14:20:27,742] {processor.py:153} INFO - Started process (PID=243) to work on /home/airflow/.local/lib/python3.7/site-packages/airflow/example_dags/example_branch_operator_decorator.py
[2023-06-02 14:20:27,745] {processor.py:641} INFO - Processing file /home/airflow/.local/lib/python3.7/site-packages/airflow/example_dags/example_branch_operator_decorator.py for tasks to queue
[2023-06-02 14:20:27,747] {logging_mixin.py:115} INFO - [2023-06-02 14:20:27,746] {dagbag.py:508} INFO - Filling up the DagBag from /home/airflow/.local/lib/python3.7/site-packages/airflow/example_dags/example_branch_operator_decorator.py
[2023-06-02 14:20:27,759] {processor.py:651} INFO - DAG(s) dict_keys(['example_branch_python_operator_decorator']) retrieved from /home/airflow/.local/lib/python3.7/site-packages/airflow/example_dags/example_branch_operator_decorator.py
[2023-06-02 14:20:27,780] {logging_mixin.py:115} INFO - [2023-06-02 14:20:27,780] {dag.py:2420} INFO - Sync 1 DAGs
[2023-06-02 14:20:27,796] {logging_mixin.py:115} INFO - [2023-06-02 14:20:27,796] {dag.py:2972} INFO - Setting next_dagrun for example_branch_python_operator_decorator to 2023-06-01T00:00:00+00:00, run_after=2023-06-02T00:00:00+00:00
[2023-06-02 14:20:27,805] {processor.py:161} INFO - Processing /home/airflow/.local/lib/python3.7/site-packages/airflow/example_dags/example_branch_operator_decorator.py took 0.065 seconds
[2023-06-02 14:20:58,499] {processor.py:153} INFO - Started process (PID=303) to work on /home/airflow/.local/lib/python3.7/site-packages/airflow/example_dags/example_branch_operator_decorator.py
[2023-06-02 14:20:58,500] {processor.py:641} INFO - Processing file /home/airflow/.local/lib/python3.7/site-packages/airflow/example_dags/example_branch_operator_decorator.py for tasks to queue
[2023-06-02 14:20:58,501] {logging_mixin.py:115} INFO - [2023-06-02 14:20:58,501] {dagbag.py:508} INFO - Filling up the DagBag from /home/airflow/.local/lib/python3.7/site-packages/airflow/example_dags/example_branch_operator_decorator.py
[2023-06-02 14:20:58,513] {processor.py:651} INFO - DAG(s) dict_keys(['example_branch_python_operator_decorator']) retrieved from /home/airflow/.local/lib/python3.7/site-packages/airflow/example_dags/example_branch_operator_decorator.py
[2023-06-02 14:20:58,538] {logging_mixin.py:115} INFO - [2023-06-02 14:20:58,538] {dag.py:2420} INFO - Sync 1 DAGs
[2023-06-02 14:20:58,554] {logging_mixin.py:115} INFO - [2023-06-02 14:20:58,554] {dag.py:2972} INFO - Setting next_dagrun for example_branch_python_operator_decorator to 2023-06-01T00:00:00+00:00, run_after=2023-06-02T00:00:00+00:00
[2023-06-02 14:20:58,563] {processor.py:161} INFO - Processing /home/airflow/.local/lib/python3.7/site-packages/airflow/example_dags/example_branch_operator_decorator.py took 0.067 seconds
[2023-06-02 14:21:29,251] {processor.py:153} INFO - Started process (PID=366) to work on /home/airflow/.local/lib/python3.7/site-packages/airflow/example_dags/example_branch_operator_decorator.py
[2023-06-02 14:21:29,253] {processor.py:641} INFO - Processing file /home/airflow/.local/lib/python3.7/site-packages/airflow/example_dags/example_branch_operator_decorator.py for tasks to queue
[2023-06-02 14:21:29,256] {logging_mixin.py:115} INFO - [2023-06-02 14:21:29,256] {dagbag.py:508} INFO - Filling up the DagBag from /home/airflow/.local/lib/python3.7/site-packages/airflow/example_dags/example_branch_operator_decorator.py
[2023-06-02 14:21:29,274] {processor.py:651} INFO - DAG(s) dict_keys(['example_branch_python_operator_decorator']) retrieved from /home/airflow/.local/lib/python3.7/site-packages/airflow/example_dags/example_branch_operator_decorator.py
[2023-06-02 14:21:29,301] {logging_mixin.py:115} INFO - [2023-06-02 14:21:29,301] {dag.py:2420} INFO - Sync 1 DAGs
[2023-06-02 14:21:29,320] {logging_mixin.py:115} INFO - [2023-06-02 14:21:29,320] {dag.py:2972} INFO - Setting next_dagrun for example_branch_python_operator_decorator to 2023-06-01T00:00:00+00:00, run_after=2023-06-02T00:00:00+00:00
[2023-06-02 14:21:29,340] {processor.py:161} INFO - Processing /home/airflow/.local/lib/python3.7/site-packages/airflow/example_dags/example_branch_operator_decorator.py took 0.092 seconds
[2023-06-02 14:21:59,736] {processor.py:153} INFO - Started process (PID=419) to work on /home/airflow/.local/lib/python3.7/site-packages/airflow/example_dags/example_branch_operator_decorator.py
[2023-06-02 14:21:59,738] {processor.py:641} INFO - Processing file /home/airflow/.local/lib/python3.7/site-packages/airflow/example_dags/example_branch_operator_decorator.py for tasks to queue
[2023-06-02 14:21:59,739] {logging_mixin.py:115} INFO - [2023-06-02 14:21:59,739] {dagbag.py:508} INFO - Filling up the DagBag from /home/airflow/.local/lib/python3.7/site-packages/airflow/example_dags/example_branch_operator_decorator.py
[2023-06-02 14:21:59,750] {processor.py:651} INFO - DAG(s) dict_keys(['example_branch_python_operator_decorator']) retrieved from /home/airflow/.local/lib/python3.7/site-packages/airflow/example_dags/example_branch_operator_decorator.py
[2023-06-02 14:21:59,769] {logging_mixin.py:115} INFO - [2023-06-02 14:21:59,769] {dag.py:2420} INFO - Sync 1 DAGs
[2023-06-02 14:21:59,784] {logging_mixin.py:115} INFO - [2023-06-02 14:21:59,784] {dag.py:2972} INFO - Setting next_dagrun for example_branch_python_operator_decorator to 2023-06-01T00:00:00+00:00, run_after=2023-06-02T00:00:00+00:00
[2023-06-02 14:21:59,793] {processor.py:161} INFO - Processing /home/airflow/.local/lib/python3.7/site-packages/airflow/example_dags/example_branch_operator_decorator.py took 0.058 seconds
[2023-06-02 14:22:30,280] {processor.py:153} INFO - Started process (PID=479) to work on /home/airflow/.local/lib/python3.7/site-packages/airflow/example_dags/example_branch_operator_decorator.py
[2023-06-02 14:22:30,282] {processor.py:641} INFO - Processing file /home/airflow/.local/lib/python3.7/site-packages/airflow/example_dags/example_branch_operator_decorator.py for tasks to queue
[2023-06-02 14:22:30,283] {logging_mixin.py:115} INFO - [2023-06-02 14:22:30,283] {dagbag.py:508} INFO - Filling up the DagBag from /home/airflow/.local/lib/python3.7/site-packages/airflow/example_dags/example_branch_operator_decorator.py
[2023-06-02 14:22:30,294] {processor.py:651} INFO - DAG(s) dict_keys(['example_branch_python_operator_decorator']) retrieved from /home/airflow/.local/lib/python3.7/site-packages/airflow/example_dags/example_branch_operator_decorator.py
[2023-06-02 14:22:30,313] {logging_mixin.py:115} INFO - [2023-06-02 14:22:30,313] {dag.py:2420} INFO - Sync 1 DAGs
[2023-06-02 14:22:30,328] {logging_mixin.py:115} INFO - [2023-06-02 14:22:30,328] {dag.py:2972} INFO - Setting next_dagrun for example_branch_python_operator_decorator to 2023-06-01T00:00:00+00:00, run_after=2023-06-02T00:00:00+00:00
[2023-06-02 14:22:30,338] {processor.py:161} INFO - Processing /home/airflow/.local/lib/python3.7/site-packages/airflow/example_dags/example_branch_operator_decorator.py took 0.060 seconds
