[2023-06-02 14:18:56,338] {processor.py:153} INFO - Started process (PID=63) to work on /home/airflow/.local/lib/python3.7/site-packages/airflow/example_dags/example_complex.py
[2023-06-02 14:18:56,345] {processor.py:641} INFO - Processing file /home/airflow/.local/lib/python3.7/site-packages/airflow/example_dags/example_complex.py for tasks to queue
[2023-06-02 14:18:56,351] {logging_mixin.py:115} INFO - [2023-06-02 14:18:56,351] {dagbag.py:508} INFO - Filling up the DagBag from /home/airflow/.local/lib/python3.7/site-packages/airflow/example_dags/example_complex.py
[2023-06-02 14:18:56,363] {processor.py:651} INFO - DAG(s) dict_keys(['example_complex']) retrieved from /home/airflow/.local/lib/python3.7/site-packages/airflow/example_dags/example_complex.py
[2023-06-02 14:18:56,559] {logging_mixin.py:115} INFO - [2023-06-02 14:18:56,559] {manager.py:508} INFO - Created Permission View: can read on DAG:example_complex
[2023-06-02 14:18:56,576] {logging_mixin.py:115} INFO - [2023-06-02 14:18:56,576] {manager.py:508} INFO - Created Permission View: can edit on DAG:example_complex
[2023-06-02 14:18:56,605] {logging_mixin.py:115} INFO - [2023-06-02 14:18:56,605] {manager.py:508} INFO - Created Permission View: can delete on DAG:example_complex
[2023-06-02 14:18:56,607] {logging_mixin.py:115} INFO - [2023-06-02 14:18:56,607] {dag.py:2420} INFO - Sync 1 DAGs
[2023-06-02 14:18:56,623] {logging_mixin.py:115} INFO - [2023-06-02 14:18:56,623] {dag.py:2439} INFO - Creating ORM DAG for example_complex
[2023-06-02 14:18:56,643] {logging_mixin.py:115} INFO - [2023-06-02 14:18:56,643] {dag.py:2972} INFO - Setting next_dagrun for example_complex to None, run_after=None
[2023-06-02 14:18:56,675] {processor.py:161} INFO - Processing /home/airflow/.local/lib/python3.7/site-packages/airflow/example_dags/example_complex.py took 0.342 seconds
[2023-06-02 14:19:27,470] {processor.py:153} INFO - Started process (PID=124) to work on /home/airflow/.local/lib/python3.7/site-packages/airflow/example_dags/example_complex.py
[2023-06-02 14:19:27,472] {processor.py:641} INFO - Processing file /home/airflow/.local/lib/python3.7/site-packages/airflow/example_dags/example_complex.py for tasks to queue
[2023-06-02 14:19:27,474] {logging_mixin.py:115} INFO - [2023-06-02 14:19:27,474] {dagbag.py:508} INFO - Filling up the DagBag from /home/airflow/.local/lib/python3.7/site-packages/airflow/example_dags/example_complex.py
[2023-06-02 14:19:27,488] {processor.py:651} INFO - DAG(s) dict_keys(['example_complex']) retrieved from /home/airflow/.local/lib/python3.7/site-packages/airflow/example_dags/example_complex.py
[2023-06-02 14:19:27,513] {logging_mixin.py:115} INFO - [2023-06-02 14:19:27,513] {dag.py:2420} INFO - Sync 1 DAGs
[2023-06-02 14:19:27,526] {logging_mixin.py:115} INFO - [2023-06-02 14:19:27,526] {dag.py:2972} INFO - Setting next_dagrun for example_complex to None, run_after=None
[2023-06-02 14:19:27,533] {processor.py:161} INFO - Processing /home/airflow/.local/lib/python3.7/site-packages/airflow/example_dags/example_complex.py took 0.068 seconds
[2023-06-02 14:19:58,095] {processor.py:153} INFO - Started process (PID=185) to work on /home/airflow/.local/lib/python3.7/site-packages/airflow/example_dags/example_complex.py
[2023-06-02 14:19:58,098] {processor.py:641} INFO - Processing file /home/airflow/.local/lib/python3.7/site-packages/airflow/example_dags/example_complex.py for tasks to queue
[2023-06-02 14:19:58,100] {logging_mixin.py:115} INFO - [2023-06-02 14:19:58,100] {dagbag.py:508} INFO - Filling up the DagBag from /home/airflow/.local/lib/python3.7/site-packages/airflow/example_dags/example_complex.py
[2023-06-02 14:19:58,112] {processor.py:651} INFO - DAG(s) dict_keys(['example_complex']) retrieved from /home/airflow/.local/lib/python3.7/site-packages/airflow/example_dags/example_complex.py
[2023-06-02 14:19:58,143] {logging_mixin.py:115} INFO - [2023-06-02 14:19:58,143] {dag.py:2420} INFO - Sync 1 DAGs
[2023-06-02 14:19:58,156] {logging_mixin.py:115} INFO - [2023-06-02 14:19:58,156] {dag.py:2972} INFO - Setting next_dagrun for example_complex to None, run_after=None
[2023-06-02 14:19:58,166] {processor.py:161} INFO - Processing /home/airflow/.local/lib/python3.7/site-packages/airflow/example_dags/example_complex.py took 0.075 seconds
[2023-06-02 14:20:28,838] {processor.py:153} INFO - Started process (PID=246) to work on /home/airflow/.local/lib/python3.7/site-packages/airflow/example_dags/example_complex.py
[2023-06-02 14:20:28,839] {processor.py:641} INFO - Processing file /home/airflow/.local/lib/python3.7/site-packages/airflow/example_dags/example_complex.py for tasks to queue
[2023-06-02 14:20:28,841] {logging_mixin.py:115} INFO - [2023-06-02 14:20:28,841] {dagbag.py:508} INFO - Filling up the DagBag from /home/airflow/.local/lib/python3.7/site-packages/airflow/example_dags/example_complex.py
[2023-06-02 14:20:28,850] {processor.py:651} INFO - DAG(s) dict_keys(['example_complex']) retrieved from /home/airflow/.local/lib/python3.7/site-packages/airflow/example_dags/example_complex.py
[2023-06-02 14:20:28,874] {logging_mixin.py:115} INFO - [2023-06-02 14:20:28,874] {dag.py:2420} INFO - Sync 1 DAGs
[2023-06-02 14:20:28,888] {logging_mixin.py:115} INFO - [2023-06-02 14:20:28,888] {dag.py:2972} INFO - Setting next_dagrun for example_complex to None, run_after=None
[2023-06-02 14:20:28,899] {processor.py:161} INFO - Processing /home/airflow/.local/lib/python3.7/site-packages/airflow/example_dags/example_complex.py took 0.066 seconds
[2023-06-02 14:20:59,627] {processor.py:153} INFO - Started process (PID=306) to work on /home/airflow/.local/lib/python3.7/site-packages/airflow/example_dags/example_complex.py
[2023-06-02 14:20:59,630] {processor.py:641} INFO - Processing file /home/airflow/.local/lib/python3.7/site-packages/airflow/example_dags/example_complex.py for tasks to queue
[2023-06-02 14:20:59,632] {logging_mixin.py:115} INFO - [2023-06-02 14:20:59,632] {dagbag.py:508} INFO - Filling up the DagBag from /home/airflow/.local/lib/python3.7/site-packages/airflow/example_dags/example_complex.py
[2023-06-02 14:20:59,645] {processor.py:651} INFO - DAG(s) dict_keys(['example_complex']) retrieved from /home/airflow/.local/lib/python3.7/site-packages/airflow/example_dags/example_complex.py
[2023-06-02 14:20:59,670] {logging_mixin.py:115} INFO - [2023-06-02 14:20:59,670] {dag.py:2420} INFO - Sync 1 DAGs
[2023-06-02 14:20:59,683] {logging_mixin.py:115} INFO - [2023-06-02 14:20:59,683] {dag.py:2972} INFO - Setting next_dagrun for example_complex to None, run_after=None
[2023-06-02 14:20:59,691] {processor.py:161} INFO - Processing /home/airflow/.local/lib/python3.7/site-packages/airflow/example_dags/example_complex.py took 0.068 seconds
[2023-06-02 14:21:30,364] {processor.py:153} INFO - Started process (PID=369) to work on /home/airflow/.local/lib/python3.7/site-packages/airflow/example_dags/example_complex.py
[2023-06-02 14:21:30,366] {processor.py:641} INFO - Processing file /home/airflow/.local/lib/python3.7/site-packages/airflow/example_dags/example_complex.py for tasks to queue
[2023-06-02 14:21:30,368] {logging_mixin.py:115} INFO - [2023-06-02 14:21:30,368] {dagbag.py:508} INFO - Filling up the DagBag from /home/airflow/.local/lib/python3.7/site-packages/airflow/example_dags/example_complex.py
[2023-06-02 14:21:30,377] {processor.py:651} INFO - DAG(s) dict_keys(['example_complex']) retrieved from /home/airflow/.local/lib/python3.7/site-packages/airflow/example_dags/example_complex.py
[2023-06-02 14:21:30,399] {logging_mixin.py:115} INFO - [2023-06-02 14:21:30,399] {dag.py:2420} INFO - Sync 1 DAGs
[2023-06-02 14:21:30,412] {logging_mixin.py:115} INFO - [2023-06-02 14:21:30,412] {dag.py:2972} INFO - Setting next_dagrun for example_complex to None, run_after=None
[2023-06-02 14:21:30,421] {processor.py:161} INFO - Processing /home/airflow/.local/lib/python3.7/site-packages/airflow/example_dags/example_complex.py took 0.060 seconds
[2023-06-02 14:22:00,857] {processor.py:153} INFO - Started process (PID=422) to work on /home/airflow/.local/lib/python3.7/site-packages/airflow/example_dags/example_complex.py
[2023-06-02 14:22:00,860] {processor.py:641} INFO - Processing file /home/airflow/.local/lib/python3.7/site-packages/airflow/example_dags/example_complex.py for tasks to queue
[2023-06-02 14:22:00,864] {logging_mixin.py:115} INFO - [2023-06-02 14:22:00,864] {dagbag.py:508} INFO - Filling up the DagBag from /home/airflow/.local/lib/python3.7/site-packages/airflow/example_dags/example_complex.py
[2023-06-02 14:22:00,877] {processor.py:651} INFO - DAG(s) dict_keys(['example_complex']) retrieved from /home/airflow/.local/lib/python3.7/site-packages/airflow/example_dags/example_complex.py
[2023-06-02 14:22:00,902] {logging_mixin.py:115} INFO - [2023-06-02 14:22:00,902] {dag.py:2420} INFO - Sync 1 DAGs
[2023-06-02 14:22:00,916] {logging_mixin.py:115} INFO - [2023-06-02 14:22:00,916] {dag.py:2972} INFO - Setting next_dagrun for example_complex to None, run_after=None
[2023-06-02 14:22:00,928] {processor.py:161} INFO - Processing /home/airflow/.local/lib/python3.7/site-packages/airflow/example_dags/example_complex.py took 0.077 seconds
[2023-06-02 14:22:31,398] {processor.py:153} INFO - Started process (PID=482) to work on /home/airflow/.local/lib/python3.7/site-packages/airflow/example_dags/example_complex.py
[2023-06-02 14:22:31,401] {processor.py:641} INFO - Processing file /home/airflow/.local/lib/python3.7/site-packages/airflow/example_dags/example_complex.py for tasks to queue
[2023-06-02 14:22:31,403] {logging_mixin.py:115} INFO - [2023-06-02 14:22:31,403] {dagbag.py:508} INFO - Filling up the DagBag from /home/airflow/.local/lib/python3.7/site-packages/airflow/example_dags/example_complex.py
[2023-06-02 14:22:31,417] {processor.py:651} INFO - DAG(s) dict_keys(['example_complex']) retrieved from /home/airflow/.local/lib/python3.7/site-packages/airflow/example_dags/example_complex.py
[2023-06-02 14:22:31,442] {logging_mixin.py:115} INFO - [2023-06-02 14:22:31,442] {dag.py:2420} INFO - Sync 1 DAGs
[2023-06-02 14:22:31,455] {logging_mixin.py:115} INFO - [2023-06-02 14:22:31,455] {dag.py:2972} INFO - Setting next_dagrun for example_complex to None, run_after=None
[2023-06-02 14:22:31,463] {processor.py:161} INFO - Processing /home/airflow/.local/lib/python3.7/site-packages/airflow/example_dags/example_complex.py took 0.070 seconds
[2023-06-02 14:26:24,126] {processor.py:153} INFO - Started process (PID=64) to work on /home/airflow/.local/lib/python3.7/site-packages/airflow/example_dags/example_complex.py
[2023-06-02 14:26:24,129] {processor.py:641} INFO - Processing file /home/airflow/.local/lib/python3.7/site-packages/airflow/example_dags/example_complex.py for tasks to queue
[2023-06-02 14:26:24,131] {logging_mixin.py:115} INFO - [2023-06-02 14:26:24,131] {dagbag.py:508} INFO - Filling up the DagBag from /home/airflow/.local/lib/python3.7/site-packages/airflow/example_dags/example_complex.py
[2023-06-02 14:26:24,144] {processor.py:651} INFO - DAG(s) dict_keys(['example_complex']) retrieved from /home/airflow/.local/lib/python3.7/site-packages/airflow/example_dags/example_complex.py
[2023-06-02 14:26:24,180] {logging_mixin.py:115} INFO - [2023-06-02 14:26:24,180] {dag.py:2420} INFO - Sync 1 DAGs
[2023-06-02 14:26:24,204] {logging_mixin.py:115} INFO - [2023-06-02 14:26:24,204] {dag.py:2972} INFO - Setting next_dagrun for example_complex to None, run_after=None
[2023-06-02 14:26:24,219] {processor.py:161} INFO - Processing /home/airflow/.local/lib/python3.7/site-packages/airflow/example_dags/example_complex.py took 0.097 seconds
[2023-06-02 14:26:55,047] {processor.py:153} INFO - Started process (PID=125) to work on /home/airflow/.local/lib/python3.7/site-packages/airflow/example_dags/example_complex.py
[2023-06-02 14:26:55,048] {processor.py:641} INFO - Processing file /home/airflow/.local/lib/python3.7/site-packages/airflow/example_dags/example_complex.py for tasks to queue
[2023-06-02 14:26:55,050] {logging_mixin.py:115} INFO - [2023-06-02 14:26:55,050] {dagbag.py:508} INFO - Filling up the DagBag from /home/airflow/.local/lib/python3.7/site-packages/airflow/example_dags/example_complex.py
[2023-06-02 14:26:55,058] {processor.py:651} INFO - DAG(s) dict_keys(['example_complex']) retrieved from /home/airflow/.local/lib/python3.7/site-packages/airflow/example_dags/example_complex.py
[2023-06-02 14:26:55,080] {logging_mixin.py:115} INFO - [2023-06-02 14:26:55,080] {dag.py:2420} INFO - Sync 1 DAGs
[2023-06-02 14:26:55,093] {logging_mixin.py:115} INFO - [2023-06-02 14:26:55,093] {dag.py:2972} INFO - Setting next_dagrun for example_complex to None, run_after=None
[2023-06-02 14:26:55,105] {processor.py:161} INFO - Processing /home/airflow/.local/lib/python3.7/site-packages/airflow/example_dags/example_complex.py took 0.060 seconds
[2023-06-02 14:27:25,719] {processor.py:153} INFO - Started process (PID=186) to work on /home/airflow/.local/lib/python3.7/site-packages/airflow/example_dags/example_complex.py
[2023-06-02 14:27:25,721] {processor.py:641} INFO - Processing file /home/airflow/.local/lib/python3.7/site-packages/airflow/example_dags/example_complex.py for tasks to queue
[2023-06-02 14:27:25,723] {logging_mixin.py:115} INFO - [2023-06-02 14:27:25,723] {dagbag.py:508} INFO - Filling up the DagBag from /home/airflow/.local/lib/python3.7/site-packages/airflow/example_dags/example_complex.py
[2023-06-02 14:27:25,730] {processor.py:651} INFO - DAG(s) dict_keys(['example_complex']) retrieved from /home/airflow/.local/lib/python3.7/site-packages/airflow/example_dags/example_complex.py
[2023-06-02 14:27:25,751] {logging_mixin.py:115} INFO - [2023-06-02 14:27:25,751] {dag.py:2420} INFO - Sync 1 DAGs
[2023-06-02 14:27:25,766] {logging_mixin.py:115} INFO - [2023-06-02 14:27:25,765] {dag.py:2972} INFO - Setting next_dagrun for example_complex to None, run_after=None
[2023-06-02 14:27:25,775] {processor.py:161} INFO - Processing /home/airflow/.local/lib/python3.7/site-packages/airflow/example_dags/example_complex.py took 0.057 seconds
[2023-06-02 14:27:56,262] {processor.py:153} INFO - Started process (PID=248) to work on /home/airflow/.local/lib/python3.7/site-packages/airflow/example_dags/example_complex.py
[2023-06-02 14:27:56,264] {processor.py:641} INFO - Processing file /home/airflow/.local/lib/python3.7/site-packages/airflow/example_dags/example_complex.py for tasks to queue
[2023-06-02 14:27:56,265] {logging_mixin.py:115} INFO - [2023-06-02 14:27:56,265] {dagbag.py:508} INFO - Filling up the DagBag from /home/airflow/.local/lib/python3.7/site-packages/airflow/example_dags/example_complex.py
[2023-06-02 14:27:56,273] {processor.py:651} INFO - DAG(s) dict_keys(['example_complex']) retrieved from /home/airflow/.local/lib/python3.7/site-packages/airflow/example_dags/example_complex.py
[2023-06-02 14:27:56,294] {logging_mixin.py:115} INFO - [2023-06-02 14:27:56,294] {dag.py:2420} INFO - Sync 1 DAGs
[2023-06-02 14:27:56,307] {logging_mixin.py:115} INFO - [2023-06-02 14:27:56,307] {dag.py:2972} INFO - Setting next_dagrun for example_complex to None, run_after=None
[2023-06-02 14:27:56,319] {processor.py:161} INFO - Processing /home/airflow/.local/lib/python3.7/site-packages/airflow/example_dags/example_complex.py took 0.058 seconds
[2023-06-02 14:28:26,783] {processor.py:153} INFO - Started process (PID=309) to work on /home/airflow/.local/lib/python3.7/site-packages/airflow/example_dags/example_complex.py
[2023-06-02 14:28:26,785] {processor.py:641} INFO - Processing file /home/airflow/.local/lib/python3.7/site-packages/airflow/example_dags/example_complex.py for tasks to queue
[2023-06-02 14:28:26,786] {logging_mixin.py:115} INFO - [2023-06-02 14:28:26,786] {dagbag.py:508} INFO - Filling up the DagBag from /home/airflow/.local/lib/python3.7/site-packages/airflow/example_dags/example_complex.py
[2023-06-02 14:28:26,795] {processor.py:651} INFO - DAG(s) dict_keys(['example_complex']) retrieved from /home/airflow/.local/lib/python3.7/site-packages/airflow/example_dags/example_complex.py
[2023-06-02 14:28:26,819] {logging_mixin.py:115} INFO - [2023-06-02 14:28:26,819] {dag.py:2420} INFO - Sync 1 DAGs
[2023-06-02 14:28:26,834] {logging_mixin.py:115} INFO - [2023-06-02 14:28:26,834] {dag.py:2972} INFO - Setting next_dagrun for example_complex to None, run_after=None
[2023-06-02 14:28:26,845] {processor.py:161} INFO - Processing /home/airflow/.local/lib/python3.7/site-packages/airflow/example_dags/example_complex.py took 0.064 seconds
[2023-06-02 14:28:57,451] {processor.py:153} INFO - Started process (PID=360) to work on /home/airflow/.local/lib/python3.7/site-packages/airflow/example_dags/example_complex.py
[2023-06-02 14:28:57,455] {processor.py:641} INFO - Processing file /home/airflow/.local/lib/python3.7/site-packages/airflow/example_dags/example_complex.py for tasks to queue
[2023-06-02 14:28:57,456] {logging_mixin.py:115} INFO - [2023-06-02 14:28:57,456] {dagbag.py:508} INFO - Filling up the DagBag from /home/airflow/.local/lib/python3.7/site-packages/airflow/example_dags/example_complex.py
[2023-06-02 14:28:57,466] {processor.py:651} INFO - DAG(s) dict_keys(['example_complex']) retrieved from /home/airflow/.local/lib/python3.7/site-packages/airflow/example_dags/example_complex.py
[2023-06-02 14:28:57,503] {logging_mixin.py:115} INFO - [2023-06-02 14:28:57,503] {dag.py:2420} INFO - Sync 1 DAGs
[2023-06-02 14:28:57,519] {logging_mixin.py:115} INFO - [2023-06-02 14:28:57,519] {dag.py:2972} INFO - Setting next_dagrun for example_complex to None, run_after=None
[2023-06-02 14:28:57,528] {processor.py:161} INFO - Processing /home/airflow/.local/lib/python3.7/site-packages/airflow/example_dags/example_complex.py took 0.079 seconds
[2023-06-02 14:30:05,402] {processor.py:153} INFO - Started process (PID=63) to work on /home/airflow/.local/lib/python3.7/site-packages/airflow/example_dags/example_complex.py
[2023-06-02 14:30:05,404] {processor.py:641} INFO - Processing file /home/airflow/.local/lib/python3.7/site-packages/airflow/example_dags/example_complex.py for tasks to queue
[2023-06-02 14:30:05,406] {logging_mixin.py:115} INFO - [2023-06-02 14:30:05,406] {dagbag.py:508} INFO - Filling up the DagBag from /home/airflow/.local/lib/python3.7/site-packages/airflow/example_dags/example_complex.py
[2023-06-02 14:30:05,421] {processor.py:651} INFO - DAG(s) dict_keys(['example_complex']) retrieved from /home/airflow/.local/lib/python3.7/site-packages/airflow/example_dags/example_complex.py
[2023-06-02 14:30:05,454] {logging_mixin.py:115} INFO - [2023-06-02 14:30:05,454] {dag.py:2420} INFO - Sync 1 DAGs
[2023-06-02 14:30:05,475] {logging_mixin.py:115} INFO - [2023-06-02 14:30:05,475] {dag.py:2972} INFO - Setting next_dagrun for example_complex to None, run_after=None
[2023-06-02 14:30:05,491] {processor.py:161} INFO - Processing /home/airflow/.local/lib/python3.7/site-packages/airflow/example_dags/example_complex.py took 0.092 seconds
[2023-06-02 14:33:57,811] {processor.py:153} INFO - Started process (PID=64) to work on /home/airflow/.local/lib/python3.7/site-packages/airflow/example_dags/example_complex.py
[2023-06-02 14:33:57,814] {processor.py:641} INFO - Processing file /home/airflow/.local/lib/python3.7/site-packages/airflow/example_dags/example_complex.py for tasks to queue
[2023-06-02 14:33:57,816] {logging_mixin.py:115} INFO - [2023-06-02 14:33:57,816] {dagbag.py:508} INFO - Filling up the DagBag from /home/airflow/.local/lib/python3.7/site-packages/airflow/example_dags/example_complex.py
[2023-06-02 14:33:57,828] {processor.py:651} INFO - DAG(s) dict_keys(['example_complex']) retrieved from /home/airflow/.local/lib/python3.7/site-packages/airflow/example_dags/example_complex.py
[2023-06-02 14:33:57,871] {logging_mixin.py:115} INFO - [2023-06-02 14:33:57,871] {dag.py:2420} INFO - Sync 1 DAGs
[2023-06-02 14:33:57,892] {logging_mixin.py:115} INFO - [2023-06-02 14:33:57,892] {dag.py:2972} INFO - Setting next_dagrun for example_complex to None, run_after=None
[2023-06-02 14:33:57,905] {processor.py:161} INFO - Processing /home/airflow/.local/lib/python3.7/site-packages/airflow/example_dags/example_complex.py took 0.099 seconds
[2023-06-02 14:34:27,974] {processor.py:153} INFO - Started process (PID=125) to work on /home/airflow/.local/lib/python3.7/site-packages/airflow/example_dags/example_complex.py
[2023-06-02 14:34:27,975] {processor.py:641} INFO - Processing file /home/airflow/.local/lib/python3.7/site-packages/airflow/example_dags/example_complex.py for tasks to queue
[2023-06-02 14:34:27,978] {logging_mixin.py:115} INFO - [2023-06-02 14:34:27,978] {dagbag.py:508} INFO - Filling up the DagBag from /home/airflow/.local/lib/python3.7/site-packages/airflow/example_dags/example_complex.py
[2023-06-02 14:34:27,985] {processor.py:651} INFO - DAG(s) dict_keys(['example_complex']) retrieved from /home/airflow/.local/lib/python3.7/site-packages/airflow/example_dags/example_complex.py
[2023-06-02 14:34:28,004] {logging_mixin.py:115} INFO - [2023-06-02 14:34:28,004] {dag.py:2420} INFO - Sync 1 DAGs
[2023-06-02 14:34:28,017] {logging_mixin.py:115} INFO - [2023-06-02 14:34:28,017] {dag.py:2972} INFO - Setting next_dagrun for example_complex to None, run_after=None
[2023-06-02 14:34:28,024] {processor.py:161} INFO - Processing /home/airflow/.local/lib/python3.7/site-packages/airflow/example_dags/example_complex.py took 0.053 seconds
[2023-06-02 14:34:58,559] {processor.py:153} INFO - Started process (PID=186) to work on /home/airflow/.local/lib/python3.7/site-packages/airflow/example_dags/example_complex.py
[2023-06-02 14:34:58,561] {processor.py:641} INFO - Processing file /home/airflow/.local/lib/python3.7/site-packages/airflow/example_dags/example_complex.py for tasks to queue
[2023-06-02 14:34:58,563] {logging_mixin.py:115} INFO - [2023-06-02 14:34:58,563] {dagbag.py:508} INFO - Filling up the DagBag from /home/airflow/.local/lib/python3.7/site-packages/airflow/example_dags/example_complex.py
[2023-06-02 14:34:58,571] {processor.py:651} INFO - DAG(s) dict_keys(['example_complex']) retrieved from /home/airflow/.local/lib/python3.7/site-packages/airflow/example_dags/example_complex.py
[2023-06-02 14:34:58,591] {logging_mixin.py:115} INFO - [2023-06-02 14:34:58,591] {dag.py:2420} INFO - Sync 1 DAGs
[2023-06-02 14:34:58,604] {logging_mixin.py:115} INFO - [2023-06-02 14:34:58,604] {dag.py:2972} INFO - Setting next_dagrun for example_complex to None, run_after=None
[2023-06-02 14:34:58,613] {processor.py:161} INFO - Processing /home/airflow/.local/lib/python3.7/site-packages/airflow/example_dags/example_complex.py took 0.055 seconds
[2023-06-02 14:35:29,163] {processor.py:153} INFO - Started process (PID=247) to work on /home/airflow/.local/lib/python3.7/site-packages/airflow/example_dags/example_complex.py
[2023-06-02 14:35:29,165] {processor.py:641} INFO - Processing file /home/airflow/.local/lib/python3.7/site-packages/airflow/example_dags/example_complex.py for tasks to queue
[2023-06-02 14:35:29,166] {logging_mixin.py:115} INFO - [2023-06-02 14:35:29,166] {dagbag.py:508} INFO - Filling up the DagBag from /home/airflow/.local/lib/python3.7/site-packages/airflow/example_dags/example_complex.py
[2023-06-02 14:35:29,175] {processor.py:651} INFO - DAG(s) dict_keys(['example_complex']) retrieved from /home/airflow/.local/lib/python3.7/site-packages/airflow/example_dags/example_complex.py
[2023-06-02 14:35:29,198] {logging_mixin.py:115} INFO - [2023-06-02 14:35:29,198] {dag.py:2420} INFO - Sync 1 DAGs
[2023-06-02 14:35:29,211] {logging_mixin.py:115} INFO - [2023-06-02 14:35:29,210] {dag.py:2972} INFO - Setting next_dagrun for example_complex to None, run_after=None
[2023-06-02 14:35:29,219] {processor.py:161} INFO - Processing /home/airflow/.local/lib/python3.7/site-packages/airflow/example_dags/example_complex.py took 0.058 seconds
[2023-06-02 14:36:00,217] {processor.py:153} INFO - Started process (PID=308) to work on /home/airflow/.local/lib/python3.7/site-packages/airflow/example_dags/example_complex.py
[2023-06-02 14:36:00,218] {processor.py:641} INFO - Processing file /home/airflow/.local/lib/python3.7/site-packages/airflow/example_dags/example_complex.py for tasks to queue
[2023-06-02 14:36:00,219] {logging_mixin.py:115} INFO - [2023-06-02 14:36:00,219] {dagbag.py:508} INFO - Filling up the DagBag from /home/airflow/.local/lib/python3.7/site-packages/airflow/example_dags/example_complex.py
[2023-06-02 14:36:00,228] {processor.py:651} INFO - DAG(s) dict_keys(['example_complex']) retrieved from /home/airflow/.local/lib/python3.7/site-packages/airflow/example_dags/example_complex.py
[2023-06-02 14:36:00,253] {logging_mixin.py:115} INFO - [2023-06-02 14:36:00,253] {dag.py:2420} INFO - Sync 1 DAGs
[2023-06-02 14:36:00,270] {logging_mixin.py:115} INFO - [2023-06-02 14:36:00,270] {dag.py:2972} INFO - Setting next_dagrun for example_complex to None, run_after=None
[2023-06-02 14:36:00,282] {processor.py:161} INFO - Processing /home/airflow/.local/lib/python3.7/site-packages/airflow/example_dags/example_complex.py took 0.068 seconds
[2023-06-02 14:36:30,887] {processor.py:153} INFO - Started process (PID=360) to work on /home/airflow/.local/lib/python3.7/site-packages/airflow/example_dags/example_complex.py
[2023-06-02 14:36:30,889] {processor.py:641} INFO - Processing file /home/airflow/.local/lib/python3.7/site-packages/airflow/example_dags/example_complex.py for tasks to queue
[2023-06-02 14:36:30,891] {logging_mixin.py:115} INFO - [2023-06-02 14:36:30,891] {dagbag.py:508} INFO - Filling up the DagBag from /home/airflow/.local/lib/python3.7/site-packages/airflow/example_dags/example_complex.py
[2023-06-02 14:36:30,898] {processor.py:651} INFO - DAG(s) dict_keys(['example_complex']) retrieved from /home/airflow/.local/lib/python3.7/site-packages/airflow/example_dags/example_complex.py
[2023-06-02 14:36:30,920] {logging_mixin.py:115} INFO - [2023-06-02 14:36:30,920] {dag.py:2420} INFO - Sync 1 DAGs
[2023-06-02 14:36:30,934] {logging_mixin.py:115} INFO - [2023-06-02 14:36:30,934] {dag.py:2972} INFO - Setting next_dagrun for example_complex to None, run_after=None
[2023-06-02 14:36:30,943] {processor.py:161} INFO - Processing /home/airflow/.local/lib/python3.7/site-packages/airflow/example_dags/example_complex.py took 0.058 seconds
[2023-06-02 14:37:01,493] {processor.py:153} INFO - Started process (PID=421) to work on /home/airflow/.local/lib/python3.7/site-packages/airflow/example_dags/example_complex.py
[2023-06-02 14:37:01,494] {processor.py:641} INFO - Processing file /home/airflow/.local/lib/python3.7/site-packages/airflow/example_dags/example_complex.py for tasks to queue
[2023-06-02 14:37:01,496] {logging_mixin.py:115} INFO - [2023-06-02 14:37:01,496] {dagbag.py:508} INFO - Filling up the DagBag from /home/airflow/.local/lib/python3.7/site-packages/airflow/example_dags/example_complex.py
[2023-06-02 14:37:01,503] {processor.py:651} INFO - DAG(s) dict_keys(['example_complex']) retrieved from /home/airflow/.local/lib/python3.7/site-packages/airflow/example_dags/example_complex.py
[2023-06-02 14:37:01,527] {logging_mixin.py:115} INFO - [2023-06-02 14:37:01,526] {dag.py:2420} INFO - Sync 1 DAGs
[2023-06-02 14:37:01,540] {logging_mixin.py:115} INFO - [2023-06-02 14:37:01,540] {dag.py:2972} INFO - Setting next_dagrun for example_complex to None, run_after=None
[2023-06-02 14:37:01,549] {processor.py:161} INFO - Processing /home/airflow/.local/lib/python3.7/site-packages/airflow/example_dags/example_complex.py took 0.058 seconds
[2023-06-02 14:37:32,021] {processor.py:153} INFO - Started process (PID=482) to work on /home/airflow/.local/lib/python3.7/site-packages/airflow/example_dags/example_complex.py
[2023-06-02 14:37:32,023] {processor.py:641} INFO - Processing file /home/airflow/.local/lib/python3.7/site-packages/airflow/example_dags/example_complex.py for tasks to queue
[2023-06-02 14:37:32,024] {logging_mixin.py:115} INFO - [2023-06-02 14:37:32,024] {dagbag.py:508} INFO - Filling up the DagBag from /home/airflow/.local/lib/python3.7/site-packages/airflow/example_dags/example_complex.py
[2023-06-02 14:37:32,033] {processor.py:651} INFO - DAG(s) dict_keys(['example_complex']) retrieved from /home/airflow/.local/lib/python3.7/site-packages/airflow/example_dags/example_complex.py
[2023-06-02 14:37:32,056] {logging_mixin.py:115} INFO - [2023-06-02 14:37:32,056] {dag.py:2420} INFO - Sync 1 DAGs
[2023-06-02 14:37:32,071] {logging_mixin.py:115} INFO - [2023-06-02 14:37:32,071] {dag.py:2972} INFO - Setting next_dagrun for example_complex to None, run_after=None
[2023-06-02 14:37:32,080] {processor.py:161} INFO - Processing /home/airflow/.local/lib/python3.7/site-packages/airflow/example_dags/example_complex.py took 0.062 seconds
[2023-06-02 14:38:02,614] {processor.py:153} INFO - Started process (PID=544) to work on /home/airflow/.local/lib/python3.7/site-packages/airflow/example_dags/example_complex.py
[2023-06-02 14:38:02,615] {processor.py:641} INFO - Processing file /home/airflow/.local/lib/python3.7/site-packages/airflow/example_dags/example_complex.py for tasks to queue
[2023-06-02 14:38:02,617] {logging_mixin.py:115} INFO - [2023-06-02 14:38:02,617] {dagbag.py:508} INFO - Filling up the DagBag from /home/airflow/.local/lib/python3.7/site-packages/airflow/example_dags/example_complex.py
[2023-06-02 14:38:02,625] {processor.py:651} INFO - DAG(s) dict_keys(['example_complex']) retrieved from /home/airflow/.local/lib/python3.7/site-packages/airflow/example_dags/example_complex.py
[2023-06-02 14:38:02,651] {logging_mixin.py:115} INFO - [2023-06-02 14:38:02,651] {dag.py:2420} INFO - Sync 1 DAGs
[2023-06-02 14:38:02,666] {logging_mixin.py:115} INFO - [2023-06-02 14:38:02,665] {dag.py:2972} INFO - Setting next_dagrun for example_complex to None, run_after=None
[2023-06-02 14:38:02,675] {processor.py:161} INFO - Processing /home/airflow/.local/lib/python3.7/site-packages/airflow/example_dags/example_complex.py took 0.064 seconds
[2023-06-02 14:38:33,233] {processor.py:153} INFO - Started process (PID=603) to work on /home/airflow/.local/lib/python3.7/site-packages/airflow/example_dags/example_complex.py
[2023-06-02 14:38:33,235] {processor.py:641} INFO - Processing file /home/airflow/.local/lib/python3.7/site-packages/airflow/example_dags/example_complex.py for tasks to queue
[2023-06-02 14:38:33,237] {logging_mixin.py:115} INFO - [2023-06-02 14:38:33,237] {dagbag.py:508} INFO - Filling up the DagBag from /home/airflow/.local/lib/python3.7/site-packages/airflow/example_dags/example_complex.py
[2023-06-02 14:38:33,250] {processor.py:651} INFO - DAG(s) dict_keys(['example_complex']) retrieved from /home/airflow/.local/lib/python3.7/site-packages/airflow/example_dags/example_complex.py
[2023-06-02 14:38:33,280] {logging_mixin.py:115} INFO - [2023-06-02 14:38:33,280] {dag.py:2420} INFO - Sync 1 DAGs
[2023-06-02 14:38:33,297] {logging_mixin.py:115} INFO - [2023-06-02 14:38:33,297] {dag.py:2972} INFO - Setting next_dagrun for example_complex to None, run_after=None
[2023-06-02 14:38:33,309] {processor.py:161} INFO - Processing /home/airflow/.local/lib/python3.7/site-packages/airflow/example_dags/example_complex.py took 0.079 seconds
[2023-06-02 14:39:04,204] {processor.py:153} INFO - Started process (PID=665) to work on /home/airflow/.local/lib/python3.7/site-packages/airflow/example_dags/example_complex.py
[2023-06-02 14:39:04,206] {processor.py:641} INFO - Processing file /home/airflow/.local/lib/python3.7/site-packages/airflow/example_dags/example_complex.py for tasks to queue
[2023-06-02 14:39:04,208] {logging_mixin.py:115} INFO - [2023-06-02 14:39:04,208] {dagbag.py:508} INFO - Filling up the DagBag from /home/airflow/.local/lib/python3.7/site-packages/airflow/example_dags/example_complex.py
[2023-06-02 14:39:04,216] {processor.py:651} INFO - DAG(s) dict_keys(['example_complex']) retrieved from /home/airflow/.local/lib/python3.7/site-packages/airflow/example_dags/example_complex.py
[2023-06-02 14:39:04,244] {logging_mixin.py:115} INFO - [2023-06-02 14:39:04,244] {dag.py:2420} INFO - Sync 1 DAGs
[2023-06-02 14:39:04,262] {logging_mixin.py:115} INFO - [2023-06-02 14:39:04,262] {dag.py:2972} INFO - Setting next_dagrun for example_complex to None, run_after=None
[2023-06-02 14:39:04,274] {processor.py:161} INFO - Processing /home/airflow/.local/lib/python3.7/site-packages/airflow/example_dags/example_complex.py took 0.072 seconds
[2023-06-02 14:39:34,940] {processor.py:153} INFO - Started process (PID=718) to work on /home/airflow/.local/lib/python3.7/site-packages/airflow/example_dags/example_complex.py
[2023-06-02 14:39:34,943] {processor.py:641} INFO - Processing file /home/airflow/.local/lib/python3.7/site-packages/airflow/example_dags/example_complex.py for tasks to queue
[2023-06-02 14:39:34,944] {logging_mixin.py:115} INFO - [2023-06-02 14:39:34,944] {dagbag.py:508} INFO - Filling up the DagBag from /home/airflow/.local/lib/python3.7/site-packages/airflow/example_dags/example_complex.py
[2023-06-02 14:39:34,952] {processor.py:651} INFO - DAG(s) dict_keys(['example_complex']) retrieved from /home/airflow/.local/lib/python3.7/site-packages/airflow/example_dags/example_complex.py
[2023-06-02 14:39:34,975] {logging_mixin.py:115} INFO - [2023-06-02 14:39:34,975] {dag.py:2420} INFO - Sync 1 DAGs
[2023-06-02 14:39:34,990] {logging_mixin.py:115} INFO - [2023-06-02 14:39:34,990] {dag.py:2972} INFO - Setting next_dagrun for example_complex to None, run_after=None
[2023-06-02 14:39:34,998] {processor.py:161} INFO - Processing /home/airflow/.local/lib/python3.7/site-packages/airflow/example_dags/example_complex.py took 0.060 seconds
[2023-06-02 14:40:05,579] {processor.py:153} INFO - Started process (PID=779) to work on /home/airflow/.local/lib/python3.7/site-packages/airflow/example_dags/example_complex.py
[2023-06-02 14:40:05,582] {processor.py:641} INFO - Processing file /home/airflow/.local/lib/python3.7/site-packages/airflow/example_dags/example_complex.py for tasks to queue
[2023-06-02 14:40:05,583] {logging_mixin.py:115} INFO - [2023-06-02 14:40:05,583] {dagbag.py:508} INFO - Filling up the DagBag from /home/airflow/.local/lib/python3.7/site-packages/airflow/example_dags/example_complex.py
[2023-06-02 14:40:05,592] {processor.py:651} INFO - DAG(s) dict_keys(['example_complex']) retrieved from /home/airflow/.local/lib/python3.7/site-packages/airflow/example_dags/example_complex.py
[2023-06-02 14:40:05,613] {logging_mixin.py:115} INFO - [2023-06-02 14:40:05,613] {dag.py:2420} INFO - Sync 1 DAGs
[2023-06-02 14:40:05,627] {logging_mixin.py:115} INFO - [2023-06-02 14:40:05,627] {dag.py:2972} INFO - Setting next_dagrun for example_complex to None, run_after=None
[2023-06-02 14:40:05,635] {processor.py:161} INFO - Processing /home/airflow/.local/lib/python3.7/site-packages/airflow/example_dags/example_complex.py took 0.058 seconds
[2023-06-02 14:40:36,179] {processor.py:153} INFO - Started process (PID=840) to work on /home/airflow/.local/lib/python3.7/site-packages/airflow/example_dags/example_complex.py
[2023-06-02 14:40:36,180] {processor.py:641} INFO - Processing file /home/airflow/.local/lib/python3.7/site-packages/airflow/example_dags/example_complex.py for tasks to queue
[2023-06-02 14:40:36,181] {logging_mixin.py:115} INFO - [2023-06-02 14:40:36,181] {dagbag.py:508} INFO - Filling up the DagBag from /home/airflow/.local/lib/python3.7/site-packages/airflow/example_dags/example_complex.py
[2023-06-02 14:40:36,189] {processor.py:651} INFO - DAG(s) dict_keys(['example_complex']) retrieved from /home/airflow/.local/lib/python3.7/site-packages/airflow/example_dags/example_complex.py
[2023-06-02 14:40:36,209] {logging_mixin.py:115} INFO - [2023-06-02 14:40:36,209] {dag.py:2420} INFO - Sync 1 DAGs
[2023-06-02 14:40:36,222] {logging_mixin.py:115} INFO - [2023-06-02 14:40:36,222] {dag.py:2972} INFO - Setting next_dagrun for example_complex to None, run_after=None
[2023-06-02 14:40:36,230] {processor.py:161} INFO - Processing /home/airflow/.local/lib/python3.7/site-packages/airflow/example_dags/example_complex.py took 0.053 seconds
[2023-06-02 14:41:06,857] {processor.py:153} INFO - Started process (PID=901) to work on /home/airflow/.local/lib/python3.7/site-packages/airflow/example_dags/example_complex.py
[2023-06-02 14:41:06,859] {processor.py:641} INFO - Processing file /home/airflow/.local/lib/python3.7/site-packages/airflow/example_dags/example_complex.py for tasks to queue
[2023-06-02 14:41:06,861] {logging_mixin.py:115} INFO - [2023-06-02 14:41:06,861] {dagbag.py:508} INFO - Filling up the DagBag from /home/airflow/.local/lib/python3.7/site-packages/airflow/example_dags/example_complex.py
[2023-06-02 14:41:06,871] {processor.py:651} INFO - DAG(s) dict_keys(['example_complex']) retrieved from /home/airflow/.local/lib/python3.7/site-packages/airflow/example_dags/example_complex.py
[2023-06-02 14:41:06,894] {logging_mixin.py:115} INFO - [2023-06-02 14:41:06,894] {dag.py:2420} INFO - Sync 1 DAGs
[2023-06-02 14:41:06,908] {logging_mixin.py:115} INFO - [2023-06-02 14:41:06,908] {dag.py:2972} INFO - Setting next_dagrun for example_complex to None, run_after=None
[2023-06-02 14:41:06,916] {processor.py:161} INFO - Processing /home/airflow/.local/lib/python3.7/site-packages/airflow/example_dags/example_complex.py took 0.062 seconds
[2023-06-02 14:41:37,490] {processor.py:153} INFO - Started process (PID=962) to work on /home/airflow/.local/lib/python3.7/site-packages/airflow/example_dags/example_complex.py
[2023-06-02 14:41:37,492] {processor.py:641} INFO - Processing file /home/airflow/.local/lib/python3.7/site-packages/airflow/example_dags/example_complex.py for tasks to queue
[2023-06-02 14:41:37,493] {logging_mixin.py:115} INFO - [2023-06-02 14:41:37,493] {dagbag.py:508} INFO - Filling up the DagBag from /home/airflow/.local/lib/python3.7/site-packages/airflow/example_dags/example_complex.py
[2023-06-02 14:41:37,501] {processor.py:651} INFO - DAG(s) dict_keys(['example_complex']) retrieved from /home/airflow/.local/lib/python3.7/site-packages/airflow/example_dags/example_complex.py
[2023-06-02 14:41:37,523] {logging_mixin.py:115} INFO - [2023-06-02 14:41:37,523] {dag.py:2420} INFO - Sync 1 DAGs
[2023-06-02 14:41:37,539] {logging_mixin.py:115} INFO - [2023-06-02 14:41:37,539] {dag.py:2972} INFO - Setting next_dagrun for example_complex to None, run_after=None
[2023-06-02 14:41:37,550] {processor.py:161} INFO - Processing /home/airflow/.local/lib/python3.7/site-packages/airflow/example_dags/example_complex.py took 0.062 seconds
[2023-06-02 14:42:08,222] {processor.py:153} INFO - Started process (PID=1023) to work on /home/airflow/.local/lib/python3.7/site-packages/airflow/example_dags/example_complex.py
[2023-06-02 14:42:08,223] {processor.py:641} INFO - Processing file /home/airflow/.local/lib/python3.7/site-packages/airflow/example_dags/example_complex.py for tasks to queue
[2023-06-02 14:42:08,225] {logging_mixin.py:115} INFO - [2023-06-02 14:42:08,225] {dagbag.py:508} INFO - Filling up the DagBag from /home/airflow/.local/lib/python3.7/site-packages/airflow/example_dags/example_complex.py
[2023-06-02 14:42:08,232] {processor.py:651} INFO - DAG(s) dict_keys(['example_complex']) retrieved from /home/airflow/.local/lib/python3.7/site-packages/airflow/example_dags/example_complex.py
[2023-06-02 14:42:08,256] {logging_mixin.py:115} INFO - [2023-06-02 14:42:08,256] {dag.py:2420} INFO - Sync 1 DAGs
[2023-06-02 14:42:08,269] {logging_mixin.py:115} INFO - [2023-06-02 14:42:08,269] {dag.py:2972} INFO - Setting next_dagrun for example_complex to None, run_after=None
[2023-06-02 14:42:08,278] {processor.py:161} INFO - Processing /home/airflow/.local/lib/python3.7/site-packages/airflow/example_dags/example_complex.py took 0.058 seconds
[2023-06-02 14:42:38,834] {processor.py:153} INFO - Started process (PID=1076) to work on /home/airflow/.local/lib/python3.7/site-packages/airflow/example_dags/example_complex.py
[2023-06-02 14:42:38,835] {processor.py:641} INFO - Processing file /home/airflow/.local/lib/python3.7/site-packages/airflow/example_dags/example_complex.py for tasks to queue
[2023-06-02 14:42:38,837] {logging_mixin.py:115} INFO - [2023-06-02 14:42:38,837] {dagbag.py:508} INFO - Filling up the DagBag from /home/airflow/.local/lib/python3.7/site-packages/airflow/example_dags/example_complex.py
[2023-06-02 14:42:38,844] {processor.py:651} INFO - DAG(s) dict_keys(['example_complex']) retrieved from /home/airflow/.local/lib/python3.7/site-packages/airflow/example_dags/example_complex.py
[2023-06-02 14:42:38,869] {logging_mixin.py:115} INFO - [2023-06-02 14:42:38,869] {dag.py:2420} INFO - Sync 1 DAGs
[2023-06-02 14:42:38,887] {logging_mixin.py:115} INFO - [2023-06-02 14:42:38,887] {dag.py:2972} INFO - Setting next_dagrun for example_complex to None, run_after=None
[2023-06-02 14:42:38,896] {processor.py:161} INFO - Processing /home/airflow/.local/lib/python3.7/site-packages/airflow/example_dags/example_complex.py took 0.065 seconds
[2023-06-02 14:43:09,541] {processor.py:153} INFO - Started process (PID=1137) to work on /home/airflow/.local/lib/python3.7/site-packages/airflow/example_dags/example_complex.py
[2023-06-02 14:43:09,543] {processor.py:641} INFO - Processing file /home/airflow/.local/lib/python3.7/site-packages/airflow/example_dags/example_complex.py for tasks to queue
[2023-06-02 14:43:09,544] {logging_mixin.py:115} INFO - [2023-06-02 14:43:09,544] {dagbag.py:508} INFO - Filling up the DagBag from /home/airflow/.local/lib/python3.7/site-packages/airflow/example_dags/example_complex.py
[2023-06-02 14:43:09,552] {processor.py:651} INFO - DAG(s) dict_keys(['example_complex']) retrieved from /home/airflow/.local/lib/python3.7/site-packages/airflow/example_dags/example_complex.py
[2023-06-02 14:43:09,578] {logging_mixin.py:115} INFO - [2023-06-02 14:43:09,578] {dag.py:2420} INFO - Sync 1 DAGs
[2023-06-02 14:43:09,592] {logging_mixin.py:115} INFO - [2023-06-02 14:43:09,592] {dag.py:2972} INFO - Setting next_dagrun for example_complex to None, run_after=None
[2023-06-02 14:43:09,600] {processor.py:161} INFO - Processing /home/airflow/.local/lib/python3.7/site-packages/airflow/example_dags/example_complex.py took 0.062 seconds
[2023-06-02 14:43:40,064] {processor.py:153} INFO - Started process (PID=1198) to work on /home/airflow/.local/lib/python3.7/site-packages/airflow/example_dags/example_complex.py
[2023-06-02 14:43:40,069] {processor.py:641} INFO - Processing file /home/airflow/.local/lib/python3.7/site-packages/airflow/example_dags/example_complex.py for tasks to queue
[2023-06-02 14:43:40,073] {logging_mixin.py:115} INFO - [2023-06-02 14:43:40,073] {dagbag.py:508} INFO - Filling up the DagBag from /home/airflow/.local/lib/python3.7/site-packages/airflow/example_dags/example_complex.py
[2023-06-02 14:43:40,084] {processor.py:651} INFO - DAG(s) dict_keys(['example_complex']) retrieved from /home/airflow/.local/lib/python3.7/site-packages/airflow/example_dags/example_complex.py
[2023-06-02 14:43:40,104] {logging_mixin.py:115} INFO - [2023-06-02 14:43:40,104] {dag.py:2420} INFO - Sync 1 DAGs
[2023-06-02 14:43:40,119] {logging_mixin.py:115} INFO - [2023-06-02 14:43:40,119] {dag.py:2972} INFO - Setting next_dagrun for example_complex to None, run_after=None
[2023-06-02 14:43:40,128] {processor.py:161} INFO - Processing /home/airflow/.local/lib/python3.7/site-packages/airflow/example_dags/example_complex.py took 0.067 seconds
[2023-06-02 14:44:10,628] {processor.py:153} INFO - Started process (PID=1259) to work on /home/airflow/.local/lib/python3.7/site-packages/airflow/example_dags/example_complex.py
[2023-06-02 14:44:10,629] {processor.py:641} INFO - Processing file /home/airflow/.local/lib/python3.7/site-packages/airflow/example_dags/example_complex.py for tasks to queue
[2023-06-02 14:44:10,630] {logging_mixin.py:115} INFO - [2023-06-02 14:44:10,630] {dagbag.py:508} INFO - Filling up the DagBag from /home/airflow/.local/lib/python3.7/site-packages/airflow/example_dags/example_complex.py
[2023-06-02 14:44:10,638] {processor.py:651} INFO - DAG(s) dict_keys(['example_complex']) retrieved from /home/airflow/.local/lib/python3.7/site-packages/airflow/example_dags/example_complex.py
[2023-06-02 14:44:10,659] {logging_mixin.py:115} INFO - [2023-06-02 14:44:10,659] {dag.py:2420} INFO - Sync 1 DAGs
[2023-06-02 14:44:10,673] {logging_mixin.py:115} INFO - [2023-06-02 14:44:10,673] {dag.py:2972} INFO - Setting next_dagrun for example_complex to None, run_after=None
[2023-06-02 14:44:10,681] {processor.py:161} INFO - Processing /home/airflow/.local/lib/python3.7/site-packages/airflow/example_dags/example_complex.py took 0.056 seconds
[2023-06-02 14:44:41,213] {processor.py:153} INFO - Started process (PID=1319) to work on /home/airflow/.local/lib/python3.7/site-packages/airflow/example_dags/example_complex.py
[2023-06-02 14:44:41,215] {processor.py:641} INFO - Processing file /home/airflow/.local/lib/python3.7/site-packages/airflow/example_dags/example_complex.py for tasks to queue
[2023-06-02 14:44:41,217] {logging_mixin.py:115} INFO - [2023-06-02 14:44:41,217] {dagbag.py:508} INFO - Filling up the DagBag from /home/airflow/.local/lib/python3.7/site-packages/airflow/example_dags/example_complex.py
[2023-06-02 14:44:41,230] {processor.py:651} INFO - DAG(s) dict_keys(['example_complex']) retrieved from /home/airflow/.local/lib/python3.7/site-packages/airflow/example_dags/example_complex.py
[2023-06-02 14:44:41,261] {logging_mixin.py:115} INFO - [2023-06-02 14:44:41,260] {dag.py:2420} INFO - Sync 1 DAGs
[2023-06-02 14:44:41,280] {logging_mixin.py:115} INFO - [2023-06-02 14:44:41,280] {dag.py:2972} INFO - Setting next_dagrun for example_complex to None, run_after=None
[2023-06-02 14:44:41,296] {processor.py:161} INFO - Processing /home/airflow/.local/lib/python3.7/site-packages/airflow/example_dags/example_complex.py took 0.086 seconds
[2023-06-02 14:45:11,998] {processor.py:153} INFO - Started process (PID=1380) to work on /home/airflow/.local/lib/python3.7/site-packages/airflow/example_dags/example_complex.py
[2023-06-02 14:45:11,999] {processor.py:641} INFO - Processing file /home/airflow/.local/lib/python3.7/site-packages/airflow/example_dags/example_complex.py for tasks to queue
[2023-06-02 14:45:12,001] {logging_mixin.py:115} INFO - [2023-06-02 14:45:12,001] {dagbag.py:508} INFO - Filling up the DagBag from /home/airflow/.local/lib/python3.7/site-packages/airflow/example_dags/example_complex.py
[2023-06-02 14:45:12,011] {processor.py:651} INFO - DAG(s) dict_keys(['example_complex']) retrieved from /home/airflow/.local/lib/python3.7/site-packages/airflow/example_dags/example_complex.py
[2023-06-02 14:45:12,037] {logging_mixin.py:115} INFO - [2023-06-02 14:45:12,036] {dag.py:2420} INFO - Sync 1 DAGs
[2023-06-02 14:45:12,053] {logging_mixin.py:115} INFO - [2023-06-02 14:45:12,053] {dag.py:2972} INFO - Setting next_dagrun for example_complex to None, run_after=None
[2023-06-02 14:45:12,068] {processor.py:161} INFO - Processing /home/airflow/.local/lib/python3.7/site-packages/airflow/example_dags/example_complex.py took 0.073 seconds
[2023-06-02 14:45:42,647] {processor.py:153} INFO - Started process (PID=1432) to work on /home/airflow/.local/lib/python3.7/site-packages/airflow/example_dags/example_complex.py
[2023-06-02 14:45:42,649] {processor.py:641} INFO - Processing file /home/airflow/.local/lib/python3.7/site-packages/airflow/example_dags/example_complex.py for tasks to queue
[2023-06-02 14:45:42,650] {logging_mixin.py:115} INFO - [2023-06-02 14:45:42,650] {dagbag.py:508} INFO - Filling up the DagBag from /home/airflow/.local/lib/python3.7/site-packages/airflow/example_dags/example_complex.py
[2023-06-02 14:45:42,658] {processor.py:651} INFO - DAG(s) dict_keys(['example_complex']) retrieved from /home/airflow/.local/lib/python3.7/site-packages/airflow/example_dags/example_complex.py
[2023-06-02 14:45:42,678] {logging_mixin.py:115} INFO - [2023-06-02 14:45:42,678] {dag.py:2420} INFO - Sync 1 DAGs
[2023-06-02 14:45:42,690] {logging_mixin.py:115} INFO - [2023-06-02 14:45:42,690] {dag.py:2972} INFO - Setting next_dagrun for example_complex to None, run_after=None
[2023-06-02 14:45:42,699] {processor.py:161} INFO - Processing /home/airflow/.local/lib/python3.7/site-packages/airflow/example_dags/example_complex.py took 0.054 seconds
[2023-06-02 14:46:13,200] {processor.py:153} INFO - Started process (PID=1493) to work on /home/airflow/.local/lib/python3.7/site-packages/airflow/example_dags/example_complex.py
[2023-06-02 14:46:13,201] {processor.py:641} INFO - Processing file /home/airflow/.local/lib/python3.7/site-packages/airflow/example_dags/example_complex.py for tasks to queue
[2023-06-02 14:46:13,202] {logging_mixin.py:115} INFO - [2023-06-02 14:46:13,202] {dagbag.py:508} INFO - Filling up the DagBag from /home/airflow/.local/lib/python3.7/site-packages/airflow/example_dags/example_complex.py
[2023-06-02 14:46:13,209] {processor.py:651} INFO - DAG(s) dict_keys(['example_complex']) retrieved from /home/airflow/.local/lib/python3.7/site-packages/airflow/example_dags/example_complex.py
[2023-06-02 14:46:13,228] {logging_mixin.py:115} INFO - [2023-06-02 14:46:13,228] {dag.py:2420} INFO - Sync 1 DAGs
[2023-06-02 14:46:13,240] {logging_mixin.py:115} INFO - [2023-06-02 14:46:13,240] {dag.py:2972} INFO - Setting next_dagrun for example_complex to None, run_after=None
[2023-06-02 14:46:13,247] {processor.py:161} INFO - Processing /home/airflow/.local/lib/python3.7/site-packages/airflow/example_dags/example_complex.py took 0.049 seconds
[2023-06-02 14:46:43,702] {processor.py:153} INFO - Started process (PID=1554) to work on /home/airflow/.local/lib/python3.7/site-packages/airflow/example_dags/example_complex.py
[2023-06-02 14:46:43,703] {processor.py:641} INFO - Processing file /home/airflow/.local/lib/python3.7/site-packages/airflow/example_dags/example_complex.py for tasks to queue
[2023-06-02 14:46:43,705] {logging_mixin.py:115} INFO - [2023-06-02 14:46:43,705] {dagbag.py:508} INFO - Filling up the DagBag from /home/airflow/.local/lib/python3.7/site-packages/airflow/example_dags/example_complex.py
[2023-06-02 14:46:43,713] {processor.py:651} INFO - DAG(s) dict_keys(['example_complex']) retrieved from /home/airflow/.local/lib/python3.7/site-packages/airflow/example_dags/example_complex.py
[2023-06-02 14:46:43,735] {logging_mixin.py:115} INFO - [2023-06-02 14:46:43,735] {dag.py:2420} INFO - Sync 1 DAGs
[2023-06-02 14:46:43,748] {logging_mixin.py:115} INFO - [2023-06-02 14:46:43,748] {dag.py:2972} INFO - Setting next_dagrun for example_complex to None, run_after=None
[2023-06-02 14:46:43,761] {processor.py:161} INFO - Processing /home/airflow/.local/lib/python3.7/site-packages/airflow/example_dags/example_complex.py took 0.061 seconds
[2023-06-02 14:47:14,297] {processor.py:153} INFO - Started process (PID=1617) to work on /home/airflow/.local/lib/python3.7/site-packages/airflow/example_dags/example_complex.py
[2023-06-02 14:47:14,298] {processor.py:641} INFO - Processing file /home/airflow/.local/lib/python3.7/site-packages/airflow/example_dags/example_complex.py for tasks to queue
[2023-06-02 14:47:14,300] {logging_mixin.py:115} INFO - [2023-06-02 14:47:14,300] {dagbag.py:508} INFO - Filling up the DagBag from /home/airflow/.local/lib/python3.7/site-packages/airflow/example_dags/example_complex.py
[2023-06-02 14:47:14,307] {processor.py:651} INFO - DAG(s) dict_keys(['example_complex']) retrieved from /home/airflow/.local/lib/python3.7/site-packages/airflow/example_dags/example_complex.py
[2023-06-02 14:47:14,330] {logging_mixin.py:115} INFO - [2023-06-02 14:47:14,330] {dag.py:2420} INFO - Sync 1 DAGs
[2023-06-02 14:47:14,345] {logging_mixin.py:115} INFO - [2023-06-02 14:47:14,345] {dag.py:2972} INFO - Setting next_dagrun for example_complex to None, run_after=None
[2023-06-02 14:47:14,354] {processor.py:161} INFO - Processing /home/airflow/.local/lib/python3.7/site-packages/airflow/example_dags/example_complex.py took 0.059 seconds
[2023-06-02 14:47:44,921] {processor.py:153} INFO - Started process (PID=1678) to work on /home/airflow/.local/lib/python3.7/site-packages/airflow/example_dags/example_complex.py
[2023-06-02 14:47:44,922] {processor.py:641} INFO - Processing file /home/airflow/.local/lib/python3.7/site-packages/airflow/example_dags/example_complex.py for tasks to queue
[2023-06-02 14:47:44,924] {logging_mixin.py:115} INFO - [2023-06-02 14:47:44,924] {dagbag.py:508} INFO - Filling up the DagBag from /home/airflow/.local/lib/python3.7/site-packages/airflow/example_dags/example_complex.py
[2023-06-02 14:47:44,932] {processor.py:651} INFO - DAG(s) dict_keys(['example_complex']) retrieved from /home/airflow/.local/lib/python3.7/site-packages/airflow/example_dags/example_complex.py
[2023-06-02 14:47:44,952] {logging_mixin.py:115} INFO - [2023-06-02 14:47:44,952] {dag.py:2420} INFO - Sync 1 DAGs
[2023-06-02 14:47:44,966] {logging_mixin.py:115} INFO - [2023-06-02 14:47:44,966] {dag.py:2972} INFO - Setting next_dagrun for example_complex to None, run_after=None
[2023-06-02 14:47:44,978] {processor.py:161} INFO - Processing /home/airflow/.local/lib/python3.7/site-packages/airflow/example_dags/example_complex.py took 0.059 seconds
[2023-06-02 14:48:15,501] {processor.py:153} INFO - Started process (PID=1737) to work on /home/airflow/.local/lib/python3.7/site-packages/airflow/example_dags/example_complex.py
[2023-06-02 14:48:15,504] {processor.py:641} INFO - Processing file /home/airflow/.local/lib/python3.7/site-packages/airflow/example_dags/example_complex.py for tasks to queue
[2023-06-02 14:48:15,506] {logging_mixin.py:115} INFO - [2023-06-02 14:48:15,506] {dagbag.py:508} INFO - Filling up the DagBag from /home/airflow/.local/lib/python3.7/site-packages/airflow/example_dags/example_complex.py
[2023-06-02 14:48:15,515] {processor.py:651} INFO - DAG(s) dict_keys(['example_complex']) retrieved from /home/airflow/.local/lib/python3.7/site-packages/airflow/example_dags/example_complex.py
[2023-06-02 14:48:15,543] {logging_mixin.py:115} INFO - [2023-06-02 14:48:15,543] {dag.py:2420} INFO - Sync 1 DAGs
[2023-06-02 14:48:15,560] {logging_mixin.py:115} INFO - [2023-06-02 14:48:15,560] {dag.py:2972} INFO - Setting next_dagrun for example_complex to None, run_after=None
[2023-06-02 14:48:15,572] {processor.py:161} INFO - Processing /home/airflow/.local/lib/python3.7/site-packages/airflow/example_dags/example_complex.py took 0.075 seconds
[2023-06-02 14:48:46,166] {processor.py:153} INFO - Started process (PID=1792) to work on /home/airflow/.local/lib/python3.7/site-packages/airflow/example_dags/example_complex.py
[2023-06-02 14:48:46,168] {processor.py:641} INFO - Processing file /home/airflow/.local/lib/python3.7/site-packages/airflow/example_dags/example_complex.py for tasks to queue
[2023-06-02 14:48:46,169] {logging_mixin.py:115} INFO - [2023-06-02 14:48:46,169] {dagbag.py:508} INFO - Filling up the DagBag from /home/airflow/.local/lib/python3.7/site-packages/airflow/example_dags/example_complex.py
[2023-06-02 14:48:46,177] {processor.py:651} INFO - DAG(s) dict_keys(['example_complex']) retrieved from /home/airflow/.local/lib/python3.7/site-packages/airflow/example_dags/example_complex.py
[2023-06-02 14:48:46,197] {logging_mixin.py:115} INFO - [2023-06-02 14:48:46,197] {dag.py:2420} INFO - Sync 1 DAGs
[2023-06-02 14:48:46,209] {logging_mixin.py:115} INFO - [2023-06-02 14:48:46,209] {dag.py:2972} INFO - Setting next_dagrun for example_complex to None, run_after=None
[2023-06-02 14:48:46,217] {processor.py:161} INFO - Processing /home/airflow/.local/lib/python3.7/site-packages/airflow/example_dags/example_complex.py took 0.052 seconds
[2023-06-02 14:49:16,716] {processor.py:153} INFO - Started process (PID=1853) to work on /home/airflow/.local/lib/python3.7/site-packages/airflow/example_dags/example_complex.py
[2023-06-02 14:49:16,718] {processor.py:641} INFO - Processing file /home/airflow/.local/lib/python3.7/site-packages/airflow/example_dags/example_complex.py for tasks to queue
[2023-06-02 14:49:16,719] {logging_mixin.py:115} INFO - [2023-06-02 14:49:16,719] {dagbag.py:508} INFO - Filling up the DagBag from /home/airflow/.local/lib/python3.7/site-packages/airflow/example_dags/example_complex.py
[2023-06-02 14:49:16,727] {processor.py:651} INFO - DAG(s) dict_keys(['example_complex']) retrieved from /home/airflow/.local/lib/python3.7/site-packages/airflow/example_dags/example_complex.py
[2023-06-02 14:49:16,747] {logging_mixin.py:115} INFO - [2023-06-02 14:49:16,747] {dag.py:2420} INFO - Sync 1 DAGs
[2023-06-02 14:49:16,763] {logging_mixin.py:115} INFO - [2023-06-02 14:49:16,763] {dag.py:2972} INFO - Setting next_dagrun for example_complex to None, run_after=None
[2023-06-02 14:49:16,772] {processor.py:161} INFO - Processing /home/airflow/.local/lib/python3.7/site-packages/airflow/example_dags/example_complex.py took 0.058 seconds
[2023-06-02 14:49:47,321] {processor.py:153} INFO - Started process (PID=1915) to work on /home/airflow/.local/lib/python3.7/site-packages/airflow/example_dags/example_complex.py
[2023-06-02 14:49:47,322] {processor.py:641} INFO - Processing file /home/airflow/.local/lib/python3.7/site-packages/airflow/example_dags/example_complex.py for tasks to queue
[2023-06-02 14:49:47,325] {logging_mixin.py:115} INFO - [2023-06-02 14:49:47,325] {dagbag.py:508} INFO - Filling up the DagBag from /home/airflow/.local/lib/python3.7/site-packages/airflow/example_dags/example_complex.py
[2023-06-02 14:49:47,336] {processor.py:651} INFO - DAG(s) dict_keys(['example_complex']) retrieved from /home/airflow/.local/lib/python3.7/site-packages/airflow/example_dags/example_complex.py
[2023-06-02 14:49:47,362] {logging_mixin.py:115} INFO - [2023-06-02 14:49:47,362] {dag.py:2420} INFO - Sync 1 DAGs
[2023-06-02 14:49:47,375] {logging_mixin.py:115} INFO - [2023-06-02 14:49:47,375] {dag.py:2972} INFO - Setting next_dagrun for example_complex to None, run_after=None
[2023-06-02 14:49:47,384] {processor.py:161} INFO - Processing /home/airflow/.local/lib/python3.7/site-packages/airflow/example_dags/example_complex.py took 0.066 seconds
[2023-06-02 14:50:47,725] {processor.py:153} INFO - Started process (PID=64) to work on /home/airflow/.local/lib/python3.7/site-packages/airflow/example_dags/example_complex.py
[2023-06-02 14:50:47,728] {processor.py:641} INFO - Processing file /home/airflow/.local/lib/python3.7/site-packages/airflow/example_dags/example_complex.py for tasks to queue
[2023-06-02 14:50:47,731] {logging_mixin.py:115} INFO - [2023-06-02 14:50:47,731] {dagbag.py:508} INFO - Filling up the DagBag from /home/airflow/.local/lib/python3.7/site-packages/airflow/example_dags/example_complex.py
[2023-06-02 14:50:47,745] {processor.py:651} INFO - DAG(s) dict_keys(['example_complex']) retrieved from /home/airflow/.local/lib/python3.7/site-packages/airflow/example_dags/example_complex.py
[2023-06-02 14:50:47,781] {logging_mixin.py:115} INFO - [2023-06-02 14:50:47,781] {dag.py:2420} INFO - Sync 1 DAGs
[2023-06-02 14:50:47,805] {logging_mixin.py:115} INFO - [2023-06-02 14:50:47,805] {dag.py:2972} INFO - Setting next_dagrun for example_complex to None, run_after=None
[2023-06-02 14:50:47,827] {processor.py:161} INFO - Processing /home/airflow/.local/lib/python3.7/site-packages/airflow/example_dags/example_complex.py took 0.105 seconds
[2023-06-02 14:51:18,590] {processor.py:153} INFO - Started process (PID=124) to work on /home/airflow/.local/lib/python3.7/site-packages/airflow/example_dags/example_complex.py
[2023-06-02 14:51:18,592] {processor.py:641} INFO - Processing file /home/airflow/.local/lib/python3.7/site-packages/airflow/example_dags/example_complex.py for tasks to queue
[2023-06-02 14:51:18,593] {logging_mixin.py:115} INFO - [2023-06-02 14:51:18,593] {dagbag.py:508} INFO - Filling up the DagBag from /home/airflow/.local/lib/python3.7/site-packages/airflow/example_dags/example_complex.py
[2023-06-02 14:51:18,600] {processor.py:651} INFO - DAG(s) dict_keys(['example_complex']) retrieved from /home/airflow/.local/lib/python3.7/site-packages/airflow/example_dags/example_complex.py
[2023-06-02 14:51:18,622] {logging_mixin.py:115} INFO - [2023-06-02 14:51:18,622] {dag.py:2420} INFO - Sync 1 DAGs
[2023-06-02 14:51:18,635] {logging_mixin.py:115} INFO - [2023-06-02 14:51:18,635] {dag.py:2972} INFO - Setting next_dagrun for example_complex to None, run_after=None
[2023-06-02 14:51:18,643] {processor.py:161} INFO - Processing /home/airflow/.local/lib/python3.7/site-packages/airflow/example_dags/example_complex.py took 0.055 seconds
[2023-06-02 14:51:49,197] {processor.py:153} INFO - Started process (PID=184) to work on /home/airflow/.local/lib/python3.7/site-packages/airflow/example_dags/example_complex.py
[2023-06-02 14:51:49,198] {processor.py:641} INFO - Processing file /home/airflow/.local/lib/python3.7/site-packages/airflow/example_dags/example_complex.py for tasks to queue
[2023-06-02 14:51:49,200] {logging_mixin.py:115} INFO - [2023-06-02 14:51:49,200] {dagbag.py:508} INFO - Filling up the DagBag from /home/airflow/.local/lib/python3.7/site-packages/airflow/example_dags/example_complex.py
[2023-06-02 14:51:49,207] {processor.py:651} INFO - DAG(s) dict_keys(['example_complex']) retrieved from /home/airflow/.local/lib/python3.7/site-packages/airflow/example_dags/example_complex.py
[2023-06-02 14:51:49,227] {logging_mixin.py:115} INFO - [2023-06-02 14:51:49,227] {dag.py:2420} INFO - Sync 1 DAGs
[2023-06-02 14:51:49,241] {logging_mixin.py:115} INFO - [2023-06-02 14:51:49,241] {dag.py:2972} INFO - Setting next_dagrun for example_complex to None, run_after=None
[2023-06-02 14:51:49,250] {processor.py:161} INFO - Processing /home/airflow/.local/lib/python3.7/site-packages/airflow/example_dags/example_complex.py took 0.055 seconds
[2023-06-02 14:52:19,840] {processor.py:153} INFO - Started process (PID=245) to work on /home/airflow/.local/lib/python3.7/site-packages/airflow/example_dags/example_complex.py
[2023-06-02 14:52:19,842] {processor.py:641} INFO - Processing file /home/airflow/.local/lib/python3.7/site-packages/airflow/example_dags/example_complex.py for tasks to queue
[2023-06-02 14:52:19,843] {logging_mixin.py:115} INFO - [2023-06-02 14:52:19,843] {dagbag.py:508} INFO - Filling up the DagBag from /home/airflow/.local/lib/python3.7/site-packages/airflow/example_dags/example_complex.py
[2023-06-02 14:52:19,852] {processor.py:651} INFO - DAG(s) dict_keys(['example_complex']) retrieved from /home/airflow/.local/lib/python3.7/site-packages/airflow/example_dags/example_complex.py
[2023-06-02 14:52:19,879] {logging_mixin.py:115} INFO - [2023-06-02 14:52:19,879] {dag.py:2420} INFO - Sync 1 DAGs
[2023-06-02 14:52:19,892] {logging_mixin.py:115} INFO - [2023-06-02 14:52:19,892] {dag.py:2972} INFO - Setting next_dagrun for example_complex to None, run_after=None
[2023-06-02 14:52:19,900] {processor.py:161} INFO - Processing /home/airflow/.local/lib/python3.7/site-packages/airflow/example_dags/example_complex.py took 0.062 seconds
[2023-06-02 14:52:50,447] {processor.py:153} INFO - Started process (PID=306) to work on /home/airflow/.local/lib/python3.7/site-packages/airflow/example_dags/example_complex.py
[2023-06-02 14:52:50,449] {processor.py:641} INFO - Processing file /home/airflow/.local/lib/python3.7/site-packages/airflow/example_dags/example_complex.py for tasks to queue
[2023-06-02 14:52:50,451] {logging_mixin.py:115} INFO - [2023-06-02 14:52:50,451] {dagbag.py:508} INFO - Filling up the DagBag from /home/airflow/.local/lib/python3.7/site-packages/airflow/example_dags/example_complex.py
[2023-06-02 14:52:50,460] {processor.py:651} INFO - DAG(s) dict_keys(['example_complex']) retrieved from /home/airflow/.local/lib/python3.7/site-packages/airflow/example_dags/example_complex.py
[2023-06-02 14:52:50,485] {logging_mixin.py:115} INFO - [2023-06-02 14:52:50,485] {dag.py:2420} INFO - Sync 1 DAGs
[2023-06-02 14:52:50,501] {logging_mixin.py:115} INFO - [2023-06-02 14:52:50,501] {dag.py:2972} INFO - Setting next_dagrun for example_complex to None, run_after=None
[2023-06-02 14:52:50,512] {processor.py:161} INFO - Processing /home/airflow/.local/lib/python3.7/site-packages/airflow/example_dags/example_complex.py took 0.067 seconds
[2023-06-02 14:53:21,147] {processor.py:153} INFO - Started process (PID=359) to work on /home/airflow/.local/lib/python3.7/site-packages/airflow/example_dags/example_complex.py
[2023-06-02 14:53:21,150] {processor.py:641} INFO - Processing file /home/airflow/.local/lib/python3.7/site-packages/airflow/example_dags/example_complex.py for tasks to queue
[2023-06-02 14:53:21,151] {logging_mixin.py:115} INFO - [2023-06-02 14:53:21,151] {dagbag.py:508} INFO - Filling up the DagBag from /home/airflow/.local/lib/python3.7/site-packages/airflow/example_dags/example_complex.py
[2023-06-02 14:53:21,161] {processor.py:651} INFO - DAG(s) dict_keys(['example_complex']) retrieved from /home/airflow/.local/lib/python3.7/site-packages/airflow/example_dags/example_complex.py
[2023-06-02 14:53:21,198] {logging_mixin.py:115} INFO - [2023-06-02 14:53:21,198] {dag.py:2420} INFO - Sync 1 DAGs
[2023-06-02 14:53:21,214] {logging_mixin.py:115} INFO - [2023-06-02 14:53:21,214] {dag.py:2972} INFO - Setting next_dagrun for example_complex to None, run_after=None
[2023-06-02 14:53:21,223] {processor.py:161} INFO - Processing /home/airflow/.local/lib/python3.7/site-packages/airflow/example_dags/example_complex.py took 0.078 seconds
[2023-06-02 14:53:51,742] {processor.py:153} INFO - Started process (PID=420) to work on /home/airflow/.local/lib/python3.7/site-packages/airflow/example_dags/example_complex.py
[2023-06-02 14:53:51,744] {processor.py:641} INFO - Processing file /home/airflow/.local/lib/python3.7/site-packages/airflow/example_dags/example_complex.py for tasks to queue
[2023-06-02 14:53:51,746] {logging_mixin.py:115} INFO - [2023-06-02 14:53:51,746] {dagbag.py:508} INFO - Filling up the DagBag from /home/airflow/.local/lib/python3.7/site-packages/airflow/example_dags/example_complex.py
[2023-06-02 14:53:51,753] {processor.py:651} INFO - DAG(s) dict_keys(['example_complex']) retrieved from /home/airflow/.local/lib/python3.7/site-packages/airflow/example_dags/example_complex.py
[2023-06-02 14:53:51,774] {logging_mixin.py:115} INFO - [2023-06-02 14:53:51,774] {dag.py:2420} INFO - Sync 1 DAGs
[2023-06-02 14:53:51,789] {logging_mixin.py:115} INFO - [2023-06-02 14:53:51,789] {dag.py:2972} INFO - Setting next_dagrun for example_complex to None, run_after=None
[2023-06-02 14:53:51,799] {processor.py:161} INFO - Processing /home/airflow/.local/lib/python3.7/site-packages/airflow/example_dags/example_complex.py took 0.060 seconds
[2023-06-02 14:54:22,378] {processor.py:153} INFO - Started process (PID=482) to work on /home/airflow/.local/lib/python3.7/site-packages/airflow/example_dags/example_complex.py
[2023-06-02 14:54:22,379] {processor.py:641} INFO - Processing file /home/airflow/.local/lib/python3.7/site-packages/airflow/example_dags/example_complex.py for tasks to queue
[2023-06-02 14:54:22,380] {logging_mixin.py:115} INFO - [2023-06-02 14:54:22,380] {dagbag.py:508} INFO - Filling up the DagBag from /home/airflow/.local/lib/python3.7/site-packages/airflow/example_dags/example_complex.py
[2023-06-02 14:54:22,389] {processor.py:651} INFO - DAG(s) dict_keys(['example_complex']) retrieved from /home/airflow/.local/lib/python3.7/site-packages/airflow/example_dags/example_complex.py
[2023-06-02 14:54:22,411] {logging_mixin.py:115} INFO - [2023-06-02 14:54:22,411] {dag.py:2420} INFO - Sync 1 DAGs
[2023-06-02 14:54:22,425] {logging_mixin.py:115} INFO - [2023-06-02 14:54:22,425] {dag.py:2972} INFO - Setting next_dagrun for example_complex to None, run_after=None
[2023-06-02 14:54:22,433] {processor.py:161} INFO - Processing /home/airflow/.local/lib/python3.7/site-packages/airflow/example_dags/example_complex.py took 0.058 seconds
[2023-06-02 14:54:53,032] {processor.py:153} INFO - Started process (PID=543) to work on /home/airflow/.local/lib/python3.7/site-packages/airflow/example_dags/example_complex.py
[2023-06-02 14:54:53,033] {processor.py:641} INFO - Processing file /home/airflow/.local/lib/python3.7/site-packages/airflow/example_dags/example_complex.py for tasks to queue
[2023-06-02 14:54:53,034] {logging_mixin.py:115} INFO - [2023-06-02 14:54:53,034] {dagbag.py:508} INFO - Filling up the DagBag from /home/airflow/.local/lib/python3.7/site-packages/airflow/example_dags/example_complex.py
[2023-06-02 14:54:53,042] {processor.py:651} INFO - DAG(s) dict_keys(['example_complex']) retrieved from /home/airflow/.local/lib/python3.7/site-packages/airflow/example_dags/example_complex.py
[2023-06-02 14:54:53,064] {logging_mixin.py:115} INFO - [2023-06-02 14:54:53,064] {dag.py:2420} INFO - Sync 1 DAGs
[2023-06-02 14:54:53,079] {logging_mixin.py:115} INFO - [2023-06-02 14:54:53,079] {dag.py:2972} INFO - Setting next_dagrun for example_complex to None, run_after=None
[2023-06-02 14:54:53,086] {processor.py:161} INFO - Processing /home/airflow/.local/lib/python3.7/site-packages/airflow/example_dags/example_complex.py took 0.056 seconds
[2023-06-02 14:55:23,924] {processor.py:153} INFO - Started process (PID=604) to work on /home/airflow/.local/lib/python3.7/site-packages/airflow/example_dags/example_complex.py
[2023-06-02 14:55:23,925] {processor.py:641} INFO - Processing file /home/airflow/.local/lib/python3.7/site-packages/airflow/example_dags/example_complex.py for tasks to queue
[2023-06-02 14:55:23,926] {logging_mixin.py:115} INFO - [2023-06-02 14:55:23,926] {dagbag.py:508} INFO - Filling up the DagBag from /home/airflow/.local/lib/python3.7/site-packages/airflow/example_dags/example_complex.py
[2023-06-02 14:55:23,935] {processor.py:651} INFO - DAG(s) dict_keys(['example_complex']) retrieved from /home/airflow/.local/lib/python3.7/site-packages/airflow/example_dags/example_complex.py
[2023-06-02 14:55:23,960] {logging_mixin.py:115} INFO - [2023-06-02 14:55:23,960] {dag.py:2420} INFO - Sync 1 DAGs
[2023-06-02 14:55:23,974] {logging_mixin.py:115} INFO - [2023-06-02 14:55:23,974] {dag.py:2972} INFO - Setting next_dagrun for example_complex to None, run_after=None
[2023-06-02 14:55:23,982] {processor.py:161} INFO - Processing /home/airflow/.local/lib/python3.7/site-packages/airflow/example_dags/example_complex.py took 0.061 seconds
[2023-06-02 14:55:54,700] {processor.py:153} INFO - Started process (PID=665) to work on /home/airflow/.local/lib/python3.7/site-packages/airflow/example_dags/example_complex.py
[2023-06-02 14:55:54,703] {processor.py:641} INFO - Processing file /home/airflow/.local/lib/python3.7/site-packages/airflow/example_dags/example_complex.py for tasks to queue
[2023-06-02 14:55:54,705] {logging_mixin.py:115} INFO - [2023-06-02 14:55:54,705] {dagbag.py:508} INFO - Filling up the DagBag from /home/airflow/.local/lib/python3.7/site-packages/airflow/example_dags/example_complex.py
[2023-06-02 14:55:54,715] {processor.py:651} INFO - DAG(s) dict_keys(['example_complex']) retrieved from /home/airflow/.local/lib/python3.7/site-packages/airflow/example_dags/example_complex.py
[2023-06-02 14:55:54,738] {logging_mixin.py:115} INFO - [2023-06-02 14:55:54,738] {dag.py:2420} INFO - Sync 1 DAGs
[2023-06-02 14:55:54,752] {logging_mixin.py:115} INFO - [2023-06-02 14:55:54,752] {dag.py:2972} INFO - Setting next_dagrun for example_complex to None, run_after=None
[2023-06-02 14:55:54,763] {processor.py:161} INFO - Processing /home/airflow/.local/lib/python3.7/site-packages/airflow/example_dags/example_complex.py took 0.065 seconds
[2023-06-02 14:56:25,282] {processor.py:153} INFO - Started process (PID=716) to work on /home/airflow/.local/lib/python3.7/site-packages/airflow/example_dags/example_complex.py
[2023-06-02 14:56:25,283] {processor.py:641} INFO - Processing file /home/airflow/.local/lib/python3.7/site-packages/airflow/example_dags/example_complex.py for tasks to queue
[2023-06-02 14:56:25,285] {logging_mixin.py:115} INFO - [2023-06-02 14:56:25,285] {dagbag.py:508} INFO - Filling up the DagBag from /home/airflow/.local/lib/python3.7/site-packages/airflow/example_dags/example_complex.py
[2023-06-02 14:56:25,293] {processor.py:651} INFO - DAG(s) dict_keys(['example_complex']) retrieved from /home/airflow/.local/lib/python3.7/site-packages/airflow/example_dags/example_complex.py
[2023-06-02 14:56:25,316] {logging_mixin.py:115} INFO - [2023-06-02 14:56:25,316] {dag.py:2420} INFO - Sync 1 DAGs
[2023-06-02 14:56:25,333] {logging_mixin.py:115} INFO - [2023-06-02 14:56:25,333] {dag.py:2972} INFO - Setting next_dagrun for example_complex to None, run_after=None
[2023-06-02 14:56:25,343] {processor.py:161} INFO - Processing /home/airflow/.local/lib/python3.7/site-packages/airflow/example_dags/example_complex.py took 0.063 seconds
[2023-06-02 14:56:55,870] {processor.py:153} INFO - Started process (PID=778) to work on /home/airflow/.local/lib/python3.7/site-packages/airflow/example_dags/example_complex.py
[2023-06-02 14:56:55,871] {processor.py:641} INFO - Processing file /home/airflow/.local/lib/python3.7/site-packages/airflow/example_dags/example_complex.py for tasks to queue
[2023-06-02 14:56:55,872] {logging_mixin.py:115} INFO - [2023-06-02 14:56:55,872] {dagbag.py:508} INFO - Filling up the DagBag from /home/airflow/.local/lib/python3.7/site-packages/airflow/example_dags/example_complex.py
[2023-06-02 14:56:55,880] {processor.py:651} INFO - DAG(s) dict_keys(['example_complex']) retrieved from /home/airflow/.local/lib/python3.7/site-packages/airflow/example_dags/example_complex.py
[2023-06-02 14:56:55,905] {logging_mixin.py:115} INFO - [2023-06-02 14:56:55,905] {dag.py:2420} INFO - Sync 1 DAGs
[2023-06-02 14:56:55,924] {logging_mixin.py:115} INFO - [2023-06-02 14:56:55,924] {dag.py:2972} INFO - Setting next_dagrun for example_complex to None, run_after=None
[2023-06-02 14:56:55,934] {processor.py:161} INFO - Processing /home/airflow/.local/lib/python3.7/site-packages/airflow/example_dags/example_complex.py took 0.066 seconds
[2023-06-02 14:57:26,439] {processor.py:153} INFO - Started process (PID=840) to work on /home/airflow/.local/lib/python3.7/site-packages/airflow/example_dags/example_complex.py
[2023-06-02 14:57:26,441] {processor.py:641} INFO - Processing file /home/airflow/.local/lib/python3.7/site-packages/airflow/example_dags/example_complex.py for tasks to queue
[2023-06-02 14:57:26,442] {logging_mixin.py:115} INFO - [2023-06-02 14:57:26,442] {dagbag.py:508} INFO - Filling up the DagBag from /home/airflow/.local/lib/python3.7/site-packages/airflow/example_dags/example_complex.py
[2023-06-02 14:57:26,451] {processor.py:651} INFO - DAG(s) dict_keys(['example_complex']) retrieved from /home/airflow/.local/lib/python3.7/site-packages/airflow/example_dags/example_complex.py
[2023-06-02 14:57:26,471] {logging_mixin.py:115} INFO - [2023-06-02 14:57:26,471] {dag.py:2420} INFO - Sync 1 DAGs
[2023-06-02 14:57:26,489] {logging_mixin.py:115} INFO - [2023-06-02 14:57:26,489] {dag.py:2972} INFO - Setting next_dagrun for example_complex to None, run_after=None
[2023-06-02 14:57:26,497] {processor.py:161} INFO - Processing /home/airflow/.local/lib/python3.7/site-packages/airflow/example_dags/example_complex.py took 0.061 seconds
[2023-06-02 14:57:57,061] {processor.py:153} INFO - Started process (PID=901) to work on /home/airflow/.local/lib/python3.7/site-packages/airflow/example_dags/example_complex.py
[2023-06-02 14:57:57,064] {processor.py:641} INFO - Processing file /home/airflow/.local/lib/python3.7/site-packages/airflow/example_dags/example_complex.py for tasks to queue
[2023-06-02 14:57:57,067] {logging_mixin.py:115} INFO - [2023-06-02 14:57:57,067] {dagbag.py:508} INFO - Filling up the DagBag from /home/airflow/.local/lib/python3.7/site-packages/airflow/example_dags/example_complex.py
[2023-06-02 14:57:57,077] {processor.py:651} INFO - DAG(s) dict_keys(['example_complex']) retrieved from /home/airflow/.local/lib/python3.7/site-packages/airflow/example_dags/example_complex.py
[2023-06-02 14:57:57,109] {logging_mixin.py:115} INFO - [2023-06-02 14:57:57,109] {dag.py:2420} INFO - Sync 1 DAGs
[2023-06-02 14:57:57,128] {logging_mixin.py:115} INFO - [2023-06-02 14:57:57,128] {dag.py:2972} INFO - Setting next_dagrun for example_complex to None, run_after=None
[2023-06-02 14:57:57,139] {processor.py:161} INFO - Processing /home/airflow/.local/lib/python3.7/site-packages/airflow/example_dags/example_complex.py took 0.080 seconds
[2023-06-02 14:58:27,905] {processor.py:153} INFO - Started process (PID=962) to work on /home/airflow/.local/lib/python3.7/site-packages/airflow/example_dags/example_complex.py
[2023-06-02 14:58:27,907] {processor.py:641} INFO - Processing file /home/airflow/.local/lib/python3.7/site-packages/airflow/example_dags/example_complex.py for tasks to queue
[2023-06-02 14:58:27,908] {logging_mixin.py:115} INFO - [2023-06-02 14:58:27,908] {dagbag.py:508} INFO - Filling up the DagBag from /home/airflow/.local/lib/python3.7/site-packages/airflow/example_dags/example_complex.py
[2023-06-02 14:58:27,917] {processor.py:651} INFO - DAG(s) dict_keys(['example_complex']) retrieved from /home/airflow/.local/lib/python3.7/site-packages/airflow/example_dags/example_complex.py
[2023-06-02 14:58:27,939] {logging_mixin.py:115} INFO - [2023-06-02 14:58:27,939] {dag.py:2420} INFO - Sync 1 DAGs
[2023-06-02 14:58:27,953] {logging_mixin.py:115} INFO - [2023-06-02 14:58:27,953] {dag.py:2972} INFO - Setting next_dagrun for example_complex to None, run_after=None
[2023-06-02 14:58:27,962] {processor.py:161} INFO - Processing /home/airflow/.local/lib/python3.7/site-packages/airflow/example_dags/example_complex.py took 0.059 seconds
[2023-06-02 14:58:58,476] {processor.py:153} INFO - Started process (PID=1023) to work on /home/airflow/.local/lib/python3.7/site-packages/airflow/example_dags/example_complex.py
[2023-06-02 14:58:58,478] {processor.py:641} INFO - Processing file /home/airflow/.local/lib/python3.7/site-packages/airflow/example_dags/example_complex.py for tasks to queue
[2023-06-02 14:58:58,481] {logging_mixin.py:115} INFO - [2023-06-02 14:58:58,481] {dagbag.py:508} INFO - Filling up the DagBag from /home/airflow/.local/lib/python3.7/site-packages/airflow/example_dags/example_complex.py
[2023-06-02 14:58:58,490] {processor.py:651} INFO - DAG(s) dict_keys(['example_complex']) retrieved from /home/airflow/.local/lib/python3.7/site-packages/airflow/example_dags/example_complex.py
[2023-06-02 14:58:58,512] {logging_mixin.py:115} INFO - [2023-06-02 14:58:58,512] {dag.py:2420} INFO - Sync 1 DAGs
[2023-06-02 14:58:58,528] {logging_mixin.py:115} INFO - [2023-06-02 14:58:58,528] {dag.py:2972} INFO - Setting next_dagrun for example_complex to None, run_after=None
[2023-06-02 14:58:58,543] {processor.py:161} INFO - Processing /home/airflow/.local/lib/python3.7/site-packages/airflow/example_dags/example_complex.py took 0.070 seconds
[2023-06-02 14:59:29,075] {processor.py:153} INFO - Started process (PID=1075) to work on /home/airflow/.local/lib/python3.7/site-packages/airflow/example_dags/example_complex.py
[2023-06-02 14:59:29,077] {processor.py:641} INFO - Processing file /home/airflow/.local/lib/python3.7/site-packages/airflow/example_dags/example_complex.py for tasks to queue
[2023-06-02 14:59:29,079] {logging_mixin.py:115} INFO - [2023-06-02 14:59:29,079] {dagbag.py:508} INFO - Filling up the DagBag from /home/airflow/.local/lib/python3.7/site-packages/airflow/example_dags/example_complex.py
[2023-06-02 14:59:29,088] {processor.py:651} INFO - DAG(s) dict_keys(['example_complex']) retrieved from /home/airflow/.local/lib/python3.7/site-packages/airflow/example_dags/example_complex.py
[2023-06-02 14:59:29,109] {logging_mixin.py:115} INFO - [2023-06-02 14:59:29,109] {dag.py:2420} INFO - Sync 1 DAGs
[2023-06-02 14:59:29,123] {logging_mixin.py:115} INFO - [2023-06-02 14:59:29,123] {dag.py:2972} INFO - Setting next_dagrun for example_complex to None, run_after=None
[2023-06-02 14:59:29,138] {processor.py:161} INFO - Processing /home/airflow/.local/lib/python3.7/site-packages/airflow/example_dags/example_complex.py took 0.065 seconds
[2023-06-02 14:59:59,759] {processor.py:153} INFO - Started process (PID=1136) to work on /home/airflow/.local/lib/python3.7/site-packages/airflow/example_dags/example_complex.py
[2023-06-02 14:59:59,760] {processor.py:641} INFO - Processing file /home/airflow/.local/lib/python3.7/site-packages/airflow/example_dags/example_complex.py for tasks to queue
[2023-06-02 14:59:59,762] {logging_mixin.py:115} INFO - [2023-06-02 14:59:59,762] {dagbag.py:508} INFO - Filling up the DagBag from /home/airflow/.local/lib/python3.7/site-packages/airflow/example_dags/example_complex.py
[2023-06-02 14:59:59,770] {processor.py:651} INFO - DAG(s) dict_keys(['example_complex']) retrieved from /home/airflow/.local/lib/python3.7/site-packages/airflow/example_dags/example_complex.py
[2023-06-02 14:59:59,793] {logging_mixin.py:115} INFO - [2023-06-02 14:59:59,793] {dag.py:2420} INFO - Sync 1 DAGs
[2023-06-02 14:59:59,806] {logging_mixin.py:115} INFO - [2023-06-02 14:59:59,806] {dag.py:2972} INFO - Setting next_dagrun for example_complex to None, run_after=None
[2023-06-02 14:59:59,814] {processor.py:161} INFO - Processing /home/airflow/.local/lib/python3.7/site-packages/airflow/example_dags/example_complex.py took 0.057 seconds
[2023-06-02 15:00:30,395] {processor.py:153} INFO - Started process (PID=1197) to work on /home/airflow/.local/lib/python3.7/site-packages/airflow/example_dags/example_complex.py
[2023-06-02 15:00:30,396] {processor.py:641} INFO - Processing file /home/airflow/.local/lib/python3.7/site-packages/airflow/example_dags/example_complex.py for tasks to queue
[2023-06-02 15:00:30,398] {logging_mixin.py:115} INFO - [2023-06-02 15:00:30,398] {dagbag.py:508} INFO - Filling up the DagBag from /home/airflow/.local/lib/python3.7/site-packages/airflow/example_dags/example_complex.py
[2023-06-02 15:00:30,406] {processor.py:651} INFO - DAG(s) dict_keys(['example_complex']) retrieved from /home/airflow/.local/lib/python3.7/site-packages/airflow/example_dags/example_complex.py
[2023-06-02 15:00:30,429] {logging_mixin.py:115} INFO - [2023-06-02 15:00:30,429] {dag.py:2420} INFO - Sync 1 DAGs
[2023-06-02 15:00:30,442] {logging_mixin.py:115} INFO - [2023-06-02 15:00:30,442] {dag.py:2972} INFO - Setting next_dagrun for example_complex to None, run_after=None
[2023-06-02 15:00:30,449] {processor.py:161} INFO - Processing /home/airflow/.local/lib/python3.7/site-packages/airflow/example_dags/example_complex.py took 0.057 seconds
[2023-06-02 15:01:01,057] {processor.py:153} INFO - Started process (PID=1257) to work on /home/airflow/.local/lib/python3.7/site-packages/airflow/example_dags/example_complex.py
[2023-06-02 15:01:01,058] {processor.py:641} INFO - Processing file /home/airflow/.local/lib/python3.7/site-packages/airflow/example_dags/example_complex.py for tasks to queue
[2023-06-02 15:01:01,059] {logging_mixin.py:115} INFO - [2023-06-02 15:01:01,059] {dagbag.py:508} INFO - Filling up the DagBag from /home/airflow/.local/lib/python3.7/site-packages/airflow/example_dags/example_complex.py
[2023-06-02 15:01:01,069] {processor.py:651} INFO - DAG(s) dict_keys(['example_complex']) retrieved from /home/airflow/.local/lib/python3.7/site-packages/airflow/example_dags/example_complex.py
[2023-06-02 15:01:01,088] {logging_mixin.py:115} INFO - [2023-06-02 15:01:01,088] {dag.py:2420} INFO - Sync 1 DAGs
[2023-06-02 15:01:01,101] {logging_mixin.py:115} INFO - [2023-06-02 15:01:01,101] {dag.py:2972} INFO - Setting next_dagrun for example_complex to None, run_after=None
[2023-06-02 15:01:01,110] {processor.py:161} INFO - Processing /home/airflow/.local/lib/python3.7/site-packages/airflow/example_dags/example_complex.py took 0.055 seconds
[2023-06-02 15:01:31,616] {processor.py:153} INFO - Started process (PID=1317) to work on /home/airflow/.local/lib/python3.7/site-packages/airflow/example_dags/example_complex.py
[2023-06-02 15:01:31,618] {processor.py:641} INFO - Processing file /home/airflow/.local/lib/python3.7/site-packages/airflow/example_dags/example_complex.py for tasks to queue
[2023-06-02 15:01:31,620] {logging_mixin.py:115} INFO - [2023-06-02 15:01:31,620] {dagbag.py:508} INFO - Filling up the DagBag from /home/airflow/.local/lib/python3.7/site-packages/airflow/example_dags/example_complex.py
[2023-06-02 15:01:31,628] {processor.py:651} INFO - DAG(s) dict_keys(['example_complex']) retrieved from /home/airflow/.local/lib/python3.7/site-packages/airflow/example_dags/example_complex.py
[2023-06-02 15:01:31,651] {logging_mixin.py:115} INFO - [2023-06-02 15:01:31,651] {dag.py:2420} INFO - Sync 1 DAGs
[2023-06-02 15:01:31,669] {logging_mixin.py:115} INFO - [2023-06-02 15:01:31,669] {dag.py:2972} INFO - Setting next_dagrun for example_complex to None, run_after=None
[2023-06-02 15:01:31,678] {processor.py:161} INFO - Processing /home/airflow/.local/lib/python3.7/site-packages/airflow/example_dags/example_complex.py took 0.064 seconds
[2023-06-02 15:02:02,129] {processor.py:153} INFO - Started process (PID=1369) to work on /home/airflow/.local/lib/python3.7/site-packages/airflow/example_dags/example_complex.py
[2023-06-02 15:02:02,131] {processor.py:641} INFO - Processing file /home/airflow/.local/lib/python3.7/site-packages/airflow/example_dags/example_complex.py for tasks to queue
[2023-06-02 15:02:02,132] {logging_mixin.py:115} INFO - [2023-06-02 15:02:02,132] {dagbag.py:508} INFO - Filling up the DagBag from /home/airflow/.local/lib/python3.7/site-packages/airflow/example_dags/example_complex.py
[2023-06-02 15:02:02,140] {processor.py:651} INFO - DAG(s) dict_keys(['example_complex']) retrieved from /home/airflow/.local/lib/python3.7/site-packages/airflow/example_dags/example_complex.py
[2023-06-02 15:02:02,162] {logging_mixin.py:115} INFO - [2023-06-02 15:02:02,162] {dag.py:2420} INFO - Sync 1 DAGs
[2023-06-02 15:02:02,176] {logging_mixin.py:115} INFO - [2023-06-02 15:02:02,175] {dag.py:2972} INFO - Setting next_dagrun for example_complex to None, run_after=None
[2023-06-02 15:02:02,186] {processor.py:161} INFO - Processing /home/airflow/.local/lib/python3.7/site-packages/airflow/example_dags/example_complex.py took 0.059 seconds
[2023-06-02 15:02:32,685] {processor.py:153} INFO - Started process (PID=1430) to work on /home/airflow/.local/lib/python3.7/site-packages/airflow/example_dags/example_complex.py
[2023-06-02 15:02:32,687] {processor.py:641} INFO - Processing file /home/airflow/.local/lib/python3.7/site-packages/airflow/example_dags/example_complex.py for tasks to queue
[2023-06-02 15:02:32,688] {logging_mixin.py:115} INFO - [2023-06-02 15:02:32,688] {dagbag.py:508} INFO - Filling up the DagBag from /home/airflow/.local/lib/python3.7/site-packages/airflow/example_dags/example_complex.py
[2023-06-02 15:02:32,695] {processor.py:651} INFO - DAG(s) dict_keys(['example_complex']) retrieved from /home/airflow/.local/lib/python3.7/site-packages/airflow/example_dags/example_complex.py
[2023-06-02 15:02:32,718] {logging_mixin.py:115} INFO - [2023-06-02 15:02:32,718] {dag.py:2420} INFO - Sync 1 DAGs
[2023-06-02 15:02:32,731] {logging_mixin.py:115} INFO - [2023-06-02 15:02:32,731] {dag.py:2972} INFO - Setting next_dagrun for example_complex to None, run_after=None
[2023-06-02 15:02:32,740] {processor.py:161} INFO - Processing /home/airflow/.local/lib/python3.7/site-packages/airflow/example_dags/example_complex.py took 0.059 seconds
[2023-06-02 15:03:03,217] {processor.py:153} INFO - Started process (PID=1491) to work on /home/airflow/.local/lib/python3.7/site-packages/airflow/example_dags/example_complex.py
[2023-06-02 15:03:03,218] {processor.py:641} INFO - Processing file /home/airflow/.local/lib/python3.7/site-packages/airflow/example_dags/example_complex.py for tasks to queue
[2023-06-02 15:03:03,219] {logging_mixin.py:115} INFO - [2023-06-02 15:03:03,219] {dagbag.py:508} INFO - Filling up the DagBag from /home/airflow/.local/lib/python3.7/site-packages/airflow/example_dags/example_complex.py
[2023-06-02 15:03:03,227] {processor.py:651} INFO - DAG(s) dict_keys(['example_complex']) retrieved from /home/airflow/.local/lib/python3.7/site-packages/airflow/example_dags/example_complex.py
[2023-06-02 15:03:03,250] {logging_mixin.py:115} INFO - [2023-06-02 15:03:03,250] {dag.py:2420} INFO - Sync 1 DAGs
[2023-06-02 15:03:03,266] {logging_mixin.py:115} INFO - [2023-06-02 15:03:03,266] {dag.py:2972} INFO - Setting next_dagrun for example_complex to None, run_after=None
[2023-06-02 15:03:03,274] {processor.py:161} INFO - Processing /home/airflow/.local/lib/python3.7/site-packages/airflow/example_dags/example_complex.py took 0.060 seconds
[2023-06-02 15:03:33,765] {processor.py:153} INFO - Started process (PID=1553) to work on /home/airflow/.local/lib/python3.7/site-packages/airflow/example_dags/example_complex.py
[2023-06-02 15:03:33,767] {processor.py:641} INFO - Processing file /home/airflow/.local/lib/python3.7/site-packages/airflow/example_dags/example_complex.py for tasks to queue
[2023-06-02 15:03:33,768] {logging_mixin.py:115} INFO - [2023-06-02 15:03:33,768] {dagbag.py:508} INFO - Filling up the DagBag from /home/airflow/.local/lib/python3.7/site-packages/airflow/example_dags/example_complex.py
[2023-06-02 15:03:33,776] {processor.py:651} INFO - DAG(s) dict_keys(['example_complex']) retrieved from /home/airflow/.local/lib/python3.7/site-packages/airflow/example_dags/example_complex.py
[2023-06-02 15:03:33,794] {logging_mixin.py:115} INFO - [2023-06-02 15:03:33,794] {dag.py:2420} INFO - Sync 1 DAGs
[2023-06-02 15:03:33,805] {logging_mixin.py:115} INFO - [2023-06-02 15:03:33,805] {dag.py:2972} INFO - Setting next_dagrun for example_complex to None, run_after=None
[2023-06-02 15:03:33,814] {processor.py:161} INFO - Processing /home/airflow/.local/lib/python3.7/site-packages/airflow/example_dags/example_complex.py took 0.052 seconds
[2023-06-02 15:04:04,457] {processor.py:153} INFO - Started process (PID=1614) to work on /home/airflow/.local/lib/python3.7/site-packages/airflow/example_dags/example_complex.py
[2023-06-02 15:04:04,458] {processor.py:641} INFO - Processing file /home/airflow/.local/lib/python3.7/site-packages/airflow/example_dags/example_complex.py for tasks to queue
[2023-06-02 15:04:04,460] {logging_mixin.py:115} INFO - [2023-06-02 15:04:04,460] {dagbag.py:508} INFO - Filling up the DagBag from /home/airflow/.local/lib/python3.7/site-packages/airflow/example_dags/example_complex.py
[2023-06-02 15:04:04,468] {processor.py:651} INFO - DAG(s) dict_keys(['example_complex']) retrieved from /home/airflow/.local/lib/python3.7/site-packages/airflow/example_dags/example_complex.py
[2023-06-02 15:04:04,489] {logging_mixin.py:115} INFO - [2023-06-02 15:04:04,489] {dag.py:2420} INFO - Sync 1 DAGs
[2023-06-02 15:04:04,503] {logging_mixin.py:115} INFO - [2023-06-02 15:04:04,503] {dag.py:2972} INFO - Setting next_dagrun for example_complex to None, run_after=None
[2023-06-02 15:04:04,514] {processor.py:161} INFO - Processing /home/airflow/.local/lib/python3.7/site-packages/airflow/example_dags/example_complex.py took 0.059 seconds
[2023-06-02 15:04:35,118] {processor.py:153} INFO - Started process (PID=1675) to work on /home/airflow/.local/lib/python3.7/site-packages/airflow/example_dags/example_complex.py
[2023-06-02 15:04:35,120] {processor.py:641} INFO - Processing file /home/airflow/.local/lib/python3.7/site-packages/airflow/example_dags/example_complex.py for tasks to queue
[2023-06-02 15:04:35,122] {logging_mixin.py:115} INFO - [2023-06-02 15:04:35,122] {dagbag.py:508} INFO - Filling up the DagBag from /home/airflow/.local/lib/python3.7/site-packages/airflow/example_dags/example_complex.py
[2023-06-02 15:04:35,131] {processor.py:651} INFO - DAG(s) dict_keys(['example_complex']) retrieved from /home/airflow/.local/lib/python3.7/site-packages/airflow/example_dags/example_complex.py
[2023-06-02 15:04:35,157] {logging_mixin.py:115} INFO - [2023-06-02 15:04:35,157] {dag.py:2420} INFO - Sync 1 DAGs
[2023-06-02 15:04:35,174] {logging_mixin.py:115} INFO - [2023-06-02 15:04:35,174] {dag.py:2972} INFO - Setting next_dagrun for example_complex to None, run_after=None
[2023-06-02 15:04:35,190] {processor.py:161} INFO - Processing /home/airflow/.local/lib/python3.7/site-packages/airflow/example_dags/example_complex.py took 0.075 seconds
[2023-06-02 15:05:05,699] {processor.py:153} INFO - Started process (PID=1727) to work on /home/airflow/.local/lib/python3.7/site-packages/airflow/example_dags/example_complex.py
[2023-06-02 15:05:05,701] {processor.py:641} INFO - Processing file /home/airflow/.local/lib/python3.7/site-packages/airflow/example_dags/example_complex.py for tasks to queue
[2023-06-02 15:05:05,702] {logging_mixin.py:115} INFO - [2023-06-02 15:05:05,702] {dagbag.py:508} INFO - Filling up the DagBag from /home/airflow/.local/lib/python3.7/site-packages/airflow/example_dags/example_complex.py
[2023-06-02 15:05:05,711] {processor.py:651} INFO - DAG(s) dict_keys(['example_complex']) retrieved from /home/airflow/.local/lib/python3.7/site-packages/airflow/example_dags/example_complex.py
[2023-06-02 15:05:05,732] {logging_mixin.py:115} INFO - [2023-06-02 15:05:05,732] {dag.py:2420} INFO - Sync 1 DAGs
[2023-06-02 15:05:05,746] {logging_mixin.py:115} INFO - [2023-06-02 15:05:05,746] {dag.py:2972} INFO - Setting next_dagrun for example_complex to None, run_after=None
[2023-06-02 15:05:05,756] {processor.py:161} INFO - Processing /home/airflow/.local/lib/python3.7/site-packages/airflow/example_dags/example_complex.py took 0.060 seconds
[2023-06-02 15:05:36,339] {processor.py:153} INFO - Started process (PID=1788) to work on /home/airflow/.local/lib/python3.7/site-packages/airflow/example_dags/example_complex.py
[2023-06-02 15:05:36,340] {processor.py:641} INFO - Processing file /home/airflow/.local/lib/python3.7/site-packages/airflow/example_dags/example_complex.py for tasks to queue
[2023-06-02 15:05:36,342] {logging_mixin.py:115} INFO - [2023-06-02 15:05:36,342] {dagbag.py:508} INFO - Filling up the DagBag from /home/airflow/.local/lib/python3.7/site-packages/airflow/example_dags/example_complex.py
[2023-06-02 15:05:36,349] {processor.py:651} INFO - DAG(s) dict_keys(['example_complex']) retrieved from /home/airflow/.local/lib/python3.7/site-packages/airflow/example_dags/example_complex.py
[2023-06-02 15:05:36,373] {logging_mixin.py:115} INFO - [2023-06-02 15:05:36,372] {dag.py:2420} INFO - Sync 1 DAGs
[2023-06-02 15:05:36,388] {logging_mixin.py:115} INFO - [2023-06-02 15:05:36,388] {dag.py:2972} INFO - Setting next_dagrun for example_complex to None, run_after=None
[2023-06-02 15:05:36,399] {processor.py:161} INFO - Processing /home/airflow/.local/lib/python3.7/site-packages/airflow/example_dags/example_complex.py took 0.063 seconds
[2023-06-02 15:06:07,117] {processor.py:153} INFO - Started process (PID=1848) to work on /home/airflow/.local/lib/python3.7/site-packages/airflow/example_dags/example_complex.py
[2023-06-02 15:06:07,119] {processor.py:641} INFO - Processing file /home/airflow/.local/lib/python3.7/site-packages/airflow/example_dags/example_complex.py for tasks to queue
[2023-06-02 15:06:07,120] {logging_mixin.py:115} INFO - [2023-06-02 15:06:07,120] {dagbag.py:508} INFO - Filling up the DagBag from /home/airflow/.local/lib/python3.7/site-packages/airflow/example_dags/example_complex.py
[2023-06-02 15:06:07,128] {processor.py:651} INFO - DAG(s) dict_keys(['example_complex']) retrieved from /home/airflow/.local/lib/python3.7/site-packages/airflow/example_dags/example_complex.py
[2023-06-02 15:06:07,151] {logging_mixin.py:115} INFO - [2023-06-02 15:06:07,151] {dag.py:2420} INFO - Sync 1 DAGs
[2023-06-02 15:06:07,166] {logging_mixin.py:115} INFO - [2023-06-02 15:06:07,165] {dag.py:2972} INFO - Setting next_dagrun for example_complex to None, run_after=None
[2023-06-02 15:06:07,174] {processor.py:161} INFO - Processing /home/airflow/.local/lib/python3.7/site-packages/airflow/example_dags/example_complex.py took 0.059 seconds
[2023-06-02 15:06:37,697] {processor.py:153} INFO - Started process (PID=1909) to work on /home/airflow/.local/lib/python3.7/site-packages/airflow/example_dags/example_complex.py
[2023-06-02 15:06:37,698] {processor.py:641} INFO - Processing file /home/airflow/.local/lib/python3.7/site-packages/airflow/example_dags/example_complex.py for tasks to queue
[2023-06-02 15:06:37,699] {logging_mixin.py:115} INFO - [2023-06-02 15:06:37,699] {dagbag.py:508} INFO - Filling up the DagBag from /home/airflow/.local/lib/python3.7/site-packages/airflow/example_dags/example_complex.py
[2023-06-02 15:06:37,708] {processor.py:651} INFO - DAG(s) dict_keys(['example_complex']) retrieved from /home/airflow/.local/lib/python3.7/site-packages/airflow/example_dags/example_complex.py
[2023-06-02 15:06:37,731] {logging_mixin.py:115} INFO - [2023-06-02 15:06:37,731] {dag.py:2420} INFO - Sync 1 DAGs
[2023-06-02 15:06:37,744] {logging_mixin.py:115} INFO - [2023-06-02 15:06:37,744] {dag.py:2972} INFO - Setting next_dagrun for example_complex to None, run_after=None
[2023-06-02 15:06:37,753] {processor.py:161} INFO - Processing /home/airflow/.local/lib/python3.7/site-packages/airflow/example_dags/example_complex.py took 0.059 seconds
