[2023-06-02 14:18:53,608] {processor.py:153} INFO - Started process (PID=41) to work on /home/airflow/.local/lib/python3.7/site-packages/airflow/example_dags/example_subdag_operator.py
[2023-06-02 14:18:53,612] {processor.py:641} INFO - Processing file /home/airflow/.local/lib/python3.7/site-packages/airflow/example_dags/example_subdag_operator.py for tasks to queue
[2023-06-02 14:18:53,616] {logging_mixin.py:115} INFO - [2023-06-02 14:18:53,615] {dagbag.py:508} INFO - Filling up the DagBag from /home/airflow/.local/lib/python3.7/site-packages/airflow/example_dags/example_subdag_operator.py
[2023-06-02 14:18:53,653] {processor.py:651} INFO - DAG(s) dict_keys(['example_subdag_operator.section-1', 'example_subdag_operator.section-2', 'example_subdag_operator']) retrieved from /home/airflow/.local/lib/python3.7/site-packages/airflow/example_dags/example_subdag_operator.py
[2023-06-02 14:18:53,738] {logging_mixin.py:115} INFO - [2023-06-02 14:18:53,738] {manager.py:508} INFO - Created Permission View: can read on DAG:example_subdag_operator
[2023-06-02 14:18:53,749] {logging_mixin.py:115} INFO - [2023-06-02 14:18:53,749] {manager.py:508} INFO - Created Permission View: can edit on DAG:example_subdag_operator
[2023-06-02 14:18:53,760] {logging_mixin.py:115} INFO - [2023-06-02 14:18:53,760] {manager.py:508} INFO - Created Permission View: can delete on DAG:example_subdag_operator
[2023-06-02 14:18:53,762] {logging_mixin.py:115} INFO - [2023-06-02 14:18:53,762] {dag.py:2420} INFO - Sync 3 DAGs
[2023-06-02 14:18:53,772] {logging_mixin.py:115} INFO - [2023-06-02 14:18:53,772] {dag.py:2439} INFO - Creating ORM DAG for example_subdag_operator
[2023-06-02 14:18:53,774] {logging_mixin.py:115} INFO - [2023-06-02 14:18:53,774] {dag.py:2439} INFO - Creating ORM DAG for example_subdag_operator.section-1
[2023-06-02 14:18:53,776] {logging_mixin.py:115} INFO - [2023-06-02 14:18:53,776] {dag.py:2439} INFO - Creating ORM DAG for example_subdag_operator.section-2
[2023-06-02 14:18:53,796] {logging_mixin.py:115} INFO - [2023-06-02 14:18:53,796] {dag.py:2972} INFO - Setting next_dagrun for example_subdag_operator to 2022-01-01T00:00:00+00:00, run_after=2022-01-01T00:00:00+00:00
[2023-06-02 14:18:53,800] {logging_mixin.py:115} INFO - [2023-06-02 14:18:53,800] {dag.py:2972} INFO - Setting next_dagrun for example_subdag_operator.section-1 to None, run_after=None
[2023-06-02 14:18:53,802] {logging_mixin.py:115} INFO - [2023-06-02 14:18:53,802] {dag.py:2972} INFO - Setting next_dagrun for example_subdag_operator.section-2 to None, run_after=None
[2023-06-02 14:18:53,814] {logging_mixin.py:115} INFO - [2023-06-02 14:18:53,814] {dag.py:2420} INFO - Sync 2 DAGs
[2023-06-02 14:18:53,821] {logging_mixin.py:115} INFO - [2023-06-02 14:18:53,821] {dag.py:2972} INFO - Setting next_dagrun for example_subdag_operator.section-1 to None, run_after=None
[2023-06-02 14:18:53,823] {logging_mixin.py:115} INFO - [2023-06-02 14:18:53,823] {dag.py:2972} INFO - Setting next_dagrun for example_subdag_operator.section-2 to None, run_after=None
[2023-06-02 14:18:53,834] {processor.py:161} INFO - Processing /home/airflow/.local/lib/python3.7/site-packages/airflow/example_dags/example_subdag_operator.py took 0.231 seconds
[2023-06-02 14:19:24,521] {processor.py:153} INFO - Started process (PID=102) to work on /home/airflow/.local/lib/python3.7/site-packages/airflow/example_dags/example_subdag_operator.py
[2023-06-02 14:19:24,522] {processor.py:641} INFO - Processing file /home/airflow/.local/lib/python3.7/site-packages/airflow/example_dags/example_subdag_operator.py for tasks to queue
[2023-06-02 14:19:24,523] {logging_mixin.py:115} INFO - [2023-06-02 14:19:24,523] {dagbag.py:508} INFO - Filling up the DagBag from /home/airflow/.local/lib/python3.7/site-packages/airflow/example_dags/example_subdag_operator.py
[2023-06-02 14:19:24,545] {processor.py:651} INFO - DAG(s) dict_keys(['example_subdag_operator.section-1', 'example_subdag_operator.section-2', 'example_subdag_operator']) retrieved from /home/airflow/.local/lib/python3.7/site-packages/airflow/example_dags/example_subdag_operator.py
[2023-06-02 14:19:24,565] {logging_mixin.py:115} INFO - [2023-06-02 14:19:24,565] {dag.py:2420} INFO - Sync 3 DAGs
[2023-06-02 14:19:24,579] {logging_mixin.py:115} INFO - [2023-06-02 14:19:24,579] {dag.py:2972} INFO - Setting next_dagrun for example_subdag_operator to 2022-01-01T00:00:00+00:00, run_after=2022-01-01T00:00:00+00:00
[2023-06-02 14:19:24,580] {logging_mixin.py:115} INFO - [2023-06-02 14:19:24,580] {dag.py:2972} INFO - Setting next_dagrun for example_subdag_operator.section-1 to None, run_after=None
[2023-06-02 14:19:24,581] {logging_mixin.py:115} INFO - [2023-06-02 14:19:24,581] {dag.py:2972} INFO - Setting next_dagrun for example_subdag_operator.section-2 to None, run_after=None
[2023-06-02 14:19:24,586] {logging_mixin.py:115} INFO - [2023-06-02 14:19:24,586] {dag.py:2420} INFO - Sync 2 DAGs
[2023-06-02 14:19:24,591] {logging_mixin.py:115} INFO - [2023-06-02 14:19:24,591] {dag.py:2972} INFO - Setting next_dagrun for example_subdag_operator.section-1 to None, run_after=None
[2023-06-02 14:19:24,592] {logging_mixin.py:115} INFO - [2023-06-02 14:19:24,592] {dag.py:2972} INFO - Setting next_dagrun for example_subdag_operator.section-2 to None, run_after=None
[2023-06-02 14:19:24,597] {processor.py:161} INFO - Processing /home/airflow/.local/lib/python3.7/site-packages/airflow/example_dags/example_subdag_operator.py took 0.078 seconds
[2023-06-02 14:19:55,179] {processor.py:153} INFO - Started process (PID=163) to work on /home/airflow/.local/lib/python3.7/site-packages/airflow/example_dags/example_subdag_operator.py
[2023-06-02 14:19:55,181] {processor.py:641} INFO - Processing file /home/airflow/.local/lib/python3.7/site-packages/airflow/example_dags/example_subdag_operator.py for tasks to queue
[2023-06-02 14:19:55,182] {logging_mixin.py:115} INFO - [2023-06-02 14:19:55,182] {dagbag.py:508} INFO - Filling up the DagBag from /home/airflow/.local/lib/python3.7/site-packages/airflow/example_dags/example_subdag_operator.py
[2023-06-02 14:19:55,201] {processor.py:651} INFO - DAG(s) dict_keys(['example_subdag_operator.section-1', 'example_subdag_operator.section-2', 'example_subdag_operator']) retrieved from /home/airflow/.local/lib/python3.7/site-packages/airflow/example_dags/example_subdag_operator.py
[2023-06-02 14:19:55,221] {logging_mixin.py:115} INFO - [2023-06-02 14:19:55,221] {dag.py:2420} INFO - Sync 3 DAGs
[2023-06-02 14:19:55,236] {logging_mixin.py:115} INFO - [2023-06-02 14:19:55,236] {dag.py:2972} INFO - Setting next_dagrun for example_subdag_operator to 2022-01-01T00:00:00+00:00, run_after=2022-01-01T00:00:00+00:00
[2023-06-02 14:19:55,237] {logging_mixin.py:115} INFO - [2023-06-02 14:19:55,237] {dag.py:2972} INFO - Setting next_dagrun for example_subdag_operator.section-1 to None, run_after=None
[2023-06-02 14:19:55,238] {logging_mixin.py:115} INFO - [2023-06-02 14:19:55,238] {dag.py:2972} INFO - Setting next_dagrun for example_subdag_operator.section-2 to None, run_after=None
[2023-06-02 14:19:55,244] {logging_mixin.py:115} INFO - [2023-06-02 14:19:55,243] {dag.py:2420} INFO - Sync 2 DAGs
[2023-06-02 14:19:55,249] {logging_mixin.py:115} INFO - [2023-06-02 14:19:55,249] {dag.py:2972} INFO - Setting next_dagrun for example_subdag_operator.section-1 to None, run_after=None
[2023-06-02 14:19:55,250] {logging_mixin.py:115} INFO - [2023-06-02 14:19:55,250] {dag.py:2972} INFO - Setting next_dagrun for example_subdag_operator.section-2 to None, run_after=None
[2023-06-02 14:19:55,255] {processor.py:161} INFO - Processing /home/airflow/.local/lib/python3.7/site-packages/airflow/example_dags/example_subdag_operator.py took 0.077 seconds
[2023-06-02 14:20:25,864] {processor.py:153} INFO - Started process (PID=224) to work on /home/airflow/.local/lib/python3.7/site-packages/airflow/example_dags/example_subdag_operator.py
[2023-06-02 14:20:25,868] {processor.py:641} INFO - Processing file /home/airflow/.local/lib/python3.7/site-packages/airflow/example_dags/example_subdag_operator.py for tasks to queue
[2023-06-02 14:20:25,869] {logging_mixin.py:115} INFO - [2023-06-02 14:20:25,869] {dagbag.py:508} INFO - Filling up the DagBag from /home/airflow/.local/lib/python3.7/site-packages/airflow/example_dags/example_subdag_operator.py
[2023-06-02 14:20:25,891] {processor.py:651} INFO - DAG(s) dict_keys(['example_subdag_operator.section-1', 'example_subdag_operator.section-2', 'example_subdag_operator']) retrieved from /home/airflow/.local/lib/python3.7/site-packages/airflow/example_dags/example_subdag_operator.py
[2023-06-02 14:20:25,911] {logging_mixin.py:115} INFO - [2023-06-02 14:20:25,911] {dag.py:2420} INFO - Sync 3 DAGs
[2023-06-02 14:20:25,928] {logging_mixin.py:115} INFO - [2023-06-02 14:20:25,928] {dag.py:2972} INFO - Setting next_dagrun for example_subdag_operator to 2022-01-01T00:00:00+00:00, run_after=2022-01-01T00:00:00+00:00
[2023-06-02 14:20:25,930] {logging_mixin.py:115} INFO - [2023-06-02 14:20:25,930] {dag.py:2972} INFO - Setting next_dagrun for example_subdag_operator.section-1 to None, run_after=None
[2023-06-02 14:20:25,932] {logging_mixin.py:115} INFO - [2023-06-02 14:20:25,932] {dag.py:2972} INFO - Setting next_dagrun for example_subdag_operator.section-2 to None, run_after=None
[2023-06-02 14:20:25,939] {logging_mixin.py:115} INFO - [2023-06-02 14:20:25,939] {dag.py:2420} INFO - Sync 2 DAGs
[2023-06-02 14:20:25,945] {logging_mixin.py:115} INFO - [2023-06-02 14:20:25,945] {dag.py:2972} INFO - Setting next_dagrun for example_subdag_operator.section-1 to None, run_after=None
[2023-06-02 14:20:25,946] {logging_mixin.py:115} INFO - [2023-06-02 14:20:25,946] {dag.py:2972} INFO - Setting next_dagrun for example_subdag_operator.section-2 to None, run_after=None
[2023-06-02 14:20:25,954] {processor.py:161} INFO - Processing /home/airflow/.local/lib/python3.7/site-packages/airflow/example_dags/example_subdag_operator.py took 0.092 seconds
[2023-06-02 14:20:56,508] {processor.py:153} INFO - Started process (PID=284) to work on /home/airflow/.local/lib/python3.7/site-packages/airflow/example_dags/example_subdag_operator.py
[2023-06-02 14:20:56,510] {processor.py:641} INFO - Processing file /home/airflow/.local/lib/python3.7/site-packages/airflow/example_dags/example_subdag_operator.py for tasks to queue
[2023-06-02 14:20:56,512] {logging_mixin.py:115} INFO - [2023-06-02 14:20:56,512] {dagbag.py:508} INFO - Filling up the DagBag from /home/airflow/.local/lib/python3.7/site-packages/airflow/example_dags/example_subdag_operator.py
[2023-06-02 14:20:56,530] {processor.py:651} INFO - DAG(s) dict_keys(['example_subdag_operator.section-1', 'example_subdag_operator.section-2', 'example_subdag_operator']) retrieved from /home/airflow/.local/lib/python3.7/site-packages/airflow/example_dags/example_subdag_operator.py
[2023-06-02 14:20:56,553] {logging_mixin.py:115} INFO - [2023-06-02 14:20:56,553] {dag.py:2420} INFO - Sync 3 DAGs
[2023-06-02 14:20:56,574] {logging_mixin.py:115} INFO - [2023-06-02 14:20:56,574] {dag.py:2972} INFO - Setting next_dagrun for example_subdag_operator to 2022-01-01T00:00:00+00:00, run_after=2022-01-01T00:00:00+00:00
[2023-06-02 14:20:56,576] {logging_mixin.py:115} INFO - [2023-06-02 14:20:56,576] {dag.py:2972} INFO - Setting next_dagrun for example_subdag_operator.section-1 to None, run_after=None
[2023-06-02 14:20:56,578] {logging_mixin.py:115} INFO - [2023-06-02 14:20:56,578] {dag.py:2972} INFO - Setting next_dagrun for example_subdag_operator.section-2 to None, run_after=None
[2023-06-02 14:20:56,586] {logging_mixin.py:115} INFO - [2023-06-02 14:20:56,586] {dag.py:2420} INFO - Sync 2 DAGs
[2023-06-02 14:20:56,593] {logging_mixin.py:115} INFO - [2023-06-02 14:20:56,593] {dag.py:2972} INFO - Setting next_dagrun for example_subdag_operator.section-1 to None, run_after=None
[2023-06-02 14:20:56,595] {logging_mixin.py:115} INFO - [2023-06-02 14:20:56,595] {dag.py:2972} INFO - Setting next_dagrun for example_subdag_operator.section-2 to None, run_after=None
[2023-06-02 14:20:56,602] {processor.py:161} INFO - Processing /home/airflow/.local/lib/python3.7/site-packages/airflow/example_dags/example_subdag_operator.py took 0.098 seconds
[2023-06-02 14:21:27,337] {processor.py:153} INFO - Started process (PID=337) to work on /home/airflow/.local/lib/python3.7/site-packages/airflow/example_dags/example_subdag_operator.py
[2023-06-02 14:21:27,339] {processor.py:641} INFO - Processing file /home/airflow/.local/lib/python3.7/site-packages/airflow/example_dags/example_subdag_operator.py for tasks to queue
[2023-06-02 14:21:27,340] {logging_mixin.py:115} INFO - [2023-06-02 14:21:27,340] {dagbag.py:508} INFO - Filling up the DagBag from /home/airflow/.local/lib/python3.7/site-packages/airflow/example_dags/example_subdag_operator.py
[2023-06-02 14:21:27,359] {processor.py:651} INFO - DAG(s) dict_keys(['example_subdag_operator.section-1', 'example_subdag_operator.section-2', 'example_subdag_operator']) retrieved from /home/airflow/.local/lib/python3.7/site-packages/airflow/example_dags/example_subdag_operator.py
[2023-06-02 14:21:27,378] {logging_mixin.py:115} INFO - [2023-06-02 14:21:27,378] {dag.py:2420} INFO - Sync 3 DAGs
[2023-06-02 14:21:27,391] {logging_mixin.py:115} INFO - [2023-06-02 14:21:27,391] {dag.py:2972} INFO - Setting next_dagrun for example_subdag_operator to 2022-01-01T00:00:00+00:00, run_after=2022-01-01T00:00:00+00:00
[2023-06-02 14:21:27,392] {logging_mixin.py:115} INFO - [2023-06-02 14:21:27,392] {dag.py:2972} INFO - Setting next_dagrun for example_subdag_operator.section-1 to None, run_after=None
[2023-06-02 14:21:27,394] {logging_mixin.py:115} INFO - [2023-06-02 14:21:27,394] {dag.py:2972} INFO - Setting next_dagrun for example_subdag_operator.section-2 to None, run_after=None
[2023-06-02 14:21:27,399] {logging_mixin.py:115} INFO - [2023-06-02 14:21:27,399] {dag.py:2420} INFO - Sync 2 DAGs
[2023-06-02 14:21:27,403] {logging_mixin.py:115} INFO - [2023-06-02 14:21:27,403] {dag.py:2972} INFO - Setting next_dagrun for example_subdag_operator.section-1 to None, run_after=None
[2023-06-02 14:21:27,404] {logging_mixin.py:115} INFO - [2023-06-02 14:21:27,404] {dag.py:2972} INFO - Setting next_dagrun for example_subdag_operator.section-2 to None, run_after=None
[2023-06-02 14:21:27,410] {processor.py:161} INFO - Processing /home/airflow/.local/lib/python3.7/site-packages/airflow/example_dags/example_subdag_operator.py took 0.076 seconds
[2023-06-02 14:21:57,994] {processor.py:153} INFO - Started process (PID=400) to work on /home/airflow/.local/lib/python3.7/site-packages/airflow/example_dags/example_subdag_operator.py
[2023-06-02 14:21:57,995] {processor.py:641} INFO - Processing file /home/airflow/.local/lib/python3.7/site-packages/airflow/example_dags/example_subdag_operator.py for tasks to queue
[2023-06-02 14:21:57,996] {logging_mixin.py:115} INFO - [2023-06-02 14:21:57,996] {dagbag.py:508} INFO - Filling up the DagBag from /home/airflow/.local/lib/python3.7/site-packages/airflow/example_dags/example_subdag_operator.py
[2023-06-02 14:21:58,014] {processor.py:651} INFO - DAG(s) dict_keys(['example_subdag_operator.section-1', 'example_subdag_operator.section-2', 'example_subdag_operator']) retrieved from /home/airflow/.local/lib/python3.7/site-packages/airflow/example_dags/example_subdag_operator.py
[2023-06-02 14:21:58,037] {logging_mixin.py:115} INFO - [2023-06-02 14:21:58,036] {dag.py:2420} INFO - Sync 3 DAGs
[2023-06-02 14:21:58,051] {logging_mixin.py:115} INFO - [2023-06-02 14:21:58,051] {dag.py:2972} INFO - Setting next_dagrun for example_subdag_operator to 2022-01-01T00:00:00+00:00, run_after=2022-01-01T00:00:00+00:00
[2023-06-02 14:21:58,052] {logging_mixin.py:115} INFO - [2023-06-02 14:21:58,052] {dag.py:2972} INFO - Setting next_dagrun for example_subdag_operator.section-1 to None, run_after=None
[2023-06-02 14:21:58,054] {logging_mixin.py:115} INFO - [2023-06-02 14:21:58,054] {dag.py:2972} INFO - Setting next_dagrun for example_subdag_operator.section-2 to None, run_after=None
[2023-06-02 14:21:58,059] {logging_mixin.py:115} INFO - [2023-06-02 14:21:58,059] {dag.py:2420} INFO - Sync 2 DAGs
[2023-06-02 14:21:58,064] {logging_mixin.py:115} INFO - [2023-06-02 14:21:58,064] {dag.py:2972} INFO - Setting next_dagrun for example_subdag_operator.section-1 to None, run_after=None
[2023-06-02 14:21:58,065] {logging_mixin.py:115} INFO - [2023-06-02 14:21:58,065] {dag.py:2972} INFO - Setting next_dagrun for example_subdag_operator.section-2 to None, run_after=None
[2023-06-02 14:21:58,071] {processor.py:161} INFO - Processing /home/airflow/.local/lib/python3.7/site-packages/airflow/example_dags/example_subdag_operator.py took 0.079 seconds
[2023-06-02 14:22:28,472] {processor.py:153} INFO - Started process (PID=460) to work on /home/airflow/.local/lib/python3.7/site-packages/airflow/example_dags/example_subdag_operator.py
[2023-06-02 14:22:28,477] {processor.py:641} INFO - Processing file /home/airflow/.local/lib/python3.7/site-packages/airflow/example_dags/example_subdag_operator.py for tasks to queue
[2023-06-02 14:22:28,478] {logging_mixin.py:115} INFO - [2023-06-02 14:22:28,478] {dagbag.py:508} INFO - Filling up the DagBag from /home/airflow/.local/lib/python3.7/site-packages/airflow/example_dags/example_subdag_operator.py
[2023-06-02 14:22:28,497] {processor.py:651} INFO - DAG(s) dict_keys(['example_subdag_operator.section-1', 'example_subdag_operator.section-2', 'example_subdag_operator']) retrieved from /home/airflow/.local/lib/python3.7/site-packages/airflow/example_dags/example_subdag_operator.py
[2023-06-02 14:22:28,518] {logging_mixin.py:115} INFO - [2023-06-02 14:22:28,518] {dag.py:2420} INFO - Sync 3 DAGs
[2023-06-02 14:22:28,533] {logging_mixin.py:115} INFO - [2023-06-02 14:22:28,533] {dag.py:2972} INFO - Setting next_dagrun for example_subdag_operator to 2022-01-01T00:00:00+00:00, run_after=2022-01-01T00:00:00+00:00
[2023-06-02 14:22:28,534] {logging_mixin.py:115} INFO - [2023-06-02 14:22:28,534] {dag.py:2972} INFO - Setting next_dagrun for example_subdag_operator.section-1 to None, run_after=None
[2023-06-02 14:22:28,536] {logging_mixin.py:115} INFO - [2023-06-02 14:22:28,536] {dag.py:2972} INFO - Setting next_dagrun for example_subdag_operator.section-2 to None, run_after=None
[2023-06-02 14:22:28,541] {logging_mixin.py:115} INFO - [2023-06-02 14:22:28,541] {dag.py:2420} INFO - Sync 2 DAGs
[2023-06-02 14:22:28,545] {logging_mixin.py:115} INFO - [2023-06-02 14:22:28,545] {dag.py:2972} INFO - Setting next_dagrun for example_subdag_operator.section-1 to None, run_after=None
[2023-06-02 14:22:28,546] {logging_mixin.py:115} INFO - [2023-06-02 14:22:28,546] {dag.py:2972} INFO - Setting next_dagrun for example_subdag_operator.section-2 to None, run_after=None
[2023-06-02 14:22:28,551] {processor.py:161} INFO - Processing /home/airflow/.local/lib/python3.7/site-packages/airflow/example_dags/example_subdag_operator.py took 0.082 seconds
