[2023-06-02 14:18:54,584] {processor.py:153} INFO - Started process (PID=49) to work on /home/airflow/.local/lib/python3.7/site-packages/airflow/example_dags/example_python_operator.py
[2023-06-02 14:18:54,587] {processor.py:641} INFO - Processing file /home/airflow/.local/lib/python3.7/site-packages/airflow/example_dags/example_python_operator.py for tasks to queue
[2023-06-02 14:18:54,589] {logging_mixin.py:115} INFO - [2023-06-02 14:18:54,589] {dagbag.py:508} INFO - Filling up the DagBag from /home/airflow/.local/lib/python3.7/site-packages/airflow/example_dags/example_python_operator.py
[2023-06-02 14:18:54,613] {processor.py:651} INFO - DAG(s) dict_keys(['example_python_operator']) retrieved from /home/airflow/.local/lib/python3.7/site-packages/airflow/example_dags/example_python_operator.py
[2023-06-02 14:18:54,704] {logging_mixin.py:115} INFO - [2023-06-02 14:18:54,704] {manager.py:508} INFO - Created Permission View: can read on DAG:example_python_operator
[2023-06-02 14:18:54,714] {logging_mixin.py:115} INFO - [2023-06-02 14:18:54,714] {manager.py:508} INFO - Created Permission View: can edit on DAG:example_python_operator
[2023-06-02 14:18:54,722] {logging_mixin.py:115} INFO - [2023-06-02 14:18:54,722] {manager.py:508} INFO - Created Permission View: can delete on DAG:example_python_operator
[2023-06-02 14:18:54,723] {logging_mixin.py:115} INFO - [2023-06-02 14:18:54,723] {dag.py:2420} INFO - Sync 1 DAGs
[2023-06-02 14:18:54,733] {logging_mixin.py:115} INFO - [2023-06-02 14:18:54,733] {dag.py:2439} INFO - Creating ORM DAG for example_python_operator
[2023-06-02 14:18:54,742] {logging_mixin.py:115} INFO - [2023-06-02 14:18:54,742] {dag.py:2972} INFO - Setting next_dagrun for example_python_operator to None, run_after=None
[2023-06-02 14:18:54,758] {processor.py:161} INFO - Processing /home/airflow/.local/lib/python3.7/site-packages/airflow/example_dags/example_python_operator.py took 0.177 seconds
[2023-06-02 14:19:24,861] {processor.py:153} INFO - Started process (PID=110) to work on /home/airflow/.local/lib/python3.7/site-packages/airflow/example_dags/example_python_operator.py
[2023-06-02 14:19:24,863] {processor.py:641} INFO - Processing file /home/airflow/.local/lib/python3.7/site-packages/airflow/example_dags/example_python_operator.py for tasks to queue
[2023-06-02 14:19:24,864] {logging_mixin.py:115} INFO - [2023-06-02 14:19:24,864] {dagbag.py:508} INFO - Filling up the DagBag from /home/airflow/.local/lib/python3.7/site-packages/airflow/example_dags/example_python_operator.py
[2023-06-02 14:19:24,874] {processor.py:651} INFO - DAG(s) dict_keys(['example_python_operator']) retrieved from /home/airflow/.local/lib/python3.7/site-packages/airflow/example_dags/example_python_operator.py
[2023-06-02 14:19:24,892] {logging_mixin.py:115} INFO - [2023-06-02 14:19:24,892] {dag.py:2420} INFO - Sync 1 DAGs
[2023-06-02 14:19:24,905] {logging_mixin.py:115} INFO - [2023-06-02 14:19:24,905] {dag.py:2972} INFO - Setting next_dagrun for example_python_operator to None, run_after=None
[2023-06-02 14:19:24,912] {processor.py:161} INFO - Processing /home/airflow/.local/lib/python3.7/site-packages/airflow/example_dags/example_python_operator.py took 0.053 seconds
[2023-06-02 14:19:55,519] {processor.py:153} INFO - Started process (PID=171) to work on /home/airflow/.local/lib/python3.7/site-packages/airflow/example_dags/example_python_operator.py
[2023-06-02 14:19:55,521] {processor.py:641} INFO - Processing file /home/airflow/.local/lib/python3.7/site-packages/airflow/example_dags/example_python_operator.py for tasks to queue
[2023-06-02 14:19:55,522] {logging_mixin.py:115} INFO - [2023-06-02 14:19:55,522] {dagbag.py:508} INFO - Filling up the DagBag from /home/airflow/.local/lib/python3.7/site-packages/airflow/example_dags/example_python_operator.py
[2023-06-02 14:19:55,533] {processor.py:651} INFO - DAG(s) dict_keys(['example_python_operator']) retrieved from /home/airflow/.local/lib/python3.7/site-packages/airflow/example_dags/example_python_operator.py
[2023-06-02 14:19:55,551] {logging_mixin.py:115} INFO - [2023-06-02 14:19:55,551] {dag.py:2420} INFO - Sync 1 DAGs
[2023-06-02 14:19:55,564] {logging_mixin.py:115} INFO - [2023-06-02 14:19:55,564] {dag.py:2972} INFO - Setting next_dagrun for example_python_operator to None, run_after=None
[2023-06-02 14:19:55,572] {processor.py:161} INFO - Processing /home/airflow/.local/lib/python3.7/site-packages/airflow/example_dags/example_python_operator.py took 0.055 seconds
[2023-06-02 14:20:26,251] {processor.py:153} INFO - Started process (PID=232) to work on /home/airflow/.local/lib/python3.7/site-packages/airflow/example_dags/example_python_operator.py
[2023-06-02 14:20:26,253] {processor.py:641} INFO - Processing file /home/airflow/.local/lib/python3.7/site-packages/airflow/example_dags/example_python_operator.py for tasks to queue
[2023-06-02 14:20:26,255] {logging_mixin.py:115} INFO - [2023-06-02 14:20:26,255] {dagbag.py:508} INFO - Filling up the DagBag from /home/airflow/.local/lib/python3.7/site-packages/airflow/example_dags/example_python_operator.py
[2023-06-02 14:20:26,265] {processor.py:651} INFO - DAG(s) dict_keys(['example_python_operator']) retrieved from /home/airflow/.local/lib/python3.7/site-packages/airflow/example_dags/example_python_operator.py
[2023-06-02 14:20:26,284] {logging_mixin.py:115} INFO - [2023-06-02 14:20:26,284] {dag.py:2420} INFO - Sync 1 DAGs
[2023-06-02 14:20:26,297] {logging_mixin.py:115} INFO - [2023-06-02 14:20:26,297] {dag.py:2972} INFO - Setting next_dagrun for example_python_operator to None, run_after=None
[2023-06-02 14:20:26,308] {processor.py:161} INFO - Processing /home/airflow/.local/lib/python3.7/site-packages/airflow/example_dags/example_python_operator.py took 0.059 seconds
[2023-06-02 14:20:57,042] {processor.py:153} INFO - Started process (PID=292) to work on /home/airflow/.local/lib/python3.7/site-packages/airflow/example_dags/example_python_operator.py
[2023-06-02 14:20:57,045] {processor.py:641} INFO - Processing file /home/airflow/.local/lib/python3.7/site-packages/airflow/example_dags/example_python_operator.py for tasks to queue
[2023-06-02 14:20:57,046] {logging_mixin.py:115} INFO - [2023-06-02 14:20:57,046] {dagbag.py:508} INFO - Filling up the DagBag from /home/airflow/.local/lib/python3.7/site-packages/airflow/example_dags/example_python_operator.py
[2023-06-02 14:20:57,056] {processor.py:651} INFO - DAG(s) dict_keys(['example_python_operator']) retrieved from /home/airflow/.local/lib/python3.7/site-packages/airflow/example_dags/example_python_operator.py
[2023-06-02 14:20:57,074] {logging_mixin.py:115} INFO - [2023-06-02 14:20:57,074] {dag.py:2420} INFO - Sync 1 DAGs
[2023-06-02 14:20:57,087] {logging_mixin.py:115} INFO - [2023-06-02 14:20:57,087] {dag.py:2972} INFO - Setting next_dagrun for example_python_operator to None, run_after=None
[2023-06-02 14:20:57,095] {processor.py:161} INFO - Processing /home/airflow/.local/lib/python3.7/site-packages/airflow/example_dags/example_python_operator.py took 0.055 seconds
[2023-06-02 14:21:27,667] {processor.py:153} INFO - Started process (PID=345) to work on /home/airflow/.local/lib/python3.7/site-packages/airflow/example_dags/example_python_operator.py
[2023-06-02 14:21:27,668] {processor.py:641} INFO - Processing file /home/airflow/.local/lib/python3.7/site-packages/airflow/example_dags/example_python_operator.py for tasks to queue
[2023-06-02 14:21:27,669] {logging_mixin.py:115} INFO - [2023-06-02 14:21:27,669] {dagbag.py:508} INFO - Filling up the DagBag from /home/airflow/.local/lib/python3.7/site-packages/airflow/example_dags/example_python_operator.py
[2023-06-02 14:21:27,680] {processor.py:651} INFO - DAG(s) dict_keys(['example_python_operator']) retrieved from /home/airflow/.local/lib/python3.7/site-packages/airflow/example_dags/example_python_operator.py
[2023-06-02 14:21:27,699] {logging_mixin.py:115} INFO - [2023-06-02 14:21:27,699] {dag.py:2420} INFO - Sync 1 DAGs
[2023-06-02 14:21:27,714] {logging_mixin.py:115} INFO - [2023-06-02 14:21:27,713] {dag.py:2972} INFO - Setting next_dagrun for example_python_operator to None, run_after=None
[2023-06-02 14:21:27,721] {processor.py:161} INFO - Processing /home/airflow/.local/lib/python3.7/site-packages/airflow/example_dags/example_python_operator.py took 0.057 seconds
[2023-06-02 14:21:58,338] {processor.py:153} INFO - Started process (PID=408) to work on /home/airflow/.local/lib/python3.7/site-packages/airflow/example_dags/example_python_operator.py
[2023-06-02 14:21:58,340] {processor.py:641} INFO - Processing file /home/airflow/.local/lib/python3.7/site-packages/airflow/example_dags/example_python_operator.py for tasks to queue
[2023-06-02 14:21:58,341] {logging_mixin.py:115} INFO - [2023-06-02 14:21:58,341] {dagbag.py:508} INFO - Filling up the DagBag from /home/airflow/.local/lib/python3.7/site-packages/airflow/example_dags/example_python_operator.py
[2023-06-02 14:21:58,352] {processor.py:651} INFO - DAG(s) dict_keys(['example_python_operator']) retrieved from /home/airflow/.local/lib/python3.7/site-packages/airflow/example_dags/example_python_operator.py
[2023-06-02 14:21:58,369] {logging_mixin.py:115} INFO - [2023-06-02 14:21:58,369] {dag.py:2420} INFO - Sync 1 DAGs
[2023-06-02 14:21:58,384] {logging_mixin.py:115} INFO - [2023-06-02 14:21:58,384] {dag.py:2972} INFO - Setting next_dagrun for example_python_operator to None, run_after=None
[2023-06-02 14:21:58,392] {processor.py:161} INFO - Processing /home/airflow/.local/lib/python3.7/site-packages/airflow/example_dags/example_python_operator.py took 0.057 seconds
[2023-06-02 14:22:28,800] {processor.py:153} INFO - Started process (PID=468) to work on /home/airflow/.local/lib/python3.7/site-packages/airflow/example_dags/example_python_operator.py
[2023-06-02 14:22:28,801] {processor.py:641} INFO - Processing file /home/airflow/.local/lib/python3.7/site-packages/airflow/example_dags/example_python_operator.py for tasks to queue
[2023-06-02 14:22:28,803] {logging_mixin.py:115} INFO - [2023-06-02 14:22:28,803] {dagbag.py:508} INFO - Filling up the DagBag from /home/airflow/.local/lib/python3.7/site-packages/airflow/example_dags/example_python_operator.py
[2023-06-02 14:22:28,813] {processor.py:651} INFO - DAG(s) dict_keys(['example_python_operator']) retrieved from /home/airflow/.local/lib/python3.7/site-packages/airflow/example_dags/example_python_operator.py
[2023-06-02 14:22:28,830] {logging_mixin.py:115} INFO - [2023-06-02 14:22:28,830] {dag.py:2420} INFO - Sync 1 DAGs
[2023-06-02 14:22:28,843] {logging_mixin.py:115} INFO - [2023-06-02 14:22:28,843] {dag.py:2972} INFO - Setting next_dagrun for example_python_operator to None, run_after=None
[2023-06-02 14:22:28,852] {processor.py:161} INFO - Processing /home/airflow/.local/lib/python3.7/site-packages/airflow/example_dags/example_python_operator.py took 0.054 seconds
