[2023-06-02 14:18:53,382] {processor.py:153} INFO - Started process (PID=39) to work on /home/airflow/.local/lib/python3.7/site-packages/airflow/example_dags/example_task_group.py
[2023-06-02 14:18:53,384] {processor.py:641} INFO - Processing file /home/airflow/.local/lib/python3.7/site-packages/airflow/example_dags/example_task_group.py for tasks to queue
[2023-06-02 14:18:53,387] {logging_mixin.py:115} INFO - [2023-06-02 14:18:53,387] {dagbag.py:508} INFO - Filling up the DagBag from /home/airflow/.local/lib/python3.7/site-packages/airflow/example_dags/example_task_group.py
[2023-06-02 14:18:53,396] {processor.py:651} INFO - DAG(s) dict_keys(['example_task_group']) retrieved from /home/airflow/.local/lib/python3.7/site-packages/airflow/example_dags/example_task_group.py
[2023-06-02 14:18:53,477] {logging_mixin.py:115} INFO - [2023-06-02 14:18:53,477] {manager.py:508} INFO - Created Permission View: can read on DAG:example_task_group
[2023-06-02 14:18:53,490] {logging_mixin.py:115} INFO - [2023-06-02 14:18:53,490] {manager.py:508} INFO - Created Permission View: can edit on DAG:example_task_group
[2023-06-02 14:18:53,498] {logging_mixin.py:115} INFO - [2023-06-02 14:18:53,498] {manager.py:508} INFO - Created Permission View: can delete on DAG:example_task_group
[2023-06-02 14:18:53,501] {logging_mixin.py:115} INFO - [2023-06-02 14:18:53,501] {dag.py:2420} INFO - Sync 1 DAGs
[2023-06-02 14:18:53,518] {logging_mixin.py:115} INFO - [2023-06-02 14:18:53,518] {dag.py:2439} INFO - Creating ORM DAG for example_task_group
[2023-06-02 14:18:53,533] {logging_mixin.py:115} INFO - [2023-06-02 14:18:53,533] {dag.py:2972} INFO - Setting next_dagrun for example_task_group to 2023-06-01T14:18:53.533292+00:00, run_after=2023-06-02T14:18:53.533292+00:00
[2023-06-02 14:18:53,553] {processor.py:161} INFO - Processing /home/airflow/.local/lib/python3.7/site-packages/airflow/example_dags/example_task_group.py took 0.176 seconds
[2023-06-02 14:19:24,443] {processor.py:153} INFO - Started process (PID=100) to work on /home/airflow/.local/lib/python3.7/site-packages/airflow/example_dags/example_task_group.py
[2023-06-02 14:19:24,447] {processor.py:641} INFO - Processing file /home/airflow/.local/lib/python3.7/site-packages/airflow/example_dags/example_task_group.py for tasks to queue
[2023-06-02 14:19:24,449] {logging_mixin.py:115} INFO - [2023-06-02 14:19:24,449] {dagbag.py:508} INFO - Filling up the DagBag from /home/airflow/.local/lib/python3.7/site-packages/airflow/example_dags/example_task_group.py
[2023-06-02 14:19:24,457] {processor.py:651} INFO - DAG(s) dict_keys(['example_task_group']) retrieved from /home/airflow/.local/lib/python3.7/site-packages/airflow/example_dags/example_task_group.py
[2023-06-02 14:19:24,482] {logging_mixin.py:115} INFO - [2023-06-02 14:19:24,482] {dag.py:2420} INFO - Sync 1 DAGs
[2023-06-02 14:19:24,496] {logging_mixin.py:115} INFO - [2023-06-02 14:19:24,496] {dag.py:2972} INFO - Setting next_dagrun for example_task_group to 2023-06-01T14:19:24.495884+00:00, run_after=2023-06-02T14:19:24.495884+00:00
[2023-06-02 14:19:24,502] {processor.py:161} INFO - Processing /home/airflow/.local/lib/python3.7/site-packages/airflow/example_dags/example_task_group.py took 0.063 seconds
[2023-06-02 14:19:55,097] {processor.py:153} INFO - Started process (PID=161) to work on /home/airflow/.local/lib/python3.7/site-packages/airflow/example_dags/example_task_group.py
[2023-06-02 14:19:55,100] {processor.py:641} INFO - Processing file /home/airflow/.local/lib/python3.7/site-packages/airflow/example_dags/example_task_group.py for tasks to queue
[2023-06-02 14:19:55,102] {logging_mixin.py:115} INFO - [2023-06-02 14:19:55,102] {dagbag.py:508} INFO - Filling up the DagBag from /home/airflow/.local/lib/python3.7/site-packages/airflow/example_dags/example_task_group.py
[2023-06-02 14:19:55,111] {processor.py:651} INFO - DAG(s) dict_keys(['example_task_group']) retrieved from /home/airflow/.local/lib/python3.7/site-packages/airflow/example_dags/example_task_group.py
[2023-06-02 14:19:55,134] {logging_mixin.py:115} INFO - [2023-06-02 14:19:55,134] {dag.py:2420} INFO - Sync 1 DAGs
[2023-06-02 14:19:55,150] {logging_mixin.py:115} INFO - [2023-06-02 14:19:55,150] {dag.py:2972} INFO - Setting next_dagrun for example_task_group to 2023-06-01T14:19:55.150642+00:00, run_after=2023-06-02T14:19:55.150642+00:00
[2023-06-02 14:19:55,158] {processor.py:161} INFO - Processing /home/airflow/.local/lib/python3.7/site-packages/airflow/example_dags/example_task_group.py took 0.066 seconds
[2023-06-02 14:20:25,792] {processor.py:153} INFO - Started process (PID=222) to work on /home/airflow/.local/lib/python3.7/site-packages/airflow/example_dags/example_task_group.py
[2023-06-02 14:20:25,794] {processor.py:641} INFO - Processing file /home/airflow/.local/lib/python3.7/site-packages/airflow/example_dags/example_task_group.py for tasks to queue
[2023-06-02 14:20:25,795] {logging_mixin.py:115} INFO - [2023-06-02 14:20:25,795] {dagbag.py:508} INFO - Filling up the DagBag from /home/airflow/.local/lib/python3.7/site-packages/airflow/example_dags/example_task_group.py
[2023-06-02 14:20:25,802] {processor.py:651} INFO - DAG(s) dict_keys(['example_task_group']) retrieved from /home/airflow/.local/lib/python3.7/site-packages/airflow/example_dags/example_task_group.py
[2023-06-02 14:20:25,823] {logging_mixin.py:115} INFO - [2023-06-02 14:20:25,823] {dag.py:2420} INFO - Sync 1 DAGs
[2023-06-02 14:20:25,835] {logging_mixin.py:115} INFO - [2023-06-02 14:20:25,835] {dag.py:2972} INFO - Setting next_dagrun for example_task_group to 2023-06-01T14:20:25.835412+00:00, run_after=2023-06-02T14:20:25.835412+00:00
[2023-06-02 14:20:25,843] {processor.py:161} INFO - Processing /home/airflow/.local/lib/python3.7/site-packages/airflow/example_dags/example_task_group.py took 0.054 seconds
[2023-06-02 14:20:56,408] {processor.py:153} INFO - Started process (PID=282) to work on /home/airflow/.local/lib/python3.7/site-packages/airflow/example_dags/example_task_group.py
[2023-06-02 14:20:56,412] {processor.py:641} INFO - Processing file /home/airflow/.local/lib/python3.7/site-packages/airflow/example_dags/example_task_group.py for tasks to queue
[2023-06-02 14:20:56,414] {logging_mixin.py:115} INFO - [2023-06-02 14:20:56,414] {dagbag.py:508} INFO - Filling up the DagBag from /home/airflow/.local/lib/python3.7/site-packages/airflow/example_dags/example_task_group.py
[2023-06-02 14:20:56,422] {processor.py:651} INFO - DAG(s) dict_keys(['example_task_group']) retrieved from /home/airflow/.local/lib/python3.7/site-packages/airflow/example_dags/example_task_group.py
[2023-06-02 14:20:56,447] {logging_mixin.py:115} INFO - [2023-06-02 14:20:56,447] {dag.py:2420} INFO - Sync 1 DAGs
[2023-06-02 14:20:56,465] {logging_mixin.py:115} INFO - [2023-06-02 14:20:56,465] {dag.py:2972} INFO - Setting next_dagrun for example_task_group to 2023-06-01T14:20:56.465413+00:00, run_after=2023-06-02T14:20:56.465413+00:00
[2023-06-02 14:20:56,480] {processor.py:161} INFO - Processing /home/airflow/.local/lib/python3.7/site-packages/airflow/example_dags/example_task_group.py took 0.074 seconds
[2023-06-02 14:21:27,204] {processor.py:153} INFO - Started process (PID=335) to work on /home/airflow/.local/lib/python3.7/site-packages/airflow/example_dags/example_task_group.py
[2023-06-02 14:21:27,207] {processor.py:641} INFO - Processing file /home/airflow/.local/lib/python3.7/site-packages/airflow/example_dags/example_task_group.py for tasks to queue
[2023-06-02 14:21:27,209] {logging_mixin.py:115} INFO - [2023-06-02 14:21:27,209] {dagbag.py:508} INFO - Filling up the DagBag from /home/airflow/.local/lib/python3.7/site-packages/airflow/example_dags/example_task_group.py
[2023-06-02 14:21:27,218] {processor.py:651} INFO - DAG(s) dict_keys(['example_task_group']) retrieved from /home/airflow/.local/lib/python3.7/site-packages/airflow/example_dags/example_task_group.py
[2023-06-02 14:21:27,239] {logging_mixin.py:115} INFO - [2023-06-02 14:21:27,239] {dag.py:2420} INFO - Sync 1 DAGs
[2023-06-02 14:21:27,252] {logging_mixin.py:115} INFO - [2023-06-02 14:21:27,252] {dag.py:2972} INFO - Setting next_dagrun for example_task_group to 2023-06-01T14:21:27.252334+00:00, run_after=2023-06-02T14:21:27.252334+00:00
[2023-06-02 14:21:27,262] {processor.py:161} INFO - Processing /home/airflow/.local/lib/python3.7/site-packages/airflow/example_dags/example_task_group.py took 0.061 seconds
[2023-06-02 14:21:57,915] {processor.py:153} INFO - Started process (PID=398) to work on /home/airflow/.local/lib/python3.7/site-packages/airflow/example_dags/example_task_group.py
[2023-06-02 14:21:57,918] {processor.py:641} INFO - Processing file /home/airflow/.local/lib/python3.7/site-packages/airflow/example_dags/example_task_group.py for tasks to queue
[2023-06-02 14:21:57,920] {logging_mixin.py:115} INFO - [2023-06-02 14:21:57,920] {dagbag.py:508} INFO - Filling up the DagBag from /home/airflow/.local/lib/python3.7/site-packages/airflow/example_dags/example_task_group.py
[2023-06-02 14:21:57,928] {processor.py:651} INFO - DAG(s) dict_keys(['example_task_group']) retrieved from /home/airflow/.local/lib/python3.7/site-packages/airflow/example_dags/example_task_group.py
[2023-06-02 14:21:57,951] {logging_mixin.py:115} INFO - [2023-06-02 14:21:57,951] {dag.py:2420} INFO - Sync 1 DAGs
[2023-06-02 14:21:57,964] {logging_mixin.py:115} INFO - [2023-06-02 14:21:57,964] {dag.py:2972} INFO - Setting next_dagrun for example_task_group to 2023-06-01T14:21:57.964754+00:00, run_after=2023-06-02T14:21:57.964754+00:00
[2023-06-02 14:21:57,972] {processor.py:161} INFO - Processing /home/airflow/.local/lib/python3.7/site-packages/airflow/example_dags/example_task_group.py took 0.062 seconds
[2023-06-02 14:22:28,395] {processor.py:153} INFO - Started process (PID=458) to work on /home/airflow/.local/lib/python3.7/site-packages/airflow/example_dags/example_task_group.py
[2023-06-02 14:22:28,397] {processor.py:641} INFO - Processing file /home/airflow/.local/lib/python3.7/site-packages/airflow/example_dags/example_task_group.py for tasks to queue
[2023-06-02 14:22:28,399] {logging_mixin.py:115} INFO - [2023-06-02 14:22:28,399] {dagbag.py:508} INFO - Filling up the DagBag from /home/airflow/.local/lib/python3.7/site-packages/airflow/example_dags/example_task_group.py
[2023-06-02 14:22:28,407] {processor.py:651} INFO - DAG(s) dict_keys(['example_task_group']) retrieved from /home/airflow/.local/lib/python3.7/site-packages/airflow/example_dags/example_task_group.py
[2023-06-02 14:22:28,430] {logging_mixin.py:115} INFO - [2023-06-02 14:22:28,430] {dag.py:2420} INFO - Sync 1 DAGs
[2023-06-02 14:22:28,444] {logging_mixin.py:115} INFO - [2023-06-02 14:22:28,444] {dag.py:2972} INFO - Setting next_dagrun for example_task_group to 2023-06-01T14:22:28.443972+00:00, run_after=2023-06-02T14:22:28.443972+00:00
[2023-06-02 14:22:28,452] {processor.py:161} INFO - Processing /home/airflow/.local/lib/python3.7/site-packages/airflow/example_dags/example_task_group.py took 0.062 seconds
