[2023-06-02 14:18:55,718] {processor.py:153} INFO - Started process (PID=58) to work on /home/airflow/.local/lib/python3.7/site-packages/airflow/example_dags/example_branch_datetime_operator.py
[2023-06-02 14:18:55,720] {processor.py:641} INFO - Processing file /home/airflow/.local/lib/python3.7/site-packages/airflow/example_dags/example_branch_datetime_operator.py for tasks to queue
[2023-06-02 14:18:55,722] {logging_mixin.py:115} INFO - [2023-06-02 14:18:55,722] {dagbag.py:508} INFO - Filling up the DagBag from /home/airflow/.local/lib/python3.7/site-packages/airflow/example_dags/example_branch_datetime_operator.py
[2023-06-02 14:18:55,735] {processor.py:651} INFO - DAG(s) dict_keys(['example_branch_datetime_operator', 'example_branch_datetime_operator_2']) retrieved from /home/airflow/.local/lib/python3.7/site-packages/airflow/example_dags/example_branch_datetime_operator.py
[2023-06-02 14:18:55,815] {logging_mixin.py:115} INFO - [2023-06-02 14:18:55,815] {manager.py:508} INFO - Created Permission View: can read on DAG:example_branch_datetime_operator
[2023-06-02 14:18:55,831] {logging_mixin.py:115} INFO - [2023-06-02 14:18:55,831] {manager.py:508} INFO - Created Permission View: can edit on DAG:example_branch_datetime_operator
[2023-06-02 14:18:55,841] {logging_mixin.py:115} INFO - [2023-06-02 14:18:55,841] {manager.py:508} INFO - Created Permission View: can delete on DAG:example_branch_datetime_operator
[2023-06-02 14:18:55,856] {logging_mixin.py:115} INFO - [2023-06-02 14:18:55,856] {manager.py:508} INFO - Created Permission View: can read on DAG:example_branch_datetime_operator_2
[2023-06-02 14:18:55,862] {logging_mixin.py:115} INFO - [2023-06-02 14:18:55,862] {manager.py:508} INFO - Created Permission View: can edit on DAG:example_branch_datetime_operator_2
[2023-06-02 14:18:55,870] {logging_mixin.py:115} INFO - [2023-06-02 14:18:55,870] {manager.py:508} INFO - Created Permission View: can delete on DAG:example_branch_datetime_operator_2
[2023-06-02 14:18:55,873] {logging_mixin.py:115} INFO - [2023-06-02 14:18:55,873] {dag.py:2420} INFO - Sync 2 DAGs
[2023-06-02 14:18:55,883] {logging_mixin.py:115} INFO - [2023-06-02 14:18:55,883] {dag.py:2439} INFO - Creating ORM DAG for example_branch_datetime_operator_2
[2023-06-02 14:18:55,885] {logging_mixin.py:115} INFO - [2023-06-02 14:18:55,885] {dag.py:2439} INFO - Creating ORM DAG for example_branch_datetime_operator
[2023-06-02 14:18:55,901] {logging_mixin.py:115} INFO - [2023-06-02 14:18:55,901] {dag.py:2972} INFO - Setting next_dagrun for example_branch_datetime_operator to 2023-06-01T00:00:00+00:00, run_after=2023-06-02T00:00:00+00:00
[2023-06-02 14:18:55,905] {logging_mixin.py:115} INFO - [2023-06-02 14:18:55,905] {dag.py:2972} INFO - Setting next_dagrun for example_branch_datetime_operator_2 to 2023-06-01T00:00:00+00:00, run_after=2023-06-02T00:00:00+00:00
[2023-06-02 14:18:55,928] {processor.py:161} INFO - Processing /home/airflow/.local/lib/python3.7/site-packages/airflow/example_dags/example_branch_datetime_operator.py took 0.212 seconds
[2023-06-02 14:19:26,265] {processor.py:153} INFO - Started process (PID=119) to work on /home/airflow/.local/lib/python3.7/site-packages/airflow/example_dags/example_branch_datetime_operator.py
[2023-06-02 14:19:26,268] {processor.py:641} INFO - Processing file /home/airflow/.local/lib/python3.7/site-packages/airflow/example_dags/example_branch_datetime_operator.py for tasks to queue
[2023-06-02 14:19:26,270] {logging_mixin.py:115} INFO - [2023-06-02 14:19:26,270] {dagbag.py:508} INFO - Filling up the DagBag from /home/airflow/.local/lib/python3.7/site-packages/airflow/example_dags/example_branch_datetime_operator.py
[2023-06-02 14:19:26,277] {processor.py:651} INFO - DAG(s) dict_keys(['example_branch_datetime_operator', 'example_branch_datetime_operator_2']) retrieved from /home/airflow/.local/lib/python3.7/site-packages/airflow/example_dags/example_branch_datetime_operator.py
[2023-06-02 14:19:26,298] {logging_mixin.py:115} INFO - [2023-06-02 14:19:26,298] {dag.py:2420} INFO - Sync 2 DAGs
[2023-06-02 14:19:26,313] {logging_mixin.py:115} INFO - [2023-06-02 14:19:26,313] {dag.py:2972} INFO - Setting next_dagrun for example_branch_datetime_operator to 2023-06-01T00:00:00+00:00, run_after=2023-06-02T00:00:00+00:00
[2023-06-02 14:19:26,316] {logging_mixin.py:115} INFO - [2023-06-02 14:19:26,316] {dag.py:2972} INFO - Setting next_dagrun for example_branch_datetime_operator_2 to 2023-06-01T00:00:00+00:00, run_after=2023-06-02T00:00:00+00:00
[2023-06-02 14:19:26,325] {processor.py:161} INFO - Processing /home/airflow/.local/lib/python3.7/site-packages/airflow/example_dags/example_branch_datetime_operator.py took 0.062 seconds
[2023-06-02 14:19:56,911] {processor.py:153} INFO - Started process (PID=180) to work on /home/airflow/.local/lib/python3.7/site-packages/airflow/example_dags/example_branch_datetime_operator.py
[2023-06-02 14:19:56,913] {processor.py:641} INFO - Processing file /home/airflow/.local/lib/python3.7/site-packages/airflow/example_dags/example_branch_datetime_operator.py for tasks to queue
[2023-06-02 14:19:56,914] {logging_mixin.py:115} INFO - [2023-06-02 14:19:56,914] {dagbag.py:508} INFO - Filling up the DagBag from /home/airflow/.local/lib/python3.7/site-packages/airflow/example_dags/example_branch_datetime_operator.py
[2023-06-02 14:19:56,920] {processor.py:651} INFO - DAG(s) dict_keys(['example_branch_datetime_operator', 'example_branch_datetime_operator_2']) retrieved from /home/airflow/.local/lib/python3.7/site-packages/airflow/example_dags/example_branch_datetime_operator.py
[2023-06-02 14:19:56,941] {logging_mixin.py:115} INFO - [2023-06-02 14:19:56,941] {dag.py:2420} INFO - Sync 2 DAGs
[2023-06-02 14:19:56,958] {logging_mixin.py:115} INFO - [2023-06-02 14:19:56,958] {dag.py:2972} INFO - Setting next_dagrun for example_branch_datetime_operator to 2023-06-01T00:00:00+00:00, run_after=2023-06-02T00:00:00+00:00
[2023-06-02 14:19:56,960] {logging_mixin.py:115} INFO - [2023-06-02 14:19:56,960] {dag.py:2972} INFO - Setting next_dagrun for example_branch_datetime_operator_2 to 2023-06-01T00:00:00+00:00, run_after=2023-06-02T00:00:00+00:00
[2023-06-02 14:19:56,968] {processor.py:161} INFO - Processing /home/airflow/.local/lib/python3.7/site-packages/airflow/example_dags/example_branch_datetime_operator.py took 0.059 seconds
[2023-06-02 14:20:27,656] {processor.py:153} INFO - Started process (PID=241) to work on /home/airflow/.local/lib/python3.7/site-packages/airflow/example_dags/example_branch_datetime_operator.py
[2023-06-02 14:20:27,658] {processor.py:641} INFO - Processing file /home/airflow/.local/lib/python3.7/site-packages/airflow/example_dags/example_branch_datetime_operator.py for tasks to queue
[2023-06-02 14:20:27,659] {logging_mixin.py:115} INFO - [2023-06-02 14:20:27,659] {dagbag.py:508} INFO - Filling up the DagBag from /home/airflow/.local/lib/python3.7/site-packages/airflow/example_dags/example_branch_datetime_operator.py
[2023-06-02 14:20:27,666] {processor.py:651} INFO - DAG(s) dict_keys(['example_branch_datetime_operator', 'example_branch_datetime_operator_2']) retrieved from /home/airflow/.local/lib/python3.7/site-packages/airflow/example_dags/example_branch_datetime_operator.py
[2023-06-02 14:20:27,691] {logging_mixin.py:115} INFO - [2023-06-02 14:20:27,691] {dag.py:2420} INFO - Sync 2 DAGs
[2023-06-02 14:20:27,707] {logging_mixin.py:115} INFO - [2023-06-02 14:20:27,707] {dag.py:2972} INFO - Setting next_dagrun for example_branch_datetime_operator to 2023-06-01T00:00:00+00:00, run_after=2023-06-02T00:00:00+00:00
[2023-06-02 14:20:27,709] {logging_mixin.py:115} INFO - [2023-06-02 14:20:27,709] {dag.py:2972} INFO - Setting next_dagrun for example_branch_datetime_operator_2 to 2023-06-01T00:00:00+00:00, run_after=2023-06-02T00:00:00+00:00
[2023-06-02 14:20:27,719] {processor.py:161} INFO - Processing /home/airflow/.local/lib/python3.7/site-packages/airflow/example_dags/example_branch_datetime_operator.py took 0.065 seconds
[2023-06-02 14:20:58,421] {processor.py:153} INFO - Started process (PID=301) to work on /home/airflow/.local/lib/python3.7/site-packages/airflow/example_dags/example_branch_datetime_operator.py
[2023-06-02 14:20:58,424] {processor.py:641} INFO - Processing file /home/airflow/.local/lib/python3.7/site-packages/airflow/example_dags/example_branch_datetime_operator.py for tasks to queue
[2023-06-02 14:20:58,425] {logging_mixin.py:115} INFO - [2023-06-02 14:20:58,425] {dagbag.py:508} INFO - Filling up the DagBag from /home/airflow/.local/lib/python3.7/site-packages/airflow/example_dags/example_branch_datetime_operator.py
[2023-06-02 14:20:58,431] {processor.py:651} INFO - DAG(s) dict_keys(['example_branch_datetime_operator', 'example_branch_datetime_operator_2']) retrieved from /home/airflow/.local/lib/python3.7/site-packages/airflow/example_dags/example_branch_datetime_operator.py
[2023-06-02 14:20:58,455] {logging_mixin.py:115} INFO - [2023-06-02 14:20:58,455] {dag.py:2420} INFO - Sync 2 DAGs
[2023-06-02 14:20:58,469] {logging_mixin.py:115} INFO - [2023-06-02 14:20:58,469] {dag.py:2972} INFO - Setting next_dagrun for example_branch_datetime_operator to 2023-06-01T00:00:00+00:00, run_after=2023-06-02T00:00:00+00:00
[2023-06-02 14:20:58,471] {logging_mixin.py:115} INFO - [2023-06-02 14:20:58,471] {dag.py:2972} INFO - Setting next_dagrun for example_branch_datetime_operator_2 to 2023-06-01T00:00:00+00:00, run_after=2023-06-02T00:00:00+00:00
[2023-06-02 14:20:58,480] {processor.py:161} INFO - Processing /home/airflow/.local/lib/python3.7/site-packages/airflow/example_dags/example_branch_datetime_operator.py took 0.060 seconds
[2023-06-02 14:21:29,145] {processor.py:153} INFO - Started process (PID=364) to work on /home/airflow/.local/lib/python3.7/site-packages/airflow/example_dags/example_branch_datetime_operator.py
[2023-06-02 14:21:29,147] {processor.py:641} INFO - Processing file /home/airflow/.local/lib/python3.7/site-packages/airflow/example_dags/example_branch_datetime_operator.py for tasks to queue
[2023-06-02 14:21:29,150] {logging_mixin.py:115} INFO - [2023-06-02 14:21:29,150] {dagbag.py:508} INFO - Filling up the DagBag from /home/airflow/.local/lib/python3.7/site-packages/airflow/example_dags/example_branch_datetime_operator.py
[2023-06-02 14:21:29,159] {processor.py:651} INFO - DAG(s) dict_keys(['example_branch_datetime_operator', 'example_branch_datetime_operator_2']) retrieved from /home/airflow/.local/lib/python3.7/site-packages/airflow/example_dags/example_branch_datetime_operator.py
[2023-06-02 14:21:29,191] {logging_mixin.py:115} INFO - [2023-06-02 14:21:29,191] {dag.py:2420} INFO - Sync 2 DAGs
[2023-06-02 14:21:29,212] {logging_mixin.py:115} INFO - [2023-06-02 14:21:29,211] {dag.py:2972} INFO - Setting next_dagrun for example_branch_datetime_operator to 2023-06-01T00:00:00+00:00, run_after=2023-06-02T00:00:00+00:00
[2023-06-02 14:21:29,214] {logging_mixin.py:115} INFO - [2023-06-02 14:21:29,214] {dag.py:2972} INFO - Setting next_dagrun for example_branch_datetime_operator_2 to 2023-06-01T00:00:00+00:00, run_after=2023-06-02T00:00:00+00:00
[2023-06-02 14:21:29,227] {processor.py:161} INFO - Processing /home/airflow/.local/lib/python3.7/site-packages/airflow/example_dags/example_branch_datetime_operator.py took 0.085 seconds
[2023-06-02 14:21:59,664] {processor.py:153} INFO - Started process (PID=417) to work on /home/airflow/.local/lib/python3.7/site-packages/airflow/example_dags/example_branch_datetime_operator.py
[2023-06-02 14:21:59,665] {processor.py:641} INFO - Processing file /home/airflow/.local/lib/python3.7/site-packages/airflow/example_dags/example_branch_datetime_operator.py for tasks to queue
[2023-06-02 14:21:59,666] {logging_mixin.py:115} INFO - [2023-06-02 14:21:59,666] {dagbag.py:508} INFO - Filling up the DagBag from /home/airflow/.local/lib/python3.7/site-packages/airflow/example_dags/example_branch_datetime_operator.py
[2023-06-02 14:21:59,672] {processor.py:651} INFO - DAG(s) dict_keys(['example_branch_datetime_operator', 'example_branch_datetime_operator_2']) retrieved from /home/airflow/.local/lib/python3.7/site-packages/airflow/example_dags/example_branch_datetime_operator.py
[2023-06-02 14:21:59,692] {logging_mixin.py:115} INFO - [2023-06-02 14:21:59,692] {dag.py:2420} INFO - Sync 2 DAGs
[2023-06-02 14:21:59,708] {logging_mixin.py:115} INFO - [2023-06-02 14:21:59,708] {dag.py:2972} INFO - Setting next_dagrun for example_branch_datetime_operator to 2023-06-01T00:00:00+00:00, run_after=2023-06-02T00:00:00+00:00
[2023-06-02 14:21:59,710] {logging_mixin.py:115} INFO - [2023-06-02 14:21:59,710] {dag.py:2972} INFO - Setting next_dagrun for example_branch_datetime_operator_2 to 2023-06-01T00:00:00+00:00, run_after=2023-06-02T00:00:00+00:00
[2023-06-02 14:21:59,718] {processor.py:161} INFO - Processing /home/airflow/.local/lib/python3.7/site-packages/airflow/example_dags/example_branch_datetime_operator.py took 0.057 seconds
[2023-06-02 14:22:30,203] {processor.py:153} INFO - Started process (PID=477) to work on /home/airflow/.local/lib/python3.7/site-packages/airflow/example_dags/example_branch_datetime_operator.py
[2023-06-02 14:22:30,205] {processor.py:641} INFO - Processing file /home/airflow/.local/lib/python3.7/site-packages/airflow/example_dags/example_branch_datetime_operator.py for tasks to queue
[2023-06-02 14:22:30,206] {logging_mixin.py:115} INFO - [2023-06-02 14:22:30,206] {dagbag.py:508} INFO - Filling up the DagBag from /home/airflow/.local/lib/python3.7/site-packages/airflow/example_dags/example_branch_datetime_operator.py
[2023-06-02 14:22:30,213] {processor.py:651} INFO - DAG(s) dict_keys(['example_branch_datetime_operator', 'example_branch_datetime_operator_2']) retrieved from /home/airflow/.local/lib/python3.7/site-packages/airflow/example_dags/example_branch_datetime_operator.py
[2023-06-02 14:22:30,235] {logging_mixin.py:115} INFO - [2023-06-02 14:22:30,235] {dag.py:2420} INFO - Sync 2 DAGs
[2023-06-02 14:22:30,250] {logging_mixin.py:115} INFO - [2023-06-02 14:22:30,250] {dag.py:2972} INFO - Setting next_dagrun for example_branch_datetime_operator to 2023-06-01T00:00:00+00:00, run_after=2023-06-02T00:00:00+00:00
[2023-06-02 14:22:30,252] {logging_mixin.py:115} INFO - [2023-06-02 14:22:30,252] {dag.py:2972} INFO - Setting next_dagrun for example_branch_datetime_operator_2 to 2023-06-01T00:00:00+00:00, run_after=2023-06-02T00:00:00+00:00
[2023-06-02 14:22:30,262] {processor.py:161} INFO - Processing /home/airflow/.local/lib/python3.7/site-packages/airflow/example_dags/example_branch_datetime_operator.py took 0.062 seconds
