[2023-06-02 14:18:56,079] {processor.py:153} INFO - Started process (PID=61) to work on /home/airflow/.local/lib/python3.7/site-packages/airflow/example_dags/example_branch_python_dop_operator_3.py
[2023-06-02 14:18:56,081] {processor.py:641} INFO - Processing file /home/airflow/.local/lib/python3.7/site-packages/airflow/example_dags/example_branch_python_dop_operator_3.py for tasks to queue
[2023-06-02 14:18:56,083] {logging_mixin.py:115} INFO - [2023-06-02 14:18:56,083] {dagbag.py:508} INFO - Filling up the DagBag from /home/airflow/.local/lib/python3.7/site-packages/airflow/example_dags/example_branch_python_dop_operator_3.py
[2023-06-02 14:18:56,100] {processor.py:651} INFO - DAG(s) dict_keys(['example_branch_dop_operator_v3']) retrieved from /home/airflow/.local/lib/python3.7/site-packages/airflow/example_dags/example_branch_python_dop_operator_3.py
[2023-06-02 14:18:56,186] {logging_mixin.py:115} INFO - [2023-06-02 14:18:56,186] {manager.py:508} INFO - Created Permission View: can read on DAG:example_branch_dop_operator_v3
[2023-06-02 14:18:56,220] {logging_mixin.py:115} INFO - [2023-06-02 14:18:56,220] {manager.py:508} INFO - Created Permission View: can edit on DAG:example_branch_dop_operator_v3
[2023-06-02 14:18:56,228] {logging_mixin.py:115} INFO - [2023-06-02 14:18:56,228] {manager.py:508} INFO - Created Permission View: can delete on DAG:example_branch_dop_operator_v3
[2023-06-02 14:18:56,230] {logging_mixin.py:115} INFO - [2023-06-02 14:18:56,230] {dag.py:2420} INFO - Sync 1 DAGs
[2023-06-02 14:18:56,240] {logging_mixin.py:115} INFO - [2023-06-02 14:18:56,240] {dag.py:2439} INFO - Creating ORM DAG for example_branch_dop_operator_v3
[2023-06-02 14:18:56,261] {logging_mixin.py:115} INFO - [2023-06-02 14:18:56,261] {dag.py:2972} INFO - Setting next_dagrun for example_branch_dop_operator_v3 to 2023-06-02T14:17:00+00:00, run_after=2023-06-02T14:18:00+00:00
[2023-06-02 14:18:56,283] {processor.py:161} INFO - Processing /home/airflow/.local/lib/python3.7/site-packages/airflow/example_dags/example_branch_python_dop_operator_3.py took 0.208 seconds
[2023-06-02 14:19:26,372] {processor.py:153} INFO - Started process (PID=122) to work on /home/airflow/.local/lib/python3.7/site-packages/airflow/example_dags/example_branch_python_dop_operator_3.py
[2023-06-02 14:19:26,374] {processor.py:641} INFO - Processing file /home/airflow/.local/lib/python3.7/site-packages/airflow/example_dags/example_branch_python_dop_operator_3.py for tasks to queue
[2023-06-02 14:19:26,375] {logging_mixin.py:115} INFO - [2023-06-02 14:19:26,375] {dagbag.py:508} INFO - Filling up the DagBag from /home/airflow/.local/lib/python3.7/site-packages/airflow/example_dags/example_branch_python_dop_operator_3.py
[2023-06-02 14:19:26,383] {processor.py:651} INFO - DAG(s) dict_keys(['example_branch_dop_operator_v3']) retrieved from /home/airflow/.local/lib/python3.7/site-packages/airflow/example_dags/example_branch_python_dop_operator_3.py
[2023-06-02 14:19:26,401] {logging_mixin.py:115} INFO - [2023-06-02 14:19:26,401] {dag.py:2420} INFO - Sync 1 DAGs
[2023-06-02 14:19:26,421] {logging_mixin.py:115} INFO - [2023-06-02 14:19:26,421] {dag.py:2972} INFO - Setting next_dagrun for example_branch_dop_operator_v3 to 2023-06-02T14:18:00+00:00, run_after=2023-06-02T14:19:00+00:00
[2023-06-02 14:19:26,428] {processor.py:161} INFO - Processing /home/airflow/.local/lib/python3.7/site-packages/airflow/example_dags/example_branch_python_dop_operator_3.py took 0.059 seconds
[2023-06-02 14:19:57,033] {processor.py:153} INFO - Started process (PID=183) to work on /home/airflow/.local/lib/python3.7/site-packages/airflow/example_dags/example_branch_python_dop_operator_3.py
[2023-06-02 14:19:57,035] {processor.py:641} INFO - Processing file /home/airflow/.local/lib/python3.7/site-packages/airflow/example_dags/example_branch_python_dop_operator_3.py for tasks to queue
[2023-06-02 14:19:57,037] {logging_mixin.py:115} INFO - [2023-06-02 14:19:57,037] {dagbag.py:508} INFO - Filling up the DagBag from /home/airflow/.local/lib/python3.7/site-packages/airflow/example_dags/example_branch_python_dop_operator_3.py
[2023-06-02 14:19:57,046] {processor.py:651} INFO - DAG(s) dict_keys(['example_branch_dop_operator_v3']) retrieved from /home/airflow/.local/lib/python3.7/site-packages/airflow/example_dags/example_branch_python_dop_operator_3.py
[2023-06-02 14:19:57,064] {logging_mixin.py:115} INFO - [2023-06-02 14:19:57,064] {dag.py:2420} INFO - Sync 1 DAGs
[2023-06-02 14:19:57,078] {logging_mixin.py:115} INFO - [2023-06-02 14:19:57,078] {dag.py:2972} INFO - Setting next_dagrun for example_branch_dop_operator_v3 to 2023-06-02T14:18:00+00:00, run_after=2023-06-02T14:19:00+00:00
[2023-06-02 14:19:57,085] {processor.py:161} INFO - Processing /home/airflow/.local/lib/python3.7/site-packages/airflow/example_dags/example_branch_python_dop_operator_3.py took 0.054 seconds
[2023-06-02 14:20:27,788] {processor.py:153} INFO - Started process (PID=244) to work on /home/airflow/.local/lib/python3.7/site-packages/airflow/example_dags/example_branch_python_dop_operator_3.py
[2023-06-02 14:20:27,790] {processor.py:641} INFO - Processing file /home/airflow/.local/lib/python3.7/site-packages/airflow/example_dags/example_branch_python_dop_operator_3.py for tasks to queue
[2023-06-02 14:20:27,791] {logging_mixin.py:115} INFO - [2023-06-02 14:20:27,791] {dagbag.py:508} INFO - Filling up the DagBag from /home/airflow/.local/lib/python3.7/site-packages/airflow/example_dags/example_branch_python_dop_operator_3.py
[2023-06-02 14:20:27,798] {processor.py:651} INFO - DAG(s) dict_keys(['example_branch_dop_operator_v3']) retrieved from /home/airflow/.local/lib/python3.7/site-packages/airflow/example_dags/example_branch_python_dop_operator_3.py
[2023-06-02 14:20:27,818] {logging_mixin.py:115} INFO - [2023-06-02 14:20:27,817] {dag.py:2420} INFO - Sync 1 DAGs
[2023-06-02 14:20:27,834] {logging_mixin.py:115} INFO - [2023-06-02 14:20:27,834] {dag.py:2972} INFO - Setting next_dagrun for example_branch_dop_operator_v3 to 2023-06-02T14:19:00+00:00, run_after=2023-06-02T14:20:00+00:00
[2023-06-02 14:20:27,841] {processor.py:161} INFO - Processing /home/airflow/.local/lib/python3.7/site-packages/airflow/example_dags/example_branch_python_dop_operator_3.py took 0.055 seconds
[2023-06-02 14:20:58,531] {processor.py:153} INFO - Started process (PID=304) to work on /home/airflow/.local/lib/python3.7/site-packages/airflow/example_dags/example_branch_python_dop_operator_3.py
[2023-06-02 14:20:58,532] {processor.py:641} INFO - Processing file /home/airflow/.local/lib/python3.7/site-packages/airflow/example_dags/example_branch_python_dop_operator_3.py for tasks to queue
[2023-06-02 14:20:58,534] {logging_mixin.py:115} INFO - [2023-06-02 14:20:58,534] {dagbag.py:508} INFO - Filling up the DagBag from /home/airflow/.local/lib/python3.7/site-packages/airflow/example_dags/example_branch_python_dop_operator_3.py
[2023-06-02 14:20:58,541] {processor.py:651} INFO - DAG(s) dict_keys(['example_branch_dop_operator_v3']) retrieved from /home/airflow/.local/lib/python3.7/site-packages/airflow/example_dags/example_branch_python_dop_operator_3.py
[2023-06-02 14:20:58,559] {logging_mixin.py:115} INFO - [2023-06-02 14:20:58,559] {dag.py:2420} INFO - Sync 1 DAGs
[2023-06-02 14:20:58,575] {logging_mixin.py:115} INFO - [2023-06-02 14:20:58,575] {dag.py:2972} INFO - Setting next_dagrun for example_branch_dop_operator_v3 to 2023-06-02T14:19:00+00:00, run_after=2023-06-02T14:20:00+00:00
[2023-06-02 14:20:58,582] {processor.py:161} INFO - Processing /home/airflow/.local/lib/python3.7/site-packages/airflow/example_dags/example_branch_python_dop_operator_3.py took 0.054 seconds
[2023-06-02 14:21:29,280] {processor.py:153} INFO - Started process (PID=367) to work on /home/airflow/.local/lib/python3.7/site-packages/airflow/example_dags/example_branch_python_dop_operator_3.py
[2023-06-02 14:21:29,282] {processor.py:641} INFO - Processing file /home/airflow/.local/lib/python3.7/site-packages/airflow/example_dags/example_branch_python_dop_operator_3.py for tasks to queue
[2023-06-02 14:21:29,285] {logging_mixin.py:115} INFO - [2023-06-02 14:21:29,285] {dagbag.py:508} INFO - Filling up the DagBag from /home/airflow/.local/lib/python3.7/site-packages/airflow/example_dags/example_branch_python_dop_operator_3.py
[2023-06-02 14:21:29,297] {processor.py:651} INFO - DAG(s) dict_keys(['example_branch_dop_operator_v3']) retrieved from /home/airflow/.local/lib/python3.7/site-packages/airflow/example_dags/example_branch_python_dop_operator_3.py
[2023-06-02 14:21:29,327] {logging_mixin.py:115} INFO - [2023-06-02 14:21:29,327] {dag.py:2420} INFO - Sync 1 DAGs
[2023-06-02 14:21:29,355] {logging_mixin.py:115} INFO - [2023-06-02 14:21:29,355] {dag.py:2972} INFO - Setting next_dagrun for example_branch_dop_operator_v3 to 2023-06-02T14:20:00+00:00, run_after=2023-06-02T14:21:00+00:00
[2023-06-02 14:21:29,379] {processor.py:161} INFO - Processing /home/airflow/.local/lib/python3.7/site-packages/airflow/example_dags/example_branch_python_dop_operator_3.py took 0.105 seconds
[2023-06-02 14:21:59,784] {processor.py:153} INFO - Started process (PID=420) to work on /home/airflow/.local/lib/python3.7/site-packages/airflow/example_dags/example_branch_python_dop_operator_3.py
[2023-06-02 14:21:59,786] {processor.py:641} INFO - Processing file /home/airflow/.local/lib/python3.7/site-packages/airflow/example_dags/example_branch_python_dop_operator_3.py for tasks to queue
[2023-06-02 14:21:59,788] {logging_mixin.py:115} INFO - [2023-06-02 14:21:59,788] {dagbag.py:508} INFO - Filling up the DagBag from /home/airflow/.local/lib/python3.7/site-packages/airflow/example_dags/example_branch_python_dop_operator_3.py
[2023-06-02 14:21:59,795] {processor.py:651} INFO - DAG(s) dict_keys(['example_branch_dop_operator_v3']) retrieved from /home/airflow/.local/lib/python3.7/site-packages/airflow/example_dags/example_branch_python_dop_operator_3.py
[2023-06-02 14:21:59,812] {logging_mixin.py:115} INFO - [2023-06-02 14:21:59,812] {dag.py:2420} INFO - Sync 1 DAGs
[2023-06-02 14:21:59,827] {logging_mixin.py:115} INFO - [2023-06-02 14:21:59,827] {dag.py:2972} INFO - Setting next_dagrun for example_branch_dop_operator_v3 to 2023-06-02T14:20:00+00:00, run_after=2023-06-02T14:21:00+00:00
[2023-06-02 14:21:59,834] {processor.py:161} INFO - Processing /home/airflow/.local/lib/python3.7/site-packages/airflow/example_dags/example_branch_python_dop_operator_3.py took 0.053 seconds
[2023-06-02 14:22:30,336] {processor.py:153} INFO - Started process (PID=480) to work on /home/airflow/.local/lib/python3.7/site-packages/airflow/example_dags/example_branch_python_dop_operator_3.py
[2023-06-02 14:22:30,337] {processor.py:641} INFO - Processing file /home/airflow/.local/lib/python3.7/site-packages/airflow/example_dags/example_branch_python_dop_operator_3.py for tasks to queue
[2023-06-02 14:22:30,339] {logging_mixin.py:115} INFO - [2023-06-02 14:22:30,339] {dagbag.py:508} INFO - Filling up the DagBag from /home/airflow/.local/lib/python3.7/site-packages/airflow/example_dags/example_branch_python_dop_operator_3.py
[2023-06-02 14:22:30,348] {processor.py:651} INFO - DAG(s) dict_keys(['example_branch_dop_operator_v3']) retrieved from /home/airflow/.local/lib/python3.7/site-packages/airflow/example_dags/example_branch_python_dop_operator_3.py
[2023-06-02 14:22:30,365] {logging_mixin.py:115} INFO - [2023-06-02 14:22:30,365] {dag.py:2420} INFO - Sync 1 DAGs
[2023-06-02 14:22:30,380] {logging_mixin.py:115} INFO - [2023-06-02 14:22:30,380] {dag.py:2972} INFO - Setting next_dagrun for example_branch_dop_operator_v3 to 2023-06-02T14:21:00+00:00, run_after=2023-06-02T14:22:00+00:00
[2023-06-02 14:22:30,386] {processor.py:161} INFO - Processing /home/airflow/.local/lib/python3.7/site-packages/airflow/example_dags/example_branch_python_dop_operator_3.py took 0.053 seconds
