[2023-06-02 14:18:53,361] {processor.py:153} INFO - Started process (PID=38) to work on /home/airflow/.local/lib/python3.7/site-packages/airflow/example_dags/tutorial_etl_dag.py
[2023-06-02 14:18:53,364] {processor.py:641} INFO - Processing file /home/airflow/.local/lib/python3.7/site-packages/airflow/example_dags/tutorial_etl_dag.py for tasks to queue
[2023-06-02 14:18:53,366] {logging_mixin.py:115} INFO - [2023-06-02 14:18:53,366] {dagbag.py:508} INFO - Filling up the DagBag from /home/airflow/.local/lib/python3.7/site-packages/airflow/example_dags/tutorial_etl_dag.py
[2023-06-02 14:18:53,375] {processor.py:651} INFO - DAG(s) dict_keys(['tutorial_etl_dag']) retrieved from /home/airflow/.local/lib/python3.7/site-packages/airflow/example_dags/tutorial_etl_dag.py
[2023-06-02 14:18:53,460] {logging_mixin.py:115} INFO - [2023-06-02 14:18:53,460] {manager.py:508} INFO - Created Permission View: can read on DAG:tutorial_etl_dag
[2023-06-02 14:18:53,472] {logging_mixin.py:115} INFO - [2023-06-02 14:18:53,472] {manager.py:508} INFO - Created Permission View: can edit on DAG:tutorial_etl_dag
[2023-06-02 14:18:53,483] {logging_mixin.py:115} INFO - [2023-06-02 14:18:53,482] {manager.py:508} INFO - Created Permission View: can delete on DAG:tutorial_etl_dag
[2023-06-02 14:18:53,485] {logging_mixin.py:115} INFO - [2023-06-02 14:18:53,485] {dag.py:2420} INFO - Sync 1 DAGs
[2023-06-02 14:18:53,498] {logging_mixin.py:115} INFO - [2023-06-02 14:18:53,498] {dag.py:2439} INFO - Creating ORM DAG for tutorial_etl_dag
[2023-06-02 14:18:53,514] {logging_mixin.py:115} INFO - [2023-06-02 14:18:53,514] {dag.py:2972} INFO - Setting next_dagrun for tutorial_etl_dag to None, run_after=None
[2023-06-02 14:18:53,541] {processor.py:161} INFO - Processing /home/airflow/.local/lib/python3.7/site-packages/airflow/example_dags/tutorial_etl_dag.py took 0.182 seconds
[2023-06-02 14:19:24,438] {processor.py:153} INFO - Started process (PID=99) to work on /home/airflow/.local/lib/python3.7/site-packages/airflow/example_dags/tutorial_etl_dag.py
[2023-06-02 14:19:24,441] {processor.py:641} INFO - Processing file /home/airflow/.local/lib/python3.7/site-packages/airflow/example_dags/tutorial_etl_dag.py for tasks to queue
[2023-06-02 14:19:24,444] {logging_mixin.py:115} INFO - [2023-06-02 14:19:24,444] {dagbag.py:508} INFO - Filling up the DagBag from /home/airflow/.local/lib/python3.7/site-packages/airflow/example_dags/tutorial_etl_dag.py
[2023-06-02 14:19:24,455] {processor.py:651} INFO - DAG(s) dict_keys(['tutorial_etl_dag']) retrieved from /home/airflow/.local/lib/python3.7/site-packages/airflow/example_dags/tutorial_etl_dag.py
[2023-06-02 14:19:24,480] {logging_mixin.py:115} INFO - [2023-06-02 14:19:24,479] {dag.py:2420} INFO - Sync 1 DAGs
[2023-06-02 14:19:24,494] {logging_mixin.py:115} INFO - [2023-06-02 14:19:24,494] {dag.py:2972} INFO - Setting next_dagrun for tutorial_etl_dag to None, run_after=None
[2023-06-02 14:19:24,502] {processor.py:161} INFO - Processing /home/airflow/.local/lib/python3.7/site-packages/airflow/example_dags/tutorial_etl_dag.py took 0.070 seconds
[2023-06-02 14:19:55,093] {processor.py:153} INFO - Started process (PID=160) to work on /home/airflow/.local/lib/python3.7/site-packages/airflow/example_dags/tutorial_etl_dag.py
[2023-06-02 14:19:55,097] {processor.py:641} INFO - Processing file /home/airflow/.local/lib/python3.7/site-packages/airflow/example_dags/tutorial_etl_dag.py for tasks to queue
[2023-06-02 14:19:55,100] {logging_mixin.py:115} INFO - [2023-06-02 14:19:55,100] {dagbag.py:508} INFO - Filling up the DagBag from /home/airflow/.local/lib/python3.7/site-packages/airflow/example_dags/tutorial_etl_dag.py
[2023-06-02 14:19:55,109] {processor.py:651} INFO - DAG(s) dict_keys(['tutorial_etl_dag']) retrieved from /home/airflow/.local/lib/python3.7/site-packages/airflow/example_dags/tutorial_etl_dag.py
[2023-06-02 14:19:55,133] {logging_mixin.py:115} INFO - [2023-06-02 14:19:55,133] {dag.py:2420} INFO - Sync 1 DAGs
[2023-06-02 14:19:55,149] {logging_mixin.py:115} INFO - [2023-06-02 14:19:55,149] {dag.py:2972} INFO - Setting next_dagrun for tutorial_etl_dag to None, run_after=None
[2023-06-02 14:19:55,158] {processor.py:161} INFO - Processing /home/airflow/.local/lib/python3.7/site-packages/airflow/example_dags/tutorial_etl_dag.py took 0.073 seconds
[2023-06-02 14:20:25,787] {processor.py:153} INFO - Started process (PID=221) to work on /home/airflow/.local/lib/python3.7/site-packages/airflow/example_dags/tutorial_etl_dag.py
[2023-06-02 14:20:25,790] {processor.py:641} INFO - Processing file /home/airflow/.local/lib/python3.7/site-packages/airflow/example_dags/tutorial_etl_dag.py for tasks to queue
[2023-06-02 14:20:25,791] {logging_mixin.py:115} INFO - [2023-06-02 14:20:25,791] {dagbag.py:508} INFO - Filling up the DagBag from /home/airflow/.local/lib/python3.7/site-packages/airflow/example_dags/tutorial_etl_dag.py
[2023-06-02 14:20:25,798] {processor.py:651} INFO - DAG(s) dict_keys(['tutorial_etl_dag']) retrieved from /home/airflow/.local/lib/python3.7/site-packages/airflow/example_dags/tutorial_etl_dag.py
[2023-06-02 14:20:25,820] {logging_mixin.py:115} INFO - [2023-06-02 14:20:25,820] {dag.py:2420} INFO - Sync 1 DAGs
[2023-06-02 14:20:25,834] {logging_mixin.py:115} INFO - [2023-06-02 14:20:25,834] {dag.py:2972} INFO - Setting next_dagrun for tutorial_etl_dag to None, run_after=None
[2023-06-02 14:20:25,841] {processor.py:161} INFO - Processing /home/airflow/.local/lib/python3.7/site-packages/airflow/example_dags/tutorial_etl_dag.py took 0.057 seconds
[2023-06-02 14:20:56,400] {processor.py:153} INFO - Started process (PID=281) to work on /home/airflow/.local/lib/python3.7/site-packages/airflow/example_dags/tutorial_etl_dag.py
[2023-06-02 14:20:56,402] {processor.py:641} INFO - Processing file /home/airflow/.local/lib/python3.7/site-packages/airflow/example_dags/tutorial_etl_dag.py for tasks to queue
[2023-06-02 14:20:56,404] {logging_mixin.py:115} INFO - [2023-06-02 14:20:56,404] {dagbag.py:508} INFO - Filling up the DagBag from /home/airflow/.local/lib/python3.7/site-packages/airflow/example_dags/tutorial_etl_dag.py
[2023-06-02 14:20:56,410] {processor.py:651} INFO - DAG(s) dict_keys(['tutorial_etl_dag']) retrieved from /home/airflow/.local/lib/python3.7/site-packages/airflow/example_dags/tutorial_etl_dag.py
[2023-06-02 14:20:56,432] {logging_mixin.py:115} INFO - [2023-06-02 14:20:56,432] {dag.py:2420} INFO - Sync 1 DAGs
[2023-06-02 14:20:56,454] {logging_mixin.py:115} INFO - [2023-06-02 14:20:56,454] {dag.py:2972} INFO - Setting next_dagrun for tutorial_etl_dag to None, run_after=None
[2023-06-02 14:20:56,467] {processor.py:161} INFO - Processing /home/airflow/.local/lib/python3.7/site-packages/airflow/example_dags/tutorial_etl_dag.py took 0.069 seconds
[2023-06-02 14:21:27,204] {processor.py:153} INFO - Started process (PID=334) to work on /home/airflow/.local/lib/python3.7/site-packages/airflow/example_dags/tutorial_etl_dag.py
[2023-06-02 14:21:27,207] {processor.py:641} INFO - Processing file /home/airflow/.local/lib/python3.7/site-packages/airflow/example_dags/tutorial_etl_dag.py for tasks to queue
[2023-06-02 14:21:27,208] {logging_mixin.py:115} INFO - [2023-06-02 14:21:27,208] {dagbag.py:508} INFO - Filling up the DagBag from /home/airflow/.local/lib/python3.7/site-packages/airflow/example_dags/tutorial_etl_dag.py
[2023-06-02 14:21:27,216] {processor.py:651} INFO - DAG(s) dict_keys(['tutorial_etl_dag']) retrieved from /home/airflow/.local/lib/python3.7/site-packages/airflow/example_dags/tutorial_etl_dag.py
[2023-06-02 14:21:27,238] {logging_mixin.py:115} INFO - [2023-06-02 14:21:27,238] {dag.py:2420} INFO - Sync 1 DAGs
[2023-06-02 14:21:27,252] {logging_mixin.py:115} INFO - [2023-06-02 14:21:27,251] {dag.py:2972} INFO - Setting next_dagrun for tutorial_etl_dag to None, run_after=None
[2023-06-02 14:21:27,259] {processor.py:161} INFO - Processing /home/airflow/.local/lib/python3.7/site-packages/airflow/example_dags/tutorial_etl_dag.py took 0.060 seconds
[2023-06-02 14:21:57,912] {processor.py:153} INFO - Started process (PID=397) to work on /home/airflow/.local/lib/python3.7/site-packages/airflow/example_dags/tutorial_etl_dag.py
[2023-06-02 14:21:57,915] {processor.py:641} INFO - Processing file /home/airflow/.local/lib/python3.7/site-packages/airflow/example_dags/tutorial_etl_dag.py for tasks to queue
[2023-06-02 14:21:57,920] {logging_mixin.py:115} INFO - [2023-06-02 14:21:57,920] {dagbag.py:508} INFO - Filling up the DagBag from /home/airflow/.local/lib/python3.7/site-packages/airflow/example_dags/tutorial_etl_dag.py
[2023-06-02 14:21:57,928] {processor.py:651} INFO - DAG(s) dict_keys(['tutorial_etl_dag']) retrieved from /home/airflow/.local/lib/python3.7/site-packages/airflow/example_dags/tutorial_etl_dag.py
[2023-06-02 14:21:57,950] {logging_mixin.py:115} INFO - [2023-06-02 14:21:57,950] {dag.py:2420} INFO - Sync 1 DAGs
[2023-06-02 14:21:57,964] {logging_mixin.py:115} INFO - [2023-06-02 14:21:57,964] {dag.py:2972} INFO - Setting next_dagrun for tutorial_etl_dag to None, run_after=None
[2023-06-02 14:21:57,972] {processor.py:161} INFO - Processing /home/airflow/.local/lib/python3.7/site-packages/airflow/example_dags/tutorial_etl_dag.py took 0.068 seconds
[2023-06-02 14:22:28,383] {processor.py:153} INFO - Started process (PID=457) to work on /home/airflow/.local/lib/python3.7/site-packages/airflow/example_dags/tutorial_etl_dag.py
[2023-06-02 14:22:28,387] {processor.py:641} INFO - Processing file /home/airflow/.local/lib/python3.7/site-packages/airflow/example_dags/tutorial_etl_dag.py for tasks to queue
[2023-06-02 14:22:28,389] {logging_mixin.py:115} INFO - [2023-06-02 14:22:28,389] {dagbag.py:508} INFO - Filling up the DagBag from /home/airflow/.local/lib/python3.7/site-packages/airflow/example_dags/tutorial_etl_dag.py
[2023-06-02 14:22:28,398] {processor.py:651} INFO - DAG(s) dict_keys(['tutorial_etl_dag']) retrieved from /home/airflow/.local/lib/python3.7/site-packages/airflow/example_dags/tutorial_etl_dag.py
[2023-06-02 14:22:28,423] {logging_mixin.py:115} INFO - [2023-06-02 14:22:28,423] {dag.py:2420} INFO - Sync 1 DAGs
[2023-06-02 14:22:28,438] {logging_mixin.py:115} INFO - [2023-06-02 14:22:28,438] {dag.py:2972} INFO - Setting next_dagrun for tutorial_etl_dag to None, run_after=None
[2023-06-02 14:22:28,446] {processor.py:161} INFO - Processing /home/airflow/.local/lib/python3.7/site-packages/airflow/example_dags/tutorial_etl_dag.py took 0.067 seconds
[2023-06-02 14:26:22,554] {processor.py:153} INFO - Started process (PID=39) to work on /home/airflow/.local/lib/python3.7/site-packages/airflow/example_dags/tutorial_etl_dag.py
[2023-06-02 14:26:22,556] {processor.py:641} INFO - Processing file /home/airflow/.local/lib/python3.7/site-packages/airflow/example_dags/tutorial_etl_dag.py for tasks to queue
[2023-06-02 14:26:22,558] {logging_mixin.py:115} INFO - [2023-06-02 14:26:22,558] {dagbag.py:508} INFO - Filling up the DagBag from /home/airflow/.local/lib/python3.7/site-packages/airflow/example_dags/tutorial_etl_dag.py
[2023-06-02 14:26:22,565] {processor.py:651} INFO - DAG(s) dict_keys(['tutorial_etl_dag']) retrieved from /home/airflow/.local/lib/python3.7/site-packages/airflow/example_dags/tutorial_etl_dag.py
[2023-06-02 14:26:22,593] {logging_mixin.py:115} INFO - [2023-06-02 14:26:22,593] {dag.py:2420} INFO - Sync 1 DAGs
[2023-06-02 14:26:22,609] {logging_mixin.py:115} INFO - [2023-06-02 14:26:22,609] {dag.py:2972} INFO - Setting next_dagrun for tutorial_etl_dag to None, run_after=None
[2023-06-02 14:26:22,620] {processor.py:161} INFO - Processing /home/airflow/.local/lib/python3.7/site-packages/airflow/example_dags/tutorial_etl_dag.py took 0.069 seconds
[2023-06-02 14:26:52,723] {processor.py:153} INFO - Started process (PID=100) to work on /home/airflow/.local/lib/python3.7/site-packages/airflow/example_dags/tutorial_etl_dag.py
[2023-06-02 14:26:52,724] {processor.py:641} INFO - Processing file /home/airflow/.local/lib/python3.7/site-packages/airflow/example_dags/tutorial_etl_dag.py for tasks to queue
[2023-06-02 14:26:52,725] {logging_mixin.py:115} INFO - [2023-06-02 14:26:52,725] {dagbag.py:508} INFO - Filling up the DagBag from /home/airflow/.local/lib/python3.7/site-packages/airflow/example_dags/tutorial_etl_dag.py
[2023-06-02 14:26:52,731] {processor.py:651} INFO - DAG(s) dict_keys(['tutorial_etl_dag']) retrieved from /home/airflow/.local/lib/python3.7/site-packages/airflow/example_dags/tutorial_etl_dag.py
[2023-06-02 14:26:52,748] {logging_mixin.py:115} INFO - [2023-06-02 14:26:52,748] {dag.py:2420} INFO - Sync 1 DAGs
[2023-06-02 14:26:52,760] {logging_mixin.py:115} INFO - [2023-06-02 14:26:52,760] {dag.py:2972} INFO - Setting next_dagrun for tutorial_etl_dag to None, run_after=None
[2023-06-02 14:26:52,767] {processor.py:161} INFO - Processing /home/airflow/.local/lib/python3.7/site-packages/airflow/example_dags/tutorial_etl_dag.py took 0.046 seconds
[2023-06-02 14:27:23,615] {processor.py:153} INFO - Started process (PID=161) to work on /home/airflow/.local/lib/python3.7/site-packages/airflow/example_dags/tutorial_etl_dag.py
[2023-06-02 14:27:23,616] {processor.py:641} INFO - Processing file /home/airflow/.local/lib/python3.7/site-packages/airflow/example_dags/tutorial_etl_dag.py for tasks to queue
[2023-06-02 14:27:23,617] {logging_mixin.py:115} INFO - [2023-06-02 14:27:23,617] {dagbag.py:508} INFO - Filling up the DagBag from /home/airflow/.local/lib/python3.7/site-packages/airflow/example_dags/tutorial_etl_dag.py
[2023-06-02 14:27:23,622] {processor.py:651} INFO - DAG(s) dict_keys(['tutorial_etl_dag']) retrieved from /home/airflow/.local/lib/python3.7/site-packages/airflow/example_dags/tutorial_etl_dag.py
[2023-06-02 14:27:23,638] {logging_mixin.py:115} INFO - [2023-06-02 14:27:23,638] {dag.py:2420} INFO - Sync 1 DAGs
[2023-06-02 14:27:23,650] {logging_mixin.py:115} INFO - [2023-06-02 14:27:23,650] {dag.py:2972} INFO - Setting next_dagrun for tutorial_etl_dag to None, run_after=None
[2023-06-02 14:27:23,657] {processor.py:161} INFO - Processing /home/airflow/.local/lib/python3.7/site-packages/airflow/example_dags/tutorial_etl_dag.py took 0.045 seconds
[2023-06-02 14:27:54,236] {processor.py:153} INFO - Started process (PID=223) to work on /home/airflow/.local/lib/python3.7/site-packages/airflow/example_dags/tutorial_etl_dag.py
[2023-06-02 14:27:54,238] {processor.py:641} INFO - Processing file /home/airflow/.local/lib/python3.7/site-packages/airflow/example_dags/tutorial_etl_dag.py for tasks to queue
[2023-06-02 14:27:54,240] {logging_mixin.py:115} INFO - [2023-06-02 14:27:54,240] {dagbag.py:508} INFO - Filling up the DagBag from /home/airflow/.local/lib/python3.7/site-packages/airflow/example_dags/tutorial_etl_dag.py
[2023-06-02 14:27:54,246] {processor.py:651} INFO - DAG(s) dict_keys(['tutorial_etl_dag']) retrieved from /home/airflow/.local/lib/python3.7/site-packages/airflow/example_dags/tutorial_etl_dag.py
[2023-06-02 14:27:54,265] {logging_mixin.py:115} INFO - [2023-06-02 14:27:54,265] {dag.py:2420} INFO - Sync 1 DAGs
[2023-06-02 14:27:54,280] {logging_mixin.py:115} INFO - [2023-06-02 14:27:54,280] {dag.py:2972} INFO - Setting next_dagrun for tutorial_etl_dag to None, run_after=None
[2023-06-02 14:27:54,288] {processor.py:161} INFO - Processing /home/airflow/.local/lib/python3.7/site-packages/airflow/example_dags/tutorial_etl_dag.py took 0.055 seconds
[2023-06-02 14:28:24,768] {processor.py:153} INFO - Started process (PID=275) to work on /home/airflow/.local/lib/python3.7/site-packages/airflow/example_dags/tutorial_etl_dag.py
[2023-06-02 14:28:24,769] {processor.py:641} INFO - Processing file /home/airflow/.local/lib/python3.7/site-packages/airflow/example_dags/tutorial_etl_dag.py for tasks to queue
[2023-06-02 14:28:24,771] {logging_mixin.py:115} INFO - [2023-06-02 14:28:24,771] {dagbag.py:508} INFO - Filling up the DagBag from /home/airflow/.local/lib/python3.7/site-packages/airflow/example_dags/tutorial_etl_dag.py
[2023-06-02 14:28:24,776] {processor.py:651} INFO - DAG(s) dict_keys(['tutorial_etl_dag']) retrieved from /home/airflow/.local/lib/python3.7/site-packages/airflow/example_dags/tutorial_etl_dag.py
[2023-06-02 14:28:24,794] {logging_mixin.py:115} INFO - [2023-06-02 14:28:24,794] {dag.py:2420} INFO - Sync 1 DAGs
[2023-06-02 14:28:24,808] {logging_mixin.py:115} INFO - [2023-06-02 14:28:24,808] {dag.py:2972} INFO - Setting next_dagrun for tutorial_etl_dag to None, run_after=None
[2023-06-02 14:28:24,818] {processor.py:161} INFO - Processing /home/airflow/.local/lib/python3.7/site-packages/airflow/example_dags/tutorial_etl_dag.py took 0.052 seconds
[2023-06-02 14:28:55,347] {processor.py:153} INFO - Started process (PID=335) to work on /home/airflow/.local/lib/python3.7/site-packages/airflow/example_dags/tutorial_etl_dag.py
[2023-06-02 14:28:55,348] {processor.py:641} INFO - Processing file /home/airflow/.local/lib/python3.7/site-packages/airflow/example_dags/tutorial_etl_dag.py for tasks to queue
[2023-06-02 14:28:55,349] {logging_mixin.py:115} INFO - [2023-06-02 14:28:55,349] {dagbag.py:508} INFO - Filling up the DagBag from /home/airflow/.local/lib/python3.7/site-packages/airflow/example_dags/tutorial_etl_dag.py
[2023-06-02 14:28:55,354] {processor.py:651} INFO - DAG(s) dict_keys(['tutorial_etl_dag']) retrieved from /home/airflow/.local/lib/python3.7/site-packages/airflow/example_dags/tutorial_etl_dag.py
[2023-06-02 14:28:55,370] {logging_mixin.py:115} INFO - [2023-06-02 14:28:55,370] {dag.py:2420} INFO - Sync 1 DAGs
[2023-06-02 14:28:55,381] {logging_mixin.py:115} INFO - [2023-06-02 14:28:55,381] {dag.py:2972} INFO - Setting next_dagrun for tutorial_etl_dag to None, run_after=None
[2023-06-02 14:28:55,388] {processor.py:161} INFO - Processing /home/airflow/.local/lib/python3.7/site-packages/airflow/example_dags/tutorial_etl_dag.py took 0.043 seconds
[2023-06-02 14:30:03,165] {processor.py:153} INFO - Started process (PID=38) to work on /home/airflow/.local/lib/python3.7/site-packages/airflow/example_dags/tutorial_etl_dag.py
[2023-06-02 14:30:03,167] {processor.py:641} INFO - Processing file /home/airflow/.local/lib/python3.7/site-packages/airflow/example_dags/tutorial_etl_dag.py for tasks to queue
[2023-06-02 14:30:03,169] {logging_mixin.py:115} INFO - [2023-06-02 14:30:03,169] {dagbag.py:508} INFO - Filling up the DagBag from /home/airflow/.local/lib/python3.7/site-packages/airflow/example_dags/tutorial_etl_dag.py
[2023-06-02 14:30:03,175] {processor.py:651} INFO - DAG(s) dict_keys(['tutorial_etl_dag']) retrieved from /home/airflow/.local/lib/python3.7/site-packages/airflow/example_dags/tutorial_etl_dag.py
[2023-06-02 14:30:03,200] {logging_mixin.py:115} INFO - [2023-06-02 14:30:03,200] {dag.py:2420} INFO - Sync 1 DAGs
[2023-06-02 14:30:03,217] {logging_mixin.py:115} INFO - [2023-06-02 14:30:03,217] {dag.py:2972} INFO - Setting next_dagrun for tutorial_etl_dag to None, run_after=None
[2023-06-02 14:30:03,226] {processor.py:161} INFO - Processing /home/airflow/.local/lib/python3.7/site-packages/airflow/example_dags/tutorial_etl_dag.py took 0.063 seconds
[2023-06-02 14:33:56,178] {processor.py:153} INFO - Started process (PID=39) to work on /home/airflow/.local/lib/python3.7/site-packages/airflow/example_dags/tutorial_etl_dag.py
[2023-06-02 14:33:56,181] {processor.py:641} INFO - Processing file /home/airflow/.local/lib/python3.7/site-packages/airflow/example_dags/tutorial_etl_dag.py for tasks to queue
[2023-06-02 14:33:56,183] {logging_mixin.py:115} INFO - [2023-06-02 14:33:56,183] {dagbag.py:508} INFO - Filling up the DagBag from /home/airflow/.local/lib/python3.7/site-packages/airflow/example_dags/tutorial_etl_dag.py
[2023-06-02 14:33:56,190] {processor.py:651} INFO - DAG(s) dict_keys(['tutorial_etl_dag']) retrieved from /home/airflow/.local/lib/python3.7/site-packages/airflow/example_dags/tutorial_etl_dag.py
[2023-06-02 14:33:56,216] {logging_mixin.py:115} INFO - [2023-06-02 14:33:56,216] {dag.py:2420} INFO - Sync 1 DAGs
[2023-06-02 14:33:56,231] {logging_mixin.py:115} INFO - [2023-06-02 14:33:56,231] {dag.py:2972} INFO - Setting next_dagrun for tutorial_etl_dag to None, run_after=None
[2023-06-02 14:33:56,243] {processor.py:161} INFO - Processing /home/airflow/.local/lib/python3.7/site-packages/airflow/example_dags/tutorial_etl_dag.py took 0.067 seconds
[2023-06-02 14:34:26,460] {processor.py:153} INFO - Started process (PID=100) to work on /home/airflow/.local/lib/python3.7/site-packages/airflow/example_dags/tutorial_etl_dag.py
[2023-06-02 14:34:26,461] {processor.py:641} INFO - Processing file /home/airflow/.local/lib/python3.7/site-packages/airflow/example_dags/tutorial_etl_dag.py for tasks to queue
[2023-06-02 14:34:26,463] {logging_mixin.py:115} INFO - [2023-06-02 14:34:26,463] {dagbag.py:508} INFO - Filling up the DagBag from /home/airflow/.local/lib/python3.7/site-packages/airflow/example_dags/tutorial_etl_dag.py
[2023-06-02 14:34:26,468] {processor.py:651} INFO - DAG(s) dict_keys(['tutorial_etl_dag']) retrieved from /home/airflow/.local/lib/python3.7/site-packages/airflow/example_dags/tutorial_etl_dag.py
[2023-06-02 14:34:26,483] {logging_mixin.py:115} INFO - [2023-06-02 14:34:26,483] {dag.py:2420} INFO - Sync 1 DAGs
[2023-06-02 14:34:26,495] {logging_mixin.py:115} INFO - [2023-06-02 14:34:26,495] {dag.py:2972} INFO - Setting next_dagrun for tutorial_etl_dag to None, run_after=None
[2023-06-02 14:34:26,503] {processor.py:161} INFO - Processing /home/airflow/.local/lib/python3.7/site-packages/airflow/example_dags/tutorial_etl_dag.py took 0.045 seconds
[2023-06-02 14:34:57,512] {processor.py:153} INFO - Started process (PID=161) to work on /home/airflow/.local/lib/python3.7/site-packages/airflow/example_dags/tutorial_etl_dag.py
[2023-06-02 14:34:57,514] {processor.py:641} INFO - Processing file /home/airflow/.local/lib/python3.7/site-packages/airflow/example_dags/tutorial_etl_dag.py for tasks to queue
[2023-06-02 14:34:57,515] {logging_mixin.py:115} INFO - [2023-06-02 14:34:57,515] {dagbag.py:508} INFO - Filling up the DagBag from /home/airflow/.local/lib/python3.7/site-packages/airflow/example_dags/tutorial_etl_dag.py
[2023-06-02 14:34:57,523] {processor.py:651} INFO - DAG(s) dict_keys(['tutorial_etl_dag']) retrieved from /home/airflow/.local/lib/python3.7/site-packages/airflow/example_dags/tutorial_etl_dag.py
[2023-06-02 14:34:57,540] {logging_mixin.py:115} INFO - [2023-06-02 14:34:57,540] {dag.py:2420} INFO - Sync 1 DAGs
[2023-06-02 14:34:57,553] {logging_mixin.py:115} INFO - [2023-06-02 14:34:57,553] {dag.py:2972} INFO - Setting next_dagrun for tutorial_etl_dag to None, run_after=None
[2023-06-02 14:34:57,561] {processor.py:161} INFO - Processing /home/airflow/.local/lib/python3.7/site-packages/airflow/example_dags/tutorial_etl_dag.py took 0.051 seconds
[2023-06-02 14:35:28,128] {processor.py:153} INFO - Started process (PID=222) to work on /home/airflow/.local/lib/python3.7/site-packages/airflow/example_dags/tutorial_etl_dag.py
[2023-06-02 14:35:28,130] {processor.py:641} INFO - Processing file /home/airflow/.local/lib/python3.7/site-packages/airflow/example_dags/tutorial_etl_dag.py for tasks to queue
[2023-06-02 14:35:28,131] {logging_mixin.py:115} INFO - [2023-06-02 14:35:28,131] {dagbag.py:508} INFO - Filling up the DagBag from /home/airflow/.local/lib/python3.7/site-packages/airflow/example_dags/tutorial_etl_dag.py
[2023-06-02 14:35:28,136] {processor.py:651} INFO - DAG(s) dict_keys(['tutorial_etl_dag']) retrieved from /home/airflow/.local/lib/python3.7/site-packages/airflow/example_dags/tutorial_etl_dag.py
[2023-06-02 14:35:28,154] {logging_mixin.py:115} INFO - [2023-06-02 14:35:28,154] {dag.py:2420} INFO - Sync 1 DAGs
[2023-06-02 14:35:28,168] {logging_mixin.py:115} INFO - [2023-06-02 14:35:28,168] {dag.py:2972} INFO - Setting next_dagrun for tutorial_etl_dag to None, run_after=None
[2023-06-02 14:35:28,176] {processor.py:161} INFO - Processing /home/airflow/.local/lib/python3.7/site-packages/airflow/example_dags/tutorial_etl_dag.py took 0.050 seconds
[2023-06-02 14:35:58,787] {processor.py:153} INFO - Started process (PID=283) to work on /home/airflow/.local/lib/python3.7/site-packages/airflow/example_dags/tutorial_etl_dag.py
[2023-06-02 14:35:58,788] {processor.py:641} INFO - Processing file /home/airflow/.local/lib/python3.7/site-packages/airflow/example_dags/tutorial_etl_dag.py for tasks to queue
[2023-06-02 14:35:58,790] {logging_mixin.py:115} INFO - [2023-06-02 14:35:58,790] {dagbag.py:508} INFO - Filling up the DagBag from /home/airflow/.local/lib/python3.7/site-packages/airflow/example_dags/tutorial_etl_dag.py
[2023-06-02 14:35:58,795] {processor.py:651} INFO - DAG(s) dict_keys(['tutorial_etl_dag']) retrieved from /home/airflow/.local/lib/python3.7/site-packages/airflow/example_dags/tutorial_etl_dag.py
[2023-06-02 14:35:58,817] {logging_mixin.py:115} INFO - [2023-06-02 14:35:58,817] {dag.py:2420} INFO - Sync 1 DAGs
[2023-06-02 14:35:58,832] {logging_mixin.py:115} INFO - [2023-06-02 14:35:58,832] {dag.py:2972} INFO - Setting next_dagrun for tutorial_etl_dag to None, run_after=None
[2023-06-02 14:35:58,841] {processor.py:161} INFO - Processing /home/airflow/.local/lib/python3.7/site-packages/airflow/example_dags/tutorial_etl_dag.py took 0.058 seconds
[2023-06-02 14:36:29,811] {processor.py:153} INFO - Started process (PID=335) to work on /home/airflow/.local/lib/python3.7/site-packages/airflow/example_dags/tutorial_etl_dag.py
[2023-06-02 14:36:29,812] {processor.py:641} INFO - Processing file /home/airflow/.local/lib/python3.7/site-packages/airflow/example_dags/tutorial_etl_dag.py for tasks to queue
[2023-06-02 14:36:29,814] {logging_mixin.py:115} INFO - [2023-06-02 14:36:29,814] {dagbag.py:508} INFO - Filling up the DagBag from /home/airflow/.local/lib/python3.7/site-packages/airflow/example_dags/tutorial_etl_dag.py
[2023-06-02 14:36:29,819] {processor.py:651} INFO - DAG(s) dict_keys(['tutorial_etl_dag']) retrieved from /home/airflow/.local/lib/python3.7/site-packages/airflow/example_dags/tutorial_etl_dag.py
[2023-06-02 14:36:29,838] {logging_mixin.py:115} INFO - [2023-06-02 14:36:29,838] {dag.py:2420} INFO - Sync 1 DAGs
[2023-06-02 14:36:29,852] {logging_mixin.py:115} INFO - [2023-06-02 14:36:29,852] {dag.py:2972} INFO - Setting next_dagrun for tutorial_etl_dag to None, run_after=None
[2023-06-02 14:36:29,861] {processor.py:161} INFO - Processing /home/airflow/.local/lib/python3.7/site-packages/airflow/example_dags/tutorial_etl_dag.py took 0.052 seconds
[2023-06-02 14:37:00,412] {processor.py:153} INFO - Started process (PID=396) to work on /home/airflow/.local/lib/python3.7/site-packages/airflow/example_dags/tutorial_etl_dag.py
[2023-06-02 14:37:00,414] {processor.py:641} INFO - Processing file /home/airflow/.local/lib/python3.7/site-packages/airflow/example_dags/tutorial_etl_dag.py for tasks to queue
[2023-06-02 14:37:00,415] {logging_mixin.py:115} INFO - [2023-06-02 14:37:00,415] {dagbag.py:508} INFO - Filling up the DagBag from /home/airflow/.local/lib/python3.7/site-packages/airflow/example_dags/tutorial_etl_dag.py
[2023-06-02 14:37:00,420] {processor.py:651} INFO - DAG(s) dict_keys(['tutorial_etl_dag']) retrieved from /home/airflow/.local/lib/python3.7/site-packages/airflow/example_dags/tutorial_etl_dag.py
[2023-06-02 14:37:00,440] {logging_mixin.py:115} INFO - [2023-06-02 14:37:00,440] {dag.py:2420} INFO - Sync 1 DAGs
[2023-06-02 14:37:00,456] {logging_mixin.py:115} INFO - [2023-06-02 14:37:00,456] {dag.py:2972} INFO - Setting next_dagrun for tutorial_etl_dag to None, run_after=None
[2023-06-02 14:37:00,465] {processor.py:161} INFO - Processing /home/airflow/.local/lib/python3.7/site-packages/airflow/example_dags/tutorial_etl_dag.py took 0.055 seconds
[2023-06-02 14:37:31,027] {processor.py:153} INFO - Started process (PID=457) to work on /home/airflow/.local/lib/python3.7/site-packages/airflow/example_dags/tutorial_etl_dag.py
[2023-06-02 14:37:31,029] {processor.py:641} INFO - Processing file /home/airflow/.local/lib/python3.7/site-packages/airflow/example_dags/tutorial_etl_dag.py for tasks to queue
[2023-06-02 14:37:31,030] {logging_mixin.py:115} INFO - [2023-06-02 14:37:31,030] {dagbag.py:508} INFO - Filling up the DagBag from /home/airflow/.local/lib/python3.7/site-packages/airflow/example_dags/tutorial_etl_dag.py
[2023-06-02 14:37:31,036] {processor.py:651} INFO - DAG(s) dict_keys(['tutorial_etl_dag']) retrieved from /home/airflow/.local/lib/python3.7/site-packages/airflow/example_dags/tutorial_etl_dag.py
[2023-06-02 14:37:31,057] {logging_mixin.py:115} INFO - [2023-06-02 14:37:31,057] {dag.py:2420} INFO - Sync 1 DAGs
[2023-06-02 14:37:31,071] {logging_mixin.py:115} INFO - [2023-06-02 14:37:31,070] {dag.py:2972} INFO - Setting next_dagrun for tutorial_etl_dag to None, run_after=None
[2023-06-02 14:37:31,081] {processor.py:161} INFO - Processing /home/airflow/.local/lib/python3.7/site-packages/airflow/example_dags/tutorial_etl_dag.py took 0.055 seconds
[2023-06-02 14:38:01,582] {processor.py:153} INFO - Started process (PID=519) to work on /home/airflow/.local/lib/python3.7/site-packages/airflow/example_dags/tutorial_etl_dag.py
[2023-06-02 14:38:01,584] {processor.py:641} INFO - Processing file /home/airflow/.local/lib/python3.7/site-packages/airflow/example_dags/tutorial_etl_dag.py for tasks to queue
[2023-06-02 14:38:01,585] {logging_mixin.py:115} INFO - [2023-06-02 14:38:01,585] {dagbag.py:508} INFO - Filling up the DagBag from /home/airflow/.local/lib/python3.7/site-packages/airflow/example_dags/tutorial_etl_dag.py
[2023-06-02 14:38:01,590] {processor.py:651} INFO - DAG(s) dict_keys(['tutorial_etl_dag']) retrieved from /home/airflow/.local/lib/python3.7/site-packages/airflow/example_dags/tutorial_etl_dag.py
[2023-06-02 14:38:01,609] {logging_mixin.py:115} INFO - [2023-06-02 14:38:01,609] {dag.py:2420} INFO - Sync 1 DAGs
[2023-06-02 14:38:01,624] {logging_mixin.py:115} INFO - [2023-06-02 14:38:01,624] {dag.py:2972} INFO - Setting next_dagrun for tutorial_etl_dag to None, run_after=None
[2023-06-02 14:38:01,632] {processor.py:161} INFO - Processing /home/airflow/.local/lib/python3.7/site-packages/airflow/example_dags/tutorial_etl_dag.py took 0.053 seconds
[2023-06-02 14:38:32,195] {processor.py:153} INFO - Started process (PID=578) to work on /home/airflow/.local/lib/python3.7/site-packages/airflow/example_dags/tutorial_etl_dag.py
[2023-06-02 14:38:32,200] {processor.py:641} INFO - Processing file /home/airflow/.local/lib/python3.7/site-packages/airflow/example_dags/tutorial_etl_dag.py for tasks to queue
[2023-06-02 14:38:32,203] {logging_mixin.py:115} INFO - [2023-06-02 14:38:32,203] {dagbag.py:508} INFO - Filling up the DagBag from /home/airflow/.local/lib/python3.7/site-packages/airflow/example_dags/tutorial_etl_dag.py
[2023-06-02 14:38:32,209] {processor.py:651} INFO - DAG(s) dict_keys(['tutorial_etl_dag']) retrieved from /home/airflow/.local/lib/python3.7/site-packages/airflow/example_dags/tutorial_etl_dag.py
[2023-06-02 14:38:32,226] {logging_mixin.py:115} INFO - [2023-06-02 14:38:32,226] {dag.py:2420} INFO - Sync 1 DAGs
[2023-06-02 14:38:32,240] {logging_mixin.py:115} INFO - [2023-06-02 14:38:32,240] {dag.py:2972} INFO - Setting next_dagrun for tutorial_etl_dag to None, run_after=None
[2023-06-02 14:38:32,248] {processor.py:161} INFO - Processing /home/airflow/.local/lib/python3.7/site-packages/airflow/example_dags/tutorial_etl_dag.py took 0.055 seconds
[2023-06-02 14:39:02,882] {processor.py:153} INFO - Started process (PID=640) to work on /home/airflow/.local/lib/python3.7/site-packages/airflow/example_dags/tutorial_etl_dag.py
[2023-06-02 14:39:02,884] {processor.py:641} INFO - Processing file /home/airflow/.local/lib/python3.7/site-packages/airflow/example_dags/tutorial_etl_dag.py for tasks to queue
[2023-06-02 14:39:02,887] {logging_mixin.py:115} INFO - [2023-06-02 14:39:02,887] {dagbag.py:508} INFO - Filling up the DagBag from /home/airflow/.local/lib/python3.7/site-packages/airflow/example_dags/tutorial_etl_dag.py
[2023-06-02 14:39:02,893] {processor.py:651} INFO - DAG(s) dict_keys(['tutorial_etl_dag']) retrieved from /home/airflow/.local/lib/python3.7/site-packages/airflow/example_dags/tutorial_etl_dag.py
[2023-06-02 14:39:02,919] {logging_mixin.py:115} INFO - [2023-06-02 14:39:02,919] {dag.py:2420} INFO - Sync 1 DAGs
[2023-06-02 14:39:02,934] {logging_mixin.py:115} INFO - [2023-06-02 14:39:02,934] {dag.py:2972} INFO - Setting next_dagrun for tutorial_etl_dag to None, run_after=None
[2023-06-02 14:39:02,946] {processor.py:161} INFO - Processing /home/airflow/.local/lib/python3.7/site-packages/airflow/example_dags/tutorial_etl_dag.py took 0.066 seconds
[2023-06-02 14:39:33,825] {processor.py:153} INFO - Started process (PID=693) to work on /home/airflow/.local/lib/python3.7/site-packages/airflow/example_dags/tutorial_etl_dag.py
[2023-06-02 14:39:33,827] {processor.py:641} INFO - Processing file /home/airflow/.local/lib/python3.7/site-packages/airflow/example_dags/tutorial_etl_dag.py for tasks to queue
[2023-06-02 14:39:33,830] {logging_mixin.py:115} INFO - [2023-06-02 14:39:33,830] {dagbag.py:508} INFO - Filling up the DagBag from /home/airflow/.local/lib/python3.7/site-packages/airflow/example_dags/tutorial_etl_dag.py
[2023-06-02 14:39:33,835] {processor.py:651} INFO - DAG(s) dict_keys(['tutorial_etl_dag']) retrieved from /home/airflow/.local/lib/python3.7/site-packages/airflow/example_dags/tutorial_etl_dag.py
[2023-06-02 14:39:33,852] {logging_mixin.py:115} INFO - [2023-06-02 14:39:33,851] {dag.py:2420} INFO - Sync 1 DAGs
[2023-06-02 14:39:33,863] {logging_mixin.py:115} INFO - [2023-06-02 14:39:33,863] {dag.py:2972} INFO - Setting next_dagrun for tutorial_etl_dag to None, run_after=None
[2023-06-02 14:39:33,870] {processor.py:161} INFO - Processing /home/airflow/.local/lib/python3.7/site-packages/airflow/example_dags/tutorial_etl_dag.py took 0.047 seconds
[2023-06-02 14:40:04,533] {processor.py:153} INFO - Started process (PID=754) to work on /home/airflow/.local/lib/python3.7/site-packages/airflow/example_dags/tutorial_etl_dag.py
[2023-06-02 14:40:04,537] {processor.py:641} INFO - Processing file /home/airflow/.local/lib/python3.7/site-packages/airflow/example_dags/tutorial_etl_dag.py for tasks to queue
[2023-06-02 14:40:04,540] {logging_mixin.py:115} INFO - [2023-06-02 14:40:04,540] {dagbag.py:508} INFO - Filling up the DagBag from /home/airflow/.local/lib/python3.7/site-packages/airflow/example_dags/tutorial_etl_dag.py
[2023-06-02 14:40:04,552] {processor.py:651} INFO - DAG(s) dict_keys(['tutorial_etl_dag']) retrieved from /home/airflow/.local/lib/python3.7/site-packages/airflow/example_dags/tutorial_etl_dag.py
[2023-06-02 14:40:04,571] {logging_mixin.py:115} INFO - [2023-06-02 14:40:04,571] {dag.py:2420} INFO - Sync 1 DAGs
[2023-06-02 14:40:04,588] {logging_mixin.py:115} INFO - [2023-06-02 14:40:04,588] {dag.py:2972} INFO - Setting next_dagrun for tutorial_etl_dag to None, run_after=None
[2023-06-02 14:40:04,602] {processor.py:161} INFO - Processing /home/airflow/.local/lib/python3.7/site-packages/airflow/example_dags/tutorial_etl_dag.py took 0.074 seconds
[2023-06-02 14:40:35,119] {processor.py:153} INFO - Started process (PID=815) to work on /home/airflow/.local/lib/python3.7/site-packages/airflow/example_dags/tutorial_etl_dag.py
[2023-06-02 14:40:35,120] {processor.py:641} INFO - Processing file /home/airflow/.local/lib/python3.7/site-packages/airflow/example_dags/tutorial_etl_dag.py for tasks to queue
[2023-06-02 14:40:35,122] {logging_mixin.py:115} INFO - [2023-06-02 14:40:35,122] {dagbag.py:508} INFO - Filling up the DagBag from /home/airflow/.local/lib/python3.7/site-packages/airflow/example_dags/tutorial_etl_dag.py
[2023-06-02 14:40:35,128] {processor.py:651} INFO - DAG(s) dict_keys(['tutorial_etl_dag']) retrieved from /home/airflow/.local/lib/python3.7/site-packages/airflow/example_dags/tutorial_etl_dag.py
[2023-06-02 14:40:35,147] {logging_mixin.py:115} INFO - [2023-06-02 14:40:35,147] {dag.py:2420} INFO - Sync 1 DAGs
[2023-06-02 14:40:35,161] {logging_mixin.py:115} INFO - [2023-06-02 14:40:35,161] {dag.py:2972} INFO - Setting next_dagrun for tutorial_etl_dag to None, run_after=None
[2023-06-02 14:40:35,169] {processor.py:161} INFO - Processing /home/airflow/.local/lib/python3.7/site-packages/airflow/example_dags/tutorial_etl_dag.py took 0.052 seconds
[2023-06-02 14:41:05,763] {processor.py:153} INFO - Started process (PID=876) to work on /home/airflow/.local/lib/python3.7/site-packages/airflow/example_dags/tutorial_etl_dag.py
[2023-06-02 14:41:05,764] {processor.py:641} INFO - Processing file /home/airflow/.local/lib/python3.7/site-packages/airflow/example_dags/tutorial_etl_dag.py for tasks to queue
[2023-06-02 14:41:05,765] {logging_mixin.py:115} INFO - [2023-06-02 14:41:05,765] {dagbag.py:508} INFO - Filling up the DagBag from /home/airflow/.local/lib/python3.7/site-packages/airflow/example_dags/tutorial_etl_dag.py
[2023-06-02 14:41:05,771] {processor.py:651} INFO - DAG(s) dict_keys(['tutorial_etl_dag']) retrieved from /home/airflow/.local/lib/python3.7/site-packages/airflow/example_dags/tutorial_etl_dag.py
[2023-06-02 14:41:05,793] {logging_mixin.py:115} INFO - [2023-06-02 14:41:05,793] {dag.py:2420} INFO - Sync 1 DAGs
[2023-06-02 14:41:05,808] {logging_mixin.py:115} INFO - [2023-06-02 14:41:05,808] {dag.py:2972} INFO - Setting next_dagrun for tutorial_etl_dag to None, run_after=None
[2023-06-02 14:41:05,826] {processor.py:161} INFO - Processing /home/airflow/.local/lib/python3.7/site-packages/airflow/example_dags/tutorial_etl_dag.py took 0.065 seconds
[2023-06-02 14:41:36,376] {processor.py:153} INFO - Started process (PID=937) to work on /home/airflow/.local/lib/python3.7/site-packages/airflow/example_dags/tutorial_etl_dag.py
[2023-06-02 14:41:36,378] {processor.py:641} INFO - Processing file /home/airflow/.local/lib/python3.7/site-packages/airflow/example_dags/tutorial_etl_dag.py for tasks to queue
[2023-06-02 14:41:36,379] {logging_mixin.py:115} INFO - [2023-06-02 14:41:36,379] {dagbag.py:508} INFO - Filling up the DagBag from /home/airflow/.local/lib/python3.7/site-packages/airflow/example_dags/tutorial_etl_dag.py
[2023-06-02 14:41:36,384] {processor.py:651} INFO - DAG(s) dict_keys(['tutorial_etl_dag']) retrieved from /home/airflow/.local/lib/python3.7/site-packages/airflow/example_dags/tutorial_etl_dag.py
[2023-06-02 14:41:36,405] {logging_mixin.py:115} INFO - [2023-06-02 14:41:36,405] {dag.py:2420} INFO - Sync 1 DAGs
[2023-06-02 14:41:36,418] {logging_mixin.py:115} INFO - [2023-06-02 14:41:36,418] {dag.py:2972} INFO - Setting next_dagrun for tutorial_etl_dag to None, run_after=None
[2023-06-02 14:41:36,427] {processor.py:161} INFO - Processing /home/airflow/.local/lib/python3.7/site-packages/airflow/example_dags/tutorial_etl_dag.py took 0.054 seconds
[2023-06-02 14:42:07,067] {processor.py:153} INFO - Started process (PID=998) to work on /home/airflow/.local/lib/python3.7/site-packages/airflow/example_dags/tutorial_etl_dag.py
[2023-06-02 14:42:07,069] {processor.py:641} INFO - Processing file /home/airflow/.local/lib/python3.7/site-packages/airflow/example_dags/tutorial_etl_dag.py for tasks to queue
[2023-06-02 14:42:07,070] {logging_mixin.py:115} INFO - [2023-06-02 14:42:07,070] {dagbag.py:508} INFO - Filling up the DagBag from /home/airflow/.local/lib/python3.7/site-packages/airflow/example_dags/tutorial_etl_dag.py
[2023-06-02 14:42:07,076] {processor.py:651} INFO - DAG(s) dict_keys(['tutorial_etl_dag']) retrieved from /home/airflow/.local/lib/python3.7/site-packages/airflow/example_dags/tutorial_etl_dag.py
[2023-06-02 14:42:07,099] {logging_mixin.py:115} INFO - [2023-06-02 14:42:07,099] {dag.py:2420} INFO - Sync 1 DAGs
[2023-06-02 14:42:07,117] {logging_mixin.py:115} INFO - [2023-06-02 14:42:07,117] {dag.py:2972} INFO - Setting next_dagrun for tutorial_etl_dag to None, run_after=None
[2023-06-02 14:42:07,128] {processor.py:161} INFO - Processing /home/airflow/.local/lib/python3.7/site-packages/airflow/example_dags/tutorial_etl_dag.py took 0.064 seconds
[2023-06-02 14:42:37,711] {processor.py:153} INFO - Started process (PID=1051) to work on /home/airflow/.local/lib/python3.7/site-packages/airflow/example_dags/tutorial_etl_dag.py
[2023-06-02 14:42:37,713] {processor.py:641} INFO - Processing file /home/airflow/.local/lib/python3.7/site-packages/airflow/example_dags/tutorial_etl_dag.py for tasks to queue
[2023-06-02 14:42:37,714] {logging_mixin.py:115} INFO - [2023-06-02 14:42:37,714] {dagbag.py:508} INFO - Filling up the DagBag from /home/airflow/.local/lib/python3.7/site-packages/airflow/example_dags/tutorial_etl_dag.py
[2023-06-02 14:42:37,718] {processor.py:651} INFO - DAG(s) dict_keys(['tutorial_etl_dag']) retrieved from /home/airflow/.local/lib/python3.7/site-packages/airflow/example_dags/tutorial_etl_dag.py
[2023-06-02 14:42:37,734] {logging_mixin.py:115} INFO - [2023-06-02 14:42:37,734] {dag.py:2420} INFO - Sync 1 DAGs
[2023-06-02 14:42:37,747] {logging_mixin.py:115} INFO - [2023-06-02 14:42:37,747] {dag.py:2972} INFO - Setting next_dagrun for tutorial_etl_dag to None, run_after=None
[2023-06-02 14:42:37,756] {processor.py:161} INFO - Processing /home/airflow/.local/lib/python3.7/site-packages/airflow/example_dags/tutorial_etl_dag.py took 0.047 seconds
[2023-06-02 14:43:08,375] {processor.py:153} INFO - Started process (PID=1112) to work on /home/airflow/.local/lib/python3.7/site-packages/airflow/example_dags/tutorial_etl_dag.py
[2023-06-02 14:43:08,377] {processor.py:641} INFO - Processing file /home/airflow/.local/lib/python3.7/site-packages/airflow/example_dags/tutorial_etl_dag.py for tasks to queue
[2023-06-02 14:43:08,379] {logging_mixin.py:115} INFO - [2023-06-02 14:43:08,379] {dagbag.py:508} INFO - Filling up the DagBag from /home/airflow/.local/lib/python3.7/site-packages/airflow/example_dags/tutorial_etl_dag.py
[2023-06-02 14:43:08,386] {processor.py:651} INFO - DAG(s) dict_keys(['tutorial_etl_dag']) retrieved from /home/airflow/.local/lib/python3.7/site-packages/airflow/example_dags/tutorial_etl_dag.py
[2023-06-02 14:43:08,408] {logging_mixin.py:115} INFO - [2023-06-02 14:43:08,408] {dag.py:2420} INFO - Sync 1 DAGs
[2023-06-02 14:43:08,425] {logging_mixin.py:115} INFO - [2023-06-02 14:43:08,425] {dag.py:2972} INFO - Setting next_dagrun for tutorial_etl_dag to None, run_after=None
[2023-06-02 14:43:08,436] {processor.py:161} INFO - Processing /home/airflow/.local/lib/python3.7/site-packages/airflow/example_dags/tutorial_etl_dag.py took 0.064 seconds
[2023-06-02 14:43:39,105] {processor.py:153} INFO - Started process (PID=1173) to work on /home/airflow/.local/lib/python3.7/site-packages/airflow/example_dags/tutorial_etl_dag.py
[2023-06-02 14:43:39,107] {processor.py:641} INFO - Processing file /home/airflow/.local/lib/python3.7/site-packages/airflow/example_dags/tutorial_etl_dag.py for tasks to queue
[2023-06-02 14:43:39,109] {logging_mixin.py:115} INFO - [2023-06-02 14:43:39,109] {dagbag.py:508} INFO - Filling up the DagBag from /home/airflow/.local/lib/python3.7/site-packages/airflow/example_dags/tutorial_etl_dag.py
[2023-06-02 14:43:39,115] {processor.py:651} INFO - DAG(s) dict_keys(['tutorial_etl_dag']) retrieved from /home/airflow/.local/lib/python3.7/site-packages/airflow/example_dags/tutorial_etl_dag.py
[2023-06-02 14:43:39,135] {logging_mixin.py:115} INFO - [2023-06-02 14:43:39,135] {dag.py:2420} INFO - Sync 1 DAGs
[2023-06-02 14:43:39,149] {logging_mixin.py:115} INFO - [2023-06-02 14:43:39,149] {dag.py:2972} INFO - Setting next_dagrun for tutorial_etl_dag to None, run_after=None
[2023-06-02 14:43:39,156] {processor.py:161} INFO - Processing /home/airflow/.local/lib/python3.7/site-packages/airflow/example_dags/tutorial_etl_dag.py took 0.053 seconds
[2023-06-02 14:44:09,597] {processor.py:153} INFO - Started process (PID=1234) to work on /home/airflow/.local/lib/python3.7/site-packages/airflow/example_dags/tutorial_etl_dag.py
[2023-06-02 14:44:09,605] {processor.py:641} INFO - Processing file /home/airflow/.local/lib/python3.7/site-packages/airflow/example_dags/tutorial_etl_dag.py for tasks to queue
[2023-06-02 14:44:09,608] {logging_mixin.py:115} INFO - [2023-06-02 14:44:09,608] {dagbag.py:508} INFO - Filling up the DagBag from /home/airflow/.local/lib/python3.7/site-packages/airflow/example_dags/tutorial_etl_dag.py
[2023-06-02 14:44:09,614] {processor.py:651} INFO - DAG(s) dict_keys(['tutorial_etl_dag']) retrieved from /home/airflow/.local/lib/python3.7/site-packages/airflow/example_dags/tutorial_etl_dag.py
[2023-06-02 14:44:09,632] {logging_mixin.py:115} INFO - [2023-06-02 14:44:09,632] {dag.py:2420} INFO - Sync 1 DAGs
[2023-06-02 14:44:09,645] {logging_mixin.py:115} INFO - [2023-06-02 14:44:09,645] {dag.py:2972} INFO - Setting next_dagrun for tutorial_etl_dag to None, run_after=None
[2023-06-02 14:44:09,654] {processor.py:161} INFO - Processing /home/airflow/.local/lib/python3.7/site-packages/airflow/example_dags/tutorial_etl_dag.py took 0.060 seconds
[2023-06-02 14:44:40,130] {processor.py:153} INFO - Started process (PID=1294) to work on /home/airflow/.local/lib/python3.7/site-packages/airflow/example_dags/tutorial_etl_dag.py
[2023-06-02 14:44:40,133] {processor.py:641} INFO - Processing file /home/airflow/.local/lib/python3.7/site-packages/airflow/example_dags/tutorial_etl_dag.py for tasks to queue
[2023-06-02 14:44:40,134] {logging_mixin.py:115} INFO - [2023-06-02 14:44:40,134] {dagbag.py:508} INFO - Filling up the DagBag from /home/airflow/.local/lib/python3.7/site-packages/airflow/example_dags/tutorial_etl_dag.py
[2023-06-02 14:44:40,139] {processor.py:651} INFO - DAG(s) dict_keys(['tutorial_etl_dag']) retrieved from /home/airflow/.local/lib/python3.7/site-packages/airflow/example_dags/tutorial_etl_dag.py
[2023-06-02 14:44:40,158] {logging_mixin.py:115} INFO - [2023-06-02 14:44:40,158] {dag.py:2420} INFO - Sync 1 DAGs
[2023-06-02 14:44:40,171] {logging_mixin.py:115} INFO - [2023-06-02 14:44:40,171] {dag.py:2972} INFO - Setting next_dagrun for tutorial_etl_dag to None, run_after=None
[2023-06-02 14:44:40,180] {processor.py:161} INFO - Processing /home/airflow/.local/lib/python3.7/site-packages/airflow/example_dags/tutorial_etl_dag.py took 0.052 seconds
[2023-06-02 14:45:10,865] {processor.py:153} INFO - Started process (PID=1347) to work on /home/airflow/.local/lib/python3.7/site-packages/airflow/example_dags/tutorial_etl_dag.py
[2023-06-02 14:45:10,867] {processor.py:641} INFO - Processing file /home/airflow/.local/lib/python3.7/site-packages/airflow/example_dags/tutorial_etl_dag.py for tasks to queue
[2023-06-02 14:45:10,868] {logging_mixin.py:115} INFO - [2023-06-02 14:45:10,868] {dagbag.py:508} INFO - Filling up the DagBag from /home/airflow/.local/lib/python3.7/site-packages/airflow/example_dags/tutorial_etl_dag.py
[2023-06-02 14:45:10,873] {processor.py:651} INFO - DAG(s) dict_keys(['tutorial_etl_dag']) retrieved from /home/airflow/.local/lib/python3.7/site-packages/airflow/example_dags/tutorial_etl_dag.py
[2023-06-02 14:45:10,893] {logging_mixin.py:115} INFO - [2023-06-02 14:45:10,893] {dag.py:2420} INFO - Sync 1 DAGs
[2023-06-02 14:45:10,907] {logging_mixin.py:115} INFO - [2023-06-02 14:45:10,906] {dag.py:2972} INFO - Setting next_dagrun for tutorial_etl_dag to None, run_after=None
[2023-06-02 14:45:10,916] {processor.py:161} INFO - Processing /home/airflow/.local/lib/python3.7/site-packages/airflow/example_dags/tutorial_etl_dag.py took 0.052 seconds
[2023-06-02 14:45:41,594] {processor.py:153} INFO - Started process (PID=1407) to work on /home/airflow/.local/lib/python3.7/site-packages/airflow/example_dags/tutorial_etl_dag.py
[2023-06-02 14:45:41,596] {processor.py:641} INFO - Processing file /home/airflow/.local/lib/python3.7/site-packages/airflow/example_dags/tutorial_etl_dag.py for tasks to queue
[2023-06-02 14:45:41,597] {logging_mixin.py:115} INFO - [2023-06-02 14:45:41,597] {dagbag.py:508} INFO - Filling up the DagBag from /home/airflow/.local/lib/python3.7/site-packages/airflow/example_dags/tutorial_etl_dag.py
[2023-06-02 14:45:41,602] {processor.py:651} INFO - DAG(s) dict_keys(['tutorial_etl_dag']) retrieved from /home/airflow/.local/lib/python3.7/site-packages/airflow/example_dags/tutorial_etl_dag.py
[2023-06-02 14:45:41,620] {logging_mixin.py:115} INFO - [2023-06-02 14:45:41,619] {dag.py:2420} INFO - Sync 1 DAGs
[2023-06-02 14:45:41,633] {logging_mixin.py:115} INFO - [2023-06-02 14:45:41,633] {dag.py:2972} INFO - Setting next_dagrun for tutorial_etl_dag to None, run_after=None
[2023-06-02 14:45:41,642] {processor.py:161} INFO - Processing /home/airflow/.local/lib/python3.7/site-packages/airflow/example_dags/tutorial_etl_dag.py took 0.050 seconds
[2023-06-02 14:46:12,170] {processor.py:153} INFO - Started process (PID=1468) to work on /home/airflow/.local/lib/python3.7/site-packages/airflow/example_dags/tutorial_etl_dag.py
[2023-06-02 14:46:12,171] {processor.py:641} INFO - Processing file /home/airflow/.local/lib/python3.7/site-packages/airflow/example_dags/tutorial_etl_dag.py for tasks to queue
[2023-06-02 14:46:12,172] {logging_mixin.py:115} INFO - [2023-06-02 14:46:12,172] {dagbag.py:508} INFO - Filling up the DagBag from /home/airflow/.local/lib/python3.7/site-packages/airflow/example_dags/tutorial_etl_dag.py
[2023-06-02 14:46:12,178] {processor.py:651} INFO - DAG(s) dict_keys(['tutorial_etl_dag']) retrieved from /home/airflow/.local/lib/python3.7/site-packages/airflow/example_dags/tutorial_etl_dag.py
[2023-06-02 14:46:12,200] {logging_mixin.py:115} INFO - [2023-06-02 14:46:12,200] {dag.py:2420} INFO - Sync 1 DAGs
[2023-06-02 14:46:12,214] {logging_mixin.py:115} INFO - [2023-06-02 14:46:12,214] {dag.py:2972} INFO - Setting next_dagrun for tutorial_etl_dag to None, run_after=None
[2023-06-02 14:46:12,223] {processor.py:161} INFO - Processing /home/airflow/.local/lib/python3.7/site-packages/airflow/example_dags/tutorial_etl_dag.py took 0.055 seconds
[2023-06-02 14:46:42,713] {processor.py:153} INFO - Started process (PID=1529) to work on /home/airflow/.local/lib/python3.7/site-packages/airflow/example_dags/tutorial_etl_dag.py
[2023-06-02 14:46:42,714] {processor.py:641} INFO - Processing file /home/airflow/.local/lib/python3.7/site-packages/airflow/example_dags/tutorial_etl_dag.py for tasks to queue
[2023-06-02 14:46:42,716] {logging_mixin.py:115} INFO - [2023-06-02 14:46:42,716] {dagbag.py:508} INFO - Filling up the DagBag from /home/airflow/.local/lib/python3.7/site-packages/airflow/example_dags/tutorial_etl_dag.py
[2023-06-02 14:46:42,721] {processor.py:651} INFO - DAG(s) dict_keys(['tutorial_etl_dag']) retrieved from /home/airflow/.local/lib/python3.7/site-packages/airflow/example_dags/tutorial_etl_dag.py
[2023-06-02 14:46:42,740] {logging_mixin.py:115} INFO - [2023-06-02 14:46:42,740] {dag.py:2420} INFO - Sync 1 DAGs
[2023-06-02 14:46:42,754] {logging_mixin.py:115} INFO - [2023-06-02 14:46:42,754] {dag.py:2972} INFO - Setting next_dagrun for tutorial_etl_dag to None, run_after=None
[2023-06-02 14:46:42,761] {processor.py:161} INFO - Processing /home/airflow/.local/lib/python3.7/site-packages/airflow/example_dags/tutorial_etl_dag.py took 0.050 seconds
[2023-06-02 14:47:13,225] {processor.py:153} INFO - Started process (PID=1592) to work on /home/airflow/.local/lib/python3.7/site-packages/airflow/example_dags/tutorial_etl_dag.py
[2023-06-02 14:47:13,226] {processor.py:641} INFO - Processing file /home/airflow/.local/lib/python3.7/site-packages/airflow/example_dags/tutorial_etl_dag.py for tasks to queue
[2023-06-02 14:47:13,227] {logging_mixin.py:115} INFO - [2023-06-02 14:47:13,227] {dagbag.py:508} INFO - Filling up the DagBag from /home/airflow/.local/lib/python3.7/site-packages/airflow/example_dags/tutorial_etl_dag.py
[2023-06-02 14:47:13,232] {processor.py:651} INFO - DAG(s) dict_keys(['tutorial_etl_dag']) retrieved from /home/airflow/.local/lib/python3.7/site-packages/airflow/example_dags/tutorial_etl_dag.py
[2023-06-02 14:47:13,249] {logging_mixin.py:115} INFO - [2023-06-02 14:47:13,249] {dag.py:2420} INFO - Sync 1 DAGs
[2023-06-02 14:47:13,262] {logging_mixin.py:115} INFO - [2023-06-02 14:47:13,262] {dag.py:2972} INFO - Setting next_dagrun for tutorial_etl_dag to None, run_after=None
[2023-06-02 14:47:13,270] {processor.py:161} INFO - Processing /home/airflow/.local/lib/python3.7/site-packages/airflow/example_dags/tutorial_etl_dag.py took 0.048 seconds
[2023-06-02 14:47:43,857] {processor.py:153} INFO - Started process (PID=1653) to work on /home/airflow/.local/lib/python3.7/site-packages/airflow/example_dags/tutorial_etl_dag.py
[2023-06-02 14:47:43,858] {processor.py:641} INFO - Processing file /home/airflow/.local/lib/python3.7/site-packages/airflow/example_dags/tutorial_etl_dag.py for tasks to queue
[2023-06-02 14:47:43,860] {logging_mixin.py:115} INFO - [2023-06-02 14:47:43,860] {dagbag.py:508} INFO - Filling up the DagBag from /home/airflow/.local/lib/python3.7/site-packages/airflow/example_dags/tutorial_etl_dag.py
[2023-06-02 14:47:43,865] {processor.py:651} INFO - DAG(s) dict_keys(['tutorial_etl_dag']) retrieved from /home/airflow/.local/lib/python3.7/site-packages/airflow/example_dags/tutorial_etl_dag.py
[2023-06-02 14:47:43,883] {logging_mixin.py:115} INFO - [2023-06-02 14:47:43,882] {dag.py:2420} INFO - Sync 1 DAGs
[2023-06-02 14:47:43,896] {logging_mixin.py:115} INFO - [2023-06-02 14:47:43,896] {dag.py:2972} INFO - Setting next_dagrun for tutorial_etl_dag to None, run_after=None
[2023-06-02 14:47:43,904] {processor.py:161} INFO - Processing /home/airflow/.local/lib/python3.7/site-packages/airflow/example_dags/tutorial_etl_dag.py took 0.049 seconds
[2023-06-02 14:48:14,457] {processor.py:153} INFO - Started process (PID=1705) to work on /home/airflow/.local/lib/python3.7/site-packages/airflow/example_dags/tutorial_etl_dag.py
[2023-06-02 14:48:14,458] {processor.py:641} INFO - Processing file /home/airflow/.local/lib/python3.7/site-packages/airflow/example_dags/tutorial_etl_dag.py for tasks to queue
[2023-06-02 14:48:14,460] {logging_mixin.py:115} INFO - [2023-06-02 14:48:14,460] {dagbag.py:508} INFO - Filling up the DagBag from /home/airflow/.local/lib/python3.7/site-packages/airflow/example_dags/tutorial_etl_dag.py
[2023-06-02 14:48:14,464] {processor.py:651} INFO - DAG(s) dict_keys(['tutorial_etl_dag']) retrieved from /home/airflow/.local/lib/python3.7/site-packages/airflow/example_dags/tutorial_etl_dag.py
[2023-06-02 14:48:14,480] {logging_mixin.py:115} INFO - [2023-06-02 14:48:14,480] {dag.py:2420} INFO - Sync 1 DAGs
[2023-06-02 14:48:14,492] {logging_mixin.py:115} INFO - [2023-06-02 14:48:14,492] {dag.py:2972} INFO - Setting next_dagrun for tutorial_etl_dag to None, run_after=None
[2023-06-02 14:48:14,499] {processor.py:161} INFO - Processing /home/airflow/.local/lib/python3.7/site-packages/airflow/example_dags/tutorial_etl_dag.py took 0.044 seconds
[2023-06-02 14:48:45,110] {processor.py:153} INFO - Started process (PID=1767) to work on /home/airflow/.local/lib/python3.7/site-packages/airflow/example_dags/tutorial_etl_dag.py
[2023-06-02 14:48:45,112] {processor.py:641} INFO - Processing file /home/airflow/.local/lib/python3.7/site-packages/airflow/example_dags/tutorial_etl_dag.py for tasks to queue
[2023-06-02 14:48:45,113] {logging_mixin.py:115} INFO - [2023-06-02 14:48:45,112] {dagbag.py:508} INFO - Filling up the DagBag from /home/airflow/.local/lib/python3.7/site-packages/airflow/example_dags/tutorial_etl_dag.py
[2023-06-02 14:48:45,118] {processor.py:651} INFO - DAG(s) dict_keys(['tutorial_etl_dag']) retrieved from /home/airflow/.local/lib/python3.7/site-packages/airflow/example_dags/tutorial_etl_dag.py
[2023-06-02 14:48:45,139] {logging_mixin.py:115} INFO - [2023-06-02 14:48:45,139] {dag.py:2420} INFO - Sync 1 DAGs
[2023-06-02 14:48:45,152] {logging_mixin.py:115} INFO - [2023-06-02 14:48:45,152] {dag.py:2972} INFO - Setting next_dagrun for tutorial_etl_dag to None, run_after=None
[2023-06-02 14:48:45,160] {processor.py:161} INFO - Processing /home/airflow/.local/lib/python3.7/site-packages/airflow/example_dags/tutorial_etl_dag.py took 0.052 seconds
[2023-06-02 14:49:15,735] {processor.py:153} INFO - Started process (PID=1828) to work on /home/airflow/.local/lib/python3.7/site-packages/airflow/example_dags/tutorial_etl_dag.py
[2023-06-02 14:49:15,736] {processor.py:641} INFO - Processing file /home/airflow/.local/lib/python3.7/site-packages/airflow/example_dags/tutorial_etl_dag.py for tasks to queue
[2023-06-02 14:49:15,738] {logging_mixin.py:115} INFO - [2023-06-02 14:49:15,738] {dagbag.py:508} INFO - Filling up the DagBag from /home/airflow/.local/lib/python3.7/site-packages/airflow/example_dags/tutorial_etl_dag.py
[2023-06-02 14:49:15,744] {processor.py:651} INFO - DAG(s) dict_keys(['tutorial_etl_dag']) retrieved from /home/airflow/.local/lib/python3.7/site-packages/airflow/example_dags/tutorial_etl_dag.py
[2023-06-02 14:49:15,764] {logging_mixin.py:115} INFO - [2023-06-02 14:49:15,764] {dag.py:2420} INFO - Sync 1 DAGs
[2023-06-02 14:49:15,777] {logging_mixin.py:115} INFO - [2023-06-02 14:49:15,777] {dag.py:2972} INFO - Setting next_dagrun for tutorial_etl_dag to None, run_after=None
[2023-06-02 14:49:15,786] {processor.py:161} INFO - Processing /home/airflow/.local/lib/python3.7/site-packages/airflow/example_dags/tutorial_etl_dag.py took 0.054 seconds
[2023-06-02 14:49:46,281] {processor.py:153} INFO - Started process (PID=1890) to work on /home/airflow/.local/lib/python3.7/site-packages/airflow/example_dags/tutorial_etl_dag.py
[2023-06-02 14:49:46,283] {processor.py:641} INFO - Processing file /home/airflow/.local/lib/python3.7/site-packages/airflow/example_dags/tutorial_etl_dag.py for tasks to queue
[2023-06-02 14:49:46,284] {logging_mixin.py:115} INFO - [2023-06-02 14:49:46,284] {dagbag.py:508} INFO - Filling up the DagBag from /home/airflow/.local/lib/python3.7/site-packages/airflow/example_dags/tutorial_etl_dag.py
[2023-06-02 14:49:46,290] {processor.py:651} INFO - DAG(s) dict_keys(['tutorial_etl_dag']) retrieved from /home/airflow/.local/lib/python3.7/site-packages/airflow/example_dags/tutorial_etl_dag.py
[2023-06-02 14:49:46,309] {logging_mixin.py:115} INFO - [2023-06-02 14:49:46,309] {dag.py:2420} INFO - Sync 1 DAGs
[2023-06-02 14:49:46,322] {logging_mixin.py:115} INFO - [2023-06-02 14:49:46,322] {dag.py:2972} INFO - Setting next_dagrun for tutorial_etl_dag to None, run_after=None
[2023-06-02 14:49:46,332] {processor.py:161} INFO - Processing /home/airflow/.local/lib/python3.7/site-packages/airflow/example_dags/tutorial_etl_dag.py took 0.053 seconds
[2023-06-02 14:50:46,039] {processor.py:153} INFO - Started process (PID=39) to work on /home/airflow/.local/lib/python3.7/site-packages/airflow/example_dags/tutorial_etl_dag.py
[2023-06-02 14:50:46,041] {processor.py:641} INFO - Processing file /home/airflow/.local/lib/python3.7/site-packages/airflow/example_dags/tutorial_etl_dag.py for tasks to queue
[2023-06-02 14:50:46,043] {logging_mixin.py:115} INFO - [2023-06-02 14:50:46,043] {dagbag.py:508} INFO - Filling up the DagBag from /home/airflow/.local/lib/python3.7/site-packages/airflow/example_dags/tutorial_etl_dag.py
[2023-06-02 14:50:46,049] {processor.py:651} INFO - DAG(s) dict_keys(['tutorial_etl_dag']) retrieved from /home/airflow/.local/lib/python3.7/site-packages/airflow/example_dags/tutorial_etl_dag.py
[2023-06-02 14:50:46,068] {logging_mixin.py:115} INFO - [2023-06-02 14:50:46,068] {dag.py:2420} INFO - Sync 1 DAGs
[2023-06-02 14:50:46,083] {logging_mixin.py:115} INFO - [2023-06-02 14:50:46,083] {dag.py:2972} INFO - Setting next_dagrun for tutorial_etl_dag to None, run_after=None
[2023-06-02 14:50:46,091] {processor.py:161} INFO - Processing /home/airflow/.local/lib/python3.7/site-packages/airflow/example_dags/tutorial_etl_dag.py took 0.054 seconds
[2023-06-02 14:51:16,415] {processor.py:153} INFO - Started process (PID=99) to work on /home/airflow/.local/lib/python3.7/site-packages/airflow/example_dags/tutorial_etl_dag.py
[2023-06-02 14:51:16,416] {processor.py:641} INFO - Processing file /home/airflow/.local/lib/python3.7/site-packages/airflow/example_dags/tutorial_etl_dag.py for tasks to queue
[2023-06-02 14:51:16,417] {logging_mixin.py:115} INFO - [2023-06-02 14:51:16,417] {dagbag.py:508} INFO - Filling up the DagBag from /home/airflow/.local/lib/python3.7/site-packages/airflow/example_dags/tutorial_etl_dag.py
[2023-06-02 14:51:16,422] {processor.py:651} INFO - DAG(s) dict_keys(['tutorial_etl_dag']) retrieved from /home/airflow/.local/lib/python3.7/site-packages/airflow/example_dags/tutorial_etl_dag.py
[2023-06-02 14:51:16,443] {logging_mixin.py:115} INFO - [2023-06-02 14:51:16,443] {dag.py:2420} INFO - Sync 1 DAGs
[2023-06-02 14:51:16,456] {logging_mixin.py:115} INFO - [2023-06-02 14:51:16,455] {dag.py:2972} INFO - Setting next_dagrun for tutorial_etl_dag to None, run_after=None
[2023-06-02 14:51:16,463] {processor.py:161} INFO - Processing /home/airflow/.local/lib/python3.7/site-packages/airflow/example_dags/tutorial_etl_dag.py took 0.052 seconds
[2023-06-02 14:51:47,165] {processor.py:153} INFO - Started process (PID=159) to work on /home/airflow/.local/lib/python3.7/site-packages/airflow/example_dags/tutorial_etl_dag.py
[2023-06-02 14:51:47,166] {processor.py:641} INFO - Processing file /home/airflow/.local/lib/python3.7/site-packages/airflow/example_dags/tutorial_etl_dag.py for tasks to queue
[2023-06-02 14:51:47,168] {logging_mixin.py:115} INFO - [2023-06-02 14:51:47,168] {dagbag.py:508} INFO - Filling up the DagBag from /home/airflow/.local/lib/python3.7/site-packages/airflow/example_dags/tutorial_etl_dag.py
[2023-06-02 14:51:47,173] {processor.py:651} INFO - DAG(s) dict_keys(['tutorial_etl_dag']) retrieved from /home/airflow/.local/lib/python3.7/site-packages/airflow/example_dags/tutorial_etl_dag.py
[2023-06-02 14:51:47,189] {logging_mixin.py:115} INFO - [2023-06-02 14:51:47,189] {dag.py:2420} INFO - Sync 1 DAGs
[2023-06-02 14:51:47,201] {logging_mixin.py:115} INFO - [2023-06-02 14:51:47,201] {dag.py:2972} INFO - Setting next_dagrun for tutorial_etl_dag to None, run_after=None
[2023-06-02 14:51:47,208] {processor.py:161} INFO - Processing /home/airflow/.local/lib/python3.7/site-packages/airflow/example_dags/tutorial_etl_dag.py took 0.045 seconds
[2023-06-02 14:52:17,718] {processor.py:153} INFO - Started process (PID=220) to work on /home/airflow/.local/lib/python3.7/site-packages/airflow/example_dags/tutorial_etl_dag.py
[2023-06-02 14:52:17,720] {processor.py:641} INFO - Processing file /home/airflow/.local/lib/python3.7/site-packages/airflow/example_dags/tutorial_etl_dag.py for tasks to queue
[2023-06-02 14:52:17,721] {logging_mixin.py:115} INFO - [2023-06-02 14:52:17,721] {dagbag.py:508} INFO - Filling up the DagBag from /home/airflow/.local/lib/python3.7/site-packages/airflow/example_dags/tutorial_etl_dag.py
[2023-06-02 14:52:17,727] {processor.py:651} INFO - DAG(s) dict_keys(['tutorial_etl_dag']) retrieved from /home/airflow/.local/lib/python3.7/site-packages/airflow/example_dags/tutorial_etl_dag.py
[2023-06-02 14:52:17,750] {logging_mixin.py:115} INFO - [2023-06-02 14:52:17,750] {dag.py:2420} INFO - Sync 1 DAGs
[2023-06-02 14:52:17,767] {logging_mixin.py:115} INFO - [2023-06-02 14:52:17,767] {dag.py:2972} INFO - Setting next_dagrun for tutorial_etl_dag to None, run_after=None
[2023-06-02 14:52:17,779] {processor.py:161} INFO - Processing /home/airflow/.local/lib/python3.7/site-packages/airflow/example_dags/tutorial_etl_dag.py took 0.063 seconds
[2023-06-02 14:52:48,399] {processor.py:153} INFO - Started process (PID=272) to work on /home/airflow/.local/lib/python3.7/site-packages/airflow/example_dags/tutorial_etl_dag.py
[2023-06-02 14:52:48,400] {processor.py:641} INFO - Processing file /home/airflow/.local/lib/python3.7/site-packages/airflow/example_dags/tutorial_etl_dag.py for tasks to queue
[2023-06-02 14:52:48,402] {logging_mixin.py:115} INFO - [2023-06-02 14:52:48,402] {dagbag.py:508} INFO - Filling up the DagBag from /home/airflow/.local/lib/python3.7/site-packages/airflow/example_dags/tutorial_etl_dag.py
[2023-06-02 14:52:48,407] {processor.py:651} INFO - DAG(s) dict_keys(['tutorial_etl_dag']) retrieved from /home/airflow/.local/lib/python3.7/site-packages/airflow/example_dags/tutorial_etl_dag.py
[2023-06-02 14:52:48,425] {logging_mixin.py:115} INFO - [2023-06-02 14:52:48,425] {dag.py:2420} INFO - Sync 1 DAGs
[2023-06-02 14:52:48,439] {logging_mixin.py:115} INFO - [2023-06-02 14:52:48,439] {dag.py:2972} INFO - Setting next_dagrun for tutorial_etl_dag to None, run_after=None
[2023-06-02 14:52:48,447] {processor.py:161} INFO - Processing /home/airflow/.local/lib/python3.7/site-packages/airflow/example_dags/tutorial_etl_dag.py took 0.050 seconds
[2023-06-02 14:53:19,051] {processor.py:153} INFO - Started process (PID=334) to work on /home/airflow/.local/lib/python3.7/site-packages/airflow/example_dags/tutorial_etl_dag.py
[2023-06-02 14:53:19,052] {processor.py:641} INFO - Processing file /home/airflow/.local/lib/python3.7/site-packages/airflow/example_dags/tutorial_etl_dag.py for tasks to queue
[2023-06-02 14:53:19,053] {logging_mixin.py:115} INFO - [2023-06-02 14:53:19,053] {dagbag.py:508} INFO - Filling up the DagBag from /home/airflow/.local/lib/python3.7/site-packages/airflow/example_dags/tutorial_etl_dag.py
[2023-06-02 14:53:19,057] {processor.py:651} INFO - DAG(s) dict_keys(['tutorial_etl_dag']) retrieved from /home/airflow/.local/lib/python3.7/site-packages/airflow/example_dags/tutorial_etl_dag.py
[2023-06-02 14:53:19,074] {logging_mixin.py:115} INFO - [2023-06-02 14:53:19,074] {dag.py:2420} INFO - Sync 1 DAGs
[2023-06-02 14:53:19,086] {logging_mixin.py:115} INFO - [2023-06-02 14:53:19,086] {dag.py:2972} INFO - Setting next_dagrun for tutorial_etl_dag to None, run_after=None
[2023-06-02 14:53:19,093] {processor.py:161} INFO - Processing /home/airflow/.local/lib/python3.7/site-packages/airflow/example_dags/tutorial_etl_dag.py took 0.045 seconds
[2023-06-02 14:53:49,683] {processor.py:153} INFO - Started process (PID=395) to work on /home/airflow/.local/lib/python3.7/site-packages/airflow/example_dags/tutorial_etl_dag.py
[2023-06-02 14:53:49,685] {processor.py:641} INFO - Processing file /home/airflow/.local/lib/python3.7/site-packages/airflow/example_dags/tutorial_etl_dag.py for tasks to queue
[2023-06-02 14:53:49,686] {logging_mixin.py:115} INFO - [2023-06-02 14:53:49,686] {dagbag.py:508} INFO - Filling up the DagBag from /home/airflow/.local/lib/python3.7/site-packages/airflow/example_dags/tutorial_etl_dag.py
[2023-06-02 14:53:49,691] {processor.py:651} INFO - DAG(s) dict_keys(['tutorial_etl_dag']) retrieved from /home/airflow/.local/lib/python3.7/site-packages/airflow/example_dags/tutorial_etl_dag.py
[2023-06-02 14:53:49,710] {logging_mixin.py:115} INFO - [2023-06-02 14:53:49,710] {dag.py:2420} INFO - Sync 1 DAGs
[2023-06-02 14:53:49,725] {logging_mixin.py:115} INFO - [2023-06-02 14:53:49,725] {dag.py:2972} INFO - Setting next_dagrun for tutorial_etl_dag to None, run_after=None
[2023-06-02 14:53:49,732] {processor.py:161} INFO - Processing /home/airflow/.local/lib/python3.7/site-packages/airflow/example_dags/tutorial_etl_dag.py took 0.051 seconds
[2023-06-02 14:54:20,273] {processor.py:153} INFO - Started process (PID=457) to work on /home/airflow/.local/lib/python3.7/site-packages/airflow/example_dags/tutorial_etl_dag.py
[2023-06-02 14:54:20,275] {processor.py:641} INFO - Processing file /home/airflow/.local/lib/python3.7/site-packages/airflow/example_dags/tutorial_etl_dag.py for tasks to queue
[2023-06-02 14:54:20,276] {logging_mixin.py:115} INFO - [2023-06-02 14:54:20,276] {dagbag.py:508} INFO - Filling up the DagBag from /home/airflow/.local/lib/python3.7/site-packages/airflow/example_dags/tutorial_etl_dag.py
[2023-06-02 14:54:20,280] {processor.py:651} INFO - DAG(s) dict_keys(['tutorial_etl_dag']) retrieved from /home/airflow/.local/lib/python3.7/site-packages/airflow/example_dags/tutorial_etl_dag.py
[2023-06-02 14:54:20,297] {logging_mixin.py:115} INFO - [2023-06-02 14:54:20,297] {dag.py:2420} INFO - Sync 1 DAGs
[2023-06-02 14:54:20,308] {logging_mixin.py:115} INFO - [2023-06-02 14:54:20,308] {dag.py:2972} INFO - Setting next_dagrun for tutorial_etl_dag to None, run_after=None
[2023-06-02 14:54:20,314] {processor.py:161} INFO - Processing /home/airflow/.local/lib/python3.7/site-packages/airflow/example_dags/tutorial_etl_dag.py took 0.043 seconds
[2023-06-02 14:54:50,986] {processor.py:153} INFO - Started process (PID=518) to work on /home/airflow/.local/lib/python3.7/site-packages/airflow/example_dags/tutorial_etl_dag.py
[2023-06-02 14:54:50,987] {processor.py:641} INFO - Processing file /home/airflow/.local/lib/python3.7/site-packages/airflow/example_dags/tutorial_etl_dag.py for tasks to queue
[2023-06-02 14:54:50,989] {logging_mixin.py:115} INFO - [2023-06-02 14:54:50,988] {dagbag.py:508} INFO - Filling up the DagBag from /home/airflow/.local/lib/python3.7/site-packages/airflow/example_dags/tutorial_etl_dag.py
[2023-06-02 14:54:50,994] {processor.py:651} INFO - DAG(s) dict_keys(['tutorial_etl_dag']) retrieved from /home/airflow/.local/lib/python3.7/site-packages/airflow/example_dags/tutorial_etl_dag.py
[2023-06-02 14:54:51,011] {logging_mixin.py:115} INFO - [2023-06-02 14:54:51,011] {dag.py:2420} INFO - Sync 1 DAGs
[2023-06-02 14:54:51,026] {logging_mixin.py:115} INFO - [2023-06-02 14:54:51,026] {dag.py:2972} INFO - Setting next_dagrun for tutorial_etl_dag to None, run_after=None
[2023-06-02 14:54:51,034] {processor.py:161} INFO - Processing /home/airflow/.local/lib/python3.7/site-packages/airflow/example_dags/tutorial_etl_dag.py took 0.050 seconds
[2023-06-02 14:55:21,581] {processor.py:153} INFO - Started process (PID=579) to work on /home/airflow/.local/lib/python3.7/site-packages/airflow/example_dags/tutorial_etl_dag.py
[2023-06-02 14:55:21,585] {processor.py:641} INFO - Processing file /home/airflow/.local/lib/python3.7/site-packages/airflow/example_dags/tutorial_etl_dag.py for tasks to queue
[2023-06-02 14:55:21,586] {logging_mixin.py:115} INFO - [2023-06-02 14:55:21,586] {dagbag.py:508} INFO - Filling up the DagBag from /home/airflow/.local/lib/python3.7/site-packages/airflow/example_dags/tutorial_etl_dag.py
[2023-06-02 14:55:21,592] {processor.py:651} INFO - DAG(s) dict_keys(['tutorial_etl_dag']) retrieved from /home/airflow/.local/lib/python3.7/site-packages/airflow/example_dags/tutorial_etl_dag.py
[2023-06-02 14:55:21,615] {logging_mixin.py:115} INFO - [2023-06-02 14:55:21,615] {dag.py:2420} INFO - Sync 1 DAGs
[2023-06-02 14:55:21,631] {logging_mixin.py:115} INFO - [2023-06-02 14:55:21,631] {dag.py:2972} INFO - Setting next_dagrun for tutorial_etl_dag to None, run_after=None
[2023-06-02 14:55:21,640] {processor.py:161} INFO - Processing /home/airflow/.local/lib/python3.7/site-packages/airflow/example_dags/tutorial_etl_dag.py took 0.061 seconds
[2023-06-02 14:55:52,585] {processor.py:153} INFO - Started process (PID=631) to work on /home/airflow/.local/lib/python3.7/site-packages/airflow/example_dags/tutorial_etl_dag.py
[2023-06-02 14:55:52,587] {processor.py:641} INFO - Processing file /home/airflow/.local/lib/python3.7/site-packages/airflow/example_dags/tutorial_etl_dag.py for tasks to queue
[2023-06-02 14:55:52,589] {logging_mixin.py:115} INFO - [2023-06-02 14:55:52,589] {dagbag.py:508} INFO - Filling up the DagBag from /home/airflow/.local/lib/python3.7/site-packages/airflow/example_dags/tutorial_etl_dag.py
[2023-06-02 14:55:52,594] {processor.py:651} INFO - DAG(s) dict_keys(['tutorial_etl_dag']) retrieved from /home/airflow/.local/lib/python3.7/site-packages/airflow/example_dags/tutorial_etl_dag.py
[2023-06-02 14:55:52,615] {logging_mixin.py:115} INFO - [2023-06-02 14:55:52,614] {dag.py:2420} INFO - Sync 1 DAGs
[2023-06-02 14:55:52,628] {logging_mixin.py:115} INFO - [2023-06-02 14:55:52,628] {dag.py:2972} INFO - Setting next_dagrun for tutorial_etl_dag to None, run_after=None
[2023-06-02 14:55:52,636] {processor.py:161} INFO - Processing /home/airflow/.local/lib/python3.7/site-packages/airflow/example_dags/tutorial_etl_dag.py took 0.053 seconds
[2023-06-02 14:56:23,212] {processor.py:153} INFO - Started process (PID=691) to work on /home/airflow/.local/lib/python3.7/site-packages/airflow/example_dags/tutorial_etl_dag.py
[2023-06-02 14:56:23,214] {processor.py:641} INFO - Processing file /home/airflow/.local/lib/python3.7/site-packages/airflow/example_dags/tutorial_etl_dag.py for tasks to queue
[2023-06-02 14:56:23,215] {logging_mixin.py:115} INFO - [2023-06-02 14:56:23,215] {dagbag.py:508} INFO - Filling up the DagBag from /home/airflow/.local/lib/python3.7/site-packages/airflow/example_dags/tutorial_etl_dag.py
[2023-06-02 14:56:23,219] {processor.py:651} INFO - DAG(s) dict_keys(['tutorial_etl_dag']) retrieved from /home/airflow/.local/lib/python3.7/site-packages/airflow/example_dags/tutorial_etl_dag.py
[2023-06-02 14:56:23,235] {logging_mixin.py:115} INFO - [2023-06-02 14:56:23,235] {dag.py:2420} INFO - Sync 1 DAGs
[2023-06-02 14:56:23,246] {logging_mixin.py:115} INFO - [2023-06-02 14:56:23,246] {dag.py:2972} INFO - Setting next_dagrun for tutorial_etl_dag to None, run_after=None
[2023-06-02 14:56:23,252] {processor.py:161} INFO - Processing /home/airflow/.local/lib/python3.7/site-packages/airflow/example_dags/tutorial_etl_dag.py took 0.042 seconds
[2023-06-02 14:56:53,868] {processor.py:153} INFO - Started process (PID=753) to work on /home/airflow/.local/lib/python3.7/site-packages/airflow/example_dags/tutorial_etl_dag.py
[2023-06-02 14:56:53,869] {processor.py:641} INFO - Processing file /home/airflow/.local/lib/python3.7/site-packages/airflow/example_dags/tutorial_etl_dag.py for tasks to queue
[2023-06-02 14:56:53,871] {logging_mixin.py:115} INFO - [2023-06-02 14:56:53,871] {dagbag.py:508} INFO - Filling up the DagBag from /home/airflow/.local/lib/python3.7/site-packages/airflow/example_dags/tutorial_etl_dag.py
[2023-06-02 14:56:53,878] {processor.py:651} INFO - DAG(s) dict_keys(['tutorial_etl_dag']) retrieved from /home/airflow/.local/lib/python3.7/site-packages/airflow/example_dags/tutorial_etl_dag.py
[2023-06-02 14:56:53,897] {logging_mixin.py:115} INFO - [2023-06-02 14:56:53,897] {dag.py:2420} INFO - Sync 1 DAGs
[2023-06-02 14:56:53,912] {logging_mixin.py:115} INFO - [2023-06-02 14:56:53,912] {dag.py:2972} INFO - Setting next_dagrun for tutorial_etl_dag to None, run_after=None
[2023-06-02 14:56:53,920] {processor.py:161} INFO - Processing /home/airflow/.local/lib/python3.7/site-packages/airflow/example_dags/tutorial_etl_dag.py took 0.054 seconds
[2023-06-02 14:57:24,389] {processor.py:153} INFO - Started process (PID=815) to work on /home/airflow/.local/lib/python3.7/site-packages/airflow/example_dags/tutorial_etl_dag.py
[2023-06-02 14:57:24,391] {processor.py:641} INFO - Processing file /home/airflow/.local/lib/python3.7/site-packages/airflow/example_dags/tutorial_etl_dag.py for tasks to queue
[2023-06-02 14:57:24,393] {logging_mixin.py:115} INFO - [2023-06-02 14:57:24,393] {dagbag.py:508} INFO - Filling up the DagBag from /home/airflow/.local/lib/python3.7/site-packages/airflow/example_dags/tutorial_etl_dag.py
[2023-06-02 14:57:24,398] {processor.py:651} INFO - DAG(s) dict_keys(['tutorial_etl_dag']) retrieved from /home/airflow/.local/lib/python3.7/site-packages/airflow/example_dags/tutorial_etl_dag.py
[2023-06-02 14:57:24,420] {logging_mixin.py:115} INFO - [2023-06-02 14:57:24,420] {dag.py:2420} INFO - Sync 1 DAGs
[2023-06-02 14:57:24,434] {logging_mixin.py:115} INFO - [2023-06-02 14:57:24,434] {dag.py:2972} INFO - Setting next_dagrun for tutorial_etl_dag to None, run_after=None
[2023-06-02 14:57:24,442] {processor.py:161} INFO - Processing /home/airflow/.local/lib/python3.7/site-packages/airflow/example_dags/tutorial_etl_dag.py took 0.055 seconds
[2023-06-02 14:57:55,004] {processor.py:153} INFO - Started process (PID=876) to work on /home/airflow/.local/lib/python3.7/site-packages/airflow/example_dags/tutorial_etl_dag.py
[2023-06-02 14:57:55,006] {processor.py:641} INFO - Processing file /home/airflow/.local/lib/python3.7/site-packages/airflow/example_dags/tutorial_etl_dag.py for tasks to queue
[2023-06-02 14:57:55,007] {logging_mixin.py:115} INFO - [2023-06-02 14:57:55,007] {dagbag.py:508} INFO - Filling up the DagBag from /home/airflow/.local/lib/python3.7/site-packages/airflow/example_dags/tutorial_etl_dag.py
[2023-06-02 14:57:55,012] {processor.py:651} INFO - DAG(s) dict_keys(['tutorial_etl_dag']) retrieved from /home/airflow/.local/lib/python3.7/site-packages/airflow/example_dags/tutorial_etl_dag.py
[2023-06-02 14:57:55,031] {logging_mixin.py:115} INFO - [2023-06-02 14:57:55,031] {dag.py:2420} INFO - Sync 1 DAGs
[2023-06-02 14:57:55,046] {logging_mixin.py:115} INFO - [2023-06-02 14:57:55,046] {dag.py:2972} INFO - Setting next_dagrun for tutorial_etl_dag to None, run_after=None
[2023-06-02 14:57:55,061] {processor.py:161} INFO - Processing /home/airflow/.local/lib/python3.7/site-packages/airflow/example_dags/tutorial_etl_dag.py took 0.059 seconds
[2023-06-02 14:58:25,603] {processor.py:153} INFO - Started process (PID=935) to work on /home/airflow/.local/lib/python3.7/site-packages/airflow/example_dags/tutorial_etl_dag.py
[2023-06-02 14:58:25,605] {processor.py:641} INFO - Processing file /home/airflow/.local/lib/python3.7/site-packages/airflow/example_dags/tutorial_etl_dag.py for tasks to queue
[2023-06-02 14:58:25,608] {logging_mixin.py:115} INFO - [2023-06-02 14:58:25,607] {dagbag.py:508} INFO - Filling up the DagBag from /home/airflow/.local/lib/python3.7/site-packages/airflow/example_dags/tutorial_etl_dag.py
[2023-06-02 14:58:25,616] {processor.py:651} INFO - DAG(s) dict_keys(['tutorial_etl_dag']) retrieved from /home/airflow/.local/lib/python3.7/site-packages/airflow/example_dags/tutorial_etl_dag.py
[2023-06-02 14:58:25,641] {logging_mixin.py:115} INFO - [2023-06-02 14:58:25,641] {dag.py:2420} INFO - Sync 1 DAGs
[2023-06-02 14:58:25,658] {logging_mixin.py:115} INFO - [2023-06-02 14:58:25,658] {dag.py:2972} INFO - Setting next_dagrun for tutorial_etl_dag to None, run_after=None
[2023-06-02 14:58:25,670] {processor.py:161} INFO - Processing /home/airflow/.local/lib/python3.7/site-packages/airflow/example_dags/tutorial_etl_dag.py took 0.070 seconds
[2023-06-02 14:58:56,412] {processor.py:153} INFO - Started process (PID=989) to work on /home/airflow/.local/lib/python3.7/site-packages/airflow/example_dags/tutorial_etl_dag.py
[2023-06-02 14:58:56,414] {processor.py:641} INFO - Processing file /home/airflow/.local/lib/python3.7/site-packages/airflow/example_dags/tutorial_etl_dag.py for tasks to queue
[2023-06-02 14:58:56,415] {logging_mixin.py:115} INFO - [2023-06-02 14:58:56,415] {dagbag.py:508} INFO - Filling up the DagBag from /home/airflow/.local/lib/python3.7/site-packages/airflow/example_dags/tutorial_etl_dag.py
[2023-06-02 14:58:56,420] {processor.py:651} INFO - DAG(s) dict_keys(['tutorial_etl_dag']) retrieved from /home/airflow/.local/lib/python3.7/site-packages/airflow/example_dags/tutorial_etl_dag.py
[2023-06-02 14:58:56,439] {logging_mixin.py:115} INFO - [2023-06-02 14:58:56,439] {dag.py:2420} INFO - Sync 1 DAGs
[2023-06-02 14:58:56,454] {logging_mixin.py:115} INFO - [2023-06-02 14:58:56,454] {dag.py:2972} INFO - Setting next_dagrun for tutorial_etl_dag to None, run_after=None
[2023-06-02 14:58:56,463] {processor.py:161} INFO - Processing /home/airflow/.local/lib/python3.7/site-packages/airflow/example_dags/tutorial_etl_dag.py took 0.053 seconds
[2023-06-02 14:59:27,040] {processor.py:153} INFO - Started process (PID=1050) to work on /home/airflow/.local/lib/python3.7/site-packages/airflow/example_dags/tutorial_etl_dag.py
[2023-06-02 14:59:27,041] {processor.py:641} INFO - Processing file /home/airflow/.local/lib/python3.7/site-packages/airflow/example_dags/tutorial_etl_dag.py for tasks to queue
[2023-06-02 14:59:27,042] {logging_mixin.py:115} INFO - [2023-06-02 14:59:27,042] {dagbag.py:508} INFO - Filling up the DagBag from /home/airflow/.local/lib/python3.7/site-packages/airflow/example_dags/tutorial_etl_dag.py
[2023-06-02 14:59:27,046] {processor.py:651} INFO - DAG(s) dict_keys(['tutorial_etl_dag']) retrieved from /home/airflow/.local/lib/python3.7/site-packages/airflow/example_dags/tutorial_etl_dag.py
[2023-06-02 14:59:27,062] {logging_mixin.py:115} INFO - [2023-06-02 14:59:27,062] {dag.py:2420} INFO - Sync 1 DAGs
[2023-06-02 14:59:27,074] {logging_mixin.py:115} INFO - [2023-06-02 14:59:27,074] {dag.py:2972} INFO - Setting next_dagrun for tutorial_etl_dag to None, run_after=None
[2023-06-02 14:59:27,080] {processor.py:161} INFO - Processing /home/airflow/.local/lib/python3.7/site-packages/airflow/example_dags/tutorial_etl_dag.py took 0.042 seconds
[2023-06-02 14:59:57,650] {processor.py:153} INFO - Started process (PID=1111) to work on /home/airflow/.local/lib/python3.7/site-packages/airflow/example_dags/tutorial_etl_dag.py
[2023-06-02 14:59:57,651] {processor.py:641} INFO - Processing file /home/airflow/.local/lib/python3.7/site-packages/airflow/example_dags/tutorial_etl_dag.py for tasks to queue
[2023-06-02 14:59:57,654] {logging_mixin.py:115} INFO - [2023-06-02 14:59:57,654] {dagbag.py:508} INFO - Filling up the DagBag from /home/airflow/.local/lib/python3.7/site-packages/airflow/example_dags/tutorial_etl_dag.py
[2023-06-02 14:59:57,659] {processor.py:651} INFO - DAG(s) dict_keys(['tutorial_etl_dag']) retrieved from /home/airflow/.local/lib/python3.7/site-packages/airflow/example_dags/tutorial_etl_dag.py
[2023-06-02 14:59:57,682] {logging_mixin.py:115} INFO - [2023-06-02 14:59:57,682] {dag.py:2420} INFO - Sync 1 DAGs
[2023-06-02 14:59:57,695] {logging_mixin.py:115} INFO - [2023-06-02 14:59:57,695] {dag.py:2972} INFO - Setting next_dagrun for tutorial_etl_dag to None, run_after=None
[2023-06-02 14:59:57,704] {processor.py:161} INFO - Processing /home/airflow/.local/lib/python3.7/site-packages/airflow/example_dags/tutorial_etl_dag.py took 0.056 seconds
[2023-06-02 15:00:28,291] {processor.py:153} INFO - Started process (PID=1172) to work on /home/airflow/.local/lib/python3.7/site-packages/airflow/example_dags/tutorial_etl_dag.py
[2023-06-02 15:00:28,293] {processor.py:641} INFO - Processing file /home/airflow/.local/lib/python3.7/site-packages/airflow/example_dags/tutorial_etl_dag.py for tasks to queue
[2023-06-02 15:00:28,295] {logging_mixin.py:115} INFO - [2023-06-02 15:00:28,295] {dagbag.py:508} INFO - Filling up the DagBag from /home/airflow/.local/lib/python3.7/site-packages/airflow/example_dags/tutorial_etl_dag.py
[2023-06-02 15:00:28,300] {processor.py:651} INFO - DAG(s) dict_keys(['tutorial_etl_dag']) retrieved from /home/airflow/.local/lib/python3.7/site-packages/airflow/example_dags/tutorial_etl_dag.py
[2023-06-02 15:00:28,316] {logging_mixin.py:115} INFO - [2023-06-02 15:00:28,316] {dag.py:2420} INFO - Sync 1 DAGs
[2023-06-02 15:00:28,328] {logging_mixin.py:115} INFO - [2023-06-02 15:00:28,328] {dag.py:2972} INFO - Setting next_dagrun for tutorial_etl_dag to None, run_after=None
[2023-06-02 15:00:28,335] {processor.py:161} INFO - Processing /home/airflow/.local/lib/python3.7/site-packages/airflow/example_dags/tutorial_etl_dag.py took 0.046 seconds
[2023-06-02 15:00:59,016] {processor.py:153} INFO - Started process (PID=1232) to work on /home/airflow/.local/lib/python3.7/site-packages/airflow/example_dags/tutorial_etl_dag.py
[2023-06-02 15:00:59,018] {processor.py:641} INFO - Processing file /home/airflow/.local/lib/python3.7/site-packages/airflow/example_dags/tutorial_etl_dag.py for tasks to queue
[2023-06-02 15:00:59,020] {logging_mixin.py:115} INFO - [2023-06-02 15:00:59,020] {dagbag.py:508} INFO - Filling up the DagBag from /home/airflow/.local/lib/python3.7/site-packages/airflow/example_dags/tutorial_etl_dag.py
[2023-06-02 15:00:59,027] {processor.py:651} INFO - DAG(s) dict_keys(['tutorial_etl_dag']) retrieved from /home/airflow/.local/lib/python3.7/site-packages/airflow/example_dags/tutorial_etl_dag.py
[2023-06-02 15:00:59,057] {logging_mixin.py:115} INFO - [2023-06-02 15:00:59,057] {dag.py:2420} INFO - Sync 1 DAGs
[2023-06-02 15:00:59,078] {logging_mixin.py:115} INFO - [2023-06-02 15:00:59,078] {dag.py:2972} INFO - Setting next_dagrun for tutorial_etl_dag to None, run_after=None
[2023-06-02 15:00:59,089] {processor.py:161} INFO - Processing /home/airflow/.local/lib/python3.7/site-packages/airflow/example_dags/tutorial_etl_dag.py took 0.075 seconds
[2023-06-02 15:01:29,612] {processor.py:153} INFO - Started process (PID=1283) to work on /home/airflow/.local/lib/python3.7/site-packages/airflow/example_dags/tutorial_etl_dag.py
[2023-06-02 15:01:29,613] {processor.py:641} INFO - Processing file /home/airflow/.local/lib/python3.7/site-packages/airflow/example_dags/tutorial_etl_dag.py for tasks to queue
[2023-06-02 15:01:29,614] {logging_mixin.py:115} INFO - [2023-06-02 15:01:29,614] {dagbag.py:508} INFO - Filling up the DagBag from /home/airflow/.local/lib/python3.7/site-packages/airflow/example_dags/tutorial_etl_dag.py
[2023-06-02 15:01:29,619] {processor.py:651} INFO - DAG(s) dict_keys(['tutorial_etl_dag']) retrieved from /home/airflow/.local/lib/python3.7/site-packages/airflow/example_dags/tutorial_etl_dag.py
[2023-06-02 15:01:29,638] {logging_mixin.py:115} INFO - [2023-06-02 15:01:29,638] {dag.py:2420} INFO - Sync 1 DAGs
[2023-06-02 15:01:29,651] {logging_mixin.py:115} INFO - [2023-06-02 15:01:29,651] {dag.py:2972} INFO - Setting next_dagrun for tutorial_etl_dag to None, run_after=None
[2023-06-02 15:01:29,658] {processor.py:161} INFO - Processing /home/airflow/.local/lib/python3.7/site-packages/airflow/example_dags/tutorial_etl_dag.py took 0.049 seconds
[2023-06-02 15:02:00,147] {processor.py:153} INFO - Started process (PID=1344) to work on /home/airflow/.local/lib/python3.7/site-packages/airflow/example_dags/tutorial_etl_dag.py
[2023-06-02 15:02:00,148] {processor.py:641} INFO - Processing file /home/airflow/.local/lib/python3.7/site-packages/airflow/example_dags/tutorial_etl_dag.py for tasks to queue
[2023-06-02 15:02:00,149] {logging_mixin.py:115} INFO - [2023-06-02 15:02:00,149] {dagbag.py:508} INFO - Filling up the DagBag from /home/airflow/.local/lib/python3.7/site-packages/airflow/example_dags/tutorial_etl_dag.py
[2023-06-02 15:02:00,155] {processor.py:651} INFO - DAG(s) dict_keys(['tutorial_etl_dag']) retrieved from /home/airflow/.local/lib/python3.7/site-packages/airflow/example_dags/tutorial_etl_dag.py
[2023-06-02 15:02:00,177] {logging_mixin.py:115} INFO - [2023-06-02 15:02:00,177] {dag.py:2420} INFO - Sync 1 DAGs
[2023-06-02 15:02:00,190] {logging_mixin.py:115} INFO - [2023-06-02 15:02:00,190] {dag.py:2972} INFO - Setting next_dagrun for tutorial_etl_dag to None, run_after=None
[2023-06-02 15:02:00,198] {processor.py:161} INFO - Processing /home/airflow/.local/lib/python3.7/site-packages/airflow/example_dags/tutorial_etl_dag.py took 0.053 seconds
[2023-06-02 15:02:30,638] {processor.py:153} INFO - Started process (PID=1405) to work on /home/airflow/.local/lib/python3.7/site-packages/airflow/example_dags/tutorial_etl_dag.py
[2023-06-02 15:02:30,639] {processor.py:641} INFO - Processing file /home/airflow/.local/lib/python3.7/site-packages/airflow/example_dags/tutorial_etl_dag.py for tasks to queue
[2023-06-02 15:02:30,641] {logging_mixin.py:115} INFO - [2023-06-02 15:02:30,641] {dagbag.py:508} INFO - Filling up the DagBag from /home/airflow/.local/lib/python3.7/site-packages/airflow/example_dags/tutorial_etl_dag.py
[2023-06-02 15:02:30,646] {processor.py:651} INFO - DAG(s) dict_keys(['tutorial_etl_dag']) retrieved from /home/airflow/.local/lib/python3.7/site-packages/airflow/example_dags/tutorial_etl_dag.py
[2023-06-02 15:02:30,665] {logging_mixin.py:115} INFO - [2023-06-02 15:02:30,665] {dag.py:2420} INFO - Sync 1 DAGs
[2023-06-02 15:02:30,678] {logging_mixin.py:115} INFO - [2023-06-02 15:02:30,678] {dag.py:2972} INFO - Setting next_dagrun for tutorial_etl_dag to None, run_after=None
[2023-06-02 15:02:30,686] {processor.py:161} INFO - Processing /home/airflow/.local/lib/python3.7/site-packages/airflow/example_dags/tutorial_etl_dag.py took 0.050 seconds
[2023-06-02 15:03:01,156] {processor.py:153} INFO - Started process (PID=1466) to work on /home/airflow/.local/lib/python3.7/site-packages/airflow/example_dags/tutorial_etl_dag.py
[2023-06-02 15:03:01,157] {processor.py:641} INFO - Processing file /home/airflow/.local/lib/python3.7/site-packages/airflow/example_dags/tutorial_etl_dag.py for tasks to queue
[2023-06-02 15:03:01,159] {logging_mixin.py:115} INFO - [2023-06-02 15:03:01,159] {dagbag.py:508} INFO - Filling up the DagBag from /home/airflow/.local/lib/python3.7/site-packages/airflow/example_dags/tutorial_etl_dag.py
[2023-06-02 15:03:01,165] {processor.py:651} INFO - DAG(s) dict_keys(['tutorial_etl_dag']) retrieved from /home/airflow/.local/lib/python3.7/site-packages/airflow/example_dags/tutorial_etl_dag.py
[2023-06-02 15:03:01,185] {logging_mixin.py:115} INFO - [2023-06-02 15:03:01,185] {dag.py:2420} INFO - Sync 1 DAGs
[2023-06-02 15:03:01,198] {logging_mixin.py:115} INFO - [2023-06-02 15:03:01,198] {dag.py:2972} INFO - Setting next_dagrun for tutorial_etl_dag to None, run_after=None
[2023-06-02 15:03:01,206] {processor.py:161} INFO - Processing /home/airflow/.local/lib/python3.7/site-packages/airflow/example_dags/tutorial_etl_dag.py took 0.052 seconds
[2023-06-02 15:03:31,662] {processor.py:153} INFO - Started process (PID=1528) to work on /home/airflow/.local/lib/python3.7/site-packages/airflow/example_dags/tutorial_etl_dag.py
[2023-06-02 15:03:31,663] {processor.py:641} INFO - Processing file /home/airflow/.local/lib/python3.7/site-packages/airflow/example_dags/tutorial_etl_dag.py for tasks to queue
[2023-06-02 15:03:31,664] {logging_mixin.py:115} INFO - [2023-06-02 15:03:31,664] {dagbag.py:508} INFO - Filling up the DagBag from /home/airflow/.local/lib/python3.7/site-packages/airflow/example_dags/tutorial_etl_dag.py
[2023-06-02 15:03:31,670] {processor.py:651} INFO - DAG(s) dict_keys(['tutorial_etl_dag']) retrieved from /home/airflow/.local/lib/python3.7/site-packages/airflow/example_dags/tutorial_etl_dag.py
[2023-06-02 15:03:31,692] {logging_mixin.py:115} INFO - [2023-06-02 15:03:31,692] {dag.py:2420} INFO - Sync 1 DAGs
[2023-06-02 15:03:31,709] {logging_mixin.py:115} INFO - [2023-06-02 15:03:31,709] {dag.py:2972} INFO - Setting next_dagrun for tutorial_etl_dag to None, run_after=None
[2023-06-02 15:03:31,719] {processor.py:161} INFO - Processing /home/airflow/.local/lib/python3.7/site-packages/airflow/example_dags/tutorial_etl_dag.py took 0.059 seconds
[2023-06-02 15:04:02,354] {processor.py:153} INFO - Started process (PID=1589) to work on /home/airflow/.local/lib/python3.7/site-packages/airflow/example_dags/tutorial_etl_dag.py
[2023-06-02 15:04:02,356] {processor.py:641} INFO - Processing file /home/airflow/.local/lib/python3.7/site-packages/airflow/example_dags/tutorial_etl_dag.py for tasks to queue
[2023-06-02 15:04:02,358] {logging_mixin.py:115} INFO - [2023-06-02 15:04:02,358] {dagbag.py:508} INFO - Filling up the DagBag from /home/airflow/.local/lib/python3.7/site-packages/airflow/example_dags/tutorial_etl_dag.py
[2023-06-02 15:04:02,368] {processor.py:651} INFO - DAG(s) dict_keys(['tutorial_etl_dag']) retrieved from /home/airflow/.local/lib/python3.7/site-packages/airflow/example_dags/tutorial_etl_dag.py
[2023-06-02 15:04:02,389] {logging_mixin.py:115} INFO - [2023-06-02 15:04:02,389] {dag.py:2420} INFO - Sync 1 DAGs
[2023-06-02 15:04:02,407] {logging_mixin.py:115} INFO - [2023-06-02 15:04:02,407] {dag.py:2972} INFO - Setting next_dagrun for tutorial_etl_dag to None, run_after=None
[2023-06-02 15:04:02,418] {processor.py:161} INFO - Processing /home/airflow/.local/lib/python3.7/site-packages/airflow/example_dags/tutorial_etl_dag.py took 0.066 seconds
[2023-06-02 15:04:32,969] {processor.py:153} INFO - Started process (PID=1641) to work on /home/airflow/.local/lib/python3.7/site-packages/airflow/example_dags/tutorial_etl_dag.py
[2023-06-02 15:04:32,970] {processor.py:641} INFO - Processing file /home/airflow/.local/lib/python3.7/site-packages/airflow/example_dags/tutorial_etl_dag.py for tasks to queue
[2023-06-02 15:04:32,971] {logging_mixin.py:115} INFO - [2023-06-02 15:04:32,971] {dagbag.py:508} INFO - Filling up the DagBag from /home/airflow/.local/lib/python3.7/site-packages/airflow/example_dags/tutorial_etl_dag.py
[2023-06-02 15:04:32,978] {processor.py:651} INFO - DAG(s) dict_keys(['tutorial_etl_dag']) retrieved from /home/airflow/.local/lib/python3.7/site-packages/airflow/example_dags/tutorial_etl_dag.py
[2023-06-02 15:04:32,995] {logging_mixin.py:115} INFO - [2023-06-02 15:04:32,995] {dag.py:2420} INFO - Sync 1 DAGs
[2023-06-02 15:04:33,008] {logging_mixin.py:115} INFO - [2023-06-02 15:04:33,008] {dag.py:2972} INFO - Setting next_dagrun for tutorial_etl_dag to None, run_after=None
[2023-06-02 15:04:33,016] {processor.py:161} INFO - Processing /home/airflow/.local/lib/python3.7/site-packages/airflow/example_dags/tutorial_etl_dag.py took 0.050 seconds
[2023-06-02 15:05:03,756] {processor.py:153} INFO - Started process (PID=1702) to work on /home/airflow/.local/lib/python3.7/site-packages/airflow/example_dags/tutorial_etl_dag.py
[2023-06-02 15:05:03,758] {processor.py:641} INFO - Processing file /home/airflow/.local/lib/python3.7/site-packages/airflow/example_dags/tutorial_etl_dag.py for tasks to queue
[2023-06-02 15:05:03,759] {logging_mixin.py:115} INFO - [2023-06-02 15:05:03,759] {dagbag.py:508} INFO - Filling up the DagBag from /home/airflow/.local/lib/python3.7/site-packages/airflow/example_dags/tutorial_etl_dag.py
[2023-06-02 15:05:03,765] {processor.py:651} INFO - DAG(s) dict_keys(['tutorial_etl_dag']) retrieved from /home/airflow/.local/lib/python3.7/site-packages/airflow/example_dags/tutorial_etl_dag.py
[2023-06-02 15:05:03,785] {logging_mixin.py:115} INFO - [2023-06-02 15:05:03,785] {dag.py:2420} INFO - Sync 1 DAGs
[2023-06-02 15:05:03,799] {logging_mixin.py:115} INFO - [2023-06-02 15:05:03,799] {dag.py:2972} INFO - Setting next_dagrun for tutorial_etl_dag to None, run_after=None
[2023-06-02 15:05:03,806] {processor.py:161} INFO - Processing /home/airflow/.local/lib/python3.7/site-packages/airflow/example_dags/tutorial_etl_dag.py took 0.052 seconds
[2023-06-02 15:05:34,217] {processor.py:153} INFO - Started process (PID=1763) to work on /home/airflow/.local/lib/python3.7/site-packages/airflow/example_dags/tutorial_etl_dag.py
[2023-06-02 15:05:34,220] {processor.py:641} INFO - Processing file /home/airflow/.local/lib/python3.7/site-packages/airflow/example_dags/tutorial_etl_dag.py for tasks to queue
[2023-06-02 15:05:34,221] {logging_mixin.py:115} INFO - [2023-06-02 15:05:34,221] {dagbag.py:508} INFO - Filling up the DagBag from /home/airflow/.local/lib/python3.7/site-packages/airflow/example_dags/tutorial_etl_dag.py
[2023-06-02 15:05:34,228] {processor.py:651} INFO - DAG(s) dict_keys(['tutorial_etl_dag']) retrieved from /home/airflow/.local/lib/python3.7/site-packages/airflow/example_dags/tutorial_etl_dag.py
[2023-06-02 15:05:34,249] {logging_mixin.py:115} INFO - [2023-06-02 15:05:34,249] {dag.py:2420} INFO - Sync 1 DAGs
[2023-06-02 15:05:34,263] {logging_mixin.py:115} INFO - [2023-06-02 15:05:34,263] {dag.py:2972} INFO - Setting next_dagrun for tutorial_etl_dag to None, run_after=None
[2023-06-02 15:05:34,272] {processor.py:161} INFO - Processing /home/airflow/.local/lib/python3.7/site-packages/airflow/example_dags/tutorial_etl_dag.py took 0.057 seconds
[2023-06-02 15:06:04,965] {processor.py:153} INFO - Started process (PID=1823) to work on /home/airflow/.local/lib/python3.7/site-packages/airflow/example_dags/tutorial_etl_dag.py
[2023-06-02 15:06:04,966] {processor.py:641} INFO - Processing file /home/airflow/.local/lib/python3.7/site-packages/airflow/example_dags/tutorial_etl_dag.py for tasks to queue
[2023-06-02 15:06:04,968] {logging_mixin.py:115} INFO - [2023-06-02 15:06:04,968] {dagbag.py:508} INFO - Filling up the DagBag from /home/airflow/.local/lib/python3.7/site-packages/airflow/example_dags/tutorial_etl_dag.py
[2023-06-02 15:06:04,973] {processor.py:651} INFO - DAG(s) dict_keys(['tutorial_etl_dag']) retrieved from /home/airflow/.local/lib/python3.7/site-packages/airflow/example_dags/tutorial_etl_dag.py
[2023-06-02 15:06:04,992] {logging_mixin.py:115} INFO - [2023-06-02 15:06:04,992] {dag.py:2420} INFO - Sync 1 DAGs
[2023-06-02 15:06:05,007] {logging_mixin.py:115} INFO - [2023-06-02 15:06:05,007] {dag.py:2972} INFO - Setting next_dagrun for tutorial_etl_dag to None, run_after=None
[2023-06-02 15:06:05,014] {processor.py:161} INFO - Processing /home/airflow/.local/lib/python3.7/site-packages/airflow/example_dags/tutorial_etl_dag.py took 0.052 seconds
[2023-06-02 15:06:35,631] {processor.py:153} INFO - Started process (PID=1884) to work on /home/airflow/.local/lib/python3.7/site-packages/airflow/example_dags/tutorial_etl_dag.py
[2023-06-02 15:06:35,633] {processor.py:641} INFO - Processing file /home/airflow/.local/lib/python3.7/site-packages/airflow/example_dags/tutorial_etl_dag.py for tasks to queue
[2023-06-02 15:06:35,634] {logging_mixin.py:115} INFO - [2023-06-02 15:06:35,634] {dagbag.py:508} INFO - Filling up the DagBag from /home/airflow/.local/lib/python3.7/site-packages/airflow/example_dags/tutorial_etl_dag.py
[2023-06-02 15:06:35,639] {processor.py:651} INFO - DAG(s) dict_keys(['tutorial_etl_dag']) retrieved from /home/airflow/.local/lib/python3.7/site-packages/airflow/example_dags/tutorial_etl_dag.py
[2023-06-02 15:06:35,662] {logging_mixin.py:115} INFO - [2023-06-02 15:06:35,662] {dag.py:2420} INFO - Sync 1 DAGs
[2023-06-02 15:06:35,677] {logging_mixin.py:115} INFO - [2023-06-02 15:06:35,677] {dag.py:2972} INFO - Setting next_dagrun for tutorial_etl_dag to None, run_after=None
[2023-06-02 15:06:35,688] {processor.py:161} INFO - Processing /home/airflow/.local/lib/python3.7/site-packages/airflow/example_dags/tutorial_etl_dag.py took 0.059 seconds
