[2023-06-02 14:18:53,131] {processor.py:153} INFO - Started process (PID=37) to work on /home/airflow/.local/lib/python3.7/site-packages/airflow/example_dags/tutorial.py
[2023-06-02 14:18:53,134] {processor.py:641} INFO - Processing file /home/airflow/.local/lib/python3.7/site-packages/airflow/example_dags/tutorial.py for tasks to queue
[2023-06-02 14:18:53,136] {logging_mixin.py:115} INFO - [2023-06-02 14:18:53,136] {dagbag.py:508} INFO - Filling up the DagBag from /home/airflow/.local/lib/python3.7/site-packages/airflow/example_dags/tutorial.py
[2023-06-02 14:18:53,144] {processor.py:651} INFO - DAG(s) dict_keys(['tutorial']) retrieved from /home/airflow/.local/lib/python3.7/site-packages/airflow/example_dags/tutorial.py
[2023-06-02 14:18:53,243] {logging_mixin.py:115} INFO - [2023-06-02 14:18:53,243] {manager.py:508} INFO - Created Permission View: can read on DAG:tutorial
[2023-06-02 14:18:53,259] {logging_mixin.py:115} INFO - [2023-06-02 14:18:53,259] {manager.py:508} INFO - Created Permission View: can edit on DAG:tutorial
[2023-06-02 14:18:53,269] {logging_mixin.py:115} INFO - [2023-06-02 14:18:53,269] {manager.py:508} INFO - Created Permission View: can delete on DAG:tutorial
[2023-06-02 14:18:53,271] {logging_mixin.py:115} INFO - [2023-06-02 14:18:53,271] {dag.py:2420} INFO - Sync 1 DAGs
[2023-06-02 14:18:53,282] {logging_mixin.py:115} INFO - [2023-06-02 14:18:53,281] {dag.py:2439} INFO - Creating ORM DAG for tutorial
[2023-06-02 14:18:53,291] {logging_mixin.py:115} INFO - [2023-06-02 14:18:53,291] {dag.py:2972} INFO - Setting next_dagrun for tutorial to 2023-06-01T14:18:53.291387+00:00, run_after=2023-06-02T14:18:53.291387+00:00
[2023-06-02 14:18:53,309] {processor.py:161} INFO - Processing /home/airflow/.local/lib/python3.7/site-packages/airflow/example_dags/tutorial.py took 0.180 seconds
[2023-06-02 14:19:23,397] {processor.py:153} INFO - Started process (PID=98) to work on /home/airflow/.local/lib/python3.7/site-packages/airflow/example_dags/tutorial.py
[2023-06-02 14:19:23,399] {processor.py:641} INFO - Processing file /home/airflow/.local/lib/python3.7/site-packages/airflow/example_dags/tutorial.py for tasks to queue
[2023-06-02 14:19:23,400] {logging_mixin.py:115} INFO - [2023-06-02 14:19:23,399] {dagbag.py:508} INFO - Filling up the DagBag from /home/airflow/.local/lib/python3.7/site-packages/airflow/example_dags/tutorial.py
[2023-06-02 14:19:23,404] {processor.py:651} INFO - DAG(s) dict_keys(['tutorial']) retrieved from /home/airflow/.local/lib/python3.7/site-packages/airflow/example_dags/tutorial.py
[2023-06-02 14:19:23,422] {logging_mixin.py:115} INFO - [2023-06-02 14:19:23,422] {dag.py:2420} INFO - Sync 1 DAGs
[2023-06-02 14:19:23,435] {logging_mixin.py:115} INFO - [2023-06-02 14:19:23,435] {dag.py:2972} INFO - Setting next_dagrun for tutorial to 2023-06-01T14:19:23.435097+00:00, run_after=2023-06-02T14:19:23.435097+00:00
[2023-06-02 14:19:23,442] {processor.py:161} INFO - Processing /home/airflow/.local/lib/python3.7/site-packages/airflow/example_dags/tutorial.py took 0.047 seconds
[2023-06-02 14:19:54,021] {processor.py:153} INFO - Started process (PID=159) to work on /home/airflow/.local/lib/python3.7/site-packages/airflow/example_dags/tutorial.py
[2023-06-02 14:19:54,022] {processor.py:641} INFO - Processing file /home/airflow/.local/lib/python3.7/site-packages/airflow/example_dags/tutorial.py for tasks to queue
[2023-06-02 14:19:54,027] {logging_mixin.py:115} INFO - [2023-06-02 14:19:54,027] {dagbag.py:508} INFO - Filling up the DagBag from /home/airflow/.local/lib/python3.7/site-packages/airflow/example_dags/tutorial.py
[2023-06-02 14:19:54,031] {processor.py:651} INFO - DAG(s) dict_keys(['tutorial']) retrieved from /home/airflow/.local/lib/python3.7/site-packages/airflow/example_dags/tutorial.py
[2023-06-02 14:19:54,050] {logging_mixin.py:115} INFO - [2023-06-02 14:19:54,050] {dag.py:2420} INFO - Sync 1 DAGs
[2023-06-02 14:19:54,062] {logging_mixin.py:115} INFO - [2023-06-02 14:19:54,062] {dag.py:2972} INFO - Setting next_dagrun for tutorial to 2023-06-01T14:19:54.062248+00:00, run_after=2023-06-02T14:19:54.062248+00:00
[2023-06-02 14:19:54,070] {processor.py:161} INFO - Processing /home/airflow/.local/lib/python3.7/site-packages/airflow/example_dags/tutorial.py took 0.051 seconds
[2023-06-02 14:20:24,660] {processor.py:153} INFO - Started process (PID=220) to work on /home/airflow/.local/lib/python3.7/site-packages/airflow/example_dags/tutorial.py
[2023-06-02 14:20:24,663] {processor.py:641} INFO - Processing file /home/airflow/.local/lib/python3.7/site-packages/airflow/example_dags/tutorial.py for tasks to queue
[2023-06-02 14:20:24,666] {logging_mixin.py:115} INFO - [2023-06-02 14:20:24,666] {dagbag.py:508} INFO - Filling up the DagBag from /home/airflow/.local/lib/python3.7/site-packages/airflow/example_dags/tutorial.py
[2023-06-02 14:20:24,673] {processor.py:651} INFO - DAG(s) dict_keys(['tutorial']) retrieved from /home/airflow/.local/lib/python3.7/site-packages/airflow/example_dags/tutorial.py
[2023-06-02 14:20:24,718] {logging_mixin.py:115} INFO - [2023-06-02 14:20:24,718] {dag.py:2420} INFO - Sync 1 DAGs
[2023-06-02 14:20:24,740] {logging_mixin.py:115} INFO - [2023-06-02 14:20:24,740] {dag.py:2972} INFO - Setting next_dagrun for tutorial to 2023-06-01T14:20:24.739535+00:00, run_after=2023-06-02T14:20:24.739535+00:00
[2023-06-02 14:20:24,752] {processor.py:161} INFO - Processing /home/airflow/.local/lib/python3.7/site-packages/airflow/example_dags/tutorial.py took 0.096 seconds
[2023-06-02 14:20:55,333] {processor.py:153} INFO - Started process (PID=271) to work on /home/airflow/.local/lib/python3.7/site-packages/airflow/example_dags/tutorial.py
[2023-06-02 14:20:55,335] {processor.py:641} INFO - Processing file /home/airflow/.local/lib/python3.7/site-packages/airflow/example_dags/tutorial.py for tasks to queue
[2023-06-02 14:20:55,336] {logging_mixin.py:115} INFO - [2023-06-02 14:20:55,336] {dagbag.py:508} INFO - Filling up the DagBag from /home/airflow/.local/lib/python3.7/site-packages/airflow/example_dags/tutorial.py
[2023-06-02 14:20:55,340] {processor.py:651} INFO - DAG(s) dict_keys(['tutorial']) retrieved from /home/airflow/.local/lib/python3.7/site-packages/airflow/example_dags/tutorial.py
[2023-06-02 14:20:55,357] {logging_mixin.py:115} INFO - [2023-06-02 14:20:55,357] {dag.py:2420} INFO - Sync 1 DAGs
[2023-06-02 14:20:55,369] {logging_mixin.py:115} INFO - [2023-06-02 14:20:55,369] {dag.py:2972} INFO - Setting next_dagrun for tutorial to 2023-06-01T14:20:55.369172+00:00, run_after=2023-06-02T14:20:55.369172+00:00
[2023-06-02 14:20:55,376] {processor.py:161} INFO - Processing /home/airflow/.local/lib/python3.7/site-packages/airflow/example_dags/tutorial.py took 0.045 seconds
[2023-06-02 14:21:26,119] {processor.py:153} INFO - Started process (PID=333) to work on /home/airflow/.local/lib/python3.7/site-packages/airflow/example_dags/tutorial.py
[2023-06-02 14:21:26,122] {processor.py:641} INFO - Processing file /home/airflow/.local/lib/python3.7/site-packages/airflow/example_dags/tutorial.py for tasks to queue
[2023-06-02 14:21:26,123] {logging_mixin.py:115} INFO - [2023-06-02 14:21:26,123] {dagbag.py:508} INFO - Filling up the DagBag from /home/airflow/.local/lib/python3.7/site-packages/airflow/example_dags/tutorial.py
[2023-06-02 14:21:26,128] {processor.py:651} INFO - DAG(s) dict_keys(['tutorial']) retrieved from /home/airflow/.local/lib/python3.7/site-packages/airflow/example_dags/tutorial.py
[2023-06-02 14:21:26,147] {logging_mixin.py:115} INFO - [2023-06-02 14:21:26,147] {dag.py:2420} INFO - Sync 1 DAGs
[2023-06-02 14:21:26,160] {logging_mixin.py:115} INFO - [2023-06-02 14:21:26,160] {dag.py:2972} INFO - Setting next_dagrun for tutorial to 2023-06-01T14:21:26.160080+00:00, run_after=2023-06-02T14:21:26.160080+00:00
[2023-06-02 14:21:26,168] {processor.py:161} INFO - Processing /home/airflow/.local/lib/python3.7/site-packages/airflow/example_dags/tutorial.py took 0.051 seconds
[2023-06-02 14:21:56,873] {processor.py:153} INFO - Started process (PID=396) to work on /home/airflow/.local/lib/python3.7/site-packages/airflow/example_dags/tutorial.py
[2023-06-02 14:21:56,874] {processor.py:641} INFO - Processing file /home/airflow/.local/lib/python3.7/site-packages/airflow/example_dags/tutorial.py for tasks to queue
[2023-06-02 14:21:56,877] {logging_mixin.py:115} INFO - [2023-06-02 14:21:56,877] {dagbag.py:508} INFO - Filling up the DagBag from /home/airflow/.local/lib/python3.7/site-packages/airflow/example_dags/tutorial.py
[2023-06-02 14:21:56,881] {processor.py:651} INFO - DAG(s) dict_keys(['tutorial']) retrieved from /home/airflow/.local/lib/python3.7/site-packages/airflow/example_dags/tutorial.py
[2023-06-02 14:21:56,899] {logging_mixin.py:115} INFO - [2023-06-02 14:21:56,899] {dag.py:2420} INFO - Sync 1 DAGs
[2023-06-02 14:21:56,911] {logging_mixin.py:115} INFO - [2023-06-02 14:21:56,911] {dag.py:2972} INFO - Setting next_dagrun for tutorial to 2023-06-01T14:21:56.911059+00:00, run_after=2023-06-02T14:21:56.911059+00:00
[2023-06-02 14:21:56,918] {processor.py:161} INFO - Processing /home/airflow/.local/lib/python3.7/site-packages/airflow/example_dags/tutorial.py took 0.047 seconds
[2023-06-02 14:22:27,346] {processor.py:153} INFO - Started process (PID=456) to work on /home/airflow/.local/lib/python3.7/site-packages/airflow/example_dags/tutorial.py
[2023-06-02 14:22:27,348] {processor.py:641} INFO - Processing file /home/airflow/.local/lib/python3.7/site-packages/airflow/example_dags/tutorial.py for tasks to queue
[2023-06-02 14:22:27,348] {logging_mixin.py:115} INFO - [2023-06-02 14:22:27,348] {dagbag.py:508} INFO - Filling up the DagBag from /home/airflow/.local/lib/python3.7/site-packages/airflow/example_dags/tutorial.py
[2023-06-02 14:22:27,352] {processor.py:651} INFO - DAG(s) dict_keys(['tutorial']) retrieved from /home/airflow/.local/lib/python3.7/site-packages/airflow/example_dags/tutorial.py
[2023-06-02 14:22:27,371] {logging_mixin.py:115} INFO - [2023-06-02 14:22:27,370] {dag.py:2420} INFO - Sync 1 DAGs
[2023-06-02 14:22:27,384] {logging_mixin.py:115} INFO - [2023-06-02 14:22:27,383] {dag.py:2972} INFO - Setting next_dagrun for tutorial to 2023-06-01T14:22:27.383765+00:00, run_after=2023-06-02T14:22:27.383765+00:00
[2023-06-02 14:22:27,391] {processor.py:161} INFO - Processing /home/airflow/.local/lib/python3.7/site-packages/airflow/example_dags/tutorial.py took 0.047 seconds
[2023-06-02 14:26:22,459] {processor.py:153} INFO - Started process (PID=38) to work on /home/airflow/.local/lib/python3.7/site-packages/airflow/example_dags/tutorial.py
[2023-06-02 14:26:22,461] {processor.py:641} INFO - Processing file /home/airflow/.local/lib/python3.7/site-packages/airflow/example_dags/tutorial.py for tasks to queue
[2023-06-02 14:26:22,463] {logging_mixin.py:115} INFO - [2023-06-02 14:26:22,463] {dagbag.py:508} INFO - Filling up the DagBag from /home/airflow/.local/lib/python3.7/site-packages/airflow/example_dags/tutorial.py
[2023-06-02 14:26:22,469] {processor.py:651} INFO - DAG(s) dict_keys(['tutorial']) retrieved from /home/airflow/.local/lib/python3.7/site-packages/airflow/example_dags/tutorial.py
[2023-06-02 14:26:22,491] {logging_mixin.py:115} INFO - [2023-06-02 14:26:22,491] {dag.py:2420} INFO - Sync 1 DAGs
[2023-06-02 14:26:22,511] {logging_mixin.py:115} INFO - [2023-06-02 14:26:22,511] {dag.py:2972} INFO - Setting next_dagrun for tutorial to 2023-06-01T14:26:22.511031+00:00, run_after=2023-06-02T14:26:22.511031+00:00
[2023-06-02 14:26:22,524] {processor.py:161} INFO - Processing /home/airflow/.local/lib/python3.7/site-packages/airflow/example_dags/tutorial.py took 0.067 seconds
[2023-06-02 14:26:52,661] {processor.py:153} INFO - Started process (PID=99) to work on /home/airflow/.local/lib/python3.7/site-packages/airflow/example_dags/tutorial.py
[2023-06-02 14:26:52,663] {processor.py:641} INFO - Processing file /home/airflow/.local/lib/python3.7/site-packages/airflow/example_dags/tutorial.py for tasks to queue
[2023-06-02 14:26:52,664] {logging_mixin.py:115} INFO - [2023-06-02 14:26:52,664] {dagbag.py:508} INFO - Filling up the DagBag from /home/airflow/.local/lib/python3.7/site-packages/airflow/example_dags/tutorial.py
[2023-06-02 14:26:52,669] {processor.py:651} INFO - DAG(s) dict_keys(['tutorial']) retrieved from /home/airflow/.local/lib/python3.7/site-packages/airflow/example_dags/tutorial.py
[2023-06-02 14:26:52,686] {logging_mixin.py:115} INFO - [2023-06-02 14:26:52,686] {dag.py:2420} INFO - Sync 1 DAGs
[2023-06-02 14:26:52,698] {logging_mixin.py:115} INFO - [2023-06-02 14:26:52,698] {dag.py:2972} INFO - Setting next_dagrun for tutorial to 2023-06-01T14:26:52.698205+00:00, run_after=2023-06-02T14:26:52.698205+00:00
[2023-06-02 14:26:52,705] {processor.py:161} INFO - Processing /home/airflow/.local/lib/python3.7/site-packages/airflow/example_dags/tutorial.py took 0.046 seconds
[2023-06-02 14:27:23,548] {processor.py:153} INFO - Started process (PID=160) to work on /home/airflow/.local/lib/python3.7/site-packages/airflow/example_dags/tutorial.py
[2023-06-02 14:27:23,550] {processor.py:641} INFO - Processing file /home/airflow/.local/lib/python3.7/site-packages/airflow/example_dags/tutorial.py for tasks to queue
[2023-06-02 14:27:23,551] {logging_mixin.py:115} INFO - [2023-06-02 14:27:23,551] {dagbag.py:508} INFO - Filling up the DagBag from /home/airflow/.local/lib/python3.7/site-packages/airflow/example_dags/tutorial.py
[2023-06-02 14:27:23,555] {processor.py:651} INFO - DAG(s) dict_keys(['tutorial']) retrieved from /home/airflow/.local/lib/python3.7/site-packages/airflow/example_dags/tutorial.py
[2023-06-02 14:27:23,574] {logging_mixin.py:115} INFO - [2023-06-02 14:27:23,573] {dag.py:2420} INFO - Sync 1 DAGs
[2023-06-02 14:27:23,587] {logging_mixin.py:115} INFO - [2023-06-02 14:27:23,587] {dag.py:2972} INFO - Setting next_dagrun for tutorial to 2023-06-01T14:27:23.587402+00:00, run_after=2023-06-02T14:27:23.587402+00:00
[2023-06-02 14:27:23,596] {processor.py:161} INFO - Processing /home/airflow/.local/lib/python3.7/site-packages/airflow/example_dags/tutorial.py took 0.050 seconds
[2023-06-02 14:27:54,161] {processor.py:153} INFO - Started process (PID=222) to work on /home/airflow/.local/lib/python3.7/site-packages/airflow/example_dags/tutorial.py
[2023-06-02 14:27:54,163] {processor.py:641} INFO - Processing file /home/airflow/.local/lib/python3.7/site-packages/airflow/example_dags/tutorial.py for tasks to queue
[2023-06-02 14:27:54,166] {logging_mixin.py:115} INFO - [2023-06-02 14:27:54,166] {dagbag.py:508} INFO - Filling up the DagBag from /home/airflow/.local/lib/python3.7/site-packages/airflow/example_dags/tutorial.py
[2023-06-02 14:27:54,171] {processor.py:651} INFO - DAG(s) dict_keys(['tutorial']) retrieved from /home/airflow/.local/lib/python3.7/site-packages/airflow/example_dags/tutorial.py
[2023-06-02 14:27:54,193] {logging_mixin.py:115} INFO - [2023-06-02 14:27:54,193] {dag.py:2420} INFO - Sync 1 DAGs
[2023-06-02 14:27:54,208] {logging_mixin.py:115} INFO - [2023-06-02 14:27:54,208] {dag.py:2972} INFO - Setting next_dagrun for tutorial to 2023-06-01T14:27:54.207882+00:00, run_after=2023-06-02T14:27:54.207882+00:00
[2023-06-02 14:27:54,218] {processor.py:161} INFO - Processing /home/airflow/.local/lib/python3.7/site-packages/airflow/example_dags/tutorial.py took 0.059 seconds
[2023-06-02 14:28:24,709] {processor.py:153} INFO - Started process (PID=274) to work on /home/airflow/.local/lib/python3.7/site-packages/airflow/example_dags/tutorial.py
[2023-06-02 14:28:24,710] {processor.py:641} INFO - Processing file /home/airflow/.local/lib/python3.7/site-packages/airflow/example_dags/tutorial.py for tasks to queue
[2023-06-02 14:28:24,711] {logging_mixin.py:115} INFO - [2023-06-02 14:28:24,711] {dagbag.py:508} INFO - Filling up the DagBag from /home/airflow/.local/lib/python3.7/site-packages/airflow/example_dags/tutorial.py
[2023-06-02 14:28:24,716] {processor.py:651} INFO - DAG(s) dict_keys(['tutorial']) retrieved from /home/airflow/.local/lib/python3.7/site-packages/airflow/example_dags/tutorial.py
[2023-06-02 14:28:24,734] {logging_mixin.py:115} INFO - [2023-06-02 14:28:24,734] {dag.py:2420} INFO - Sync 1 DAGs
[2023-06-02 14:28:24,747] {logging_mixin.py:115} INFO - [2023-06-02 14:28:24,747] {dag.py:2972} INFO - Setting next_dagrun for tutorial to 2023-06-01T14:28:24.747511+00:00, run_after=2023-06-02T14:28:24.747511+00:00
[2023-06-02 14:28:24,757] {processor.py:161} INFO - Processing /home/airflow/.local/lib/python3.7/site-packages/airflow/example_dags/tutorial.py took 0.050 seconds
[2023-06-02 14:28:55,286] {processor.py:153} INFO - Started process (PID=334) to work on /home/airflow/.local/lib/python3.7/site-packages/airflow/example_dags/tutorial.py
[2023-06-02 14:28:55,288] {processor.py:641} INFO - Processing file /home/airflow/.local/lib/python3.7/site-packages/airflow/example_dags/tutorial.py for tasks to queue
[2023-06-02 14:28:55,289] {logging_mixin.py:115} INFO - [2023-06-02 14:28:55,289] {dagbag.py:508} INFO - Filling up the DagBag from /home/airflow/.local/lib/python3.7/site-packages/airflow/example_dags/tutorial.py
[2023-06-02 14:28:55,294] {processor.py:651} INFO - DAG(s) dict_keys(['tutorial']) retrieved from /home/airflow/.local/lib/python3.7/site-packages/airflow/example_dags/tutorial.py
[2023-06-02 14:28:55,310] {logging_mixin.py:115} INFO - [2023-06-02 14:28:55,310] {dag.py:2420} INFO - Sync 1 DAGs
[2023-06-02 14:28:55,322] {logging_mixin.py:115} INFO - [2023-06-02 14:28:55,322] {dag.py:2972} INFO - Setting next_dagrun for tutorial to 2023-06-01T14:28:55.322546+00:00, run_after=2023-06-02T14:28:55.322546+00:00
[2023-06-02 14:28:55,329] {processor.py:161} INFO - Processing /home/airflow/.local/lib/python3.7/site-packages/airflow/example_dags/tutorial.py took 0.046 seconds
[2023-06-02 14:30:03,064] {processor.py:153} INFO - Started process (PID=37) to work on /home/airflow/.local/lib/python3.7/site-packages/airflow/example_dags/tutorial.py
[2023-06-02 14:30:03,066] {processor.py:641} INFO - Processing file /home/airflow/.local/lib/python3.7/site-packages/airflow/example_dags/tutorial.py for tasks to queue
[2023-06-02 14:30:03,068] {logging_mixin.py:115} INFO - [2023-06-02 14:30:03,068] {dagbag.py:508} INFO - Filling up the DagBag from /home/airflow/.local/lib/python3.7/site-packages/airflow/example_dags/tutorial.py
[2023-06-02 14:30:03,075] {processor.py:651} INFO - DAG(s) dict_keys(['tutorial']) retrieved from /home/airflow/.local/lib/python3.7/site-packages/airflow/example_dags/tutorial.py
[2023-06-02 14:30:03,104] {logging_mixin.py:115} INFO - [2023-06-02 14:30:03,104] {dag.py:2420} INFO - Sync 1 DAGs
[2023-06-02 14:30:03,126] {logging_mixin.py:115} INFO - [2023-06-02 14:30:03,126] {dag.py:2972} INFO - Setting next_dagrun for tutorial to 2023-06-01T14:30:03.125888+00:00, run_after=2023-06-02T14:30:03.125888+00:00
[2023-06-02 14:30:03,138] {processor.py:161} INFO - Processing /home/airflow/.local/lib/python3.7/site-packages/airflow/example_dags/tutorial.py took 0.076 seconds
[2023-06-02 14:33:56,103] {processor.py:153} INFO - Started process (PID=38) to work on /home/airflow/.local/lib/python3.7/site-packages/airflow/example_dags/tutorial.py
[2023-06-02 14:33:56,106] {processor.py:641} INFO - Processing file /home/airflow/.local/lib/python3.7/site-packages/airflow/example_dags/tutorial.py for tasks to queue
[2023-06-02 14:33:56,108] {logging_mixin.py:115} INFO - [2023-06-02 14:33:56,108] {dagbag.py:508} INFO - Filling up the DagBag from /home/airflow/.local/lib/python3.7/site-packages/airflow/example_dags/tutorial.py
[2023-06-02 14:33:56,116] {processor.py:651} INFO - DAG(s) dict_keys(['tutorial']) retrieved from /home/airflow/.local/lib/python3.7/site-packages/airflow/example_dags/tutorial.py
[2023-06-02 14:33:56,145] {logging_mixin.py:115} INFO - [2023-06-02 14:33:56,145] {dag.py:2420} INFO - Sync 1 DAGs
[2023-06-02 14:33:56,163] {logging_mixin.py:115} INFO - [2023-06-02 14:33:56,163] {dag.py:2972} INFO - Setting next_dagrun for tutorial to 2023-06-01T14:33:56.162845+00:00, run_after=2023-06-02T14:33:56.162845+00:00
[2023-06-02 14:33:56,177] {processor.py:161} INFO - Processing /home/airflow/.local/lib/python3.7/site-packages/airflow/example_dags/tutorial.py took 0.077 seconds
[2023-06-02 14:34:26,392] {processor.py:153} INFO - Started process (PID=99) to work on /home/airflow/.local/lib/python3.7/site-packages/airflow/example_dags/tutorial.py
[2023-06-02 14:34:26,394] {processor.py:641} INFO - Processing file /home/airflow/.local/lib/python3.7/site-packages/airflow/example_dags/tutorial.py for tasks to queue
[2023-06-02 14:34:26,397] {logging_mixin.py:115} INFO - [2023-06-02 14:34:26,397] {dagbag.py:508} INFO - Filling up the DagBag from /home/airflow/.local/lib/python3.7/site-packages/airflow/example_dags/tutorial.py
[2023-06-02 14:34:26,401] {processor.py:651} INFO - DAG(s) dict_keys(['tutorial']) retrieved from /home/airflow/.local/lib/python3.7/site-packages/airflow/example_dags/tutorial.py
[2023-06-02 14:34:26,418] {logging_mixin.py:115} INFO - [2023-06-02 14:34:26,418] {dag.py:2420} INFO - Sync 1 DAGs
[2023-06-02 14:34:26,432] {logging_mixin.py:115} INFO - [2023-06-02 14:34:26,432] {dag.py:2972} INFO - Setting next_dagrun for tutorial to 2023-06-01T14:34:26.432162+00:00, run_after=2023-06-02T14:34:26.432162+00:00
[2023-06-02 14:34:26,441] {processor.py:161} INFO - Processing /home/airflow/.local/lib/python3.7/site-packages/airflow/example_dags/tutorial.py took 0.051 seconds
[2023-06-02 14:34:57,451] {processor.py:153} INFO - Started process (PID=160) to work on /home/airflow/.local/lib/python3.7/site-packages/airflow/example_dags/tutorial.py
[2023-06-02 14:34:57,452] {processor.py:641} INFO - Processing file /home/airflow/.local/lib/python3.7/site-packages/airflow/example_dags/tutorial.py for tasks to queue
[2023-06-02 14:34:57,454] {logging_mixin.py:115} INFO - [2023-06-02 14:34:57,454] {dagbag.py:508} INFO - Filling up the DagBag from /home/airflow/.local/lib/python3.7/site-packages/airflow/example_dags/tutorial.py
[2023-06-02 14:34:57,458] {processor.py:651} INFO - DAG(s) dict_keys(['tutorial']) retrieved from /home/airflow/.local/lib/python3.7/site-packages/airflow/example_dags/tutorial.py
[2023-06-02 14:34:57,476] {logging_mixin.py:115} INFO - [2023-06-02 14:34:57,476] {dag.py:2420} INFO - Sync 1 DAGs
[2023-06-02 14:34:57,488] {logging_mixin.py:115} INFO - [2023-06-02 14:34:57,488] {dag.py:2972} INFO - Setting next_dagrun for tutorial to 2023-06-01T14:34:57.488605+00:00, run_after=2023-06-02T14:34:57.488605+00:00
[2023-06-02 14:34:57,497] {processor.py:161} INFO - Processing /home/airflow/.local/lib/python3.7/site-packages/airflow/example_dags/tutorial.py took 0.048 seconds
[2023-06-02 14:35:28,065] {processor.py:153} INFO - Started process (PID=221) to work on /home/airflow/.local/lib/python3.7/site-packages/airflow/example_dags/tutorial.py
[2023-06-02 14:35:28,067] {processor.py:641} INFO - Processing file /home/airflow/.local/lib/python3.7/site-packages/airflow/example_dags/tutorial.py for tasks to queue
[2023-06-02 14:35:28,068] {logging_mixin.py:115} INFO - [2023-06-02 14:35:28,068] {dagbag.py:508} INFO - Filling up the DagBag from /home/airflow/.local/lib/python3.7/site-packages/airflow/example_dags/tutorial.py
[2023-06-02 14:35:28,071] {processor.py:651} INFO - DAG(s) dict_keys(['tutorial']) retrieved from /home/airflow/.local/lib/python3.7/site-packages/airflow/example_dags/tutorial.py
[2023-06-02 14:35:28,089] {logging_mixin.py:115} INFO - [2023-06-02 14:35:28,089] {dag.py:2420} INFO - Sync 1 DAGs
[2023-06-02 14:35:28,102] {logging_mixin.py:115} INFO - [2023-06-02 14:35:28,101] {dag.py:2972} INFO - Setting next_dagrun for tutorial to 2023-06-01T14:35:28.101748+00:00, run_after=2023-06-02T14:35:28.101748+00:00
[2023-06-02 14:35:28,109] {processor.py:161} INFO - Processing /home/airflow/.local/lib/python3.7/site-packages/airflow/example_dags/tutorial.py took 0.046 seconds
[2023-06-02 14:35:58,694] {processor.py:153} INFO - Started process (PID=280) to work on /home/airflow/.local/lib/python3.7/site-packages/airflow/example_dags/tutorial.py
[2023-06-02 14:35:58,697] {processor.py:641} INFO - Processing file /home/airflow/.local/lib/python3.7/site-packages/airflow/example_dags/tutorial.py for tasks to queue
[2023-06-02 14:35:58,698] {logging_mixin.py:115} INFO - [2023-06-02 14:35:58,698] {dagbag.py:508} INFO - Filling up the DagBag from /home/airflow/.local/lib/python3.7/site-packages/airflow/example_dags/tutorial.py
[2023-06-02 14:35:58,704] {processor.py:651} INFO - DAG(s) dict_keys(['tutorial']) retrieved from /home/airflow/.local/lib/python3.7/site-packages/airflow/example_dags/tutorial.py
[2023-06-02 14:35:58,730] {logging_mixin.py:115} INFO - [2023-06-02 14:35:58,730] {dag.py:2420} INFO - Sync 1 DAGs
[2023-06-02 14:35:58,748] {logging_mixin.py:115} INFO - [2023-06-02 14:35:58,748] {dag.py:2972} INFO - Setting next_dagrun for tutorial to 2023-06-01T14:35:58.748571+00:00, run_after=2023-06-02T14:35:58.748571+00:00
[2023-06-02 14:35:58,759] {processor.py:161} INFO - Processing /home/airflow/.local/lib/python3.7/site-packages/airflow/example_dags/tutorial.py took 0.067 seconds
[2023-06-02 14:36:29,741] {processor.py:153} INFO - Started process (PID=334) to work on /home/airflow/.local/lib/python3.7/site-packages/airflow/example_dags/tutorial.py
[2023-06-02 14:36:29,743] {processor.py:641} INFO - Processing file /home/airflow/.local/lib/python3.7/site-packages/airflow/example_dags/tutorial.py for tasks to queue
[2023-06-02 14:36:29,744] {logging_mixin.py:115} INFO - [2023-06-02 14:36:29,744] {dagbag.py:508} INFO - Filling up the DagBag from /home/airflow/.local/lib/python3.7/site-packages/airflow/example_dags/tutorial.py
[2023-06-02 14:36:29,748] {processor.py:651} INFO - DAG(s) dict_keys(['tutorial']) retrieved from /home/airflow/.local/lib/python3.7/site-packages/airflow/example_dags/tutorial.py
[2023-06-02 14:36:29,768] {logging_mixin.py:115} INFO - [2023-06-02 14:36:29,768] {dag.py:2420} INFO - Sync 1 DAGs
[2023-06-02 14:36:29,781] {logging_mixin.py:115} INFO - [2023-06-02 14:36:29,781] {dag.py:2972} INFO - Setting next_dagrun for tutorial to 2023-06-01T14:36:29.781637+00:00, run_after=2023-06-02T14:36:29.781637+00:00
[2023-06-02 14:36:29,790] {processor.py:161} INFO - Processing /home/airflow/.local/lib/python3.7/site-packages/airflow/example_dags/tutorial.py took 0.051 seconds
[2023-06-02 14:37:00,369] {processor.py:153} INFO - Started process (PID=395) to work on /home/airflow/.local/lib/python3.7/site-packages/airflow/example_dags/tutorial.py
[2023-06-02 14:37:00,371] {processor.py:641} INFO - Processing file /home/airflow/.local/lib/python3.7/site-packages/airflow/example_dags/tutorial.py for tasks to queue
[2023-06-02 14:37:00,372] {logging_mixin.py:115} INFO - [2023-06-02 14:37:00,372] {dagbag.py:508} INFO - Filling up the DagBag from /home/airflow/.local/lib/python3.7/site-packages/airflow/example_dags/tutorial.py
[2023-06-02 14:37:00,377] {processor.py:651} INFO - DAG(s) dict_keys(['tutorial']) retrieved from /home/airflow/.local/lib/python3.7/site-packages/airflow/example_dags/tutorial.py
[2023-06-02 14:37:00,396] {logging_mixin.py:115} INFO - [2023-06-02 14:37:00,396] {dag.py:2420} INFO - Sync 1 DAGs
[2023-06-02 14:37:00,411] {logging_mixin.py:115} INFO - [2023-06-02 14:37:00,411] {dag.py:2972} INFO - Setting next_dagrun for tutorial to 2023-06-01T14:37:00.411217+00:00, run_after=2023-06-02T14:37:00.411217+00:00
[2023-06-02 14:37:00,420] {processor.py:161} INFO - Processing /home/airflow/.local/lib/python3.7/site-packages/airflow/example_dags/tutorial.py took 0.053 seconds
[2023-06-02 14:37:30,977] {processor.py:153} INFO - Started process (PID=456) to work on /home/airflow/.local/lib/python3.7/site-packages/airflow/example_dags/tutorial.py
[2023-06-02 14:37:30,978] {processor.py:641} INFO - Processing file /home/airflow/.local/lib/python3.7/site-packages/airflow/example_dags/tutorial.py for tasks to queue
[2023-06-02 14:37:30,980] {logging_mixin.py:115} INFO - [2023-06-02 14:37:30,980] {dagbag.py:508} INFO - Filling up the DagBag from /home/airflow/.local/lib/python3.7/site-packages/airflow/example_dags/tutorial.py
[2023-06-02 14:37:30,984] {processor.py:651} INFO - DAG(s) dict_keys(['tutorial']) retrieved from /home/airflow/.local/lib/python3.7/site-packages/airflow/example_dags/tutorial.py
[2023-06-02 14:37:31,001] {logging_mixin.py:115} INFO - [2023-06-02 14:37:31,001] {dag.py:2420} INFO - Sync 1 DAGs
[2023-06-02 14:37:31,016] {logging_mixin.py:115} INFO - [2023-06-02 14:37:31,016] {dag.py:2972} INFO - Setting next_dagrun for tutorial to 2023-06-01T14:37:31.015991+00:00, run_after=2023-06-02T14:37:31.015991+00:00
[2023-06-02 14:37:31,027] {processor.py:161} INFO - Processing /home/airflow/.local/lib/python3.7/site-packages/airflow/example_dags/tutorial.py took 0.053 seconds
[2023-06-02 14:38:01,516] {processor.py:153} INFO - Started process (PID=518) to work on /home/airflow/.local/lib/python3.7/site-packages/airflow/example_dags/tutorial.py
[2023-06-02 14:38:01,518] {processor.py:641} INFO - Processing file /home/airflow/.local/lib/python3.7/site-packages/airflow/example_dags/tutorial.py for tasks to queue
[2023-06-02 14:38:01,519] {logging_mixin.py:115} INFO - [2023-06-02 14:38:01,519] {dagbag.py:508} INFO - Filling up the DagBag from /home/airflow/.local/lib/python3.7/site-packages/airflow/example_dags/tutorial.py
[2023-06-02 14:38:01,523] {processor.py:651} INFO - DAG(s) dict_keys(['tutorial']) retrieved from /home/airflow/.local/lib/python3.7/site-packages/airflow/example_dags/tutorial.py
[2023-06-02 14:38:01,541] {logging_mixin.py:115} INFO - [2023-06-02 14:38:01,541] {dag.py:2420} INFO - Sync 1 DAGs
[2023-06-02 14:38:01,555] {logging_mixin.py:115} INFO - [2023-06-02 14:38:01,555] {dag.py:2972} INFO - Setting next_dagrun for tutorial to 2023-06-01T14:38:01.554837+00:00, run_after=2023-06-02T14:38:01.554837+00:00
[2023-06-02 14:38:01,563] {processor.py:161} INFO - Processing /home/airflow/.local/lib/python3.7/site-packages/airflow/example_dags/tutorial.py took 0.050 seconds
[2023-06-02 14:38:32,116] {processor.py:153} INFO - Started process (PID=577) to work on /home/airflow/.local/lib/python3.7/site-packages/airflow/example_dags/tutorial.py
[2023-06-02 14:38:32,118] {processor.py:641} INFO - Processing file /home/airflow/.local/lib/python3.7/site-packages/airflow/example_dags/tutorial.py for tasks to queue
[2023-06-02 14:38:32,120] {logging_mixin.py:115} INFO - [2023-06-02 14:38:32,120] {dagbag.py:508} INFO - Filling up the DagBag from /home/airflow/.local/lib/python3.7/site-packages/airflow/example_dags/tutorial.py
[2023-06-02 14:38:32,128] {processor.py:651} INFO - DAG(s) dict_keys(['tutorial']) retrieved from /home/airflow/.local/lib/python3.7/site-packages/airflow/example_dags/tutorial.py
[2023-06-02 14:38:32,153] {logging_mixin.py:115} INFO - [2023-06-02 14:38:32,153] {dag.py:2420} INFO - Sync 1 DAGs
[2023-06-02 14:38:32,169] {logging_mixin.py:115} INFO - [2023-06-02 14:38:32,168] {dag.py:2972} INFO - Setting next_dagrun for tutorial to 2023-06-01T14:38:32.168732+00:00, run_after=2023-06-02T14:38:32.168732+00:00
[2023-06-02 14:38:32,180] {processor.py:161} INFO - Processing /home/airflow/.local/lib/python3.7/site-packages/airflow/example_dags/tutorial.py took 0.066 seconds
[2023-06-02 14:39:02,798] {processor.py:153} INFO - Started process (PID=637) to work on /home/airflow/.local/lib/python3.7/site-packages/airflow/example_dags/tutorial.py
[2023-06-02 14:39:02,800] {processor.py:641} INFO - Processing file /home/airflow/.local/lib/python3.7/site-packages/airflow/example_dags/tutorial.py for tasks to queue
[2023-06-02 14:39:02,802] {logging_mixin.py:115} INFO - [2023-06-02 14:39:02,802] {dagbag.py:508} INFO - Filling up the DagBag from /home/airflow/.local/lib/python3.7/site-packages/airflow/example_dags/tutorial.py
[2023-06-02 14:39:02,807] {processor.py:651} INFO - DAG(s) dict_keys(['tutorial']) retrieved from /home/airflow/.local/lib/python3.7/site-packages/airflow/example_dags/tutorial.py
[2023-06-02 14:39:02,830] {logging_mixin.py:115} INFO - [2023-06-02 14:39:02,830] {dag.py:2420} INFO - Sync 1 DAGs
[2023-06-02 14:39:02,845] {logging_mixin.py:115} INFO - [2023-06-02 14:39:02,845] {dag.py:2972} INFO - Setting next_dagrun for tutorial to 2023-06-01T14:39:02.845376+00:00, run_after=2023-06-02T14:39:02.845376+00:00
[2023-06-02 14:39:02,856] {processor.py:161} INFO - Processing /home/airflow/.local/lib/python3.7/site-packages/airflow/example_dags/tutorial.py took 0.061 seconds
[2023-06-02 14:39:33,762] {processor.py:153} INFO - Started process (PID=692) to work on /home/airflow/.local/lib/python3.7/site-packages/airflow/example_dags/tutorial.py
[2023-06-02 14:39:33,763] {processor.py:641} INFO - Processing file /home/airflow/.local/lib/python3.7/site-packages/airflow/example_dags/tutorial.py for tasks to queue
[2023-06-02 14:39:33,765] {logging_mixin.py:115} INFO - [2023-06-02 14:39:33,765] {dagbag.py:508} INFO - Filling up the DagBag from /home/airflow/.local/lib/python3.7/site-packages/airflow/example_dags/tutorial.py
[2023-06-02 14:39:33,770] {processor.py:651} INFO - DAG(s) dict_keys(['tutorial']) retrieved from /home/airflow/.local/lib/python3.7/site-packages/airflow/example_dags/tutorial.py
[2023-06-02 14:39:33,787] {logging_mixin.py:115} INFO - [2023-06-02 14:39:33,787] {dag.py:2420} INFO - Sync 1 DAGs
[2023-06-02 14:39:33,799] {logging_mixin.py:115} INFO - [2023-06-02 14:39:33,799] {dag.py:2972} INFO - Setting next_dagrun for tutorial to 2023-06-01T14:39:33.799728+00:00, run_after=2023-06-02T14:39:33.799728+00:00
[2023-06-02 14:39:33,807] {processor.py:161} INFO - Processing /home/airflow/.local/lib/python3.7/site-packages/airflow/example_dags/tutorial.py took 0.048 seconds
[2023-06-02 14:40:04,456] {processor.py:153} INFO - Started process (PID=753) to work on /home/airflow/.local/lib/python3.7/site-packages/airflow/example_dags/tutorial.py
[2023-06-02 14:40:04,457] {processor.py:641} INFO - Processing file /home/airflow/.local/lib/python3.7/site-packages/airflow/example_dags/tutorial.py for tasks to queue
[2023-06-02 14:40:04,459] {logging_mixin.py:115} INFO - [2023-06-02 14:40:04,459] {dagbag.py:508} INFO - Filling up the DagBag from /home/airflow/.local/lib/python3.7/site-packages/airflow/example_dags/tutorial.py
[2023-06-02 14:40:04,463] {processor.py:651} INFO - DAG(s) dict_keys(['tutorial']) retrieved from /home/airflow/.local/lib/python3.7/site-packages/airflow/example_dags/tutorial.py
[2023-06-02 14:40:04,479] {logging_mixin.py:115} INFO - [2023-06-02 14:40:04,479] {dag.py:2420} INFO - Sync 1 DAGs
[2023-06-02 14:40:04,496] {logging_mixin.py:115} INFO - [2023-06-02 14:40:04,496] {dag.py:2972} INFO - Setting next_dagrun for tutorial to 2023-06-01T14:40:04.496317+00:00, run_after=2023-06-02T14:40:04.496317+00:00
[2023-06-02 14:40:04,506] {processor.py:161} INFO - Processing /home/airflow/.local/lib/python3.7/site-packages/airflow/example_dags/tutorial.py took 0.052 seconds
[2023-06-02 14:40:35,041] {processor.py:153} INFO - Started process (PID=814) to work on /home/airflow/.local/lib/python3.7/site-packages/airflow/example_dags/tutorial.py
[2023-06-02 14:40:35,043] {processor.py:641} INFO - Processing file /home/airflow/.local/lib/python3.7/site-packages/airflow/example_dags/tutorial.py for tasks to queue
[2023-06-02 14:40:35,044] {logging_mixin.py:115} INFO - [2023-06-02 14:40:35,044] {dagbag.py:508} INFO - Filling up the DagBag from /home/airflow/.local/lib/python3.7/site-packages/airflow/example_dags/tutorial.py
[2023-06-02 14:40:35,048] {processor.py:651} INFO - DAG(s) dict_keys(['tutorial']) retrieved from /home/airflow/.local/lib/python3.7/site-packages/airflow/example_dags/tutorial.py
[2023-06-02 14:40:35,065] {logging_mixin.py:115} INFO - [2023-06-02 14:40:35,065] {dag.py:2420} INFO - Sync 1 DAGs
[2023-06-02 14:40:35,081] {logging_mixin.py:115} INFO - [2023-06-02 14:40:35,081] {dag.py:2972} INFO - Setting next_dagrun for tutorial to 2023-06-01T14:40:35.081022+00:00, run_after=2023-06-02T14:40:35.081022+00:00
[2023-06-02 14:40:35,092] {processor.py:161} INFO - Processing /home/airflow/.local/lib/python3.7/site-packages/airflow/example_dags/tutorial.py took 0.054 seconds
[2023-06-02 14:41:05,698] {processor.py:153} INFO - Started process (PID=875) to work on /home/airflow/.local/lib/python3.7/site-packages/airflow/example_dags/tutorial.py
[2023-06-02 14:41:05,699] {processor.py:641} INFO - Processing file /home/airflow/.local/lib/python3.7/site-packages/airflow/example_dags/tutorial.py for tasks to queue
[2023-06-02 14:41:05,700] {logging_mixin.py:115} INFO - [2023-06-02 14:41:05,700] {dagbag.py:508} INFO - Filling up the DagBag from /home/airflow/.local/lib/python3.7/site-packages/airflow/example_dags/tutorial.py
[2023-06-02 14:41:05,705] {processor.py:651} INFO - DAG(s) dict_keys(['tutorial']) retrieved from /home/airflow/.local/lib/python3.7/site-packages/airflow/example_dags/tutorial.py
[2023-06-02 14:41:05,724] {logging_mixin.py:115} INFO - [2023-06-02 14:41:05,724] {dag.py:2420} INFO - Sync 1 DAGs
[2023-06-02 14:41:05,736] {logging_mixin.py:115} INFO - [2023-06-02 14:41:05,736] {dag.py:2972} INFO - Setting next_dagrun for tutorial to 2023-06-01T14:41:05.736443+00:00, run_after=2023-06-02T14:41:05.736443+00:00
[2023-06-02 14:41:05,745] {processor.py:161} INFO - Processing /home/airflow/.local/lib/python3.7/site-packages/airflow/example_dags/tutorial.py took 0.049 seconds
[2023-06-02 14:41:36,371] {processor.py:153} INFO - Started process (PID=936) to work on /home/airflow/.local/lib/python3.7/site-packages/airflow/example_dags/tutorial.py
[2023-06-02 14:41:36,373] {processor.py:641} INFO - Processing file /home/airflow/.local/lib/python3.7/site-packages/airflow/example_dags/tutorial.py for tasks to queue
[2023-06-02 14:41:36,374] {logging_mixin.py:115} INFO - [2023-06-02 14:41:36,374] {dagbag.py:508} INFO - Filling up the DagBag from /home/airflow/.local/lib/python3.7/site-packages/airflow/example_dags/tutorial.py
[2023-06-02 14:41:36,381] {processor.py:651} INFO - DAG(s) dict_keys(['tutorial']) retrieved from /home/airflow/.local/lib/python3.7/site-packages/airflow/example_dags/tutorial.py
[2023-06-02 14:41:36,402] {logging_mixin.py:115} INFO - [2023-06-02 14:41:36,402] {dag.py:2420} INFO - Sync 1 DAGs
[2023-06-02 14:41:36,417] {logging_mixin.py:115} INFO - [2023-06-02 14:41:36,417] {dag.py:2972} INFO - Setting next_dagrun for tutorial to 2023-06-01T14:41:36.417302+00:00, run_after=2023-06-02T14:41:36.417302+00:00
[2023-06-02 14:41:36,427] {processor.py:161} INFO - Processing /home/airflow/.local/lib/python3.7/site-packages/airflow/example_dags/tutorial.py took 0.057 seconds
[2023-06-02 14:42:06,982] {processor.py:153} INFO - Started process (PID=997) to work on /home/airflow/.local/lib/python3.7/site-packages/airflow/example_dags/tutorial.py
[2023-06-02 14:42:06,984] {processor.py:641} INFO - Processing file /home/airflow/.local/lib/python3.7/site-packages/airflow/example_dags/tutorial.py for tasks to queue
[2023-06-02 14:42:06,987] {logging_mixin.py:115} INFO - [2023-06-02 14:42:06,987] {dagbag.py:508} INFO - Filling up the DagBag from /home/airflow/.local/lib/python3.7/site-packages/airflow/example_dags/tutorial.py
[2023-06-02 14:42:06,992] {processor.py:651} INFO - DAG(s) dict_keys(['tutorial']) retrieved from /home/airflow/.local/lib/python3.7/site-packages/airflow/example_dags/tutorial.py
[2023-06-02 14:42:07,013] {logging_mixin.py:115} INFO - [2023-06-02 14:42:07,013] {dag.py:2420} INFO - Sync 1 DAGs
[2023-06-02 14:42:07,029] {logging_mixin.py:115} INFO - [2023-06-02 14:42:07,028] {dag.py:2972} INFO - Setting next_dagrun for tutorial to 2023-06-01T14:42:07.028804+00:00, run_after=2023-06-02T14:42:07.028804+00:00
[2023-06-02 14:42:07,042] {processor.py:161} INFO - Processing /home/airflow/.local/lib/python3.7/site-packages/airflow/example_dags/tutorial.py took 0.062 seconds
[2023-06-02 14:42:37,637] {processor.py:153} INFO - Started process (PID=1050) to work on /home/airflow/.local/lib/python3.7/site-packages/airflow/example_dags/tutorial.py
[2023-06-02 14:42:37,639] {processor.py:641} INFO - Processing file /home/airflow/.local/lib/python3.7/site-packages/airflow/example_dags/tutorial.py for tasks to queue
[2023-06-02 14:42:37,641] {logging_mixin.py:115} INFO - [2023-06-02 14:42:37,641] {dagbag.py:508} INFO - Filling up the DagBag from /home/airflow/.local/lib/python3.7/site-packages/airflow/example_dags/tutorial.py
[2023-06-02 14:42:37,645] {processor.py:651} INFO - DAG(s) dict_keys(['tutorial']) retrieved from /home/airflow/.local/lib/python3.7/site-packages/airflow/example_dags/tutorial.py
[2023-06-02 14:42:37,664] {logging_mixin.py:115} INFO - [2023-06-02 14:42:37,664] {dag.py:2420} INFO - Sync 1 DAGs
[2023-06-02 14:42:37,678] {logging_mixin.py:115} INFO - [2023-06-02 14:42:37,678] {dag.py:2972} INFO - Setting next_dagrun for tutorial to 2023-06-01T14:42:37.678387+00:00, run_after=2023-06-02T14:42:37.678387+00:00
[2023-06-02 14:42:37,688] {processor.py:161} INFO - Processing /home/airflow/.local/lib/python3.7/site-packages/airflow/example_dags/tutorial.py took 0.053 seconds
[2023-06-02 14:43:08,277] {processor.py:153} INFO - Started process (PID=1111) to work on /home/airflow/.local/lib/python3.7/site-packages/airflow/example_dags/tutorial.py
[2023-06-02 14:43:08,279] {processor.py:641} INFO - Processing file /home/airflow/.local/lib/python3.7/site-packages/airflow/example_dags/tutorial.py for tasks to queue
[2023-06-02 14:43:08,281] {logging_mixin.py:115} INFO - [2023-06-02 14:43:08,281] {dagbag.py:508} INFO - Filling up the DagBag from /home/airflow/.local/lib/python3.7/site-packages/airflow/example_dags/tutorial.py
[2023-06-02 14:43:08,287] {processor.py:651} INFO - DAG(s) dict_keys(['tutorial']) retrieved from /home/airflow/.local/lib/python3.7/site-packages/airflow/example_dags/tutorial.py
[2023-06-02 14:43:08,311] {logging_mixin.py:115} INFO - [2023-06-02 14:43:08,311] {dag.py:2420} INFO - Sync 1 DAGs
[2023-06-02 14:43:08,328] {logging_mixin.py:115} INFO - [2023-06-02 14:43:08,328] {dag.py:2972} INFO - Setting next_dagrun for tutorial to 2023-06-01T14:43:08.328066+00:00, run_after=2023-06-02T14:43:08.328066+00:00
[2023-06-02 14:43:08,339] {processor.py:161} INFO - Processing /home/airflow/.local/lib/python3.7/site-packages/airflow/example_dags/tutorial.py took 0.067 seconds
[2023-06-02 14:43:39,038] {processor.py:153} INFO - Started process (PID=1172) to work on /home/airflow/.local/lib/python3.7/site-packages/airflow/example_dags/tutorial.py
[2023-06-02 14:43:39,039] {processor.py:641} INFO - Processing file /home/airflow/.local/lib/python3.7/site-packages/airflow/example_dags/tutorial.py for tasks to queue
[2023-06-02 14:43:39,042] {logging_mixin.py:115} INFO - [2023-06-02 14:43:39,042] {dagbag.py:508} INFO - Filling up the DagBag from /home/airflow/.local/lib/python3.7/site-packages/airflow/example_dags/tutorial.py
[2023-06-02 14:43:39,047] {processor.py:651} INFO - DAG(s) dict_keys(['tutorial']) retrieved from /home/airflow/.local/lib/python3.7/site-packages/airflow/example_dags/tutorial.py
[2023-06-02 14:43:39,064] {logging_mixin.py:115} INFO - [2023-06-02 14:43:39,063] {dag.py:2420} INFO - Sync 1 DAGs
[2023-06-02 14:43:39,076] {logging_mixin.py:115} INFO - [2023-06-02 14:43:39,076] {dag.py:2972} INFO - Setting next_dagrun for tutorial to 2023-06-01T14:43:39.076379+00:00, run_after=2023-06-02T14:43:39.076379+00:00
[2023-06-02 14:43:39,085] {processor.py:161} INFO - Processing /home/airflow/.local/lib/python3.7/site-packages/airflow/example_dags/tutorial.py took 0.050 seconds
[2023-06-02 14:44:09,533] {processor.py:153} INFO - Started process (PID=1233) to work on /home/airflow/.local/lib/python3.7/site-packages/airflow/example_dags/tutorial.py
[2023-06-02 14:44:09,534] {processor.py:641} INFO - Processing file /home/airflow/.local/lib/python3.7/site-packages/airflow/example_dags/tutorial.py for tasks to queue
[2023-06-02 14:44:09,536] {logging_mixin.py:115} INFO - [2023-06-02 14:44:09,536] {dagbag.py:508} INFO - Filling up the DagBag from /home/airflow/.local/lib/python3.7/site-packages/airflow/example_dags/tutorial.py
[2023-06-02 14:44:09,541] {processor.py:651} INFO - DAG(s) dict_keys(['tutorial']) retrieved from /home/airflow/.local/lib/python3.7/site-packages/airflow/example_dags/tutorial.py
[2023-06-02 14:44:09,559] {logging_mixin.py:115} INFO - [2023-06-02 14:44:09,559] {dag.py:2420} INFO - Sync 1 DAGs
[2023-06-02 14:44:09,574] {logging_mixin.py:115} INFO - [2023-06-02 14:44:09,574] {dag.py:2972} INFO - Setting next_dagrun for tutorial to 2023-06-01T14:44:09.573970+00:00, run_after=2023-06-02T14:44:09.573970+00:00
[2023-06-02 14:44:09,584] {processor.py:161} INFO - Processing /home/airflow/.local/lib/python3.7/site-packages/airflow/example_dags/tutorial.py took 0.054 seconds
[2023-06-02 14:44:40,085] {processor.py:153} INFO - Started process (PID=1293) to work on /home/airflow/.local/lib/python3.7/site-packages/airflow/example_dags/tutorial.py
[2023-06-02 14:44:40,087] {processor.py:641} INFO - Processing file /home/airflow/.local/lib/python3.7/site-packages/airflow/example_dags/tutorial.py for tasks to queue
[2023-06-02 14:44:40,089] {logging_mixin.py:115} INFO - [2023-06-02 14:44:40,089] {dagbag.py:508} INFO - Filling up the DagBag from /home/airflow/.local/lib/python3.7/site-packages/airflow/example_dags/tutorial.py
[2023-06-02 14:44:40,094] {processor.py:651} INFO - DAG(s) dict_keys(['tutorial']) retrieved from /home/airflow/.local/lib/python3.7/site-packages/airflow/example_dags/tutorial.py
[2023-06-02 14:44:40,112] {logging_mixin.py:115} INFO - [2023-06-02 14:44:40,112] {dag.py:2420} INFO - Sync 1 DAGs
[2023-06-02 14:44:40,127] {logging_mixin.py:115} INFO - [2023-06-02 14:44:40,127] {dag.py:2972} INFO - Setting next_dagrun for tutorial to 2023-06-01T14:44:40.127105+00:00, run_after=2023-06-02T14:44:40.127105+00:00
[2023-06-02 14:44:40,135] {processor.py:161} INFO - Processing /home/airflow/.local/lib/python3.7/site-packages/airflow/example_dags/tutorial.py took 0.052 seconds
[2023-06-02 14:45:10,802] {processor.py:153} INFO - Started process (PID=1346) to work on /home/airflow/.local/lib/python3.7/site-packages/airflow/example_dags/tutorial.py
[2023-06-02 14:45:10,805] {processor.py:641} INFO - Processing file /home/airflow/.local/lib/python3.7/site-packages/airflow/example_dags/tutorial.py for tasks to queue
[2023-06-02 14:45:10,807] {logging_mixin.py:115} INFO - [2023-06-02 14:45:10,807] {dagbag.py:508} INFO - Filling up the DagBag from /home/airflow/.local/lib/python3.7/site-packages/airflow/example_dags/tutorial.py
[2023-06-02 14:45:10,811] {processor.py:651} INFO - DAG(s) dict_keys(['tutorial']) retrieved from /home/airflow/.local/lib/python3.7/site-packages/airflow/example_dags/tutorial.py
[2023-06-02 14:45:10,830] {logging_mixin.py:115} INFO - [2023-06-02 14:45:10,830] {dag.py:2420} INFO - Sync 1 DAGs
[2023-06-02 14:45:10,842] {logging_mixin.py:115} INFO - [2023-06-02 14:45:10,842] {dag.py:2972} INFO - Setting next_dagrun for tutorial to 2023-06-01T14:45:10.842423+00:00, run_after=2023-06-02T14:45:10.842423+00:00
[2023-06-02 14:45:10,851] {processor.py:161} INFO - Processing /home/airflow/.local/lib/python3.7/site-packages/airflow/example_dags/tutorial.py took 0.052 seconds
[2023-06-02 14:45:41,525] {processor.py:153} INFO - Started process (PID=1406) to work on /home/airflow/.local/lib/python3.7/site-packages/airflow/example_dags/tutorial.py
[2023-06-02 14:45:41,527] {processor.py:641} INFO - Processing file /home/airflow/.local/lib/python3.7/site-packages/airflow/example_dags/tutorial.py for tasks to queue
[2023-06-02 14:45:41,528] {logging_mixin.py:115} INFO - [2023-06-02 14:45:41,528] {dagbag.py:508} INFO - Filling up the DagBag from /home/airflow/.local/lib/python3.7/site-packages/airflow/example_dags/tutorial.py
[2023-06-02 14:45:41,532] {processor.py:651} INFO - DAG(s) dict_keys(['tutorial']) retrieved from /home/airflow/.local/lib/python3.7/site-packages/airflow/example_dags/tutorial.py
[2023-06-02 14:45:41,551] {logging_mixin.py:115} INFO - [2023-06-02 14:45:41,551] {dag.py:2420} INFO - Sync 1 DAGs
[2023-06-02 14:45:41,567] {logging_mixin.py:115} INFO - [2023-06-02 14:45:41,567] {dag.py:2972} INFO - Setting next_dagrun for tutorial to 2023-06-01T14:45:41.567276+00:00, run_after=2023-06-02T14:45:41.567276+00:00
[2023-06-02 14:45:41,576] {processor.py:161} INFO - Processing /home/airflow/.local/lib/python3.7/site-packages/airflow/example_dags/tutorial.py took 0.053 seconds
[2023-06-02 14:46:12,107] {processor.py:153} INFO - Started process (PID=1467) to work on /home/airflow/.local/lib/python3.7/site-packages/airflow/example_dags/tutorial.py
[2023-06-02 14:46:12,108] {processor.py:641} INFO - Processing file /home/airflow/.local/lib/python3.7/site-packages/airflow/example_dags/tutorial.py for tasks to queue
[2023-06-02 14:46:12,110] {logging_mixin.py:115} INFO - [2023-06-02 14:46:12,110] {dagbag.py:508} INFO - Filling up the DagBag from /home/airflow/.local/lib/python3.7/site-packages/airflow/example_dags/tutorial.py
[2023-06-02 14:46:12,115] {processor.py:651} INFO - DAG(s) dict_keys(['tutorial']) retrieved from /home/airflow/.local/lib/python3.7/site-packages/airflow/example_dags/tutorial.py
[2023-06-02 14:46:12,135] {logging_mixin.py:115} INFO - [2023-06-02 14:46:12,135] {dag.py:2420} INFO - Sync 1 DAGs
[2023-06-02 14:46:12,147] {logging_mixin.py:115} INFO - [2023-06-02 14:46:12,147] {dag.py:2972} INFO - Setting next_dagrun for tutorial to 2023-06-01T14:46:12.147538+00:00, run_after=2023-06-02T14:46:12.147538+00:00
[2023-06-02 14:46:12,155] {processor.py:161} INFO - Processing /home/airflow/.local/lib/python3.7/site-packages/airflow/example_dags/tutorial.py took 0.051 seconds
[2023-06-02 14:46:42,654] {processor.py:153} INFO - Started process (PID=1528) to work on /home/airflow/.local/lib/python3.7/site-packages/airflow/example_dags/tutorial.py
[2023-06-02 14:46:42,655] {processor.py:641} INFO - Processing file /home/airflow/.local/lib/python3.7/site-packages/airflow/example_dags/tutorial.py for tasks to queue
[2023-06-02 14:46:42,656] {logging_mixin.py:115} INFO - [2023-06-02 14:46:42,656] {dagbag.py:508} INFO - Filling up the DagBag from /home/airflow/.local/lib/python3.7/site-packages/airflow/example_dags/tutorial.py
[2023-06-02 14:46:42,661] {processor.py:651} INFO - DAG(s) dict_keys(['tutorial']) retrieved from /home/airflow/.local/lib/python3.7/site-packages/airflow/example_dags/tutorial.py
[2023-06-02 14:46:42,680] {logging_mixin.py:115} INFO - [2023-06-02 14:46:42,680] {dag.py:2420} INFO - Sync 1 DAGs
[2023-06-02 14:46:42,692] {logging_mixin.py:115} INFO - [2023-06-02 14:46:42,692] {dag.py:2972} INFO - Setting next_dagrun for tutorial to 2023-06-01T14:46:42.692745+00:00, run_after=2023-06-02T14:46:42.692745+00:00
[2023-06-02 14:46:42,701] {processor.py:161} INFO - Processing /home/airflow/.local/lib/python3.7/site-packages/airflow/example_dags/tutorial.py took 0.049 seconds
[2023-06-02 14:47:13,154] {processor.py:153} INFO - Started process (PID=1591) to work on /home/airflow/.local/lib/python3.7/site-packages/airflow/example_dags/tutorial.py
[2023-06-02 14:47:13,156] {processor.py:641} INFO - Processing file /home/airflow/.local/lib/python3.7/site-packages/airflow/example_dags/tutorial.py for tasks to queue
[2023-06-02 14:47:13,158] {logging_mixin.py:115} INFO - [2023-06-02 14:47:13,158] {dagbag.py:508} INFO - Filling up the DagBag from /home/airflow/.local/lib/python3.7/site-packages/airflow/example_dags/tutorial.py
[2023-06-02 14:47:13,163] {processor.py:651} INFO - DAG(s) dict_keys(['tutorial']) retrieved from /home/airflow/.local/lib/python3.7/site-packages/airflow/example_dags/tutorial.py
[2023-06-02 14:47:13,184] {logging_mixin.py:115} INFO - [2023-06-02 14:47:13,184] {dag.py:2420} INFO - Sync 1 DAGs
[2023-06-02 14:47:13,198] {logging_mixin.py:115} INFO - [2023-06-02 14:47:13,198] {dag.py:2972} INFO - Setting next_dagrun for tutorial to 2023-06-01T14:47:13.198098+00:00, run_after=2023-06-02T14:47:13.198098+00:00
[2023-06-02 14:47:13,205] {processor.py:161} INFO - Processing /home/airflow/.local/lib/python3.7/site-packages/airflow/example_dags/tutorial.py took 0.053 seconds
[2023-06-02 14:47:43,793] {processor.py:153} INFO - Started process (PID=1652) to work on /home/airflow/.local/lib/python3.7/site-packages/airflow/example_dags/tutorial.py
[2023-06-02 14:47:43,794] {processor.py:641} INFO - Processing file /home/airflow/.local/lib/python3.7/site-packages/airflow/example_dags/tutorial.py for tasks to queue
[2023-06-02 14:47:43,796] {logging_mixin.py:115} INFO - [2023-06-02 14:47:43,796] {dagbag.py:508} INFO - Filling up the DagBag from /home/airflow/.local/lib/python3.7/site-packages/airflow/example_dags/tutorial.py
[2023-06-02 14:47:43,801] {processor.py:651} INFO - DAG(s) dict_keys(['tutorial']) retrieved from /home/airflow/.local/lib/python3.7/site-packages/airflow/example_dags/tutorial.py
[2023-06-02 14:47:43,819] {logging_mixin.py:115} INFO - [2023-06-02 14:47:43,819] {dag.py:2420} INFO - Sync 1 DAGs
[2023-06-02 14:47:43,831] {logging_mixin.py:115} INFO - [2023-06-02 14:47:43,831] {dag.py:2972} INFO - Setting next_dagrun for tutorial to 2023-06-01T14:47:43.831596+00:00, run_after=2023-06-02T14:47:43.831596+00:00
[2023-06-02 14:47:43,840] {processor.py:161} INFO - Processing /home/airflow/.local/lib/python3.7/site-packages/airflow/example_dags/tutorial.py took 0.049 seconds
[2023-06-02 14:48:14,397] {processor.py:153} INFO - Started process (PID=1704) to work on /home/airflow/.local/lib/python3.7/site-packages/airflow/example_dags/tutorial.py
[2023-06-02 14:48:14,398] {processor.py:641} INFO - Processing file /home/airflow/.local/lib/python3.7/site-packages/airflow/example_dags/tutorial.py for tasks to queue
[2023-06-02 14:48:14,399] {logging_mixin.py:115} INFO - [2023-06-02 14:48:14,399] {dagbag.py:508} INFO - Filling up the DagBag from /home/airflow/.local/lib/python3.7/site-packages/airflow/example_dags/tutorial.py
[2023-06-02 14:48:14,403] {processor.py:651} INFO - DAG(s) dict_keys(['tutorial']) retrieved from /home/airflow/.local/lib/python3.7/site-packages/airflow/example_dags/tutorial.py
[2023-06-02 14:48:14,420] {logging_mixin.py:115} INFO - [2023-06-02 14:48:14,420] {dag.py:2420} INFO - Sync 1 DAGs
[2023-06-02 14:48:14,432] {logging_mixin.py:115} INFO - [2023-06-02 14:48:14,432] {dag.py:2972} INFO - Setting next_dagrun for tutorial to 2023-06-01T14:48:14.432587+00:00, run_after=2023-06-02T14:48:14.432587+00:00
[2023-06-02 14:48:14,439] {processor.py:161} INFO - Processing /home/airflow/.local/lib/python3.7/site-packages/airflow/example_dags/tutorial.py took 0.045 seconds
[2023-06-02 14:48:45,041] {processor.py:153} INFO - Started process (PID=1766) to work on /home/airflow/.local/lib/python3.7/site-packages/airflow/example_dags/tutorial.py
[2023-06-02 14:48:45,043] {processor.py:641} INFO - Processing file /home/airflow/.local/lib/python3.7/site-packages/airflow/example_dags/tutorial.py for tasks to queue
[2023-06-02 14:48:45,045] {logging_mixin.py:115} INFO - [2023-06-02 14:48:45,045] {dagbag.py:508} INFO - Filling up the DagBag from /home/airflow/.local/lib/python3.7/site-packages/airflow/example_dags/tutorial.py
[2023-06-02 14:48:45,050] {processor.py:651} INFO - DAG(s) dict_keys(['tutorial']) retrieved from /home/airflow/.local/lib/python3.7/site-packages/airflow/example_dags/tutorial.py
[2023-06-02 14:48:45,069] {logging_mixin.py:115} INFO - [2023-06-02 14:48:45,069] {dag.py:2420} INFO - Sync 1 DAGs
[2023-06-02 14:48:45,083] {logging_mixin.py:115} INFO - [2023-06-02 14:48:45,083] {dag.py:2972} INFO - Setting next_dagrun for tutorial to 2023-06-01T14:48:45.082837+00:00, run_after=2023-06-02T14:48:45.082837+00:00
[2023-06-02 14:48:45,093] {processor.py:161} INFO - Processing /home/airflow/.local/lib/python3.7/site-packages/airflow/example_dags/tutorial.py took 0.054 seconds
[2023-06-02 14:49:15,676] {processor.py:153} INFO - Started process (PID=1827) to work on /home/airflow/.local/lib/python3.7/site-packages/airflow/example_dags/tutorial.py
[2023-06-02 14:49:15,678] {processor.py:641} INFO - Processing file /home/airflow/.local/lib/python3.7/site-packages/airflow/example_dags/tutorial.py for tasks to queue
[2023-06-02 14:49:15,680] {logging_mixin.py:115} INFO - [2023-06-02 14:49:15,680] {dagbag.py:508} INFO - Filling up the DagBag from /home/airflow/.local/lib/python3.7/site-packages/airflow/example_dags/tutorial.py
[2023-06-02 14:49:15,684] {processor.py:651} INFO - DAG(s) dict_keys(['tutorial']) retrieved from /home/airflow/.local/lib/python3.7/site-packages/airflow/example_dags/tutorial.py
[2023-06-02 14:49:15,703] {logging_mixin.py:115} INFO - [2023-06-02 14:49:15,703] {dag.py:2420} INFO - Sync 1 DAGs
[2023-06-02 14:49:15,717] {logging_mixin.py:115} INFO - [2023-06-02 14:49:15,717] {dag.py:2972} INFO - Setting next_dagrun for tutorial to 2023-06-01T14:49:15.716891+00:00, run_after=2023-06-02T14:49:15.716891+00:00
[2023-06-02 14:49:15,726] {processor.py:161} INFO - Processing /home/airflow/.local/lib/python3.7/site-packages/airflow/example_dags/tutorial.py took 0.052 seconds
[2023-06-02 14:49:46,217] {processor.py:153} INFO - Started process (PID=1889) to work on /home/airflow/.local/lib/python3.7/site-packages/airflow/example_dags/tutorial.py
[2023-06-02 14:49:46,218] {processor.py:641} INFO - Processing file /home/airflow/.local/lib/python3.7/site-packages/airflow/example_dags/tutorial.py for tasks to queue
[2023-06-02 14:49:46,222] {logging_mixin.py:115} INFO - [2023-06-02 14:49:46,222] {dagbag.py:508} INFO - Filling up the DagBag from /home/airflow/.local/lib/python3.7/site-packages/airflow/example_dags/tutorial.py
[2023-06-02 14:49:46,226] {processor.py:651} INFO - DAG(s) dict_keys(['tutorial']) retrieved from /home/airflow/.local/lib/python3.7/site-packages/airflow/example_dags/tutorial.py
[2023-06-02 14:49:46,243] {logging_mixin.py:115} INFO - [2023-06-02 14:49:46,243] {dag.py:2420} INFO - Sync 1 DAGs
[2023-06-02 14:49:46,258] {logging_mixin.py:115} INFO - [2023-06-02 14:49:46,258] {dag.py:2972} INFO - Setting next_dagrun for tutorial to 2023-06-01T14:49:46.258277+00:00, run_after=2023-06-02T14:49:46.258277+00:00
[2023-06-02 14:49:46,268] {processor.py:161} INFO - Processing /home/airflow/.local/lib/python3.7/site-packages/airflow/example_dags/tutorial.py took 0.054 seconds
[2023-06-02 14:50:45,951] {processor.py:153} INFO - Started process (PID=38) to work on /home/airflow/.local/lib/python3.7/site-packages/airflow/example_dags/tutorial.py
[2023-06-02 14:50:45,953] {processor.py:641} INFO - Processing file /home/airflow/.local/lib/python3.7/site-packages/airflow/example_dags/tutorial.py for tasks to queue
[2023-06-02 14:50:45,956] {logging_mixin.py:115} INFO - [2023-06-02 14:50:45,955] {dagbag.py:508} INFO - Filling up the DagBag from /home/airflow/.local/lib/python3.7/site-packages/airflow/example_dags/tutorial.py
[2023-06-02 14:50:45,961] {processor.py:651} INFO - DAG(s) dict_keys(['tutorial']) retrieved from /home/airflow/.local/lib/python3.7/site-packages/airflow/example_dags/tutorial.py
[2023-06-02 14:50:45,985] {logging_mixin.py:115} INFO - [2023-06-02 14:50:45,985] {dag.py:2420} INFO - Sync 1 DAGs
[2023-06-02 14:50:46,002] {logging_mixin.py:115} INFO - [2023-06-02 14:50:46,002] {dag.py:2972} INFO - Setting next_dagrun for tutorial to 2023-06-01T14:50:46.002204+00:00, run_after=2023-06-02T14:50:46.002204+00:00
[2023-06-02 14:50:46,014] {processor.py:161} INFO - Processing /home/airflow/.local/lib/python3.7/site-packages/airflow/example_dags/tutorial.py took 0.066 seconds
[2023-06-02 14:51:16,343] {processor.py:153} INFO - Started process (PID=98) to work on /home/airflow/.local/lib/python3.7/site-packages/airflow/example_dags/tutorial.py
[2023-06-02 14:51:16,345] {processor.py:641} INFO - Processing file /home/airflow/.local/lib/python3.7/site-packages/airflow/example_dags/tutorial.py for tasks to queue
[2023-06-02 14:51:16,347] {logging_mixin.py:115} INFO - [2023-06-02 14:51:16,347] {dagbag.py:508} INFO - Filling up the DagBag from /home/airflow/.local/lib/python3.7/site-packages/airflow/example_dags/tutorial.py
[2023-06-02 14:51:16,351] {processor.py:651} INFO - DAG(s) dict_keys(['tutorial']) retrieved from /home/airflow/.local/lib/python3.7/site-packages/airflow/example_dags/tutorial.py
[2023-06-02 14:51:16,368] {logging_mixin.py:115} INFO - [2023-06-02 14:51:16,368] {dag.py:2420} INFO - Sync 1 DAGs
[2023-06-02 14:51:16,383] {logging_mixin.py:115} INFO - [2023-06-02 14:51:16,383] {dag.py:2972} INFO - Setting next_dagrun for tutorial to 2023-06-01T14:51:16.382899+00:00, run_after=2023-06-02T14:51:16.382899+00:00
[2023-06-02 14:51:16,392] {processor.py:161} INFO - Processing /home/airflow/.local/lib/python3.7/site-packages/airflow/example_dags/tutorial.py took 0.051 seconds
[2023-06-02 14:51:47,100] {processor.py:153} INFO - Started process (PID=158) to work on /home/airflow/.local/lib/python3.7/site-packages/airflow/example_dags/tutorial.py
[2023-06-02 14:51:47,101] {processor.py:641} INFO - Processing file /home/airflow/.local/lib/python3.7/site-packages/airflow/example_dags/tutorial.py for tasks to queue
[2023-06-02 14:51:47,103] {logging_mixin.py:115} INFO - [2023-06-02 14:51:47,103] {dagbag.py:508} INFO - Filling up the DagBag from /home/airflow/.local/lib/python3.7/site-packages/airflow/example_dags/tutorial.py
[2023-06-02 14:51:47,107] {processor.py:651} INFO - DAG(s) dict_keys(['tutorial']) retrieved from /home/airflow/.local/lib/python3.7/site-packages/airflow/example_dags/tutorial.py
[2023-06-02 14:51:47,125] {logging_mixin.py:115} INFO - [2023-06-02 14:51:47,125] {dag.py:2420} INFO - Sync 1 DAGs
[2023-06-02 14:51:47,138] {logging_mixin.py:115} INFO - [2023-06-02 14:51:47,138] {dag.py:2972} INFO - Setting next_dagrun for tutorial to 2023-06-01T14:51:47.138140+00:00, run_after=2023-06-02T14:51:47.138140+00:00
[2023-06-02 14:51:47,146] {processor.py:161} INFO - Processing /home/airflow/.local/lib/python3.7/site-packages/airflow/example_dags/tutorial.py took 0.049 seconds
[2023-06-02 14:52:17,639] {processor.py:153} INFO - Started process (PID=219) to work on /home/airflow/.local/lib/python3.7/site-packages/airflow/example_dags/tutorial.py
[2023-06-02 14:52:17,641] {processor.py:641} INFO - Processing file /home/airflow/.local/lib/python3.7/site-packages/airflow/example_dags/tutorial.py for tasks to queue
[2023-06-02 14:52:17,642] {logging_mixin.py:115} INFO - [2023-06-02 14:52:17,642] {dagbag.py:508} INFO - Filling up the DagBag from /home/airflow/.local/lib/python3.7/site-packages/airflow/example_dags/tutorial.py
[2023-06-02 14:52:17,647] {processor.py:651} INFO - DAG(s) dict_keys(['tutorial']) retrieved from /home/airflow/.local/lib/python3.7/site-packages/airflow/example_dags/tutorial.py
[2023-06-02 14:52:17,670] {logging_mixin.py:115} INFO - [2023-06-02 14:52:17,669] {dag.py:2420} INFO - Sync 1 DAGs
[2023-06-02 14:52:17,685] {logging_mixin.py:115} INFO - [2023-06-02 14:52:17,685] {dag.py:2972} INFO - Setting next_dagrun for tutorial to 2023-06-01T14:52:17.684972+00:00, run_after=2023-06-02T14:52:17.684972+00:00
[2023-06-02 14:52:17,700] {processor.py:161} INFO - Processing /home/airflow/.local/lib/python3.7/site-packages/airflow/example_dags/tutorial.py took 0.064 seconds
[2023-06-02 14:52:48,338] {processor.py:153} INFO - Started process (PID=271) to work on /home/airflow/.local/lib/python3.7/site-packages/airflow/example_dags/tutorial.py
[2023-06-02 14:52:48,339] {processor.py:641} INFO - Processing file /home/airflow/.local/lib/python3.7/site-packages/airflow/example_dags/tutorial.py for tasks to queue
[2023-06-02 14:52:48,341] {logging_mixin.py:115} INFO - [2023-06-02 14:52:48,341] {dagbag.py:508} INFO - Filling up the DagBag from /home/airflow/.local/lib/python3.7/site-packages/airflow/example_dags/tutorial.py
[2023-06-02 14:52:48,345] {processor.py:651} INFO - DAG(s) dict_keys(['tutorial']) retrieved from /home/airflow/.local/lib/python3.7/site-packages/airflow/example_dags/tutorial.py
[2023-06-02 14:52:48,365] {logging_mixin.py:115} INFO - [2023-06-02 14:52:48,365] {dag.py:2420} INFO - Sync 1 DAGs
[2023-06-02 14:52:48,379] {logging_mixin.py:115} INFO - [2023-06-02 14:52:48,379] {dag.py:2972} INFO - Setting next_dagrun for tutorial to 2023-06-01T14:52:48.378921+00:00, run_after=2023-06-02T14:52:48.378921+00:00
[2023-06-02 14:52:48,388] {processor.py:161} INFO - Processing /home/airflow/.local/lib/python3.7/site-packages/airflow/example_dags/tutorial.py took 0.053 seconds
[2023-06-02 14:53:18,987] {processor.py:153} INFO - Started process (PID=333) to work on /home/airflow/.local/lib/python3.7/site-packages/airflow/example_dags/tutorial.py
[2023-06-02 14:53:18,988] {processor.py:641} INFO - Processing file /home/airflow/.local/lib/python3.7/site-packages/airflow/example_dags/tutorial.py for tasks to queue
[2023-06-02 14:53:18,989] {logging_mixin.py:115} INFO - [2023-06-02 14:53:18,989] {dagbag.py:508} INFO - Filling up the DagBag from /home/airflow/.local/lib/python3.7/site-packages/airflow/example_dags/tutorial.py
[2023-06-02 14:53:18,993] {processor.py:651} INFO - DAG(s) dict_keys(['tutorial']) retrieved from /home/airflow/.local/lib/python3.7/site-packages/airflow/example_dags/tutorial.py
[2023-06-02 14:53:19,010] {logging_mixin.py:115} INFO - [2023-06-02 14:53:19,009] {dag.py:2420} INFO - Sync 1 DAGs
[2023-06-02 14:53:19,023] {logging_mixin.py:115} INFO - [2023-06-02 14:53:19,023] {dag.py:2972} INFO - Setting next_dagrun for tutorial to 2023-06-01T14:53:19.023259+00:00, run_after=2023-06-02T14:53:19.023259+00:00
[2023-06-02 14:53:19,032] {processor.py:161} INFO - Processing /home/airflow/.local/lib/python3.7/site-packages/airflow/example_dags/tutorial.py took 0.047 seconds
[2023-06-02 14:53:49,627] {processor.py:153} INFO - Started process (PID=394) to work on /home/airflow/.local/lib/python3.7/site-packages/airflow/example_dags/tutorial.py
[2023-06-02 14:53:49,628] {processor.py:641} INFO - Processing file /home/airflow/.local/lib/python3.7/site-packages/airflow/example_dags/tutorial.py for tasks to queue
[2023-06-02 14:53:49,629] {logging_mixin.py:115} INFO - [2023-06-02 14:53:49,629] {dagbag.py:508} INFO - Filling up the DagBag from /home/airflow/.local/lib/python3.7/site-packages/airflow/example_dags/tutorial.py
[2023-06-02 14:53:49,634] {processor.py:651} INFO - DAG(s) dict_keys(['tutorial']) retrieved from /home/airflow/.local/lib/python3.7/site-packages/airflow/example_dags/tutorial.py
[2023-06-02 14:53:49,651] {logging_mixin.py:115} INFO - [2023-06-02 14:53:49,651] {dag.py:2420} INFO - Sync 1 DAGs
[2023-06-02 14:53:49,664] {logging_mixin.py:115} INFO - [2023-06-02 14:53:49,664] {dag.py:2972} INFO - Setting next_dagrun for tutorial to 2023-06-01T14:53:49.664452+00:00, run_after=2023-06-02T14:53:49.664452+00:00
[2023-06-02 14:53:49,672] {processor.py:161} INFO - Processing /home/airflow/.local/lib/python3.7/site-packages/airflow/example_dags/tutorial.py took 0.047 seconds
[2023-06-02 14:54:20,210] {processor.py:153} INFO - Started process (PID=456) to work on /home/airflow/.local/lib/python3.7/site-packages/airflow/example_dags/tutorial.py
[2023-06-02 14:54:20,211] {processor.py:641} INFO - Processing file /home/airflow/.local/lib/python3.7/site-packages/airflow/example_dags/tutorial.py for tasks to queue
[2023-06-02 14:54:20,212] {logging_mixin.py:115} INFO - [2023-06-02 14:54:20,212] {dagbag.py:508} INFO - Filling up the DagBag from /home/airflow/.local/lib/python3.7/site-packages/airflow/example_dags/tutorial.py
[2023-06-02 14:54:20,217] {processor.py:651} INFO - DAG(s) dict_keys(['tutorial']) retrieved from /home/airflow/.local/lib/python3.7/site-packages/airflow/example_dags/tutorial.py
[2023-06-02 14:54:20,234] {logging_mixin.py:115} INFO - [2023-06-02 14:54:20,234] {dag.py:2420} INFO - Sync 1 DAGs
[2023-06-02 14:54:20,251] {logging_mixin.py:115} INFO - [2023-06-02 14:54:20,251] {dag.py:2972} INFO - Setting next_dagrun for tutorial to 2023-06-01T14:54:20.251387+00:00, run_after=2023-06-02T14:54:20.251387+00:00
[2023-06-02 14:54:20,258] {processor.py:161} INFO - Processing /home/airflow/.local/lib/python3.7/site-packages/airflow/example_dags/tutorial.py took 0.051 seconds
[2023-06-02 14:54:50,917] {processor.py:153} INFO - Started process (PID=517) to work on /home/airflow/.local/lib/python3.7/site-packages/airflow/example_dags/tutorial.py
[2023-06-02 14:54:50,918] {processor.py:641} INFO - Processing file /home/airflow/.local/lib/python3.7/site-packages/airflow/example_dags/tutorial.py for tasks to queue
[2023-06-02 14:54:50,920] {logging_mixin.py:115} INFO - [2023-06-02 14:54:50,920] {dagbag.py:508} INFO - Filling up the DagBag from /home/airflow/.local/lib/python3.7/site-packages/airflow/example_dags/tutorial.py
[2023-06-02 14:54:50,925] {processor.py:651} INFO - DAG(s) dict_keys(['tutorial']) retrieved from /home/airflow/.local/lib/python3.7/site-packages/airflow/example_dags/tutorial.py
[2023-06-02 14:54:50,943] {logging_mixin.py:115} INFO - [2023-06-02 14:54:50,943] {dag.py:2420} INFO - Sync 1 DAGs
[2023-06-02 14:54:50,957] {logging_mixin.py:115} INFO - [2023-06-02 14:54:50,957] {dag.py:2972} INFO - Setting next_dagrun for tutorial to 2023-06-01T14:54:50.957670+00:00, run_after=2023-06-02T14:54:50.957670+00:00
[2023-06-02 14:54:50,966] {processor.py:161} INFO - Processing /home/airflow/.local/lib/python3.7/site-packages/airflow/example_dags/tutorial.py took 0.051 seconds
[2023-06-02 14:55:21,575] {processor.py:153} INFO - Started process (PID=578) to work on /home/airflow/.local/lib/python3.7/site-packages/airflow/example_dags/tutorial.py
[2023-06-02 14:55:21,577] {processor.py:641} INFO - Processing file /home/airflow/.local/lib/python3.7/site-packages/airflow/example_dags/tutorial.py for tasks to queue
[2023-06-02 14:55:21,581] {logging_mixin.py:115} INFO - [2023-06-02 14:55:21,581] {dagbag.py:508} INFO - Filling up the DagBag from /home/airflow/.local/lib/python3.7/site-packages/airflow/example_dags/tutorial.py
[2023-06-02 14:55:21,587] {processor.py:651} INFO - DAG(s) dict_keys(['tutorial']) retrieved from /home/airflow/.local/lib/python3.7/site-packages/airflow/example_dags/tutorial.py
[2023-06-02 14:55:21,609] {logging_mixin.py:115} INFO - [2023-06-02 14:55:21,609] {dag.py:2420} INFO - Sync 1 DAGs
[2023-06-02 14:55:21,626] {logging_mixin.py:115} INFO - [2023-06-02 14:55:21,626] {dag.py:2972} INFO - Setting next_dagrun for tutorial to 2023-06-01T14:55:21.626473+00:00, run_after=2023-06-02T14:55:21.626473+00:00
[2023-06-02 14:55:21,638] {processor.py:161} INFO - Processing /home/airflow/.local/lib/python3.7/site-packages/airflow/example_dags/tutorial.py took 0.066 seconds
[2023-06-02 14:55:52,510] {processor.py:153} INFO - Started process (PID=630) to work on /home/airflow/.local/lib/python3.7/site-packages/airflow/example_dags/tutorial.py
[2023-06-02 14:55:52,513] {processor.py:641} INFO - Processing file /home/airflow/.local/lib/python3.7/site-packages/airflow/example_dags/tutorial.py for tasks to queue
[2023-06-02 14:55:52,515] {logging_mixin.py:115} INFO - [2023-06-02 14:55:52,515] {dagbag.py:508} INFO - Filling up the DagBag from /home/airflow/.local/lib/python3.7/site-packages/airflow/example_dags/tutorial.py
[2023-06-02 14:55:52,521] {processor.py:651} INFO - DAG(s) dict_keys(['tutorial']) retrieved from /home/airflow/.local/lib/python3.7/site-packages/airflow/example_dags/tutorial.py
[2023-06-02 14:55:52,542] {logging_mixin.py:115} INFO - [2023-06-02 14:55:52,542] {dag.py:2420} INFO - Sync 1 DAGs
[2023-06-02 14:55:52,555] {logging_mixin.py:115} INFO - [2023-06-02 14:55:52,555] {dag.py:2972} INFO - Setting next_dagrun for tutorial to 2023-06-01T14:55:52.555223+00:00, run_after=2023-06-02T14:55:52.555223+00:00
[2023-06-02 14:55:52,567] {processor.py:161} INFO - Processing /home/airflow/.local/lib/python3.7/site-packages/airflow/example_dags/tutorial.py took 0.059 seconds
[2023-06-02 14:56:23,151] {processor.py:153} INFO - Started process (PID=690) to work on /home/airflow/.local/lib/python3.7/site-packages/airflow/example_dags/tutorial.py
[2023-06-02 14:56:23,152] {processor.py:641} INFO - Processing file /home/airflow/.local/lib/python3.7/site-packages/airflow/example_dags/tutorial.py for tasks to queue
[2023-06-02 14:56:23,154] {logging_mixin.py:115} INFO - [2023-06-02 14:56:23,154] {dagbag.py:508} INFO - Filling up the DagBag from /home/airflow/.local/lib/python3.7/site-packages/airflow/example_dags/tutorial.py
[2023-06-02 14:56:23,157] {processor.py:651} INFO - DAG(s) dict_keys(['tutorial']) retrieved from /home/airflow/.local/lib/python3.7/site-packages/airflow/example_dags/tutorial.py
[2023-06-02 14:56:23,174] {logging_mixin.py:115} INFO - [2023-06-02 14:56:23,174] {dag.py:2420} INFO - Sync 1 DAGs
[2023-06-02 14:56:23,187] {logging_mixin.py:115} INFO - [2023-06-02 14:56:23,187] {dag.py:2972} INFO - Setting next_dagrun for tutorial to 2023-06-01T14:56:23.187315+00:00, run_after=2023-06-02T14:56:23.187315+00:00
[2023-06-02 14:56:23,194] {processor.py:161} INFO - Processing /home/airflow/.local/lib/python3.7/site-packages/airflow/example_dags/tutorial.py took 0.046 seconds
[2023-06-02 14:56:53,806] {processor.py:153} INFO - Started process (PID=752) to work on /home/airflow/.local/lib/python3.7/site-packages/airflow/example_dags/tutorial.py
[2023-06-02 14:56:53,808] {processor.py:641} INFO - Processing file /home/airflow/.local/lib/python3.7/site-packages/airflow/example_dags/tutorial.py for tasks to queue
[2023-06-02 14:56:53,810] {logging_mixin.py:115} INFO - [2023-06-02 14:56:53,810] {dagbag.py:508} INFO - Filling up the DagBag from /home/airflow/.local/lib/python3.7/site-packages/airflow/example_dags/tutorial.py
[2023-06-02 14:56:53,814] {processor.py:651} INFO - DAG(s) dict_keys(['tutorial']) retrieved from /home/airflow/.local/lib/python3.7/site-packages/airflow/example_dags/tutorial.py
[2023-06-02 14:56:53,833] {logging_mixin.py:115} INFO - [2023-06-02 14:56:53,833] {dag.py:2420} INFO - Sync 1 DAGs
[2023-06-02 14:56:53,847] {logging_mixin.py:115} INFO - [2023-06-02 14:56:53,847] {dag.py:2972} INFO - Setting next_dagrun for tutorial to 2023-06-01T14:56:53.847630+00:00, run_after=2023-06-02T14:56:53.847630+00:00
[2023-06-02 14:56:53,856] {processor.py:161} INFO - Processing /home/airflow/.local/lib/python3.7/site-packages/airflow/example_dags/tutorial.py took 0.053 seconds
[2023-06-02 14:57:24,348] {processor.py:153} INFO - Started process (PID=814) to work on /home/airflow/.local/lib/python3.7/site-packages/airflow/example_dags/tutorial.py
[2023-06-02 14:57:24,350] {processor.py:641} INFO - Processing file /home/airflow/.local/lib/python3.7/site-packages/airflow/example_dags/tutorial.py for tasks to queue
[2023-06-02 14:57:24,351] {logging_mixin.py:115} INFO - [2023-06-02 14:57:24,351] {dagbag.py:508} INFO - Filling up the DagBag from /home/airflow/.local/lib/python3.7/site-packages/airflow/example_dags/tutorial.py
[2023-06-02 14:57:24,355] {processor.py:651} INFO - DAG(s) dict_keys(['tutorial']) retrieved from /home/airflow/.local/lib/python3.7/site-packages/airflow/example_dags/tutorial.py
[2023-06-02 14:57:24,376] {logging_mixin.py:115} INFO - [2023-06-02 14:57:24,376] {dag.py:2420} INFO - Sync 1 DAGs
[2023-06-02 14:57:24,391] {logging_mixin.py:115} INFO - [2023-06-02 14:57:24,391] {dag.py:2972} INFO - Setting next_dagrun for tutorial to 2023-06-01T14:57:24.391611+00:00, run_after=2023-06-02T14:57:24.391611+00:00
[2023-06-02 14:57:24,400] {processor.py:161} INFO - Processing /home/airflow/.local/lib/python3.7/site-packages/airflow/example_dags/tutorial.py took 0.054 seconds
[2023-06-02 14:57:54,933] {processor.py:153} INFO - Started process (PID=875) to work on /home/airflow/.local/lib/python3.7/site-packages/airflow/example_dags/tutorial.py
[2023-06-02 14:57:54,935] {processor.py:641} INFO - Processing file /home/airflow/.local/lib/python3.7/site-packages/airflow/example_dags/tutorial.py for tasks to queue
[2023-06-02 14:57:54,936] {logging_mixin.py:115} INFO - [2023-06-02 14:57:54,936] {dagbag.py:508} INFO - Filling up the DagBag from /home/airflow/.local/lib/python3.7/site-packages/airflow/example_dags/tutorial.py
[2023-06-02 14:57:54,940] {processor.py:651} INFO - DAG(s) dict_keys(['tutorial']) retrieved from /home/airflow/.local/lib/python3.7/site-packages/airflow/example_dags/tutorial.py
[2023-06-02 14:57:54,958] {logging_mixin.py:115} INFO - [2023-06-02 14:57:54,958] {dag.py:2420} INFO - Sync 1 DAGs
[2023-06-02 14:57:54,974] {logging_mixin.py:115} INFO - [2023-06-02 14:57:54,974] {dag.py:2972} INFO - Setting next_dagrun for tutorial to 2023-06-01T14:57:54.973803+00:00, run_after=2023-06-02T14:57:54.973803+00:00
[2023-06-02 14:57:54,984] {processor.py:161} INFO - Processing /home/airflow/.local/lib/python3.7/site-packages/airflow/example_dags/tutorial.py took 0.053 seconds
[2023-06-02 14:58:25,536] {processor.py:153} INFO - Started process (PID=934) to work on /home/airflow/.local/lib/python3.7/site-packages/airflow/example_dags/tutorial.py
[2023-06-02 14:58:25,538] {processor.py:641} INFO - Processing file /home/airflow/.local/lib/python3.7/site-packages/airflow/example_dags/tutorial.py for tasks to queue
[2023-06-02 14:58:25,540] {logging_mixin.py:115} INFO - [2023-06-02 14:58:25,540] {dagbag.py:508} INFO - Filling up the DagBag from /home/airflow/.local/lib/python3.7/site-packages/airflow/example_dags/tutorial.py
[2023-06-02 14:58:25,545] {processor.py:651} INFO - DAG(s) dict_keys(['tutorial']) retrieved from /home/airflow/.local/lib/python3.7/site-packages/airflow/example_dags/tutorial.py
[2023-06-02 14:58:25,568] {logging_mixin.py:115} INFO - [2023-06-02 14:58:25,568] {dag.py:2420} INFO - Sync 1 DAGs
[2023-06-02 14:58:25,587] {logging_mixin.py:115} INFO - [2023-06-02 14:58:25,587] {dag.py:2972} INFO - Setting next_dagrun for tutorial to 2023-06-01T14:58:25.586974+00:00, run_after=2023-06-02T14:58:25.586974+00:00
[2023-06-02 14:58:25,603] {processor.py:161} INFO - Processing /home/airflow/.local/lib/python3.7/site-packages/airflow/example_dags/tutorial.py took 0.071 seconds
[2023-06-02 14:58:56,369] {processor.py:153} INFO - Started process (PID=988) to work on /home/airflow/.local/lib/python3.7/site-packages/airflow/example_dags/tutorial.py
[2023-06-02 14:58:56,371] {processor.py:641} INFO - Processing file /home/airflow/.local/lib/python3.7/site-packages/airflow/example_dags/tutorial.py for tasks to queue
[2023-06-02 14:58:56,372] {logging_mixin.py:115} INFO - [2023-06-02 14:58:56,372] {dagbag.py:508} INFO - Filling up the DagBag from /home/airflow/.local/lib/python3.7/site-packages/airflow/example_dags/tutorial.py
[2023-06-02 14:58:56,376] {processor.py:651} INFO - DAG(s) dict_keys(['tutorial']) retrieved from /home/airflow/.local/lib/python3.7/site-packages/airflow/example_dags/tutorial.py
[2023-06-02 14:58:56,397] {logging_mixin.py:115} INFO - [2023-06-02 14:58:56,397] {dag.py:2420} INFO - Sync 1 DAGs
[2023-06-02 14:58:56,412] {logging_mixin.py:115} INFO - [2023-06-02 14:58:56,412] {dag.py:2972} INFO - Setting next_dagrun for tutorial to 2023-06-01T14:58:56.412038+00:00, run_after=2023-06-02T14:58:56.412038+00:00
[2023-06-02 14:58:56,420] {processor.py:161} INFO - Processing /home/airflow/.local/lib/python3.7/site-packages/airflow/example_dags/tutorial.py took 0.053 seconds
[2023-06-02 14:59:26,974] {processor.py:153} INFO - Started process (PID=1049) to work on /home/airflow/.local/lib/python3.7/site-packages/airflow/example_dags/tutorial.py
[2023-06-02 14:59:26,975] {processor.py:641} INFO - Processing file /home/airflow/.local/lib/python3.7/site-packages/airflow/example_dags/tutorial.py for tasks to queue
[2023-06-02 14:59:26,977] {logging_mixin.py:115} INFO - [2023-06-02 14:59:26,977] {dagbag.py:508} INFO - Filling up the DagBag from /home/airflow/.local/lib/python3.7/site-packages/airflow/example_dags/tutorial.py
[2023-06-02 14:59:26,981] {processor.py:651} INFO - DAG(s) dict_keys(['tutorial']) retrieved from /home/airflow/.local/lib/python3.7/site-packages/airflow/example_dags/tutorial.py
[2023-06-02 14:59:27,000] {logging_mixin.py:115} INFO - [2023-06-02 14:59:27,000] {dag.py:2420} INFO - Sync 1 DAGs
[2023-06-02 14:59:27,014] {logging_mixin.py:115} INFO - [2023-06-02 14:59:27,014] {dag.py:2972} INFO - Setting next_dagrun for tutorial to 2023-06-01T14:59:27.014227+00:00, run_after=2023-06-02T14:59:27.014227+00:00
[2023-06-02 14:59:27,022] {processor.py:161} INFO - Processing /home/airflow/.local/lib/python3.7/site-packages/airflow/example_dags/tutorial.py took 0.050 seconds
[2023-06-02 14:59:57,604] {processor.py:153} INFO - Started process (PID=1110) to work on /home/airflow/.local/lib/python3.7/site-packages/airflow/example_dags/tutorial.py
[2023-06-02 14:59:57,606] {processor.py:641} INFO - Processing file /home/airflow/.local/lib/python3.7/site-packages/airflow/example_dags/tutorial.py for tasks to queue
[2023-06-02 14:59:57,608] {logging_mixin.py:115} INFO - [2023-06-02 14:59:57,607] {dagbag.py:508} INFO - Filling up the DagBag from /home/airflow/.local/lib/python3.7/site-packages/airflow/example_dags/tutorial.py
[2023-06-02 14:59:57,613] {processor.py:651} INFO - DAG(s) dict_keys(['tutorial']) retrieved from /home/airflow/.local/lib/python3.7/site-packages/airflow/example_dags/tutorial.py
[2023-06-02 14:59:57,632] {logging_mixin.py:115} INFO - [2023-06-02 14:59:57,632] {dag.py:2420} INFO - Sync 1 DAGs
[2023-06-02 14:59:57,648] {logging_mixin.py:115} INFO - [2023-06-02 14:59:57,648] {dag.py:2972} INFO - Setting next_dagrun for tutorial to 2023-06-01T14:59:57.648791+00:00, run_after=2023-06-02T14:59:57.648791+00:00
[2023-06-02 14:59:57,658] {processor.py:161} INFO - Processing /home/airflow/.local/lib/python3.7/site-packages/airflow/example_dags/tutorial.py took 0.056 seconds
[2023-06-02 15:00:28,226] {processor.py:153} INFO - Started process (PID=1171) to work on /home/airflow/.local/lib/python3.7/site-packages/airflow/example_dags/tutorial.py
[2023-06-02 15:00:28,227] {processor.py:641} INFO - Processing file /home/airflow/.local/lib/python3.7/site-packages/airflow/example_dags/tutorial.py for tasks to queue
[2023-06-02 15:00:28,229] {logging_mixin.py:115} INFO - [2023-06-02 15:00:28,229] {dagbag.py:508} INFO - Filling up the DagBag from /home/airflow/.local/lib/python3.7/site-packages/airflow/example_dags/tutorial.py
[2023-06-02 15:00:28,233] {processor.py:651} INFO - DAG(s) dict_keys(['tutorial']) retrieved from /home/airflow/.local/lib/python3.7/site-packages/airflow/example_dags/tutorial.py
[2023-06-02 15:00:28,251] {logging_mixin.py:115} INFO - [2023-06-02 15:00:28,251] {dag.py:2420} INFO - Sync 1 DAGs
[2023-06-02 15:00:28,265] {logging_mixin.py:115} INFO - [2023-06-02 15:00:28,265] {dag.py:2972} INFO - Setting next_dagrun for tutorial to 2023-06-01T15:00:28.265286+00:00, run_after=2023-06-02T15:00:28.265286+00:00
[2023-06-02 15:00:28,274] {processor.py:161} INFO - Processing /home/airflow/.local/lib/python3.7/site-packages/airflow/example_dags/tutorial.py took 0.050 seconds
[2023-06-02 15:00:58,916] {processor.py:153} INFO - Started process (PID=1231) to work on /home/airflow/.local/lib/python3.7/site-packages/airflow/example_dags/tutorial.py
[2023-06-02 15:00:58,917] {processor.py:641} INFO - Processing file /home/airflow/.local/lib/python3.7/site-packages/airflow/example_dags/tutorial.py for tasks to queue
[2023-06-02 15:00:58,919] {logging_mixin.py:115} INFO - [2023-06-02 15:00:58,919] {dagbag.py:508} INFO - Filling up the DagBag from /home/airflow/.local/lib/python3.7/site-packages/airflow/example_dags/tutorial.py
[2023-06-02 15:00:58,925] {processor.py:651} INFO - DAG(s) dict_keys(['tutorial']) retrieved from /home/airflow/.local/lib/python3.7/site-packages/airflow/example_dags/tutorial.py
[2023-06-02 15:00:58,950] {logging_mixin.py:115} INFO - [2023-06-02 15:00:58,950] {dag.py:2420} INFO - Sync 1 DAGs
[2023-06-02 15:00:58,970] {logging_mixin.py:115} INFO - [2023-06-02 15:00:58,970] {dag.py:2972} INFO - Setting next_dagrun for tutorial to 2023-06-01T15:00:58.969876+00:00, run_after=2023-06-02T15:00:58.969876+00:00
[2023-06-02 15:00:58,983] {processor.py:161} INFO - Processing /home/airflow/.local/lib/python3.7/site-packages/airflow/example_dags/tutorial.py took 0.070 seconds
[2023-06-02 15:01:29,571] {processor.py:153} INFO - Started process (PID=1282) to work on /home/airflow/.local/lib/python3.7/site-packages/airflow/example_dags/tutorial.py
[2023-06-02 15:01:29,573] {processor.py:641} INFO - Processing file /home/airflow/.local/lib/python3.7/site-packages/airflow/example_dags/tutorial.py for tasks to queue
[2023-06-02 15:01:29,574] {logging_mixin.py:115} INFO - [2023-06-02 15:01:29,574] {dagbag.py:508} INFO - Filling up the DagBag from /home/airflow/.local/lib/python3.7/site-packages/airflow/example_dags/tutorial.py
[2023-06-02 15:01:29,579] {processor.py:651} INFO - DAG(s) dict_keys(['tutorial']) retrieved from /home/airflow/.local/lib/python3.7/site-packages/airflow/example_dags/tutorial.py
[2023-06-02 15:01:29,597] {logging_mixin.py:115} INFO - [2023-06-02 15:01:29,597] {dag.py:2420} INFO - Sync 1 DAGs
[2023-06-02 15:01:29,612] {logging_mixin.py:115} INFO - [2023-06-02 15:01:29,612] {dag.py:2972} INFO - Setting next_dagrun for tutorial to 2023-06-01T15:01:29.611890+00:00, run_after=2023-06-02T15:01:29.611890+00:00
[2023-06-02 15:01:29,621] {processor.py:161} INFO - Processing /home/airflow/.local/lib/python3.7/site-packages/airflow/example_dags/tutorial.py took 0.052 seconds
[2023-06-02 15:02:00,086] {processor.py:153} INFO - Started process (PID=1343) to work on /home/airflow/.local/lib/python3.7/site-packages/airflow/example_dags/tutorial.py
[2023-06-02 15:02:00,088] {processor.py:641} INFO - Processing file /home/airflow/.local/lib/python3.7/site-packages/airflow/example_dags/tutorial.py for tasks to queue
[2023-06-02 15:02:00,089] {logging_mixin.py:115} INFO - [2023-06-02 15:02:00,089] {dagbag.py:508} INFO - Filling up the DagBag from /home/airflow/.local/lib/python3.7/site-packages/airflow/example_dags/tutorial.py
[2023-06-02 15:02:00,094] {processor.py:651} INFO - DAG(s) dict_keys(['tutorial']) retrieved from /home/airflow/.local/lib/python3.7/site-packages/airflow/example_dags/tutorial.py
[2023-06-02 15:02:00,114] {logging_mixin.py:115} INFO - [2023-06-02 15:02:00,114] {dag.py:2420} INFO - Sync 1 DAGs
[2023-06-02 15:02:00,127] {logging_mixin.py:115} INFO - [2023-06-02 15:02:00,127] {dag.py:2972} INFO - Setting next_dagrun for tutorial to 2023-06-01T15:02:00.127748+00:00, run_after=2023-06-02T15:02:00.127748+00:00
[2023-06-02 15:02:00,138] {processor.py:161} INFO - Processing /home/airflow/.local/lib/python3.7/site-packages/airflow/example_dags/tutorial.py took 0.055 seconds
[2023-06-02 15:02:30,564] {processor.py:153} INFO - Started process (PID=1404) to work on /home/airflow/.local/lib/python3.7/site-packages/airflow/example_dags/tutorial.py
[2023-06-02 15:02:30,565] {processor.py:641} INFO - Processing file /home/airflow/.local/lib/python3.7/site-packages/airflow/example_dags/tutorial.py for tasks to queue
[2023-06-02 15:02:30,567] {logging_mixin.py:115} INFO - [2023-06-02 15:02:30,567] {dagbag.py:508} INFO - Filling up the DagBag from /home/airflow/.local/lib/python3.7/site-packages/airflow/example_dags/tutorial.py
[2023-06-02 15:02:30,572] {processor.py:651} INFO - DAG(s) dict_keys(['tutorial']) retrieved from /home/airflow/.local/lib/python3.7/site-packages/airflow/example_dags/tutorial.py
[2023-06-02 15:02:30,591] {logging_mixin.py:115} INFO - [2023-06-02 15:02:30,591] {dag.py:2420} INFO - Sync 1 DAGs
[2023-06-02 15:02:30,605] {logging_mixin.py:115} INFO - [2023-06-02 15:02:30,605] {dag.py:2972} INFO - Setting next_dagrun for tutorial to 2023-06-01T15:02:30.605023+00:00, run_after=2023-06-02T15:02:30.605023+00:00
[2023-06-02 15:02:30,614] {processor.py:161} INFO - Processing /home/airflow/.local/lib/python3.7/site-packages/airflow/example_dags/tutorial.py took 0.052 seconds
[2023-06-02 15:03:01,090] {processor.py:153} INFO - Started process (PID=1465) to work on /home/airflow/.local/lib/python3.7/site-packages/airflow/example_dags/tutorial.py
[2023-06-02 15:03:01,092] {processor.py:641} INFO - Processing file /home/airflow/.local/lib/python3.7/site-packages/airflow/example_dags/tutorial.py for tasks to queue
[2023-06-02 15:03:01,093] {logging_mixin.py:115} INFO - [2023-06-02 15:03:01,093] {dagbag.py:508} INFO - Filling up the DagBag from /home/airflow/.local/lib/python3.7/site-packages/airflow/example_dags/tutorial.py
[2023-06-02 15:03:01,098] {processor.py:651} INFO - DAG(s) dict_keys(['tutorial']) retrieved from /home/airflow/.local/lib/python3.7/site-packages/airflow/example_dags/tutorial.py
[2023-06-02 15:03:01,118] {logging_mixin.py:115} INFO - [2023-06-02 15:03:01,118] {dag.py:2420} INFO - Sync 1 DAGs
[2023-06-02 15:03:01,130] {logging_mixin.py:115} INFO - [2023-06-02 15:03:01,130] {dag.py:2972} INFO - Setting next_dagrun for tutorial to 2023-06-01T15:03:01.130790+00:00, run_after=2023-06-02T15:03:01.130790+00:00
[2023-06-02 15:03:01,138] {processor.py:161} INFO - Processing /home/airflow/.local/lib/python3.7/site-packages/airflow/example_dags/tutorial.py took 0.051 seconds
[2023-06-02 15:03:31,622] {processor.py:153} INFO - Started process (PID=1527) to work on /home/airflow/.local/lib/python3.7/site-packages/airflow/example_dags/tutorial.py
[2023-06-02 15:03:31,623] {processor.py:641} INFO - Processing file /home/airflow/.local/lib/python3.7/site-packages/airflow/example_dags/tutorial.py for tasks to queue
[2023-06-02 15:03:31,624] {logging_mixin.py:115} INFO - [2023-06-02 15:03:31,624] {dagbag.py:508} INFO - Filling up the DagBag from /home/airflow/.local/lib/python3.7/site-packages/airflow/example_dags/tutorial.py
[2023-06-02 15:03:31,629] {processor.py:651} INFO - DAG(s) dict_keys(['tutorial']) retrieved from /home/airflow/.local/lib/python3.7/site-packages/airflow/example_dags/tutorial.py
[2023-06-02 15:03:31,647] {logging_mixin.py:115} INFO - [2023-06-02 15:03:31,647] {dag.py:2420} INFO - Sync 1 DAGs
[2023-06-02 15:03:31,666] {logging_mixin.py:115} INFO - [2023-06-02 15:03:31,666] {dag.py:2972} INFO - Setting next_dagrun for tutorial to 2023-06-01T15:03:31.666366+00:00, run_after=2023-06-02T15:03:31.666366+00:00
[2023-06-02 15:03:31,678] {processor.py:161} INFO - Processing /home/airflow/.local/lib/python3.7/site-packages/airflow/example_dags/tutorial.py took 0.058 seconds
[2023-06-02 15:04:02,263] {processor.py:153} INFO - Started process (PID=1588) to work on /home/airflow/.local/lib/python3.7/site-packages/airflow/example_dags/tutorial.py
[2023-06-02 15:04:02,265] {processor.py:641} INFO - Processing file /home/airflow/.local/lib/python3.7/site-packages/airflow/example_dags/tutorial.py for tasks to queue
[2023-06-02 15:04:02,266] {logging_mixin.py:115} INFO - [2023-06-02 15:04:02,266] {dagbag.py:508} INFO - Filling up the DagBag from /home/airflow/.local/lib/python3.7/site-packages/airflow/example_dags/tutorial.py
[2023-06-02 15:04:02,272] {processor.py:651} INFO - DAG(s) dict_keys(['tutorial']) retrieved from /home/airflow/.local/lib/python3.7/site-packages/airflow/example_dags/tutorial.py
[2023-06-02 15:04:02,294] {logging_mixin.py:115} INFO - [2023-06-02 15:04:02,294] {dag.py:2420} INFO - Sync 1 DAGs
[2023-06-02 15:04:02,313] {logging_mixin.py:115} INFO - [2023-06-02 15:04:02,313] {dag.py:2972} INFO - Setting next_dagrun for tutorial to 2023-06-01T15:04:02.312784+00:00, run_after=2023-06-02T15:04:02.312784+00:00
[2023-06-02 15:04:02,328] {processor.py:161} INFO - Processing /home/airflow/.local/lib/python3.7/site-packages/airflow/example_dags/tutorial.py took 0.067 seconds
[2023-06-02 15:04:32,965] {processor.py:153} INFO - Started process (PID=1640) to work on /home/airflow/.local/lib/python3.7/site-packages/airflow/example_dags/tutorial.py
[2023-06-02 15:04:32,967] {processor.py:641} INFO - Processing file /home/airflow/.local/lib/python3.7/site-packages/airflow/example_dags/tutorial.py for tasks to queue
[2023-06-02 15:04:32,968] {logging_mixin.py:115} INFO - [2023-06-02 15:04:32,968] {dagbag.py:508} INFO - Filling up the DagBag from /home/airflow/.local/lib/python3.7/site-packages/airflow/example_dags/tutorial.py
[2023-06-02 15:04:32,973] {processor.py:651} INFO - DAG(s) dict_keys(['tutorial']) retrieved from /home/airflow/.local/lib/python3.7/site-packages/airflow/example_dags/tutorial.py
[2023-06-02 15:04:32,991] {logging_mixin.py:115} INFO - [2023-06-02 15:04:32,991] {dag.py:2420} INFO - Sync 1 DAGs
[2023-06-02 15:04:33,005] {logging_mixin.py:115} INFO - [2023-06-02 15:04:33,005] {dag.py:2972} INFO - Setting next_dagrun for tutorial to 2023-06-01T15:04:33.005105+00:00, run_after=2023-06-02T15:04:33.005105+00:00
[2023-06-02 15:04:33,013] {processor.py:161} INFO - Processing /home/airflow/.local/lib/python3.7/site-packages/airflow/example_dags/tutorial.py took 0.051 seconds
[2023-06-02 15:05:03,685] {processor.py:153} INFO - Started process (PID=1701) to work on /home/airflow/.local/lib/python3.7/site-packages/airflow/example_dags/tutorial.py
[2023-06-02 15:05:03,687] {processor.py:641} INFO - Processing file /home/airflow/.local/lib/python3.7/site-packages/airflow/example_dags/tutorial.py for tasks to queue
[2023-06-02 15:05:03,688] {logging_mixin.py:115} INFO - [2023-06-02 15:05:03,688] {dagbag.py:508} INFO - Filling up the DagBag from /home/airflow/.local/lib/python3.7/site-packages/airflow/example_dags/tutorial.py
[2023-06-02 15:05:03,693] {processor.py:651} INFO - DAG(s) dict_keys(['tutorial']) retrieved from /home/airflow/.local/lib/python3.7/site-packages/airflow/example_dags/tutorial.py
[2023-06-02 15:05:03,710] {logging_mixin.py:115} INFO - [2023-06-02 15:05:03,710] {dag.py:2420} INFO - Sync 1 DAGs
[2023-06-02 15:05:03,728] {logging_mixin.py:115} INFO - [2023-06-02 15:05:03,728] {dag.py:2972} INFO - Setting next_dagrun for tutorial to 2023-06-01T15:05:03.728640+00:00, run_after=2023-06-02T15:05:03.728640+00:00
[2023-06-02 15:05:03,736] {processor.py:161} INFO - Processing /home/airflow/.local/lib/python3.7/site-packages/airflow/example_dags/tutorial.py took 0.053 seconds
[2023-06-02 15:05:34,145] {processor.py:153} INFO - Started process (PID=1762) to work on /home/airflow/.local/lib/python3.7/site-packages/airflow/example_dags/tutorial.py
[2023-06-02 15:05:34,146] {processor.py:641} INFO - Processing file /home/airflow/.local/lib/python3.7/site-packages/airflow/example_dags/tutorial.py for tasks to queue
[2023-06-02 15:05:34,149] {logging_mixin.py:115} INFO - [2023-06-02 15:05:34,149] {dagbag.py:508} INFO - Filling up the DagBag from /home/airflow/.local/lib/python3.7/site-packages/airflow/example_dags/tutorial.py
[2023-06-02 15:05:34,155] {processor.py:651} INFO - DAG(s) dict_keys(['tutorial']) retrieved from /home/airflow/.local/lib/python3.7/site-packages/airflow/example_dags/tutorial.py
[2023-06-02 15:05:34,174] {logging_mixin.py:115} INFO - [2023-06-02 15:05:34,174] {dag.py:2420} INFO - Sync 1 DAGs
[2023-06-02 15:05:34,189] {logging_mixin.py:115} INFO - [2023-06-02 15:05:34,188] {dag.py:2972} INFO - Setting next_dagrun for tutorial to 2023-06-01T15:05:34.188835+00:00, run_after=2023-06-02T15:05:34.188835+00:00
[2023-06-02 15:05:34,198] {processor.py:161} INFO - Processing /home/airflow/.local/lib/python3.7/site-packages/airflow/example_dags/tutorial.py took 0.055 seconds
[2023-06-02 15:06:04,894] {processor.py:153} INFO - Started process (PID=1822) to work on /home/airflow/.local/lib/python3.7/site-packages/airflow/example_dags/tutorial.py
[2023-06-02 15:06:04,897] {processor.py:641} INFO - Processing file /home/airflow/.local/lib/python3.7/site-packages/airflow/example_dags/tutorial.py for tasks to queue
[2023-06-02 15:06:04,898] {logging_mixin.py:115} INFO - [2023-06-02 15:06:04,898] {dagbag.py:508} INFO - Filling up the DagBag from /home/airflow/.local/lib/python3.7/site-packages/airflow/example_dags/tutorial.py
[2023-06-02 15:06:04,904] {processor.py:651} INFO - DAG(s) dict_keys(['tutorial']) retrieved from /home/airflow/.local/lib/python3.7/site-packages/airflow/example_dags/tutorial.py
[2023-06-02 15:06:04,925] {logging_mixin.py:115} INFO - [2023-06-02 15:06:04,925] {dag.py:2420} INFO - Sync 1 DAGs
[2023-06-02 15:06:04,939] {logging_mixin.py:115} INFO - [2023-06-02 15:06:04,939] {dag.py:2972} INFO - Setting next_dagrun for tutorial to 2023-06-01T15:06:04.939351+00:00, run_after=2023-06-02T15:06:04.939351+00:00
[2023-06-02 15:06:04,948] {processor.py:161} INFO - Processing /home/airflow/.local/lib/python3.7/site-packages/airflow/example_dags/tutorial.py took 0.057 seconds
[2023-06-02 15:06:35,577] {processor.py:153} INFO - Started process (PID=1883) to work on /home/airflow/.local/lib/python3.7/site-packages/airflow/example_dags/tutorial.py
[2023-06-02 15:06:35,579] {processor.py:641} INFO - Processing file /home/airflow/.local/lib/python3.7/site-packages/airflow/example_dags/tutorial.py for tasks to queue
[2023-06-02 15:06:35,580] {logging_mixin.py:115} INFO - [2023-06-02 15:06:35,580] {dagbag.py:508} INFO - Filling up the DagBag from /home/airflow/.local/lib/python3.7/site-packages/airflow/example_dags/tutorial.py
[2023-06-02 15:06:35,585] {processor.py:651} INFO - DAG(s) dict_keys(['tutorial']) retrieved from /home/airflow/.local/lib/python3.7/site-packages/airflow/example_dags/tutorial.py
[2023-06-02 15:06:35,607] {logging_mixin.py:115} INFO - [2023-06-02 15:06:35,607] {dag.py:2420} INFO - Sync 1 DAGs
[2023-06-02 15:06:35,624] {logging_mixin.py:115} INFO - [2023-06-02 15:06:35,624] {dag.py:2972} INFO - Setting next_dagrun for tutorial to 2023-06-01T15:06:35.624172+00:00, run_after=2023-06-02T15:06:35.624172+00:00
[2023-06-02 15:06:35,634] {processor.py:161} INFO - Processing /home/airflow/.local/lib/python3.7/site-packages/airflow/example_dags/tutorial.py took 0.059 seconds
