[2023-06-10 16:49:58,954] {taskinstance.py:1179} INFO - Dependencies all met for <TaskInstance: download_rocket_launches.get_pictures scheduled__2023-06-04T00:00:00+00:00 [queued]>
[2023-06-10 16:49:58,987] {taskinstance.py:1179} INFO - Dependencies all met for <TaskInstance: download_rocket_launches.get_pictures scheduled__2023-06-04T00:00:00+00:00 [queued]>
[2023-06-10 16:49:58,988] {taskinstance.py:1376} INFO - 
--------------------------------------------------------------------------------
[2023-06-10 16:49:58,989] {taskinstance.py:1377} INFO - Starting attempt 1 of 1
[2023-06-10 16:49:58,990] {taskinstance.py:1378} INFO - 
--------------------------------------------------------------------------------
[2023-06-10 16:49:59,020] {taskinstance.py:1397} INFO - Executing <Task(PythonOperator): get_pictures> on 2023-06-04 00:00:00+00:00
[2023-06-10 16:49:59,027] {standard_task_runner.py:52} INFO - Started process 131 to run task
[2023-06-10 16:49:59,039] {standard_task_runner.py:79} INFO - Running: ['***', 'tasks', 'run', 'download_rocket_launches', 'get_pictures', 'scheduled__2023-06-04T00:00:00+00:00', '--job-id', '41', '--raw', '--subdir', 'DAGS_FOLDER/download_rocket_launches.py', '--cfg-path', '/tmp/tmp90_p8fb3', '--error-file', '/tmp/tmp9y3j7snp']
[2023-06-10 16:49:59,052] {standard_task_runner.py:80} INFO - Job 41: Subtask get_pictures
[2023-06-10 16:49:59,219] {task_command.py:371} INFO - Running <TaskInstance: download_rocket_launches.get_pictures scheduled__2023-06-04T00:00:00+00:00 [running]> on host fd847b0d0eb3
[2023-06-10 16:49:59,483] {taskinstance.py:1591} INFO - Exporting the following env vars:
AIRFLOW_CTX_DAG_OWNER=***
AIRFLOW_CTX_DAG_ID=download_rocket_launches
AIRFLOW_CTX_TASK_ID=get_pictures
AIRFLOW_CTX_EXECUTION_DATE=2023-06-04T00:00:00+00:00
AIRFLOW_CTX_TRY_NUMBER=1
AIRFLOW_CTX_DAG_RUN_ID=scheduled__2023-06-04T00:00:00+00:00
[2023-06-10 16:50:00,958] {logging_mixin.py:115} INFO - Downloaded https://spacelaunchnow-prod-east.nyc3.digitaloceanspaces.com/media/launch_images/falcon2520925_image_20230503085414.png to /tmp/images/falcon2520925_image_20230503085414.png
[2023-06-10 16:50:02,392] {logging_mixin.py:115} INFO - Downloaded https://spacelaunchnow-prod-east.nyc3.digitaloceanspaces.com/media/launcher_images/falcon_9_block__image_20210506060831.jpg to /tmp/images/falcon_9_block__image_20210506060831.jpg
[2023-06-10 16:50:03,415] {logging_mixin.py:115} INFO - Downloaded https://spacelaunchnow-prod-east.nyc3.digitaloceanspaces.com/media/launcher_images/long2520march25202d_image_20190222031211.jpeg to /tmp/images/long2520march25202d_image_20190222031211.jpeg
[2023-06-10 16:50:04,621] {logging_mixin.py:115} INFO - Downloaded https://spacelaunchnow-prod-east.nyc3.digitaloceanspaces.com/media/launcher_images/ariane_5_eca25_image_20200220090552.jpeg to /tmp/images/ariane_5_eca25_image_20200220090552.jpeg
[2023-06-10 16:50:06,073] {logging_mixin.py:115} INFO - Downloaded https://spacelaunchnow-prod-east.nyc3.digitaloceanspaces.com/media/launcher_images/falcon_9_block__image_20210506060831.jpg to /tmp/images/falcon_9_block__image_20210506060831.jpg
[2023-06-10 16:50:07,681] {logging_mixin.py:115} INFO - Downloaded https://spacelaunchnow-prod-east.nyc3.digitaloceanspaces.com/media/launcher_images/delta_iv_heavy_image_20210426103838.jpg to /tmp/images/delta_iv_heavy_image_20210426103838.jpg
[2023-06-10 16:50:08,963] {logging_mixin.py:115} INFO - Downloaded https://spacelaunchnow-prod-east.nyc3.digitaloceanspaces.com/media/launcher_images/soyuz25202.1b_image_20190520165337.jpg to /tmp/images/soyuz25202.1b_image_20190520165337.jpg
[2023-06-10 16:50:10,416] {logging_mixin.py:115} INFO - Downloaded https://spacelaunchnow-prod-east.nyc3.digitaloceanspaces.com/media/launch_images/falcon2520925_image_20230522064316.png to /tmp/images/falcon2520925_image_20230522064316.png
[2023-06-10 16:50:11,841] {logging_mixin.py:115} INFO - Downloaded https://spacelaunchnow-prod-east.nyc3.digitaloceanspaces.com/media/launch_images/falcon2520925_image_20230503085708.png to /tmp/images/falcon2520925_image_20230503085708.png
[2023-06-10 16:50:13,312] {logging_mixin.py:115} INFO - Downloaded https://spacelaunchnow-prod-east.nyc3.digitaloceanspaces.com/media/launcher_images/electron_image_20190705175640.jpeg to /tmp/images/electron_image_20190705175640.jpeg
[2023-06-10 16:50:13,322] {python.py:173} INFO - Done. Returned value was: None
[2023-06-10 16:50:13,367] {taskinstance.py:1420} INFO - Marking task as SUCCESS. dag_id=download_rocket_launches, task_id=get_pictures, execution_date=20230604T000000, start_date=20230610T164958, end_date=20230610T165013
[2023-06-10 16:50:13,456] {local_task_job.py:156} INFO - Task exited with return code 0
[2023-06-10 16:50:13,528] {local_task_job.py:273} INFO - 1 downstream tasks scheduled from follow-on schedule check
