[2023-06-10 16:50:00,682] {taskinstance.py:1179} INFO - Dependencies all met for <TaskInstance: download_rocket_launches.download_launches manual__2023-06-10T16:50:00.213039+00:00 [queued]>
[2023-06-10 16:50:00,693] {taskinstance.py:1179} INFO - Dependencies all met for <TaskInstance: download_rocket_launches.download_launches manual__2023-06-10T16:50:00.213039+00:00 [queued]>
[2023-06-10 16:50:00,694] {taskinstance.py:1376} INFO - 
--------------------------------------------------------------------------------
[2023-06-10 16:50:00,695] {taskinstance.py:1377} INFO - Starting attempt 1 of 1
[2023-06-10 16:50:00,696] {taskinstance.py:1378} INFO - 
--------------------------------------------------------------------------------
[2023-06-10 16:50:00,710] {taskinstance.py:1397} INFO - Executing <Task(BashOperator): download_launches> on 2023-06-10 16:50:00.213039+00:00
[2023-06-10 16:50:00,715] {standard_task_runner.py:52} INFO - Started process 147 to run task
[2023-06-10 16:50:00,718] {standard_task_runner.py:79} INFO - Running: ['***', 'tasks', 'run', 'download_rocket_launches', 'download_launches', 'manual__2023-06-10T16:50:00.213039+00:00', '--job-id', '47', '--raw', '--subdir', 'DAGS_FOLDER/download_rocket_launches.py', '--cfg-path', '/tmp/tmpmolnp6zw', '--error-file', '/tmp/tmp1a4zkv54']
[2023-06-10 16:50:00,720] {standard_task_runner.py:80} INFO - Job 47: Subtask download_launches
[2023-06-10 16:50:00,797] {task_command.py:371} INFO - Running <TaskInstance: download_rocket_launches.download_launches manual__2023-06-10T16:50:00.213039+00:00 [running]> on host fd847b0d0eb3
[2023-06-10 16:50:00,866] {taskinstance.py:1591} INFO - Exporting the following env vars:
AIRFLOW_CTX_DAG_OWNER=***
AIRFLOW_CTX_DAG_ID=download_rocket_launches
AIRFLOW_CTX_TASK_ID=download_launches
AIRFLOW_CTX_EXECUTION_DATE=2023-06-10T16:50:00.213039+00:00
AIRFLOW_CTX_TRY_NUMBER=1
AIRFLOW_CTX_DAG_RUN_ID=manual__2023-06-10T16:50:00.213039+00:00
[2023-06-10 16:50:00,869] {subprocess.py:62} INFO - Tmp dir root location: 
 /tmp
[2023-06-10 16:50:00,871] {subprocess.py:74} INFO - Running command: ['bash', '-c', "curl -o /tmp/launches.json -L 'https://ll.thespacedevs.com/2.0.0/launch/upcoming'"]
[2023-06-10 16:50:00,880] {subprocess.py:85} INFO - Output:
[2023-06-10 16:50:00,886] {subprocess.py:92} INFO -   % Total    % Received % Xferd  Average Speed   Time    Time     Time  Current
[2023-06-10 16:50:00,890] {subprocess.py:92} INFO -                                  Dload  Upload   Total   Spent    Left  Speed
[2023-06-10 16:50:01,598] {subprocess.py:92} INFO -   0     0    0     0    0     0      0      0 --:--:-- --:--:-- --:--:--     0  0     0    0     0    0     0      0      0 --:--:-- --:--:-- --:--:--     0  0     0    0     0    0     0      0      0 --:--:-- --:--:-- --:--:--     0
[2023-06-10 16:50:02,028] {subprocess.py:92} INFO - 100 22256  100 22256    0     0  19488      0  0:00:01  0:00:01 --:--:-- 19488
[2023-06-10 16:50:02,033] {subprocess.py:96} INFO - Command exited with return code 0
[2023-06-10 16:50:02,068] {taskinstance.py:1420} INFO - Marking task as SUCCESS. dag_id=download_rocket_launches, task_id=download_launches, execution_date=20230610T165000, start_date=20230610T165000, end_date=20230610T165002
[2023-06-10 16:50:02,108] {local_task_job.py:156} INFO - Task exited with return code 0
[2023-06-10 16:50:02,158] {local_task_job.py:273} INFO - 1 downstream tasks scheduled from follow-on schedule check
