[2023-06-11 07:39:04,907] {taskinstance.py:1179} INFO - Dependencies all met for <TaskInstance: listing_4_15.get_data scheduled__2023-06-10T02:00:00+00:00 [queued]>
[2023-06-11 07:39:04,915] {taskinstance.py:1179} INFO - Dependencies all met for <TaskInstance: listing_4_15.get_data scheduled__2023-06-10T02:00:00+00:00 [queued]>
[2023-06-11 07:39:04,916] {taskinstance.py:1376} INFO - 
--------------------------------------------------------------------------------
[2023-06-11 07:39:04,917] {taskinstance.py:1377} INFO - Starting attempt 1 of 1
[2023-06-11 07:39:04,918] {taskinstance.py:1378} INFO - 
--------------------------------------------------------------------------------
[2023-06-11 07:39:04,926] {taskinstance.py:1397} INFO - Executing <Task(PythonOperator): get_data> on 2023-06-10 02:00:00+00:00
[2023-06-11 07:39:04,930] {standard_task_runner.py:52} INFO - Started process 85353 to run task
[2023-06-11 07:39:04,933] {standard_task_runner.py:79} INFO - Running: ['***', 'tasks', 'run', 'listing_4_15', 'get_data', 'scheduled__2023-06-10T02:00:00+00:00', '--job-id', '123', '--raw', '--subdir', 'DAGS_FOLDER/listing_4_15.py', '--cfg-path', '/tmp/tmp8j88wk3x', '--error-file', '/tmp/tmpcdj0304m']
[2023-06-11 07:39:04,933] {standard_task_runner.py:80} INFO - Job 123: Subtask get_data
[2023-06-11 07:39:04,980] {task_command.py:371} INFO - Running <TaskInstance: listing_4_15.get_data scheduled__2023-06-10T02:00:00+00:00 [running]> on host fd847b0d0eb3
[2023-06-11 07:39:05,004] {warnings.py:110} WARNING - /home/***/.local/lib/python3.7/site-packages/***/utils/context.py:202: AirflowContextDeprecationWarning: Accessing 'execution_date' from the template is deprecated and will be removed in a future version. Please use 'data_interval_start' or 'logical_date' instead.
  warnings.warn(_create_deprecation_warning(key, self._deprecation_replacements[key]))

[2023-06-11 07:39:05,028] {taskinstance.py:1591} INFO - Exporting the following env vars:
AIRFLOW_CTX_DAG_OWNER=***
AIRFLOW_CTX_DAG_ID=listing_4_15
AIRFLOW_CTX_TASK_ID=get_data
AIRFLOW_CTX_EXECUTION_DATE=2023-06-10T02:00:00+00:00
AIRFLOW_CTX_TRY_NUMBER=1
AIRFLOW_CTX_DAG_RUN_ID=scheduled__2023-06-10T02:00:00+00:00
[2023-06-11 07:39:22,732] {python.py:173} INFO - Done. Returned value was: None
[2023-06-11 07:39:22,745] {taskinstance.py:1420} INFO - Marking task as SUCCESS. dag_id=listing_4_15, task_id=get_data, execution_date=20230610T020000, start_date=20230611T073904, end_date=20230611T073922
[2023-06-11 07:39:22,781] {local_task_job.py:156} INFO - Task exited with return code 0
[2023-06-11 07:39:22,812] {local_task_job.py:273} INFO - 1 downstream tasks scheduled from follow-on schedule check
