[2023-06-11 07:40:02,760] {taskinstance.py:1179} INFO - Dependencies all met for <TaskInstance: listing_4_15.extract_gz scheduled__2023-06-10T04:00:00+00:00 [queued]>
[2023-06-11 07:40:02,767] {taskinstance.py:1179} INFO - Dependencies all met for <TaskInstance: listing_4_15.extract_gz scheduled__2023-06-10T04:00:00+00:00 [queued]>
[2023-06-11 07:40:02,768] {taskinstance.py:1376} INFO - 
--------------------------------------------------------------------------------
[2023-06-11 07:40:02,769] {taskinstance.py:1377} INFO - Starting attempt 1 of 1
[2023-06-11 07:40:02,770] {taskinstance.py:1378} INFO - 
--------------------------------------------------------------------------------
[2023-06-11 07:40:02,779] {taskinstance.py:1397} INFO - Executing <Task(BashOperator): extract_gz> on 2023-06-10 04:00:00+00:00
[2023-06-11 07:40:02,783] {standard_task_runner.py:52} INFO - Started process 89213 to run task
[2023-06-11 07:40:02,786] {standard_task_runner.py:79} INFO - Running: ['***', 'tasks', 'run', 'listing_4_15', 'extract_gz', 'scheduled__2023-06-10T04:00:00+00:00', '--job-id', '130', '--raw', '--subdir', 'DAGS_FOLDER/listing_4_15.py', '--cfg-path', '/tmp/tmp6w3h4ju3', '--error-file', '/tmp/tmpy3d_nq5r']
[2023-06-11 07:40:02,787] {standard_task_runner.py:80} INFO - Job 130: Subtask extract_gz
[2023-06-11 07:40:02,831] {task_command.py:371} INFO - Running <TaskInstance: listing_4_15.extract_gz scheduled__2023-06-10T04:00:00+00:00 [running]> on host fd847b0d0eb3
[2023-06-11 07:40:02,876] {taskinstance.py:1591} INFO - Exporting the following env vars:
AIRFLOW_CTX_DAG_OWNER=***
AIRFLOW_CTX_DAG_ID=listing_4_15
AIRFLOW_CTX_TASK_ID=extract_gz
AIRFLOW_CTX_EXECUTION_DATE=2023-06-10T04:00:00+00:00
AIRFLOW_CTX_TRY_NUMBER=1
AIRFLOW_CTX_DAG_RUN_ID=scheduled__2023-06-10T04:00:00+00:00
[2023-06-11 07:40:02,878] {subprocess.py:62} INFO - Tmp dir root location: 
 /tmp
[2023-06-11 07:40:02,879] {subprocess.py:74} INFO - Running command: ['bash', '-c', 'gunzip --force /opt/***/data/wikipageviews.gz']
[2023-06-11 07:40:02,888] {subprocess.py:85} INFO - Output:
[2023-06-11 07:40:03,957] {subprocess.py:96} INFO - Command exited with return code 0
[2023-06-11 07:40:03,982] {taskinstance.py:1420} INFO - Marking task as SUCCESS. dag_id=listing_4_15, task_id=extract_gz, execution_date=20230610T040000, start_date=20230611T074002, end_date=20230611T074003
[2023-06-11 07:40:04,017] {local_task_job.py:156} INFO - Task exited with return code 0
[2023-06-11 07:40:04,046] {local_task_job.py:273} INFO - 0 downstream tasks scheduled from follow-on schedule check
