[2023-06-11 07:40:55,513] {taskinstance.py:1179} INFO - Dependencies all met for <TaskInstance: listing_4_15.extract_gz scheduled__2023-06-10T07:00:00+00:00 [queued]>
[2023-06-11 07:40:55,520] {taskinstance.py:1179} INFO - Dependencies all met for <TaskInstance: listing_4_15.extract_gz scheduled__2023-06-10T07:00:00+00:00 [queued]>
[2023-06-11 07:40:55,522] {taskinstance.py:1376} INFO - 
--------------------------------------------------------------------------------
[2023-06-11 07:40:55,523] {taskinstance.py:1377} INFO - Starting attempt 1 of 1
[2023-06-11 07:40:55,524] {taskinstance.py:1378} INFO - 
--------------------------------------------------------------------------------
[2023-06-11 07:40:55,532] {taskinstance.py:1397} INFO - Executing <Task(BashOperator): extract_gz> on 2023-06-10 07:00:00+00:00
[2023-06-11 07:40:55,537] {standard_task_runner.py:52} INFO - Started process 89799 to run task
[2023-06-11 07:40:55,540] {standard_task_runner.py:79} INFO - Running: ['***', 'tasks', 'run', 'listing_4_15', 'extract_gz', 'scheduled__2023-06-10T07:00:00+00:00', '--job-id', '139', '--raw', '--subdir', 'DAGS_FOLDER/listing_4_15.py', '--cfg-path', '/tmp/tmp94j74xyr', '--error-file', '/tmp/tmprik4ll4y']
[2023-06-11 07:40:55,541] {standard_task_runner.py:80} INFO - Job 139: Subtask extract_gz
[2023-06-11 07:40:55,586] {task_command.py:371} INFO - Running <TaskInstance: listing_4_15.extract_gz scheduled__2023-06-10T07:00:00+00:00 [running]> on host fd847b0d0eb3
[2023-06-11 07:40:55,633] {taskinstance.py:1591} INFO - Exporting the following env vars:
AIRFLOW_CTX_DAG_OWNER=***
AIRFLOW_CTX_DAG_ID=listing_4_15
AIRFLOW_CTX_TASK_ID=extract_gz
AIRFLOW_CTX_EXECUTION_DATE=2023-06-10T07:00:00+00:00
AIRFLOW_CTX_TRY_NUMBER=1
AIRFLOW_CTX_DAG_RUN_ID=scheduled__2023-06-10T07:00:00+00:00
[2023-06-11 07:40:55,635] {subprocess.py:62} INFO - Tmp dir root location: 
 /tmp
[2023-06-11 07:40:55,637] {subprocess.py:74} INFO - Running command: ['bash', '-c', 'gunzip --force /opt/***/data/wikipageviews.gz']
[2023-06-11 07:40:55,647] {subprocess.py:85} INFO - Output:
[2023-06-11 07:40:56,902] {subprocess.py:96} INFO - Command exited with return code 0
[2023-06-11 07:40:56,929] {taskinstance.py:1420} INFO - Marking task as SUCCESS. dag_id=listing_4_15, task_id=extract_gz, execution_date=20230610T070000, start_date=20230611T074055, end_date=20230611T074056
[2023-06-11 07:40:56,984] {local_task_job.py:156} INFO - Task exited with return code 0
[2023-06-11 07:40:57,015] {local_task_job.py:273} INFO - 1 downstream tasks scheduled from follow-on schedule check
