[2023-06-11 07:38:41,978] {taskinstance.py:1179} INFO - Dependencies all met for <TaskInstance: listing_4_15.extract_gz scheduled__2023-06-10T00:00:00+00:00 [queued]>
[2023-06-11 07:38:41,986] {taskinstance.py:1179} INFO - Dependencies all met for <TaskInstance: listing_4_15.extract_gz scheduled__2023-06-10T00:00:00+00:00 [queued]>
[2023-06-11 07:38:41,986] {taskinstance.py:1376} INFO - 
--------------------------------------------------------------------------------
[2023-06-11 07:38:41,987] {taskinstance.py:1377} INFO - Starting attempt 1 of 1
[2023-06-11 07:38:41,988] {taskinstance.py:1378} INFO - 
--------------------------------------------------------------------------------
[2023-06-11 07:38:41,998] {taskinstance.py:1397} INFO - Executing <Task(BashOperator): extract_gz> on 2023-06-10 00:00:00+00:00
[2023-06-11 07:38:42,001] {standard_task_runner.py:52} INFO - Started process 83769 to run task
[2023-06-11 07:38:42,004] {standard_task_runner.py:79} INFO - Running: ['***', 'tasks', 'run', 'listing_4_15', 'extract_gz', 'scheduled__2023-06-10T00:00:00+00:00', '--job-id', '118', '--raw', '--subdir', 'DAGS_FOLDER/listing_4_15.py', '--cfg-path', '/tmp/tmpsddpf0yv', '--error-file', '/tmp/tmpwfgd_80_']
[2023-06-11 07:38:42,005] {standard_task_runner.py:80} INFO - Job 118: Subtask extract_gz
[2023-06-11 07:38:42,047] {task_command.py:371} INFO - Running <TaskInstance: listing_4_15.extract_gz scheduled__2023-06-10T00:00:00+00:00 [running]> on host fd847b0d0eb3
[2023-06-11 07:38:42,087] {taskinstance.py:1591} INFO - Exporting the following env vars:
AIRFLOW_CTX_DAG_OWNER=***
AIRFLOW_CTX_DAG_ID=listing_4_15
AIRFLOW_CTX_TASK_ID=extract_gz
AIRFLOW_CTX_EXECUTION_DATE=2023-06-10T00:00:00+00:00
AIRFLOW_CTX_TRY_NUMBER=1
AIRFLOW_CTX_DAG_RUN_ID=scheduled__2023-06-10T00:00:00+00:00
[2023-06-11 07:38:42,089] {subprocess.py:62} INFO - Tmp dir root location: 
 /tmp
[2023-06-11 07:38:42,091] {subprocess.py:74} INFO - Running command: ['bash', '-c', 'gunzip --force /opt/***/data/wikipageviews.gz']
[2023-06-11 07:38:42,100] {subprocess.py:85} INFO - Output:
[2023-06-11 07:38:43,203] {subprocess.py:96} INFO - Command exited with return code 0
[2023-06-11 07:38:43,224] {taskinstance.py:1420} INFO - Marking task as SUCCESS. dag_id=listing_4_15, task_id=extract_gz, execution_date=20230610T000000, start_date=20230611T073841, end_date=20230611T073843
[2023-06-11 07:38:43,251] {local_task_job.py:156} INFO - Task exited with return code 0
[2023-06-11 07:38:43,276] {local_task_job.py:273} INFO - 1 downstream tasks scheduled from follow-on schedule check
