[2023-06-10 15:45:30,302] {processor.py:153} INFO - Started process (PID=42) to work on /home/airflow/.local/lib/python3.7/site-packages/airflow/example_dags/example_subdag_operator.py
[2023-06-10 15:45:30,305] {processor.py:641} INFO - Processing file /home/airflow/.local/lib/python3.7/site-packages/airflow/example_dags/example_subdag_operator.py for tasks to queue
[2023-06-10 15:45:30,309] {logging_mixin.py:115} INFO - [2023-06-10 15:45:30,308] {dagbag.py:508} INFO - Filling up the DagBag from /home/airflow/.local/lib/python3.7/site-packages/airflow/example_dags/example_subdag_operator.py
[2023-06-10 15:45:30,335] {processor.py:651} INFO - DAG(s) dict_keys(['example_subdag_operator.section-1', 'example_subdag_operator.section-2', 'example_subdag_operator']) retrieved from /home/airflow/.local/lib/python3.7/site-packages/airflow/example_dags/example_subdag_operator.py
[2023-06-10 15:45:30,368] {logging_mixin.py:115} INFO - [2023-06-10 15:45:30,368] {dag.py:2420} INFO - Sync 3 DAGs
[2023-06-10 15:45:30,396] {logging_mixin.py:115} INFO - [2023-06-10 15:45:30,396] {dag.py:2972} INFO - Setting next_dagrun for example_subdag_operator to 2022-01-01T00:00:00+00:00, run_after=2022-01-01T00:00:00+00:00
[2023-06-10 15:45:30,398] {logging_mixin.py:115} INFO - [2023-06-10 15:45:30,398] {dag.py:2972} INFO - Setting next_dagrun for example_subdag_operator.section-1 to None, run_after=None
[2023-06-10 15:45:30,401] {logging_mixin.py:115} INFO - [2023-06-10 15:45:30,401] {dag.py:2972} INFO - Setting next_dagrun for example_subdag_operator.section-2 to None, run_after=None
[2023-06-10 15:45:30,412] {logging_mixin.py:115} INFO - [2023-06-10 15:45:30,412] {dag.py:2420} INFO - Sync 2 DAGs
[2023-06-10 15:45:30,417] {logging_mixin.py:115} INFO - [2023-06-10 15:45:30,417] {dag.py:2972} INFO - Setting next_dagrun for example_subdag_operator.section-1 to None, run_after=None
[2023-06-10 15:45:30,421] {logging_mixin.py:115} INFO - [2023-06-10 15:45:30,420] {dag.py:2972} INFO - Setting next_dagrun for example_subdag_operator.section-2 to None, run_after=None
[2023-06-10 15:45:30,430] {processor.py:161} INFO - Processing /home/airflow/.local/lib/python3.7/site-packages/airflow/example_dags/example_subdag_operator.py took 0.131 seconds
[2023-06-10 15:46:01,158] {processor.py:153} INFO - Started process (PID=103) to work on /home/airflow/.local/lib/python3.7/site-packages/airflow/example_dags/example_subdag_operator.py
[2023-06-10 15:46:01,160] {processor.py:641} INFO - Processing file /home/airflow/.local/lib/python3.7/site-packages/airflow/example_dags/example_subdag_operator.py for tasks to queue
[2023-06-10 15:46:01,161] {logging_mixin.py:115} INFO - [2023-06-10 15:46:01,161] {dagbag.py:508} INFO - Filling up the DagBag from /home/airflow/.local/lib/python3.7/site-packages/airflow/example_dags/example_subdag_operator.py
[2023-06-10 15:46:01,180] {processor.py:651} INFO - DAG(s) dict_keys(['example_subdag_operator.section-1', 'example_subdag_operator.section-2', 'example_subdag_operator']) retrieved from /home/airflow/.local/lib/python3.7/site-packages/airflow/example_dags/example_subdag_operator.py
[2023-06-10 15:46:01,201] {logging_mixin.py:115} INFO - [2023-06-10 15:46:01,201] {dag.py:2420} INFO - Sync 3 DAGs
[2023-06-10 15:46:01,215] {logging_mixin.py:115} INFO - [2023-06-10 15:46:01,215] {dag.py:2972} INFO - Setting next_dagrun for example_subdag_operator to 2022-01-01T00:00:00+00:00, run_after=2022-01-01T00:00:00+00:00
[2023-06-10 15:46:01,217] {logging_mixin.py:115} INFO - [2023-06-10 15:46:01,217] {dag.py:2972} INFO - Setting next_dagrun for example_subdag_operator.section-1 to None, run_after=None
[2023-06-10 15:46:01,219] {logging_mixin.py:115} INFO - [2023-06-10 15:46:01,219] {dag.py:2972} INFO - Setting next_dagrun for example_subdag_operator.section-2 to None, run_after=None
[2023-06-10 15:46:01,224] {logging_mixin.py:115} INFO - [2023-06-10 15:46:01,224] {dag.py:2420} INFO - Sync 2 DAGs
[2023-06-10 15:46:01,229] {logging_mixin.py:115} INFO - [2023-06-10 15:46:01,229] {dag.py:2972} INFO - Setting next_dagrun for example_subdag_operator.section-1 to None, run_after=None
[2023-06-10 15:46:01,231] {logging_mixin.py:115} INFO - [2023-06-10 15:46:01,231] {dag.py:2972} INFO - Setting next_dagrun for example_subdag_operator.section-2 to None, run_after=None
[2023-06-10 15:46:01,235] {processor.py:161} INFO - Processing /home/airflow/.local/lib/python3.7/site-packages/airflow/example_dags/example_subdag_operator.py took 0.079 seconds
