[2023-06-11 06:37:24,053] {taskinstance.py:1179} INFO - Dependencies all met for <TaskInstance: listing_4_03.print_context scheduled__2023-06-09T00:00:00+00:00 [queued]>
[2023-06-11 06:37:24,067] {taskinstance.py:1179} INFO - Dependencies all met for <TaskInstance: listing_4_03.print_context scheduled__2023-06-09T00:00:00+00:00 [queued]>
[2023-06-11 06:37:24,070] {taskinstance.py:1376} INFO - 
--------------------------------------------------------------------------------
[2023-06-11 06:37:24,072] {taskinstance.py:1377} INFO - Starting attempt 1 of 1
[2023-06-11 06:37:24,075] {taskinstance.py:1378} INFO - 
--------------------------------------------------------------------------------
[2023-06-11 06:37:24,092] {taskinstance.py:1397} INFO - Executing <Task(PythonOperator): print_context> on 2023-06-09 00:00:00+00:00
[2023-06-11 06:37:24,101] {standard_task_runner.py:52} INFO - Started process 43650 to run task
[2023-06-11 06:37:24,107] {standard_task_runner.py:79} INFO - Running: ['***', 'tasks', 'run', 'listing_4_03', 'print_context', 'scheduled__2023-06-09T00:00:00+00:00', '--job-id', '80', '--raw', '--subdir', 'DAGS_FOLDER/listing_4_3.py', '--cfg-path', '/tmp/tmp9paer08s', '--error-file', '/tmp/tmp46_d6mkk']
[2023-06-11 06:37:24,109] {standard_task_runner.py:80} INFO - Job 80: Subtask print_context
[2023-06-11 06:37:24,223] {task_command.py:371} INFO - Running <TaskInstance: listing_4_03.print_context scheduled__2023-06-09T00:00:00+00:00 [running]> on host fd847b0d0eb3
[2023-06-11 06:37:24,295] {taskinstance.py:1591} INFO - Exporting the following env vars:
AIRFLOW_CTX_DAG_OWNER=***
AIRFLOW_CTX_DAG_ID=listing_4_03
AIRFLOW_CTX_TASK_ID=print_context
AIRFLOW_CTX_EXECUTION_DATE=2023-06-09T00:00:00+00:00
AIRFLOW_CTX_TRY_NUMBER=1
AIRFLOW_CTX_DAG_RUN_ID=scheduled__2023-06-09T00:00:00+00:00
[2023-06-11 06:37:24,299] {logging_mixin.py:115} INFO - {'conf': <***.configuration.AirflowConfigParser object at 0xffff928688d0>, 'dag': <DAG: listing_4_03>, 'dag_run': <DagRun listing_4_03 @ 2023-06-09 00:00:00+00:00: scheduled__2023-06-09T00:00:00+00:00, externally triggered: False>, 'data_interval_end': DateTime(2023, 6, 10, 0, 0, 0, tzinfo=Timezone('UTC')), 'data_interval_start': DateTime(2023, 6, 9, 0, 0, 0, tzinfo=Timezone('UTC')), 'ds': '2023-06-09', 'ds_nodash': '20230609', 'execution_date': <Proxy at 0xffff7d5ce280 with factory functools.partial(<function lazy_mapping_from_context.<locals>._deprecated_proxy_factory at 0xffff7d65da70>, 'execution_date', DateTime(2023, 6, 9, 0, 0, 0, tzinfo=Timezone('UTC')))>, 'inlets': [], 'logical_date': DateTime(2023, 6, 9, 0, 0, 0, tzinfo=Timezone('UTC')), 'macros': <module '***.macros' from '/home/***/.local/lib/python3.7/site-packages/***/macros/__init__.py'>, 'next_ds': <Proxy at 0xffff7d5ce230 with factory functools.partial(<function lazy_mapping_from_context.<locals>._deprecated_proxy_factory at 0xffff7d65da70>, 'next_ds', '2023-06-10')>, 'next_ds_nodash': <Proxy at 0xffff7d5ce2d0 with factory functools.partial(<function lazy_mapping_from_context.<locals>._deprecated_proxy_factory at 0xffff7d65da70>, 'next_ds_nodash', '20230610')>, 'next_execution_date': <Proxy at 0xffff7d5ce460 with factory functools.partial(<function lazy_mapping_from_context.<locals>._deprecated_proxy_factory at 0xffff7d65da70>, 'next_execution_date', DateTime(2023, 6, 10, 0, 0, 0, tzinfo=Timezone('UTC')))>, 'outlets': [], 'params': {}, 'prev_data_interval_start_success': None, 'prev_data_interval_end_success': None, 'prev_ds': <Proxy at 0xffff7d5ce3c0 with factory functools.partial(<function lazy_mapping_from_context.<locals>._deprecated_proxy_factory at 0xffff7d65da70>, 'prev_ds', '2023-06-08')>, 'prev_ds_nodash': <Proxy at 0xffff7d60b8c0 with factory functools.partial(<function lazy_mapping_from_context.<locals>._deprecated_proxy_factory at 0xffff7d65da70>, 'prev_ds_nodash', '20230608')>, 'prev_execution_date': <Proxy at 0xffff7d60b7d0 with factory functools.partial(<function lazy_mapping_from_context.<locals>._deprecated_proxy_factory at 0xffff7d65da70>, 'prev_execution_date', DateTime(2023, 6, 8, 0, 0, 0, tzinfo=Timezone('UTC')))>, 'prev_execution_date_success': <Proxy at 0xffff7d5db460 with factory functools.partial(<function lazy_mapping_from_context.<locals>._deprecated_proxy_factory at 0xffff7d65da70>, 'prev_execution_date_success', None)>, 'prev_start_date_success': None, 'run_id': 'scheduled__2023-06-09T00:00:00+00:00', 'task': <Task(PythonOperator): print_context>, 'task_instance': <TaskInstance: listing_4_03.print_context scheduled__2023-06-09T00:00:00+00:00 [running]>, 'task_instance_key_str': 'listing_4_03__print_context__20230609', 'test_mode': False, 'ti': <TaskInstance: listing_4_03.print_context scheduled__2023-06-09T00:00:00+00:00 [running]>, 'tomorrow_ds': <Proxy at 0xffff7d5db910 with factory functools.partial(<function lazy_mapping_from_context.<locals>._deprecated_proxy_factory at 0xffff7d65da70>, 'tomorrow_ds', '2023-06-10')>, 'tomorrow_ds_nodash': <Proxy at 0xffff7d5db960 with factory functools.partial(<function lazy_mapping_from_context.<locals>._deprecated_proxy_factory at 0xffff7d65da70>, 'tomorrow_ds_nodash', '20230610')>, 'ts': '2023-06-09T00:00:00+00:00', 'ts_nodash': '20230609T000000', 'ts_nodash_with_tz': '20230609T000000+0000', 'var': {'json': None, 'value': None}, 'conn': None, 'yesterday_ds': <Proxy at 0xffff7d5db9b0 with factory functools.partial(<function lazy_mapping_from_context.<locals>._deprecated_proxy_factory at 0xffff7d65da70>, 'yesterday_ds', '2023-06-08')>, 'yesterday_ds_nodash': <Proxy at 0xffff7d5dba00 with factory functools.partial(<function lazy_mapping_from_context.<locals>._deprecated_proxy_factory at 0xffff7d65da70>, 'yesterday_ds_nodash', '20230608')>, 'templates_dict': None}
[2023-06-11 06:37:24,303] {python.py:173} INFO - Done. Returned value was: None
[2023-06-11 06:37:24,319] {taskinstance.py:1420} INFO - Marking task as SUCCESS. dag_id=listing_4_03, task_id=print_context, execution_date=20230609T000000, start_date=20230611T063724, end_date=20230611T063724
[2023-06-11 06:37:24,359] {local_task_job.py:156} INFO - Task exited with return code 0
[2023-06-11 06:37:24,400] {local_task_job.py:273} INFO - 0 downstream tasks scheduled from follow-on schedule check
