[2023-06-10 16:50:14,698] {taskinstance.py:1179} INFO - Dependencies all met for <TaskInstance: download_rocket_launches.notify scheduled__2023-06-01T00:00:00+00:00 [queued]>
[2023-06-10 16:50:14,728] {taskinstance.py:1179} INFO - Dependencies all met for <TaskInstance: download_rocket_launches.notify scheduled__2023-06-01T00:00:00+00:00 [queued]>
[2023-06-10 16:50:14,735] {taskinstance.py:1376} INFO - 
--------------------------------------------------------------------------------
[2023-06-10 16:50:14,737] {taskinstance.py:1377} INFO - Starting attempt 1 of 1
[2023-06-10 16:50:14,739] {taskinstance.py:1378} INFO - 
--------------------------------------------------------------------------------
[2023-06-10 16:50:14,760] {taskinstance.py:1397} INFO - Executing <Task(BashOperator): notify> on 2023-06-01 00:00:00+00:00
[2023-06-10 16:50:14,782] {standard_task_runner.py:52} INFO - Started process 185 to run task
[2023-06-10 16:50:14,802] {standard_task_runner.py:79} INFO - Running: ['***', 'tasks', 'run', 'download_rocket_launches', 'notify', 'scheduled__2023-06-01T00:00:00+00:00', '--job-id', '50', '--raw', '--subdir', 'DAGS_FOLDER/download_rocket_launches.py', '--cfg-path', '/tmp/tmpx63jtoqo', '--error-file', '/tmp/tmp2gxc4989']
[2023-06-10 16:50:14,808] {standard_task_runner.py:80} INFO - Job 50: Subtask notify
[2023-06-10 16:50:14,982] {task_command.py:371} INFO - Running <TaskInstance: download_rocket_launches.notify scheduled__2023-06-01T00:00:00+00:00 [running]> on host fd847b0d0eb3
[2023-06-10 16:50:15,175] {taskinstance.py:1591} INFO - Exporting the following env vars:
AIRFLOW_CTX_DAG_OWNER=***
AIRFLOW_CTX_DAG_ID=download_rocket_launches
AIRFLOW_CTX_TASK_ID=notify
AIRFLOW_CTX_EXECUTION_DATE=2023-06-01T00:00:00+00:00
AIRFLOW_CTX_TRY_NUMBER=1
AIRFLOW_CTX_DAG_RUN_ID=scheduled__2023-06-01T00:00:00+00:00
[2023-06-10 16:50:15,209] {subprocess.py:62} INFO - Tmp dir root location: 
 /tmp
[2023-06-10 16:50:15,248] {subprocess.py:74} INFO - Running command: ['bash', '-c', 'echo "There are now $(ls /tmp/images/ | wc -l) images."']
[2023-06-10 16:50:15,294] {subprocess.py:85} INFO - Output:
[2023-06-10 16:50:15,315] {subprocess.py:92} INFO - There are now 9 images.
[2023-06-10 16:50:15,318] {subprocess.py:96} INFO - Command exited with return code 0
[2023-06-10 16:50:15,411] {taskinstance.py:1420} INFO - Marking task as SUCCESS. dag_id=download_rocket_launches, task_id=notify, execution_date=20230601T000000, start_date=20230610T165014, end_date=20230610T165015
[2023-06-10 16:50:15,556] {local_task_job.py:156} INFO - Task exited with return code 0
[2023-06-10 16:50:15,624] {local_task_job.py:273} INFO - 0 downstream tasks scheduled from follow-on schedule check
