[2023-06-11 03:46:25,886] {taskinstance.py:1179} INFO - Dependencies all met for <TaskInstance: download_rocket_launches.download_launches scheduled__2023-06-10T00:00:00+00:00 [queued]>
[2023-06-11 03:46:25,903] {taskinstance.py:1179} INFO - Dependencies all met for <TaskInstance: download_rocket_launches.download_launches scheduled__2023-06-10T00:00:00+00:00 [queued]>
[2023-06-11 03:46:25,907] {taskinstance.py:1376} INFO - 
--------------------------------------------------------------------------------
[2023-06-11 03:46:25,911] {taskinstance.py:1377} INFO - Starting attempt 1 of 1
[2023-06-11 03:46:25,914] {taskinstance.py:1378} INFO - 
--------------------------------------------------------------------------------
[2023-06-11 03:46:25,943] {taskinstance.py:1397} INFO - Executing <Task(BashOperator): download_launches> on 2023-06-10 00:00:00+00:00
[2023-06-11 03:46:25,949] {standard_task_runner.py:52} INFO - Started process 61 to run task
[2023-06-11 03:46:25,956] {standard_task_runner.py:79} INFO - Running: ['***', 'tasks', 'run', 'download_rocket_launches', 'download_launches', 'scheduled__2023-06-10T00:00:00+00:00', '--job-id', '66', '--raw', '--subdir', 'DAGS_FOLDER/download_rocket_launches.py', '--cfg-path', '/tmp/tmpffb5z484', '--error-file', '/tmp/tmplde4n2rx']
[2023-06-11 03:46:25,958] {standard_task_runner.py:80} INFO - Job 66: Subtask download_launches
[2023-06-11 03:46:26,106] {task_command.py:371} INFO - Running <TaskInstance: download_rocket_launches.download_launches scheduled__2023-06-10T00:00:00+00:00 [running]> on host fd847b0d0eb3
[2023-06-11 03:46:26,209] {taskinstance.py:1591} INFO - Exporting the following env vars:
AIRFLOW_CTX_DAG_OWNER=***
AIRFLOW_CTX_DAG_ID=download_rocket_launches
AIRFLOW_CTX_TASK_ID=download_launches
AIRFLOW_CTX_EXECUTION_DATE=2023-06-10T00:00:00+00:00
AIRFLOW_CTX_TRY_NUMBER=1
AIRFLOW_CTX_DAG_RUN_ID=scheduled__2023-06-10T00:00:00+00:00
[2023-06-11 03:46:26,213] {subprocess.py:62} INFO - Tmp dir root location: 
 /tmp
[2023-06-11 03:46:26,216] {subprocess.py:74} INFO - Running command: ['bash', '-c', "curl -o /tmp/launches.json -L 'https://ll.thespacedevs.com/2.0.0/launch/upcoming'"]
[2023-06-11 03:46:26,230] {subprocess.py:85} INFO - Output:
[2023-06-11 03:46:26,237] {subprocess.py:92} INFO -   % Total    % Received % Xferd  Average Speed   Time    Time     Time  Current
[2023-06-11 03:46:26,241] {subprocess.py:92} INFO -                                  Dload  Upload   Total   Spent    Left  Speed
[2023-06-11 03:46:27,061] {subprocess.py:92} INFO -   0     0    0     0    0     0      0      0 --:--:-- --:--:-- --:--:--     0  0     0    0     0    0     0      0      0 --:--:-- --:--:-- --:--:--     0
[2023-06-11 03:46:27,356] {subprocess.py:92} INFO -  23 22256   23  5149    0     0   4812      0  0:00:04  0:00:01  0:00:03  4812100 22256  100 22256    0     0  19889      0  0:00:01  0:00:01 --:--:--  348k
[2023-06-11 03:46:27,359] {subprocess.py:96} INFO - Command exited with return code 0
[2023-06-11 03:46:27,382] {taskinstance.py:1420} INFO - Marking task as SUCCESS. dag_id=download_rocket_launches, task_id=download_launches, execution_date=20230610T000000, start_date=20230611T034625, end_date=20230611T034627
[2023-06-11 03:46:27,436] {local_task_job.py:156} INFO - Task exited with return code 0
[2023-06-11 03:46:27,461] {local_task_job.py:273} INFO - 1 downstream tasks scheduled from follow-on schedule check
