[2023-06-11 07:40:57,367] {taskinstance.py:1179} INFO - Dependencies all met for <TaskInstance: listing_4_15.fetch_pageviews scheduled__2023-06-10T07:00:00+00:00 [queued]>
[2023-06-11 07:40:57,374] {taskinstance.py:1179} INFO - Dependencies all met for <TaskInstance: listing_4_15.fetch_pageviews scheduled__2023-06-10T07:00:00+00:00 [queued]>
[2023-06-11 07:40:57,376] {taskinstance.py:1376} INFO - 
--------------------------------------------------------------------------------
[2023-06-11 07:40:57,377] {taskinstance.py:1377} INFO - Starting attempt 1 of 1
[2023-06-11 07:40:57,378] {taskinstance.py:1378} INFO - 
--------------------------------------------------------------------------------
[2023-06-11 07:40:57,386] {taskinstance.py:1397} INFO - Executing <Task(PythonOperator): fetch_pageviews> on 2023-06-10 07:00:00+00:00
[2023-06-11 07:40:57,390] {standard_task_runner.py:52} INFO - Started process 89822 to run task
[2023-06-11 07:40:57,392] {standard_task_runner.py:79} INFO - Running: ['***', 'tasks', 'run', 'listing_4_15', 'fetch_pageviews', 'scheduled__2023-06-10T07:00:00+00:00', '--job-id', '140', '--raw', '--subdir', 'DAGS_FOLDER/listing_4_15.py', '--cfg-path', '/tmp/tmp5jn1xdx6', '--error-file', '/tmp/tmpo2m1ty1x']
[2023-06-11 07:40:57,393] {standard_task_runner.py:80} INFO - Job 140: Subtask fetch_pageviews
[2023-06-11 07:40:57,437] {task_command.py:371} INFO - Running <TaskInstance: listing_4_15.fetch_pageviews scheduled__2023-06-10T07:00:00+00:00 [running]> on host fd847b0d0eb3
[2023-06-11 07:40:57,482] {taskinstance.py:1591} INFO - Exporting the following env vars:
AIRFLOW_CTX_DAG_OWNER=***
AIRFLOW_CTX_DAG_ID=listing_4_15
AIRFLOW_CTX_TASK_ID=fetch_pageviews
AIRFLOW_CTX_EXECUTION_DATE=2023-06-10T07:00:00+00:00
AIRFLOW_CTX_TRY_NUMBER=1
AIRFLOW_CTX_DAG_RUN_ID=scheduled__2023-06-10T07:00:00+00:00
[2023-06-11 07:40:58,875] {logging_mixin.py:115} INFO - {'Google': '805', 'Amazon': '35', 'Apple': '61', 'Microsoft': '164', 'Facebook': '701'}
[2023-06-11 07:40:58,878] {python.py:173} INFO - Done. Returned value was: None
[2023-06-11 07:40:58,892] {taskinstance.py:1420} INFO - Marking task as SUCCESS. dag_id=listing_4_15, task_id=fetch_pageviews, execution_date=20230610T070000, start_date=20230611T074057, end_date=20230611T074058
[2023-06-11 07:40:58,924] {local_task_job.py:156} INFO - Task exited with return code 0
[2023-06-11 07:40:58,947] {local_task_job.py:273} INFO - 0 downstream tasks scheduled from follow-on schedule check
