[2023-06-10 16:50:14,747] {taskinstance.py:1179} INFO - Dependencies all met for <TaskInstance: download_rocket_launches.notify scheduled__2023-05-30T00:00:00+00:00 [queued]>
[2023-06-10 16:50:14,777] {taskinstance.py:1179} INFO - Dependencies all met for <TaskInstance: download_rocket_launches.notify scheduled__2023-05-30T00:00:00+00:00 [queued]>
[2023-06-10 16:50:14,789] {taskinstance.py:1376} INFO - 
--------------------------------------------------------------------------------
[2023-06-10 16:50:14,803] {taskinstance.py:1377} INFO - Starting attempt 1 of 1
[2023-06-10 16:50:14,809] {taskinstance.py:1378} INFO - 
--------------------------------------------------------------------------------
[2023-06-10 16:50:14,891] {taskinstance.py:1397} INFO - Executing <Task(BashOperator): notify> on 2023-05-30 00:00:00+00:00
[2023-06-10 16:50:14,902] {standard_task_runner.py:52} INFO - Started process 187 to run task
[2023-06-10 16:50:14,947] {standard_task_runner.py:79} INFO - Running: ['***', 'tasks', 'run', 'download_rocket_launches', 'notify', 'scheduled__2023-05-30T00:00:00+00:00', '--job-id', '51', '--raw', '--subdir', 'DAGS_FOLDER/download_rocket_launches.py', '--cfg-path', '/tmp/tmp3fn7j8uj', '--error-file', '/tmp/tmp9_mzjdun']
[2023-06-10 16:50:14,949] {standard_task_runner.py:80} INFO - Job 51: Subtask notify
[2023-06-10 16:50:15,262] {task_command.py:371} INFO - Running <TaskInstance: download_rocket_launches.notify scheduled__2023-05-30T00:00:00+00:00 [running]> on host fd847b0d0eb3
[2023-06-10 16:50:15,561] {taskinstance.py:1591} INFO - Exporting the following env vars:
AIRFLOW_CTX_DAG_OWNER=***
AIRFLOW_CTX_DAG_ID=download_rocket_launches
AIRFLOW_CTX_TASK_ID=notify
AIRFLOW_CTX_EXECUTION_DATE=2023-05-30T00:00:00+00:00
AIRFLOW_CTX_TRY_NUMBER=1
AIRFLOW_CTX_DAG_RUN_ID=scheduled__2023-05-30T00:00:00+00:00
[2023-06-10 16:50:15,567] {subprocess.py:62} INFO - Tmp dir root location: 
 /tmp
[2023-06-10 16:50:15,571] {subprocess.py:74} INFO - Running command: ['bash', '-c', 'echo "There are now $(ls /tmp/images/ | wc -l) images."']
[2023-06-10 16:50:15,615] {subprocess.py:85} INFO - Output:
[2023-06-10 16:50:15,654] {subprocess.py:92} INFO - There are now 9 images.
[2023-06-10 16:50:15,656] {subprocess.py:96} INFO - Command exited with return code 0
[2023-06-10 16:50:15,711] {taskinstance.py:1420} INFO - Marking task as SUCCESS. dag_id=download_rocket_launches, task_id=notify, execution_date=20230530T000000, start_date=20230610T165014, end_date=20230610T165015
[2023-06-10 16:50:15,793] {local_task_job.py:156} INFO - Task exited with return code 0
[2023-06-10 16:50:15,830] {local_task_job.py:273} INFO - 0 downstream tasks scheduled from follow-on schedule check
