[2023-06-11 07:39:24,959] {taskinstance.py:1179} INFO - Dependencies all met for <TaskInstance: listing_4_15.fetch_pageviews scheduled__2023-06-10T02:00:00+00:00 [queued]>
[2023-06-11 07:39:24,967] {taskinstance.py:1179} INFO - Dependencies all met for <TaskInstance: listing_4_15.fetch_pageviews scheduled__2023-06-10T02:00:00+00:00 [queued]>
[2023-06-11 07:39:24,968] {taskinstance.py:1376} INFO - 
--------------------------------------------------------------------------------
[2023-06-11 07:39:24,969] {taskinstance.py:1377} INFO - Starting attempt 1 of 1
[2023-06-11 07:39:24,970] {taskinstance.py:1378} INFO - 
--------------------------------------------------------------------------------
[2023-06-11 07:39:24,978] {taskinstance.py:1397} INFO - Executing <Task(PythonOperator): fetch_pageviews> on 2023-06-10 02:00:00+00:00
[2023-06-11 07:39:24,981] {standard_task_runner.py:52} INFO - Started process 87182 to run task
[2023-06-11 07:39:24,985] {standard_task_runner.py:79} INFO - Running: ['***', 'tasks', 'run', 'listing_4_15', 'fetch_pageviews', 'scheduled__2023-06-10T02:00:00+00:00', '--job-id', '125', '--raw', '--subdir', 'DAGS_FOLDER/listing_4_15.py', '--cfg-path', '/tmp/tmphn85ngr8', '--error-file', '/tmp/tmpe3l35_j1']
[2023-06-11 07:39:24,986] {standard_task_runner.py:80} INFO - Job 125: Subtask fetch_pageviews
[2023-06-11 07:39:25,029] {task_command.py:371} INFO - Running <TaskInstance: listing_4_15.fetch_pageviews scheduled__2023-06-10T02:00:00+00:00 [running]> on host fd847b0d0eb3
[2023-06-11 07:39:25,074] {taskinstance.py:1591} INFO - Exporting the following env vars:
AIRFLOW_CTX_DAG_OWNER=***
AIRFLOW_CTX_DAG_ID=listing_4_15
AIRFLOW_CTX_TASK_ID=fetch_pageviews
AIRFLOW_CTX_EXECUTION_DATE=2023-06-10T02:00:00+00:00
AIRFLOW_CTX_TRY_NUMBER=1
AIRFLOW_CTX_DAG_RUN_ID=scheduled__2023-06-10T02:00:00+00:00
[2023-06-11 07:39:26,293] {logging_mixin.py:115} INFO - {'Google': '483', 'Amazon': '29', 'Apple': '29', 'Microsoft': '115', 'Facebook': '422'}
[2023-06-11 07:39:26,295] {python.py:173} INFO - Done. Returned value was: None
[2023-06-11 07:39:26,305] {taskinstance.py:1420} INFO - Marking task as SUCCESS. dag_id=listing_4_15, task_id=fetch_pageviews, execution_date=20230610T020000, start_date=20230611T073924, end_date=20230611T073926
[2023-06-11 07:39:26,343] {local_task_job.py:156} INFO - Task exited with return code 0
[2023-06-11 07:39:26,365] {local_task_job.py:273} INFO - 0 downstream tasks scheduled from follow-on schedule check
