[2023-06-11 07:40:06,812] {taskinstance.py:1179} INFO - Dependencies all met for <TaskInstance: listing_4_15.get_data scheduled__2023-06-10T05:00:00+00:00 [queued]>
[2023-06-11 07:40:06,822] {taskinstance.py:1179} INFO - Dependencies all met for <TaskInstance: listing_4_15.get_data scheduled__2023-06-10T05:00:00+00:00 [queued]>
[2023-06-11 07:40:06,825] {taskinstance.py:1376} INFO - 
--------------------------------------------------------------------------------
[2023-06-11 07:40:06,827] {taskinstance.py:1377} INFO - Starting attempt 1 of 1
[2023-06-11 07:40:06,830] {taskinstance.py:1378} INFO - 
--------------------------------------------------------------------------------
[2023-06-11 07:40:06,852] {taskinstance.py:1397} INFO - Executing <Task(PythonOperator): get_data> on 2023-06-10 05:00:00+00:00
[2023-06-11 07:40:06,859] {standard_task_runner.py:52} INFO - Started process 89258 to run task
[2023-06-11 07:40:06,864] {standard_task_runner.py:79} INFO - Running: ['***', 'tasks', 'run', 'listing_4_15', 'get_data', 'scheduled__2023-06-10T05:00:00+00:00', '--job-id', '132', '--raw', '--subdir', 'DAGS_FOLDER/listing_4_15.py', '--cfg-path', '/tmp/tmpnfq8uw_6', '--error-file', '/tmp/tmpfsp67s0c']
[2023-06-11 07:40:06,867] {standard_task_runner.py:80} INFO - Job 132: Subtask get_data
[2023-06-11 07:40:06,969] {task_command.py:371} INFO - Running <TaskInstance: listing_4_15.get_data scheduled__2023-06-10T05:00:00+00:00 [running]> on host fd847b0d0eb3
[2023-06-11 07:40:07,016] {warnings.py:110} WARNING - /home/***/.local/lib/python3.7/site-packages/***/utils/context.py:202: AirflowContextDeprecationWarning: Accessing 'execution_date' from the template is deprecated and will be removed in a future version. Please use 'data_interval_start' or 'logical_date' instead.
  warnings.warn(_create_deprecation_warning(key, self._deprecation_replacements[key]))

[2023-06-11 07:40:07,066] {taskinstance.py:1591} INFO - Exporting the following env vars:
AIRFLOW_CTX_DAG_OWNER=***
AIRFLOW_CTX_DAG_ID=listing_4_15
AIRFLOW_CTX_TASK_ID=get_data
AIRFLOW_CTX_EXECUTION_DATE=2023-06-10T05:00:00+00:00
AIRFLOW_CTX_TRY_NUMBER=1
AIRFLOW_CTX_DAG_RUN_ID=scheduled__2023-06-10T05:00:00+00:00
[2023-06-11 07:40:19,782] {python.py:173} INFO - Done. Returned value was: None
[2023-06-11 07:40:19,811] {taskinstance.py:1420} INFO - Marking task as SUCCESS. dag_id=listing_4_15, task_id=get_data, execution_date=20230610T050000, start_date=20230611T074006, end_date=20230611T074019
[2023-06-11 07:40:19,868] {local_task_job.py:156} INFO - Task exited with return code 0
[2023-06-11 07:40:19,893] {local_task_job.py:273} INFO - 0 downstream tasks scheduled from follow-on schedule check
