[2023-06-10 16:49:56,637] {taskinstance.py:1179} INFO - Dependencies all met for <TaskInstance: download_rocket_launches.download_launches scheduled__2023-06-05T00:00:00+00:00 [queued]>
[2023-06-10 16:49:56,654] {taskinstance.py:1179} INFO - Dependencies all met for <TaskInstance: download_rocket_launches.download_launches scheduled__2023-06-05T00:00:00+00:00 [queued]>
[2023-06-10 16:49:56,658] {taskinstance.py:1376} INFO - 
--------------------------------------------------------------------------------
[2023-06-10 16:49:56,660] {taskinstance.py:1377} INFO - Starting attempt 1 of 1
[2023-06-10 16:49:56,662] {taskinstance.py:1378} INFO - 
--------------------------------------------------------------------------------
[2023-06-10 16:49:56,686] {taskinstance.py:1397} INFO - Executing <Task(BashOperator): download_launches> on 2023-06-05 00:00:00+00:00
[2023-06-10 16:49:56,693] {standard_task_runner.py:52} INFO - Started process 100 to run task
[2023-06-10 16:49:56,696] {standard_task_runner.py:79} INFO - Running: ['***', 'tasks', 'run', 'download_rocket_launches', 'download_launches', 'scheduled__2023-06-05T00:00:00+00:00', '--job-id', '28', '--raw', '--subdir', 'DAGS_FOLDER/download_rocket_launches.py', '--cfg-path', '/tmp/tmpbexekq39', '--error-file', '/tmp/tmpb9iryosd']
[2023-06-10 16:49:56,698] {standard_task_runner.py:80} INFO - Job 28: Subtask download_launches
[2023-06-10 16:49:56,778] {task_command.py:371} INFO - Running <TaskInstance: download_rocket_launches.download_launches scheduled__2023-06-05T00:00:00+00:00 [running]> on host fd847b0d0eb3
[2023-06-10 16:49:56,841] {taskinstance.py:1591} INFO - Exporting the following env vars:
AIRFLOW_CTX_DAG_OWNER=***
AIRFLOW_CTX_DAG_ID=download_rocket_launches
AIRFLOW_CTX_TASK_ID=download_launches
AIRFLOW_CTX_EXECUTION_DATE=2023-06-05T00:00:00+00:00
AIRFLOW_CTX_TRY_NUMBER=1
AIRFLOW_CTX_DAG_RUN_ID=scheduled__2023-06-05T00:00:00+00:00
[2023-06-10 16:49:56,844] {subprocess.py:62} INFO - Tmp dir root location: 
 /tmp
[2023-06-10 16:49:56,846] {subprocess.py:74} INFO - Running command: ['bash', '-c', "curl -o /tmp/launches.json -L 'https://ll.thespacedevs.com/2.0.0/launch/upcoming'"]
[2023-06-10 16:49:56,857] {subprocess.py:85} INFO - Output:
[2023-06-10 16:49:56,863] {subprocess.py:92} INFO -   % Total    % Received % Xferd  Average Speed   Time    Time     Time  Current
[2023-06-10 16:49:56,865] {subprocess.py:92} INFO -                                  Dload  Upload   Total   Spent    Left  Speed
[2023-06-10 16:49:57,527] {subprocess.py:92} INFO -   0     0    0     0    0     0      0      0 --:--:-- --:--:-- --:--:--     0  0     0    0     0    0     0      0      0 --:--:-- --:--:-- --:--:--     0
[2023-06-10 16:49:57,818] {subprocess.py:92} INFO -  36 22256   36  8192    0     0   9041      0  0:00:02 --:--:--  0:00:02  9041100 22256  100 22256    0     0  23353      0 --:--:-- --:--:-- --:--:--  298k
[2023-06-10 16:49:57,820] {subprocess.py:96} INFO - Command exited with return code 0
[2023-06-10 16:49:57,842] {taskinstance.py:1420} INFO - Marking task as SUCCESS. dag_id=download_rocket_launches, task_id=download_launches, execution_date=20230605T000000, start_date=20230610T164956, end_date=20230610T164957
[2023-06-10 16:49:57,879] {local_task_job.py:156} INFO - Task exited with return code 0
[2023-06-10 16:49:57,908] {local_task_job.py:273} INFO - 1 downstream tasks scheduled from follow-on schedule check
