[2023-06-11 07:20:56,034] {taskinstance.py:1179} INFO - Dependencies all met for <TaskInstance: listing_4_13.get_data scheduled__2023-06-10T01:00:00+00:00 [queued]>
[2023-06-11 07:20:56,047] {taskinstance.py:1179} INFO - Dependencies all met for <TaskInstance: listing_4_13.get_data scheduled__2023-06-10T01:00:00+00:00 [queued]>
[2023-06-11 07:20:56,048] {taskinstance.py:1376} INFO - 
--------------------------------------------------------------------------------
[2023-06-11 07:20:56,051] {taskinstance.py:1377} INFO - Starting attempt 1 of 1
[2023-06-11 07:20:56,056] {taskinstance.py:1378} INFO - 
--------------------------------------------------------------------------------
[2023-06-11 07:20:56,076] {taskinstance.py:1397} INFO - Executing <Task(PythonOperator): get_data> on 2023-06-10 01:00:00+00:00
[2023-06-11 07:20:56,083] {standard_task_runner.py:52} INFO - Started process 72112 to run task
[2023-06-11 07:20:56,088] {standard_task_runner.py:79} INFO - Running: ['***', 'tasks', 'run', 'listing_4_13', 'get_data', 'scheduled__2023-06-10T01:00:00+00:00', '--job-id', '84', '--raw', '--subdir', 'DAGS_FOLDER/listing_4_13.py', '--cfg-path', '/tmp/tmpzit5ocus', '--error-file', '/tmp/tmpeg1qh_xk']
[2023-06-11 07:20:56,090] {standard_task_runner.py:80} INFO - Job 84: Subtask get_data
[2023-06-11 07:20:56,150] {task_command.py:371} INFO - Running <TaskInstance: listing_4_13.get_data scheduled__2023-06-10T01:00:00+00:00 [running]> on host fd847b0d0eb3
[2023-06-11 07:20:56,178] {warnings.py:110} WARNING - /home/***/.local/lib/python3.7/site-packages/***/utils/context.py:202: AirflowContextDeprecationWarning: Accessing 'execution_date' from the template is deprecated and will be removed in a future version. Please use 'data_interval_start' or 'logical_date' instead.
  warnings.warn(_create_deprecation_warning(key, self._deprecation_replacements[key]))

[2023-06-11 07:20:56,217] {taskinstance.py:1591} INFO - Exporting the following env vars:
AIRFLOW_CTX_DAG_OWNER=***
AIRFLOW_CTX_DAG_ID=listing_4_13
AIRFLOW_CTX_TASK_ID=get_data
AIRFLOW_CTX_EXECUTION_DATE=2023-06-10T01:00:00+00:00
AIRFLOW_CTX_TRY_NUMBER=1
AIRFLOW_CTX_DAG_RUN_ID=scheduled__2023-06-10T01:00:00+00:00
[2023-06-11 07:21:08,555] {python.py:173} INFO - Done. Returned value was: None
[2023-06-11 07:21:08,570] {taskinstance.py:1420} INFO - Marking task as SUCCESS. dag_id=listing_4_13, task_id=get_data, execution_date=20230610T010000, start_date=20230611T072056, end_date=20230611T072108
[2023-06-11 07:21:08,616] {local_task_job.py:156} INFO - Task exited with return code 0
[2023-06-11 07:21:08,648] {local_task_job.py:273} INFO - 0 downstream tasks scheduled from follow-on schedule check
