[2023-06-11 04:40:08,086] {taskinstance.py:1179} INFO - Dependencies all met for <TaskInstance: 01_unscheduled.fetch_events manual__2023-06-11T03:54:24.205713+00:00 [queued]>
[2023-06-11 04:40:08,093] {taskinstance.py:1179} INFO - Dependencies all met for <TaskInstance: 01_unscheduled.fetch_events manual__2023-06-11T03:54:24.205713+00:00 [queued]>
[2023-06-11 04:40:08,094] {taskinstance.py:1376} INFO - 
--------------------------------------------------------------------------------
[2023-06-11 04:40:08,095] {taskinstance.py:1377} INFO - Starting attempt 5 of 5
[2023-06-11 04:40:08,096] {taskinstance.py:1378} INFO - 
--------------------------------------------------------------------------------
[2023-06-11 04:40:08,105] {taskinstance.py:1397} INFO - Executing <Task(BashOperator): fetch_events> on 2023-06-11 03:54:24.205713+00:00
[2023-06-11 04:40:08,110] {standard_task_runner.py:52} INFO - Started process 28859 to run task
[2023-06-11 04:40:08,112] {standard_task_runner.py:79} INFO - Running: ['***', 'tasks', 'run', '01_unscheduled', 'fetch_events', 'manual__2023-06-11T03:54:24.205713+00:00', '--job-id', '73', '--raw', '--subdir', 'DAGS_FOLDER/unscheduled.py', '--cfg-path', '/tmp/tmp79awo5a1', '--error-file', '/tmp/tmpl9yxrl2x']
[2023-06-11 04:40:08,114] {standard_task_runner.py:80} INFO - Job 73: Subtask fetch_events
[2023-06-11 04:40:08,154] {task_command.py:371} INFO - Running <TaskInstance: 01_unscheduled.fetch_events manual__2023-06-11T03:54:24.205713+00:00 [running]> on host fd847b0d0eb3
[2023-06-11 04:40:08,197] {taskinstance.py:1591} INFO - Exporting the following env vars:
AIRFLOW_CTX_DAG_OWNER=***
AIRFLOW_CTX_DAG_ID=01_unscheduled
AIRFLOW_CTX_TASK_ID=fetch_events
AIRFLOW_CTX_EXECUTION_DATE=2023-06-11T03:54:24.205713+00:00
AIRFLOW_CTX_TRY_NUMBER=5
AIRFLOW_CTX_DAG_RUN_ID=manual__2023-06-11T03:54:24.205713+00:00
[2023-06-11 04:40:08,199] {subprocess.py:62} INFO - Tmp dir root location: 
 /tmp
[2023-06-11 04:40:08,201] {subprocess.py:74} INFO - Running command: ['bash', '-c', 'mkdir -p /opt/***/data/events && curl -o /opt/***/data/events.json http://localhost:8000/event/']
[2023-06-11 04:40:08,210] {subprocess.py:85} INFO - Output:
[2023-06-11 04:40:08,217] {subprocess.py:92} INFO -   % Total    % Received % Xferd  Average Speed   Time    Time     Time  Current
[2023-06-11 04:40:08,219] {subprocess.py:92} INFO -                                  Dload  Upload   Total   Spent    Left  Speed
[2023-06-11 04:40:08,220] {subprocess.py:92} INFO -   0     0    0     0    0     0      0      0 --:--:-- --:--:-- --:--:--     0100    35  100    35    0     0  17500      0 --:--:-- --:--:-- --:--:-- 17500
[2023-06-11 04:40:08,222] {subprocess.py:96} INFO - Command exited with return code 0
[2023-06-11 04:40:08,242] {taskinstance.py:1420} INFO - Marking task as SUCCESS. dag_id=01_unscheduled, task_id=fetch_events, execution_date=20230611T035424, start_date=20230611T044008, end_date=20230611T044008
[2023-06-11 04:40:08,286] {local_task_job.py:156} INFO - Task exited with return code 0
[2023-06-11 04:40:08,312] {local_task_job.py:273} INFO - 1 downstream tasks scheduled from follow-on schedule check
