[2023-06-10 16:49:45,149] {processor.py:153} INFO - Started process (PID=36) to work on /opt/airflow/dags/download_rocket_launches.py
[2023-06-10 16:49:45,150] {processor.py:641} INFO - Processing file /opt/airflow/dags/download_rocket_launches.py for tasks to queue
[2023-06-10 16:49:45,152] {logging_mixin.py:115} INFO - [2023-06-10 16:49:45,152] {dagbag.py:508} INFO - Filling up the DagBag from /opt/airflow/dags/download_rocket_launches.py
[2023-06-10 16:49:45,185] {processor.py:651} INFO - DAG(s) dict_keys(['download_rocket_launches']) retrieved from /opt/airflow/dags/download_rocket_launches.py
[2023-06-10 16:49:45,255] {logging_mixin.py:115} INFO - [2023-06-10 16:49:45,255] {manager.py:508} INFO - Created Permission View: can delete on DAG:download_rocket_launches
[2023-06-10 16:49:45,263] {logging_mixin.py:115} INFO - [2023-06-10 16:49:45,263] {manager.py:508} INFO - Created Permission View: can edit on DAG:download_rocket_launches
[2023-06-10 16:49:45,271] {logging_mixin.py:115} INFO - [2023-06-10 16:49:45,271] {manager.py:508} INFO - Created Permission View: can read on DAG:download_rocket_launches
[2023-06-10 16:49:45,273] {logging_mixin.py:115} INFO - [2023-06-10 16:49:45,273] {dag.py:2420} INFO - Sync 1 DAGs
[2023-06-10 16:49:45,281] {logging_mixin.py:115} INFO - [2023-06-10 16:49:45,281] {dag.py:2439} INFO - Creating ORM DAG for download_rocket_launches
[2023-06-10 16:49:45,291] {logging_mixin.py:115} INFO - [2023-06-10 16:49:45,291] {dag.py:2972} INFO - Setting next_dagrun for download_rocket_launches to 2023-05-27T00:00:00+00:00, run_after=2023-05-28T00:00:00+00:00
[2023-06-10 16:49:45,307] {processor.py:161} INFO - Processing /opt/airflow/dags/download_rocket_launches.py took 0.160 seconds
[2023-06-10 16:50:15,392] {processor.py:153} INFO - Started process (PID=84) to work on /opt/airflow/dags/download_rocket_launches.py
[2023-06-10 16:50:15,395] {processor.py:641} INFO - Processing file /opt/airflow/dags/download_rocket_launches.py for tasks to queue
[2023-06-10 16:50:15,398] {logging_mixin.py:115} INFO - [2023-06-10 16:50:15,398] {dagbag.py:508} INFO - Filling up the DagBag from /opt/airflow/dags/download_rocket_launches.py
[2023-06-10 16:50:15,415] {processor.py:651} INFO - DAG(s) dict_keys(['download_rocket_launches']) retrieved from /opt/airflow/dags/download_rocket_launches.py
[2023-06-10 16:50:15,465] {logging_mixin.py:115} INFO - [2023-06-10 16:50:15,465] {dag.py:2420} INFO - Sync 1 DAGs
[2023-06-10 16:50:15,506] {logging_mixin.py:115} INFO - [2023-06-10 16:50:15,506] {dag.py:2972} INFO - Setting next_dagrun for download_rocket_launches to 2023-06-10T00:00:00+00:00, run_after=2023-06-11T00:00:00+00:00
[2023-06-10 16:50:15,535] {processor.py:161} INFO - Processing /opt/airflow/dags/download_rocket_launches.py took 0.146 seconds
[2023-06-10 16:50:45,724] {processor.py:153} INFO - Started process (PID=103) to work on /opt/airflow/dags/download_rocket_launches.py
[2023-06-10 16:50:45,728] {processor.py:641} INFO - Processing file /opt/airflow/dags/download_rocket_launches.py for tasks to queue
[2023-06-10 16:50:45,732] {logging_mixin.py:115} INFO - [2023-06-10 16:50:45,732] {dagbag.py:508} INFO - Filling up the DagBag from /opt/airflow/dags/download_rocket_launches.py
[2023-06-10 16:50:45,755] {processor.py:651} INFO - DAG(s) dict_keys(['download_rocket_launches']) retrieved from /opt/airflow/dags/download_rocket_launches.py
[2023-06-10 16:50:45,780] {logging_mixin.py:115} INFO - [2023-06-10 16:50:45,779] {dag.py:2420} INFO - Sync 1 DAGs
[2023-06-10 16:50:45,795] {logging_mixin.py:115} INFO - [2023-06-10 16:50:45,795] {dag.py:2972} INFO - Setting next_dagrun for download_rocket_launches to 2023-06-10T00:00:00+00:00, run_after=2023-06-11T00:00:00+00:00
[2023-06-10 16:50:45,804] {processor.py:161} INFO - Processing /opt/airflow/dags/download_rocket_launches.py took 0.087 seconds
[2023-06-10 16:51:15,874] {processor.py:153} INFO - Started process (PID=132) to work on /opt/airflow/dags/download_rocket_launches.py
[2023-06-10 16:51:15,876] {processor.py:641} INFO - Processing file /opt/airflow/dags/download_rocket_launches.py for tasks to queue
[2023-06-10 16:51:15,879] {logging_mixin.py:115} INFO - [2023-06-10 16:51:15,879] {dagbag.py:508} INFO - Filling up the DagBag from /opt/airflow/dags/download_rocket_launches.py
[2023-06-10 16:51:15,895] {processor.py:651} INFO - DAG(s) dict_keys(['download_rocket_launches']) retrieved from /opt/airflow/dags/download_rocket_launches.py
[2023-06-10 16:51:15,916] {logging_mixin.py:115} INFO - [2023-06-10 16:51:15,916] {dag.py:2420} INFO - Sync 1 DAGs
[2023-06-10 16:51:15,928] {logging_mixin.py:115} INFO - [2023-06-10 16:51:15,928] {dag.py:2972} INFO - Setting next_dagrun for download_rocket_launches to 2023-06-10T00:00:00+00:00, run_after=2023-06-11T00:00:00+00:00
[2023-06-10 16:51:15,935] {processor.py:161} INFO - Processing /opt/airflow/dags/download_rocket_launches.py took 0.066 seconds
[2023-06-10 16:51:46,046] {processor.py:153} INFO - Started process (PID=161) to work on /opt/airflow/dags/download_rocket_launches.py
[2023-06-10 16:51:46,048] {processor.py:641} INFO - Processing file /opt/airflow/dags/download_rocket_launches.py for tasks to queue
[2023-06-10 16:51:46,049] {logging_mixin.py:115} INFO - [2023-06-10 16:51:46,049] {dagbag.py:508} INFO - Filling up the DagBag from /opt/airflow/dags/download_rocket_launches.py
[2023-06-10 16:51:46,060] {processor.py:651} INFO - DAG(s) dict_keys(['download_rocket_launches']) retrieved from /opt/airflow/dags/download_rocket_launches.py
[2023-06-10 16:51:46,080] {logging_mixin.py:115} INFO - [2023-06-10 16:51:46,080] {dag.py:2420} INFO - Sync 1 DAGs
[2023-06-10 16:51:46,093] {logging_mixin.py:115} INFO - [2023-06-10 16:51:46,093] {dag.py:2972} INFO - Setting next_dagrun for download_rocket_launches to 2023-06-10T00:00:00+00:00, run_after=2023-06-11T00:00:00+00:00
[2023-06-10 16:51:46,099] {processor.py:161} INFO - Processing /opt/airflow/dags/download_rocket_launches.py took 0.054 seconds
[2023-06-10 16:52:16,248] {processor.py:153} INFO - Started process (PID=188) to work on /opt/airflow/dags/download_rocket_launches.py
[2023-06-10 16:52:16,251] {processor.py:641} INFO - Processing file /opt/airflow/dags/download_rocket_launches.py for tasks to queue
[2023-06-10 16:52:16,254] {logging_mixin.py:115} INFO - [2023-06-10 16:52:16,254] {dagbag.py:508} INFO - Filling up the DagBag from /opt/airflow/dags/download_rocket_launches.py
[2023-06-10 16:52:16,272] {processor.py:651} INFO - DAG(s) dict_keys(['download_rocket_launches']) retrieved from /opt/airflow/dags/download_rocket_launches.py
[2023-06-10 16:52:16,294] {logging_mixin.py:115} INFO - [2023-06-10 16:52:16,293] {dag.py:2420} INFO - Sync 1 DAGs
[2023-06-10 16:52:16,306] {logging_mixin.py:115} INFO - [2023-06-10 16:52:16,305] {dag.py:2972} INFO - Setting next_dagrun for download_rocket_launches to 2023-06-10T00:00:00+00:00, run_after=2023-06-11T00:00:00+00:00
[2023-06-10 16:52:16,312] {processor.py:161} INFO - Processing /opt/airflow/dags/download_rocket_launches.py took 0.068 seconds
[2023-06-10 16:52:46,438] {processor.py:153} INFO - Started process (PID=216) to work on /opt/airflow/dags/download_rocket_launches.py
[2023-06-10 16:52:46,442] {processor.py:641} INFO - Processing file /opt/airflow/dags/download_rocket_launches.py for tasks to queue
[2023-06-10 16:52:46,445] {logging_mixin.py:115} INFO - [2023-06-10 16:52:46,445] {dagbag.py:508} INFO - Filling up the DagBag from /opt/airflow/dags/download_rocket_launches.py
[2023-06-10 16:52:46,466] {processor.py:651} INFO - DAG(s) dict_keys(['download_rocket_launches']) retrieved from /opt/airflow/dags/download_rocket_launches.py
[2023-06-10 16:52:46,488] {logging_mixin.py:115} INFO - [2023-06-10 16:52:46,488] {dag.py:2420} INFO - Sync 1 DAGs
[2023-06-10 16:52:46,501] {logging_mixin.py:115} INFO - [2023-06-10 16:52:46,501] {dag.py:2972} INFO - Setting next_dagrun for download_rocket_launches to 2023-06-10T00:00:00+00:00, run_after=2023-06-11T00:00:00+00:00
[2023-06-10 16:52:46,508] {processor.py:161} INFO - Processing /opt/airflow/dags/download_rocket_launches.py took 0.075 seconds
[2023-06-10 16:53:16,670] {processor.py:153} INFO - Started process (PID=235) to work on /opt/airflow/dags/download_rocket_launches.py
[2023-06-10 16:53:16,674] {processor.py:641} INFO - Processing file /opt/airflow/dags/download_rocket_launches.py for tasks to queue
[2023-06-10 16:53:16,676] {logging_mixin.py:115} INFO - [2023-06-10 16:53:16,676] {dagbag.py:508} INFO - Filling up the DagBag from /opt/airflow/dags/download_rocket_launches.py
[2023-06-10 16:53:16,695] {processor.py:651} INFO - DAG(s) dict_keys(['download_rocket_launches']) retrieved from /opt/airflow/dags/download_rocket_launches.py
[2023-06-10 16:53:16,716] {logging_mixin.py:115} INFO - [2023-06-10 16:53:16,716] {dag.py:2420} INFO - Sync 1 DAGs
[2023-06-10 16:53:16,729] {logging_mixin.py:115} INFO - [2023-06-10 16:53:16,729] {dag.py:2972} INFO - Setting next_dagrun for download_rocket_launches to 2023-06-10T00:00:00+00:00, run_after=2023-06-11T00:00:00+00:00
[2023-06-10 16:53:16,735] {processor.py:161} INFO - Processing /opt/airflow/dags/download_rocket_launches.py took 0.070 seconds
[2023-06-10 16:53:46,840] {processor.py:153} INFO - Started process (PID=263) to work on /opt/airflow/dags/download_rocket_launches.py
[2023-06-10 16:53:46,842] {processor.py:641} INFO - Processing file /opt/airflow/dags/download_rocket_launches.py for tasks to queue
[2023-06-10 16:53:46,844] {logging_mixin.py:115} INFO - [2023-06-10 16:53:46,844] {dagbag.py:508} INFO - Filling up the DagBag from /opt/airflow/dags/download_rocket_launches.py
[2023-06-10 16:53:46,862] {processor.py:651} INFO - DAG(s) dict_keys(['download_rocket_launches']) retrieved from /opt/airflow/dags/download_rocket_launches.py
[2023-06-10 16:53:46,884] {logging_mixin.py:115} INFO - [2023-06-10 16:53:46,884] {dag.py:2420} INFO - Sync 1 DAGs
[2023-06-10 16:53:46,896] {logging_mixin.py:115} INFO - [2023-06-10 16:53:46,896] {dag.py:2972} INFO - Setting next_dagrun for download_rocket_launches to 2023-06-10T00:00:00+00:00, run_after=2023-06-11T00:00:00+00:00
[2023-06-10 16:53:46,902] {processor.py:161} INFO - Processing /opt/airflow/dags/download_rocket_launches.py took 0.067 seconds
[2023-06-10 16:54:17,030] {processor.py:153} INFO - Started process (PID=290) to work on /opt/airflow/dags/download_rocket_launches.py
[2023-06-10 16:54:17,033] {processor.py:641} INFO - Processing file /opt/airflow/dags/download_rocket_launches.py for tasks to queue
[2023-06-10 16:54:17,036] {logging_mixin.py:115} INFO - [2023-06-10 16:54:17,036] {dagbag.py:508} INFO - Filling up the DagBag from /opt/airflow/dags/download_rocket_launches.py
[2023-06-10 16:54:17,054] {processor.py:651} INFO - DAG(s) dict_keys(['download_rocket_launches']) retrieved from /opt/airflow/dags/download_rocket_launches.py
[2023-06-10 16:54:17,076] {logging_mixin.py:115} INFO - [2023-06-10 16:54:17,076] {dag.py:2420} INFO - Sync 1 DAGs
[2023-06-10 16:54:17,089] {logging_mixin.py:115} INFO - [2023-06-10 16:54:17,089] {dag.py:2972} INFO - Setting next_dagrun for download_rocket_launches to 2023-06-10T00:00:00+00:00, run_after=2023-06-11T00:00:00+00:00
[2023-06-10 16:54:17,096] {processor.py:161} INFO - Processing /opt/airflow/dags/download_rocket_launches.py took 0.071 seconds
[2023-06-10 16:54:47,220] {processor.py:153} INFO - Started process (PID=318) to work on /opt/airflow/dags/download_rocket_launches.py
[2023-06-10 16:54:47,222] {processor.py:641} INFO - Processing file /opt/airflow/dags/download_rocket_launches.py for tasks to queue
[2023-06-10 16:54:47,224] {logging_mixin.py:115} INFO - [2023-06-10 16:54:47,224] {dagbag.py:508} INFO - Filling up the DagBag from /opt/airflow/dags/download_rocket_launches.py
[2023-06-10 16:54:47,240] {processor.py:651} INFO - DAG(s) dict_keys(['download_rocket_launches']) retrieved from /opt/airflow/dags/download_rocket_launches.py
[2023-06-10 16:54:47,263] {logging_mixin.py:115} INFO - [2023-06-10 16:54:47,263] {dag.py:2420} INFO - Sync 1 DAGs
[2023-06-10 16:54:47,278] {logging_mixin.py:115} INFO - [2023-06-10 16:54:47,278] {dag.py:2972} INFO - Setting next_dagrun for download_rocket_launches to 2023-06-10T00:00:00+00:00, run_after=2023-06-11T00:00:00+00:00
[2023-06-10 16:54:47,288] {processor.py:161} INFO - Processing /opt/airflow/dags/download_rocket_launches.py took 0.071 seconds
[2023-06-10 16:55:17,388] {processor.py:153} INFO - Started process (PID=347) to work on /opt/airflow/dags/download_rocket_launches.py
[2023-06-10 16:55:17,390] {processor.py:641} INFO - Processing file /opt/airflow/dags/download_rocket_launches.py for tasks to queue
[2023-06-10 16:55:17,392] {logging_mixin.py:115} INFO - [2023-06-10 16:55:17,392] {dagbag.py:508} INFO - Filling up the DagBag from /opt/airflow/dags/download_rocket_launches.py
[2023-06-10 16:55:17,408] {processor.py:651} INFO - DAG(s) dict_keys(['download_rocket_launches']) retrieved from /opt/airflow/dags/download_rocket_launches.py
[2023-06-10 16:55:17,429] {logging_mixin.py:115} INFO - [2023-06-10 16:55:17,429] {dag.py:2420} INFO - Sync 1 DAGs
[2023-06-10 16:55:17,442] {logging_mixin.py:115} INFO - [2023-06-10 16:55:17,441] {dag.py:2972} INFO - Setting next_dagrun for download_rocket_launches to 2023-06-10T00:00:00+00:00, run_after=2023-06-11T00:00:00+00:00
[2023-06-10 16:55:17,447] {processor.py:161} INFO - Processing /opt/airflow/dags/download_rocket_launches.py took 0.064 seconds
[2023-06-10 16:55:47,605] {processor.py:153} INFO - Started process (PID=366) to work on /opt/airflow/dags/download_rocket_launches.py
[2023-06-10 16:55:47,608] {processor.py:641} INFO - Processing file /opt/airflow/dags/download_rocket_launches.py for tasks to queue
[2023-06-10 16:55:47,610] {logging_mixin.py:115} INFO - [2023-06-10 16:55:47,610] {dagbag.py:508} INFO - Filling up the DagBag from /opt/airflow/dags/download_rocket_launches.py
[2023-06-10 16:55:47,628] {processor.py:651} INFO - DAG(s) dict_keys(['download_rocket_launches']) retrieved from /opt/airflow/dags/download_rocket_launches.py
[2023-06-10 16:55:47,650] {logging_mixin.py:115} INFO - [2023-06-10 16:55:47,650] {dag.py:2420} INFO - Sync 1 DAGs
[2023-06-10 16:55:47,663] {logging_mixin.py:115} INFO - [2023-06-10 16:55:47,663] {dag.py:2972} INFO - Setting next_dagrun for download_rocket_launches to 2023-06-10T00:00:00+00:00, run_after=2023-06-11T00:00:00+00:00
[2023-06-10 16:55:47,669] {processor.py:161} INFO - Processing /opt/airflow/dags/download_rocket_launches.py took 0.070 seconds
[2023-06-10 16:56:17,782] {processor.py:153} INFO - Started process (PID=393) to work on /opt/airflow/dags/download_rocket_launches.py
[2023-06-10 16:56:17,784] {processor.py:641} INFO - Processing file /opt/airflow/dags/download_rocket_launches.py for tasks to queue
[2023-06-10 16:56:17,786] {logging_mixin.py:115} INFO - [2023-06-10 16:56:17,786] {dagbag.py:508} INFO - Filling up the DagBag from /opt/airflow/dags/download_rocket_launches.py
[2023-06-10 16:56:17,800] {processor.py:651} INFO - DAG(s) dict_keys(['download_rocket_launches']) retrieved from /opt/airflow/dags/download_rocket_launches.py
[2023-06-10 16:56:17,817] {logging_mixin.py:115} INFO - [2023-06-10 16:56:17,817] {dag.py:2420} INFO - Sync 1 DAGs
[2023-06-10 16:56:17,830] {logging_mixin.py:115} INFO - [2023-06-10 16:56:17,830] {dag.py:2972} INFO - Setting next_dagrun for download_rocket_launches to 2023-06-10T00:00:00+00:00, run_after=2023-06-11T00:00:00+00:00
[2023-06-10 16:56:17,837] {processor.py:161} INFO - Processing /opt/airflow/dags/download_rocket_launches.py took 0.058 seconds
[2023-06-10 16:56:48,012] {processor.py:153} INFO - Started process (PID=419) to work on /opt/airflow/dags/download_rocket_launches.py
[2023-06-10 16:56:48,014] {processor.py:641} INFO - Processing file /opt/airflow/dags/download_rocket_launches.py for tasks to queue
[2023-06-10 16:56:48,016] {logging_mixin.py:115} INFO - [2023-06-10 16:56:48,016] {dagbag.py:508} INFO - Filling up the DagBag from /opt/airflow/dags/download_rocket_launches.py
[2023-06-10 16:56:48,032] {processor.py:651} INFO - DAG(s) dict_keys(['download_rocket_launches']) retrieved from /opt/airflow/dags/download_rocket_launches.py
[2023-06-10 16:56:48,054] {logging_mixin.py:115} INFO - [2023-06-10 16:56:48,054] {dag.py:2420} INFO - Sync 1 DAGs
[2023-06-10 16:56:48,066] {logging_mixin.py:115} INFO - [2023-06-10 16:56:48,066] {dag.py:2972} INFO - Setting next_dagrun for download_rocket_launches to 2023-06-10T00:00:00+00:00, run_after=2023-06-11T00:00:00+00:00
[2023-06-10 16:56:48,077] {processor.py:161} INFO - Processing /opt/airflow/dags/download_rocket_launches.py took 0.070 seconds
[2023-06-10 16:57:18,197] {processor.py:153} INFO - Started process (PID=446) to work on /opt/airflow/dags/download_rocket_launches.py
[2023-06-10 16:57:18,199] {processor.py:641} INFO - Processing file /opt/airflow/dags/download_rocket_launches.py for tasks to queue
[2023-06-10 16:57:18,201] {logging_mixin.py:115} INFO - [2023-06-10 16:57:18,201] {dagbag.py:508} INFO - Filling up the DagBag from /opt/airflow/dags/download_rocket_launches.py
[2023-06-10 16:57:18,219] {processor.py:651} INFO - DAG(s) dict_keys(['download_rocket_launches']) retrieved from /opt/airflow/dags/download_rocket_launches.py
[2023-06-10 16:57:18,241] {logging_mixin.py:115} INFO - [2023-06-10 16:57:18,241] {dag.py:2420} INFO - Sync 1 DAGs
[2023-06-10 16:57:18,254] {logging_mixin.py:115} INFO - [2023-06-10 16:57:18,253] {dag.py:2972} INFO - Setting next_dagrun for download_rocket_launches to 2023-06-10T00:00:00+00:00, run_after=2023-06-11T00:00:00+00:00
[2023-06-10 16:57:18,260] {processor.py:161} INFO - Processing /opt/airflow/dags/download_rocket_launches.py took 0.069 seconds
[2023-06-10 16:57:48,425] {processor.py:153} INFO - Started process (PID=474) to work on /opt/airflow/dags/download_rocket_launches.py
[2023-06-10 16:57:48,427] {processor.py:641} INFO - Processing file /opt/airflow/dags/download_rocket_launches.py for tasks to queue
[2023-06-10 16:57:48,430] {logging_mixin.py:115} INFO - [2023-06-10 16:57:48,430] {dagbag.py:508} INFO - Filling up the DagBag from /opt/airflow/dags/download_rocket_launches.py
[2023-06-10 16:57:48,446] {processor.py:651} INFO - DAG(s) dict_keys(['download_rocket_launches']) retrieved from /opt/airflow/dags/download_rocket_launches.py
[2023-06-10 16:57:48,470] {logging_mixin.py:115} INFO - [2023-06-10 16:57:48,470] {dag.py:2420} INFO - Sync 1 DAGs
[2023-06-10 16:57:48,483] {logging_mixin.py:115} INFO - [2023-06-10 16:57:48,483] {dag.py:2972} INFO - Setting next_dagrun for download_rocket_launches to 2023-06-10T00:00:00+00:00, run_after=2023-06-11T00:00:00+00:00
[2023-06-10 16:57:48,493] {processor.py:161} INFO - Processing /opt/airflow/dags/download_rocket_launches.py took 0.070 seconds
[2023-06-10 16:58:18,627] {processor.py:153} INFO - Started process (PID=494) to work on /opt/airflow/dags/download_rocket_launches.py
[2023-06-10 16:58:18,629] {processor.py:641} INFO - Processing file /opt/airflow/dags/download_rocket_launches.py for tasks to queue
[2023-06-10 16:58:18,632] {logging_mixin.py:115} INFO - [2023-06-10 16:58:18,632] {dagbag.py:508} INFO - Filling up the DagBag from /opt/airflow/dags/download_rocket_launches.py
[2023-06-10 16:58:18,653] {processor.py:651} INFO - DAG(s) dict_keys(['download_rocket_launches']) retrieved from /opt/airflow/dags/download_rocket_launches.py
[2023-06-10 16:58:18,676] {logging_mixin.py:115} INFO - [2023-06-10 16:58:18,676] {dag.py:2420} INFO - Sync 1 DAGs
[2023-06-10 16:58:18,688] {logging_mixin.py:115} INFO - [2023-06-10 16:58:18,688] {dag.py:2972} INFO - Setting next_dagrun for download_rocket_launches to 2023-06-10T00:00:00+00:00, run_after=2023-06-11T00:00:00+00:00
[2023-06-10 16:58:18,694] {processor.py:161} INFO - Processing /opt/airflow/dags/download_rocket_launches.py took 0.072 seconds
[2023-06-10 16:58:48,837] {processor.py:153} INFO - Started process (PID=522) to work on /opt/airflow/dags/download_rocket_launches.py
[2023-06-10 16:58:48,839] {processor.py:641} INFO - Processing file /opt/airflow/dags/download_rocket_launches.py for tasks to queue
[2023-06-10 16:58:48,841] {logging_mixin.py:115} INFO - [2023-06-10 16:58:48,841] {dagbag.py:508} INFO - Filling up the DagBag from /opt/airflow/dags/download_rocket_launches.py
[2023-06-10 16:58:48,858] {processor.py:651} INFO - DAG(s) dict_keys(['download_rocket_launches']) retrieved from /opt/airflow/dags/download_rocket_launches.py
[2023-06-10 16:58:48,879] {logging_mixin.py:115} INFO - [2023-06-10 16:58:48,879] {dag.py:2420} INFO - Sync 1 DAGs
[2023-06-10 16:58:48,893] {logging_mixin.py:115} INFO - [2023-06-10 16:58:48,893] {dag.py:2972} INFO - Setting next_dagrun for download_rocket_launches to 2023-06-10T00:00:00+00:00, run_after=2023-06-11T00:00:00+00:00
[2023-06-10 16:58:48,899] {processor.py:161} INFO - Processing /opt/airflow/dags/download_rocket_launches.py took 0.067 seconds
[2023-06-10 16:59:19,035] {processor.py:153} INFO - Started process (PID=549) to work on /opt/airflow/dags/download_rocket_launches.py
[2023-06-10 16:59:19,039] {processor.py:641} INFO - Processing file /opt/airflow/dags/download_rocket_launches.py for tasks to queue
[2023-06-10 16:59:19,042] {logging_mixin.py:115} INFO - [2023-06-10 16:59:19,042] {dagbag.py:508} INFO - Filling up the DagBag from /opt/airflow/dags/download_rocket_launches.py
[2023-06-10 16:59:19,064] {processor.py:651} INFO - DAG(s) dict_keys(['download_rocket_launches']) retrieved from /opt/airflow/dags/download_rocket_launches.py
[2023-06-10 16:59:19,086] {logging_mixin.py:115} INFO - [2023-06-10 16:59:19,086] {dag.py:2420} INFO - Sync 1 DAGs
[2023-06-10 16:59:19,101] {logging_mixin.py:115} INFO - [2023-06-10 16:59:19,101] {dag.py:2972} INFO - Setting next_dagrun for download_rocket_launches to 2023-06-10T00:00:00+00:00, run_after=2023-06-11T00:00:00+00:00
[2023-06-10 16:59:19,110] {processor.py:161} INFO - Processing /opt/airflow/dags/download_rocket_launches.py took 0.082 seconds
[2023-06-10 16:59:49,246] {processor.py:153} INFO - Started process (PID=577) to work on /opt/airflow/dags/download_rocket_launches.py
[2023-06-10 16:59:49,248] {processor.py:641} INFO - Processing file /opt/airflow/dags/download_rocket_launches.py for tasks to queue
[2023-06-10 16:59:49,249] {logging_mixin.py:115} INFO - [2023-06-10 16:59:49,249] {dagbag.py:508} INFO - Filling up the DagBag from /opt/airflow/dags/download_rocket_launches.py
[2023-06-10 16:59:49,266] {processor.py:651} INFO - DAG(s) dict_keys(['download_rocket_launches']) retrieved from /opt/airflow/dags/download_rocket_launches.py
[2023-06-10 16:59:49,286] {logging_mixin.py:115} INFO - [2023-06-10 16:59:49,286] {dag.py:2420} INFO - Sync 1 DAGs
[2023-06-10 16:59:49,299] {logging_mixin.py:115} INFO - [2023-06-10 16:59:49,299] {dag.py:2972} INFO - Setting next_dagrun for download_rocket_launches to 2023-06-10T00:00:00+00:00, run_after=2023-06-11T00:00:00+00:00
[2023-06-10 16:59:49,306] {processor.py:161} INFO - Processing /opt/airflow/dags/download_rocket_launches.py took 0.063 seconds
[2023-06-10 17:00:19,424] {processor.py:153} INFO - Started process (PID=604) to work on /opt/airflow/dags/download_rocket_launches.py
[2023-06-10 17:00:19,426] {processor.py:641} INFO - Processing file /opt/airflow/dags/download_rocket_launches.py for tasks to queue
[2023-06-10 17:00:19,428] {logging_mixin.py:115} INFO - [2023-06-10 17:00:19,428] {dagbag.py:508} INFO - Filling up the DagBag from /opt/airflow/dags/download_rocket_launches.py
[2023-06-10 17:00:19,443] {processor.py:651} INFO - DAG(s) dict_keys(['download_rocket_launches']) retrieved from /opt/airflow/dags/download_rocket_launches.py
[2023-06-10 17:00:19,467] {logging_mixin.py:115} INFO - [2023-06-10 17:00:19,467] {dag.py:2420} INFO - Sync 1 DAGs
[2023-06-10 17:00:19,483] {logging_mixin.py:115} INFO - [2023-06-10 17:00:19,483] {dag.py:2972} INFO - Setting next_dagrun for download_rocket_launches to 2023-06-10T00:00:00+00:00, run_after=2023-06-11T00:00:00+00:00
[2023-06-10 17:00:19,493] {processor.py:161} INFO - Processing /opt/airflow/dags/download_rocket_launches.py took 0.072 seconds
[2023-06-10 17:00:49,679] {processor.py:153} INFO - Started process (PID=624) to work on /opt/airflow/dags/download_rocket_launches.py
[2023-06-10 17:00:49,681] {processor.py:641} INFO - Processing file /opt/airflow/dags/download_rocket_launches.py for tasks to queue
[2023-06-10 17:00:49,682] {logging_mixin.py:115} INFO - [2023-06-10 17:00:49,682] {dagbag.py:508} INFO - Filling up the DagBag from /opt/airflow/dags/download_rocket_launches.py
[2023-06-10 17:00:49,698] {processor.py:651} INFO - DAG(s) dict_keys(['download_rocket_launches']) retrieved from /opt/airflow/dags/download_rocket_launches.py
[2023-06-10 17:00:49,717] {logging_mixin.py:115} INFO - [2023-06-10 17:00:49,717] {dag.py:2420} INFO - Sync 1 DAGs
[2023-06-10 17:00:49,729] {logging_mixin.py:115} INFO - [2023-06-10 17:00:49,729] {dag.py:2972} INFO - Setting next_dagrun for download_rocket_launches to 2023-06-10T00:00:00+00:00, run_after=2023-06-11T00:00:00+00:00
[2023-06-10 17:00:49,735] {processor.py:161} INFO - Processing /opt/airflow/dags/download_rocket_launches.py took 0.059 seconds
[2023-06-10 17:01:19,822] {processor.py:153} INFO - Started process (PID=652) to work on /opt/airflow/dags/download_rocket_launches.py
[2023-06-10 17:01:19,825] {processor.py:641} INFO - Processing file /opt/airflow/dags/download_rocket_launches.py for tasks to queue
[2023-06-10 17:01:19,828] {logging_mixin.py:115} INFO - [2023-06-10 17:01:19,828] {dagbag.py:508} INFO - Filling up the DagBag from /opt/airflow/dags/download_rocket_launches.py
[2023-06-10 17:01:19,853] {processor.py:651} INFO - DAG(s) dict_keys(['download_rocket_launches']) retrieved from /opt/airflow/dags/download_rocket_launches.py
[2023-06-10 17:01:19,889] {logging_mixin.py:115} INFO - [2023-06-10 17:01:19,889] {dag.py:2420} INFO - Sync 1 DAGs
[2023-06-10 17:01:19,904] {logging_mixin.py:115} INFO - [2023-06-10 17:01:19,903] {dag.py:2972} INFO - Setting next_dagrun for download_rocket_launches to 2023-06-10T00:00:00+00:00, run_after=2023-06-11T00:00:00+00:00
[2023-06-10 17:01:19,916] {processor.py:161} INFO - Processing /opt/airflow/dags/download_rocket_launches.py took 0.098 seconds
[2023-06-10 17:01:50,050] {processor.py:153} INFO - Started process (PID=680) to work on /opt/airflow/dags/download_rocket_launches.py
[2023-06-10 17:01:50,052] {processor.py:641} INFO - Processing file /opt/airflow/dags/download_rocket_launches.py for tasks to queue
[2023-06-10 17:01:50,053] {logging_mixin.py:115} INFO - [2023-06-10 17:01:50,053] {dagbag.py:508} INFO - Filling up the DagBag from /opt/airflow/dags/download_rocket_launches.py
[2023-06-10 17:01:50,064] {processor.py:651} INFO - DAG(s) dict_keys(['download_rocket_launches']) retrieved from /opt/airflow/dags/download_rocket_launches.py
[2023-06-10 17:01:50,081] {logging_mixin.py:115} INFO - [2023-06-10 17:01:50,081] {dag.py:2420} INFO - Sync 1 DAGs
[2023-06-10 17:01:50,093] {logging_mixin.py:115} INFO - [2023-06-10 17:01:50,093] {dag.py:2972} INFO - Setting next_dagrun for download_rocket_launches to 2023-06-10T00:00:00+00:00, run_after=2023-06-11T00:00:00+00:00
[2023-06-10 17:01:50,099] {processor.py:161} INFO - Processing /opt/airflow/dags/download_rocket_launches.py took 0.051 seconds
[2023-06-10 17:02:20,268] {processor.py:153} INFO - Started process (PID=708) to work on /opt/airflow/dags/download_rocket_launches.py
[2023-06-10 17:02:20,270] {processor.py:641} INFO - Processing file /opt/airflow/dags/download_rocket_launches.py for tasks to queue
[2023-06-10 17:02:20,273] {logging_mixin.py:115} INFO - [2023-06-10 17:02:20,273] {dagbag.py:508} INFO - Filling up the DagBag from /opt/airflow/dags/download_rocket_launches.py
[2023-06-10 17:02:20,294] {processor.py:651} INFO - DAG(s) dict_keys(['download_rocket_launches']) retrieved from /opt/airflow/dags/download_rocket_launches.py
[2023-06-10 17:02:20,317] {logging_mixin.py:115} INFO - [2023-06-10 17:02:20,317] {dag.py:2420} INFO - Sync 1 DAGs
[2023-06-10 17:02:20,329] {logging_mixin.py:115} INFO - [2023-06-10 17:02:20,329] {dag.py:2972} INFO - Setting next_dagrun for download_rocket_launches to 2023-06-10T00:00:00+00:00, run_after=2023-06-11T00:00:00+00:00
[2023-06-10 17:02:20,335] {processor.py:161} INFO - Processing /opt/airflow/dags/download_rocket_launches.py took 0.073 seconds
[2023-06-10 17:02:50,453] {processor.py:153} INFO - Started process (PID=727) to work on /opt/airflow/dags/download_rocket_launches.py
[2023-06-10 17:02:50,456] {processor.py:641} INFO - Processing file /opt/airflow/dags/download_rocket_launches.py for tasks to queue
[2023-06-10 17:02:50,460] {logging_mixin.py:115} INFO - [2023-06-10 17:02:50,460] {dagbag.py:508} INFO - Filling up the DagBag from /opt/airflow/dags/download_rocket_launches.py
[2023-06-10 17:02:50,478] {processor.py:651} INFO - DAG(s) dict_keys(['download_rocket_launches']) retrieved from /opt/airflow/dags/download_rocket_launches.py
[2023-06-10 17:02:50,499] {logging_mixin.py:115} INFO - [2023-06-10 17:02:50,499] {dag.py:2420} INFO - Sync 1 DAGs
[2023-06-10 17:02:50,512] {logging_mixin.py:115} INFO - [2023-06-10 17:02:50,512] {dag.py:2972} INFO - Setting next_dagrun for download_rocket_launches to 2023-06-10T00:00:00+00:00, run_after=2023-06-11T00:00:00+00:00
[2023-06-10 17:02:50,518] {processor.py:161} INFO - Processing /opt/airflow/dags/download_rocket_launches.py took 0.070 seconds
[2023-06-10 17:03:20,642] {processor.py:153} INFO - Started process (PID=755) to work on /opt/airflow/dags/download_rocket_launches.py
[2023-06-10 17:03:20,645] {processor.py:641} INFO - Processing file /opt/airflow/dags/download_rocket_launches.py for tasks to queue
[2023-06-10 17:03:20,648] {logging_mixin.py:115} INFO - [2023-06-10 17:03:20,648] {dagbag.py:508} INFO - Filling up the DagBag from /opt/airflow/dags/download_rocket_launches.py
[2023-06-10 17:03:20,668] {processor.py:651} INFO - DAG(s) dict_keys(['download_rocket_launches']) retrieved from /opt/airflow/dags/download_rocket_launches.py
[2023-06-10 17:03:20,692] {logging_mixin.py:115} INFO - [2023-06-10 17:03:20,692] {dag.py:2420} INFO - Sync 1 DAGs
[2023-06-10 17:03:20,704] {logging_mixin.py:115} INFO - [2023-06-10 17:03:20,704] {dag.py:2972} INFO - Setting next_dagrun for download_rocket_launches to 2023-06-10T00:00:00+00:00, run_after=2023-06-11T00:00:00+00:00
[2023-06-10 17:03:20,711] {processor.py:161} INFO - Processing /opt/airflow/dags/download_rocket_launches.py took 0.075 seconds
[2023-06-10 17:03:50,859] {processor.py:153} INFO - Started process (PID=784) to work on /opt/airflow/dags/download_rocket_launches.py
[2023-06-10 17:03:50,861] {processor.py:641} INFO - Processing file /opt/airflow/dags/download_rocket_launches.py for tasks to queue
[2023-06-10 17:03:50,864] {logging_mixin.py:115} INFO - [2023-06-10 17:03:50,863] {dagbag.py:508} INFO - Filling up the DagBag from /opt/airflow/dags/download_rocket_launches.py
[2023-06-10 17:03:50,881] {processor.py:651} INFO - DAG(s) dict_keys(['download_rocket_launches']) retrieved from /opt/airflow/dags/download_rocket_launches.py
[2023-06-10 17:03:50,903] {logging_mixin.py:115} INFO - [2023-06-10 17:03:50,903] {dag.py:2420} INFO - Sync 1 DAGs
[2023-06-10 17:03:50,915] {logging_mixin.py:115} INFO - [2023-06-10 17:03:50,915] {dag.py:2972} INFO - Setting next_dagrun for download_rocket_launches to 2023-06-10T00:00:00+00:00, run_after=2023-06-11T00:00:00+00:00
[2023-06-10 17:03:50,922] {processor.py:161} INFO - Processing /opt/airflow/dags/download_rocket_launches.py took 0.066 seconds
[2023-06-10 17:04:21,016] {processor.py:153} INFO - Started process (PID=811) to work on /opt/airflow/dags/download_rocket_launches.py
[2023-06-10 17:04:21,018] {processor.py:641} INFO - Processing file /opt/airflow/dags/download_rocket_launches.py for tasks to queue
[2023-06-10 17:04:21,019] {logging_mixin.py:115} INFO - [2023-06-10 17:04:21,019] {dagbag.py:508} INFO - Filling up the DagBag from /opt/airflow/dags/download_rocket_launches.py
[2023-06-10 17:04:21,031] {processor.py:651} INFO - DAG(s) dict_keys(['download_rocket_launches']) retrieved from /opt/airflow/dags/download_rocket_launches.py
[2023-06-10 17:04:21,051] {logging_mixin.py:115} INFO - [2023-06-10 17:04:21,051] {dag.py:2420} INFO - Sync 1 DAGs
[2023-06-10 17:04:21,064] {logging_mixin.py:115} INFO - [2023-06-10 17:04:21,064] {dag.py:2972} INFO - Setting next_dagrun for download_rocket_launches to 2023-06-10T00:00:00+00:00, run_after=2023-06-11T00:00:00+00:00
[2023-06-10 17:04:21,072] {processor.py:161} INFO - Processing /opt/airflow/dags/download_rocket_launches.py took 0.058 seconds
[2023-06-10 17:04:51,296] {processor.py:153} INFO - Started process (PID=838) to work on /opt/airflow/dags/download_rocket_launches.py
[2023-06-10 17:04:51,299] {processor.py:641} INFO - Processing file /opt/airflow/dags/download_rocket_launches.py for tasks to queue
[2023-06-10 17:04:51,301] {logging_mixin.py:115} INFO - [2023-06-10 17:04:51,301] {dagbag.py:508} INFO - Filling up the DagBag from /opt/airflow/dags/download_rocket_launches.py
[2023-06-10 17:04:51,317] {processor.py:651} INFO - DAG(s) dict_keys(['download_rocket_launches']) retrieved from /opt/airflow/dags/download_rocket_launches.py
[2023-06-10 17:04:51,338] {logging_mixin.py:115} INFO - [2023-06-10 17:04:51,338] {dag.py:2420} INFO - Sync 1 DAGs
[2023-06-10 17:04:51,350] {logging_mixin.py:115} INFO - [2023-06-10 17:04:51,350] {dag.py:2972} INFO - Setting next_dagrun for download_rocket_launches to 2023-06-10T00:00:00+00:00, run_after=2023-06-11T00:00:00+00:00
[2023-06-10 17:04:51,356] {processor.py:161} INFO - Processing /opt/airflow/dags/download_rocket_launches.py took 0.065 seconds
[2023-06-10 17:05:21,487] {processor.py:153} INFO - Started process (PID=857) to work on /opt/airflow/dags/download_rocket_launches.py
[2023-06-10 17:05:21,489] {processor.py:641} INFO - Processing file /opt/airflow/dags/download_rocket_launches.py for tasks to queue
[2023-06-10 17:05:21,492] {logging_mixin.py:115} INFO - [2023-06-10 17:05:21,492] {dagbag.py:508} INFO - Filling up the DagBag from /opt/airflow/dags/download_rocket_launches.py
[2023-06-10 17:05:21,511] {processor.py:651} INFO - DAG(s) dict_keys(['download_rocket_launches']) retrieved from /opt/airflow/dags/download_rocket_launches.py
[2023-06-10 17:05:21,534] {logging_mixin.py:115} INFO - [2023-06-10 17:05:21,534] {dag.py:2420} INFO - Sync 1 DAGs
[2023-06-10 17:05:21,546] {logging_mixin.py:115} INFO - [2023-06-10 17:05:21,546] {dag.py:2972} INFO - Setting next_dagrun for download_rocket_launches to 2023-06-10T00:00:00+00:00, run_after=2023-06-11T00:00:00+00:00
[2023-06-10 17:05:21,552] {processor.py:161} INFO - Processing /opt/airflow/dags/download_rocket_launches.py took 0.071 seconds
[2023-06-10 17:05:51,721] {processor.py:153} INFO - Started process (PID=885) to work on /opt/airflow/dags/download_rocket_launches.py
[2023-06-10 17:05:51,723] {processor.py:641} INFO - Processing file /opt/airflow/dags/download_rocket_launches.py for tasks to queue
[2023-06-10 17:05:51,725] {logging_mixin.py:115} INFO - [2023-06-10 17:05:51,725] {dagbag.py:508} INFO - Filling up the DagBag from /opt/airflow/dags/download_rocket_launches.py
[2023-06-10 17:05:51,739] {processor.py:651} INFO - DAG(s) dict_keys(['download_rocket_launches']) retrieved from /opt/airflow/dags/download_rocket_launches.py
[2023-06-10 17:05:51,760] {logging_mixin.py:115} INFO - [2023-06-10 17:05:51,760] {dag.py:2420} INFO - Sync 1 DAGs
[2023-06-10 17:05:51,772] {logging_mixin.py:115} INFO - [2023-06-10 17:05:51,772] {dag.py:2972} INFO - Setting next_dagrun for download_rocket_launches to 2023-06-10T00:00:00+00:00, run_after=2023-06-11T00:00:00+00:00
[2023-06-10 17:05:51,779] {processor.py:161} INFO - Processing /opt/airflow/dags/download_rocket_launches.py took 0.062 seconds
[2023-06-10 17:06:21,926] {processor.py:153} INFO - Started process (PID=913) to work on /opt/airflow/dags/download_rocket_launches.py
[2023-06-10 17:06:21,928] {processor.py:641} INFO - Processing file /opt/airflow/dags/download_rocket_launches.py for tasks to queue
[2023-06-10 17:06:21,931] {logging_mixin.py:115} INFO - [2023-06-10 17:06:21,931] {dagbag.py:508} INFO - Filling up the DagBag from /opt/airflow/dags/download_rocket_launches.py
[2023-06-10 17:06:21,951] {processor.py:651} INFO - DAG(s) dict_keys(['download_rocket_launches']) retrieved from /opt/airflow/dags/download_rocket_launches.py
[2023-06-10 17:06:21,972] {logging_mixin.py:115} INFO - [2023-06-10 17:06:21,972] {dag.py:2420} INFO - Sync 1 DAGs
[2023-06-10 17:06:21,985] {logging_mixin.py:115} INFO - [2023-06-10 17:06:21,985] {dag.py:2972} INFO - Setting next_dagrun for download_rocket_launches to 2023-06-10T00:00:00+00:00, run_after=2023-06-11T00:00:00+00:00
[2023-06-10 17:06:21,991] {processor.py:161} INFO - Processing /opt/airflow/dags/download_rocket_launches.py took 0.069 seconds
[2023-06-10 17:06:52,260] {processor.py:153} INFO - Started process (PID=941) to work on /opt/airflow/dags/download_rocket_launches.py
[2023-06-10 17:06:52,263] {processor.py:641} INFO - Processing file /opt/airflow/dags/download_rocket_launches.py for tasks to queue
[2023-06-10 17:06:52,264] {logging_mixin.py:115} INFO - [2023-06-10 17:06:52,264] {dagbag.py:508} INFO - Filling up the DagBag from /opt/airflow/dags/download_rocket_launches.py
[2023-06-10 17:06:52,282] {processor.py:651} INFO - DAG(s) dict_keys(['download_rocket_launches']) retrieved from /opt/airflow/dags/download_rocket_launches.py
[2023-06-10 17:06:52,303] {logging_mixin.py:115} INFO - [2023-06-10 17:06:52,303] {dag.py:2420} INFO - Sync 1 DAGs
[2023-06-10 17:06:52,315] {logging_mixin.py:115} INFO - [2023-06-10 17:06:52,315] {dag.py:2972} INFO - Setting next_dagrun for download_rocket_launches to 2023-06-10T00:00:00+00:00, run_after=2023-06-11T00:00:00+00:00
[2023-06-10 17:06:52,322] {processor.py:161} INFO - Processing /opt/airflow/dags/download_rocket_launches.py took 0.066 seconds
[2023-06-10 17:07:22,476] {processor.py:153} INFO - Started process (PID=968) to work on /opt/airflow/dags/download_rocket_launches.py
[2023-06-10 17:07:22,478] {processor.py:641} INFO - Processing file /opt/airflow/dags/download_rocket_launches.py for tasks to queue
[2023-06-10 17:07:22,479] {logging_mixin.py:115} INFO - [2023-06-10 17:07:22,479] {dagbag.py:508} INFO - Filling up the DagBag from /opt/airflow/dags/download_rocket_launches.py
[2023-06-10 17:07:22,494] {processor.py:651} INFO - DAG(s) dict_keys(['download_rocket_launches']) retrieved from /opt/airflow/dags/download_rocket_launches.py
[2023-06-10 17:07:22,514] {logging_mixin.py:115} INFO - [2023-06-10 17:07:22,514] {dag.py:2420} INFO - Sync 1 DAGs
[2023-06-10 17:07:22,526] {logging_mixin.py:115} INFO - [2023-06-10 17:07:22,526] {dag.py:2972} INFO - Setting next_dagrun for download_rocket_launches to 2023-06-10T00:00:00+00:00, run_after=2023-06-11T00:00:00+00:00
[2023-06-10 17:07:22,532] {processor.py:161} INFO - Processing /opt/airflow/dags/download_rocket_launches.py took 0.059 seconds
[2023-06-10 17:07:52,736] {processor.py:153} INFO - Started process (PID=986) to work on /opt/airflow/dags/download_rocket_launches.py
[2023-06-10 17:07:52,737] {processor.py:641} INFO - Processing file /opt/airflow/dags/download_rocket_launches.py for tasks to queue
[2023-06-10 17:07:52,739] {logging_mixin.py:115} INFO - [2023-06-10 17:07:52,739] {dagbag.py:508} INFO - Filling up the DagBag from /opt/airflow/dags/download_rocket_launches.py
[2023-06-10 17:07:52,750] {processor.py:651} INFO - DAG(s) dict_keys(['download_rocket_launches']) retrieved from /opt/airflow/dags/download_rocket_launches.py
[2023-06-10 17:07:52,769] {logging_mixin.py:115} INFO - [2023-06-10 17:07:52,769] {dag.py:2420} INFO - Sync 1 DAGs
[2023-06-10 17:07:52,782] {logging_mixin.py:115} INFO - [2023-06-10 17:07:52,782] {dag.py:2972} INFO - Setting next_dagrun for download_rocket_launches to 2023-06-10T00:00:00+00:00, run_after=2023-06-11T00:00:00+00:00
[2023-06-10 17:07:52,788] {processor.py:161} INFO - Processing /opt/airflow/dags/download_rocket_launches.py took 0.055 seconds
[2023-06-10 17:08:22,998] {processor.py:153} INFO - Started process (PID=1013) to work on /opt/airflow/dags/download_rocket_launches.py
[2023-06-10 17:08:23,001] {processor.py:641} INFO - Processing file /opt/airflow/dags/download_rocket_launches.py for tasks to queue
[2023-06-10 17:08:23,003] {logging_mixin.py:115} INFO - [2023-06-10 17:08:23,003] {dagbag.py:508} INFO - Filling up the DagBag from /opt/airflow/dags/download_rocket_launches.py
[2023-06-10 17:08:23,023] {processor.py:651} INFO - DAG(s) dict_keys(['download_rocket_launches']) retrieved from /opt/airflow/dags/download_rocket_launches.py
[2023-06-10 17:08:23,044] {logging_mixin.py:115} INFO - [2023-06-10 17:08:23,044] {dag.py:2420} INFO - Sync 1 DAGs
[2023-06-10 17:08:23,057] {logging_mixin.py:115} INFO - [2023-06-10 17:08:23,057] {dag.py:2972} INFO - Setting next_dagrun for download_rocket_launches to 2023-06-10T00:00:00+00:00, run_after=2023-06-11T00:00:00+00:00
[2023-06-10 17:08:23,064] {processor.py:161} INFO - Processing /opt/airflow/dags/download_rocket_launches.py took 0.071 seconds
[2023-06-10 17:08:53,202] {processor.py:153} INFO - Started process (PID=1041) to work on /opt/airflow/dags/download_rocket_launches.py
[2023-06-10 17:08:53,203] {processor.py:641} INFO - Processing file /opt/airflow/dags/download_rocket_launches.py for tasks to queue
[2023-06-10 17:08:53,204] {logging_mixin.py:115} INFO - [2023-06-10 17:08:53,204] {dagbag.py:508} INFO - Filling up the DagBag from /opt/airflow/dags/download_rocket_launches.py
[2023-06-10 17:08:53,214] {processor.py:651} INFO - DAG(s) dict_keys(['download_rocket_launches']) retrieved from /opt/airflow/dags/download_rocket_launches.py
[2023-06-10 17:08:53,234] {logging_mixin.py:115} INFO - [2023-06-10 17:08:53,234] {dag.py:2420} INFO - Sync 1 DAGs
[2023-06-10 17:08:53,247] {logging_mixin.py:115} INFO - [2023-06-10 17:08:53,246] {dag.py:2972} INFO - Setting next_dagrun for download_rocket_launches to 2023-06-10T00:00:00+00:00, run_after=2023-06-11T00:00:00+00:00
[2023-06-10 17:08:53,253] {processor.py:161} INFO - Processing /opt/airflow/dags/download_rocket_launches.py took 0.053 seconds
[2023-06-10 17:09:23,422] {processor.py:153} INFO - Started process (PID=1069) to work on /opt/airflow/dags/download_rocket_launches.py
[2023-06-10 17:09:23,425] {processor.py:641} INFO - Processing file /opt/airflow/dags/download_rocket_launches.py for tasks to queue
[2023-06-10 17:09:23,428] {logging_mixin.py:115} INFO - [2023-06-10 17:09:23,428] {dagbag.py:508} INFO - Filling up the DagBag from /opt/airflow/dags/download_rocket_launches.py
[2023-06-10 17:09:23,448] {processor.py:651} INFO - DAG(s) dict_keys(['download_rocket_launches']) retrieved from /opt/airflow/dags/download_rocket_launches.py
[2023-06-10 17:09:23,469] {logging_mixin.py:115} INFO - [2023-06-10 17:09:23,469] {dag.py:2420} INFO - Sync 1 DAGs
[2023-06-10 17:09:23,481] {logging_mixin.py:115} INFO - [2023-06-10 17:09:23,481] {dag.py:2972} INFO - Setting next_dagrun for download_rocket_launches to 2023-06-10T00:00:00+00:00, run_after=2023-06-11T00:00:00+00:00
[2023-06-10 17:09:23,487] {processor.py:161} INFO - Processing /opt/airflow/dags/download_rocket_launches.py took 0.070 seconds
[2023-06-10 17:09:53,634] {processor.py:153} INFO - Started process (PID=1097) to work on /opt/airflow/dags/download_rocket_launches.py
[2023-06-10 17:09:53,636] {processor.py:641} INFO - Processing file /opt/airflow/dags/download_rocket_launches.py for tasks to queue
[2023-06-10 17:09:53,639] {logging_mixin.py:115} INFO - [2023-06-10 17:09:53,639] {dagbag.py:508} INFO - Filling up the DagBag from /opt/airflow/dags/download_rocket_launches.py
[2023-06-10 17:09:53,657] {processor.py:651} INFO - DAG(s) dict_keys(['download_rocket_launches']) retrieved from /opt/airflow/dags/download_rocket_launches.py
[2023-06-10 17:09:53,678] {logging_mixin.py:115} INFO - [2023-06-10 17:09:53,678] {dag.py:2420} INFO - Sync 1 DAGs
[2023-06-10 17:09:53,690] {logging_mixin.py:115} INFO - [2023-06-10 17:09:53,690] {dag.py:2972} INFO - Setting next_dagrun for download_rocket_launches to 2023-06-10T00:00:00+00:00, run_after=2023-06-11T00:00:00+00:00
[2023-06-10 17:09:53,697] {processor.py:161} INFO - Processing /opt/airflow/dags/download_rocket_launches.py took 0.069 seconds
[2023-06-10 17:10:23,834] {processor.py:153} INFO - Started process (PID=1116) to work on /opt/airflow/dags/download_rocket_launches.py
[2023-06-10 17:10:23,836] {processor.py:641} INFO - Processing file /opt/airflow/dags/download_rocket_launches.py for tasks to queue
[2023-06-10 17:10:23,839] {logging_mixin.py:115} INFO - [2023-06-10 17:10:23,839] {dagbag.py:508} INFO - Filling up the DagBag from /opt/airflow/dags/download_rocket_launches.py
[2023-06-10 17:10:23,858] {processor.py:651} INFO - DAG(s) dict_keys(['download_rocket_launches']) retrieved from /opt/airflow/dags/download_rocket_launches.py
[2023-06-10 17:10:23,881] {logging_mixin.py:115} INFO - [2023-06-10 17:10:23,881] {dag.py:2420} INFO - Sync 1 DAGs
[2023-06-10 17:10:23,894] {logging_mixin.py:115} INFO - [2023-06-10 17:10:23,894] {dag.py:2972} INFO - Setting next_dagrun for download_rocket_launches to 2023-06-10T00:00:00+00:00, run_after=2023-06-11T00:00:00+00:00
[2023-06-10 17:10:23,900] {processor.py:161} INFO - Processing /opt/airflow/dags/download_rocket_launches.py took 0.072 seconds
[2023-06-10 17:10:54,021] {processor.py:153} INFO - Started process (PID=1144) to work on /opt/airflow/dags/download_rocket_launches.py
[2023-06-10 17:10:54,023] {processor.py:641} INFO - Processing file /opt/airflow/dags/download_rocket_launches.py for tasks to queue
[2023-06-10 17:10:54,025] {logging_mixin.py:115} INFO - [2023-06-10 17:10:54,025] {dagbag.py:508} INFO - Filling up the DagBag from /opt/airflow/dags/download_rocket_launches.py
[2023-06-10 17:10:54,042] {processor.py:651} INFO - DAG(s) dict_keys(['download_rocket_launches']) retrieved from /opt/airflow/dags/download_rocket_launches.py
[2023-06-10 17:10:54,064] {logging_mixin.py:115} INFO - [2023-06-10 17:10:54,063] {dag.py:2420} INFO - Sync 1 DAGs
[2023-06-10 17:10:54,076] {logging_mixin.py:115} INFO - [2023-06-10 17:10:54,076] {dag.py:2972} INFO - Setting next_dagrun for download_rocket_launches to 2023-06-10T00:00:00+00:00, run_after=2023-06-11T00:00:00+00:00
[2023-06-10 17:10:54,082] {processor.py:161} INFO - Processing /opt/airflow/dags/download_rocket_launches.py took 0.065 seconds
[2023-06-10 17:11:24,213] {processor.py:153} INFO - Started process (PID=1171) to work on /opt/airflow/dags/download_rocket_launches.py
[2023-06-10 17:11:24,215] {processor.py:641} INFO - Processing file /opt/airflow/dags/download_rocket_launches.py for tasks to queue
[2023-06-10 17:11:24,217] {logging_mixin.py:115} INFO - [2023-06-10 17:11:24,217] {dagbag.py:508} INFO - Filling up the DagBag from /opt/airflow/dags/download_rocket_launches.py
[2023-06-10 17:11:24,230] {processor.py:651} INFO - DAG(s) dict_keys(['download_rocket_launches']) retrieved from /opt/airflow/dags/download_rocket_launches.py
[2023-06-10 17:11:24,250] {logging_mixin.py:115} INFO - [2023-06-10 17:11:24,250] {dag.py:2420} INFO - Sync 1 DAGs
[2023-06-10 17:11:24,265] {logging_mixin.py:115} INFO - [2023-06-10 17:11:24,265] {dag.py:2972} INFO - Setting next_dagrun for download_rocket_launches to 2023-06-10T00:00:00+00:00, run_after=2023-06-11T00:00:00+00:00
[2023-06-10 17:11:24,272] {processor.py:161} INFO - Processing /opt/airflow/dags/download_rocket_launches.py took 0.061 seconds
[2023-06-10 17:11:54,406] {processor.py:153} INFO - Started process (PID=1199) to work on /opt/airflow/dags/download_rocket_launches.py
[2023-06-10 17:11:54,408] {processor.py:641} INFO - Processing file /opt/airflow/dags/download_rocket_launches.py for tasks to queue
[2023-06-10 17:11:54,409] {logging_mixin.py:115} INFO - [2023-06-10 17:11:54,408] {dagbag.py:508} INFO - Filling up the DagBag from /opt/airflow/dags/download_rocket_launches.py
[2023-06-10 17:11:54,419] {processor.py:651} INFO - DAG(s) dict_keys(['download_rocket_launches']) retrieved from /opt/airflow/dags/download_rocket_launches.py
[2023-06-10 17:11:54,437] {logging_mixin.py:115} INFO - [2023-06-10 17:11:54,437] {dag.py:2420} INFO - Sync 1 DAGs
[2023-06-10 17:11:54,449] {logging_mixin.py:115} INFO - [2023-06-10 17:11:54,449] {dag.py:2972} INFO - Setting next_dagrun for download_rocket_launches to 2023-06-10T00:00:00+00:00, run_after=2023-06-11T00:00:00+00:00
[2023-06-10 17:11:54,456] {processor.py:161} INFO - Processing /opt/airflow/dags/download_rocket_launches.py took 0.052 seconds
[2023-06-10 17:12:24,600] {processor.py:153} INFO - Started process (PID=1227) to work on /opt/airflow/dags/download_rocket_launches.py
[2023-06-10 17:12:24,601] {processor.py:641} INFO - Processing file /opt/airflow/dags/download_rocket_launches.py for tasks to queue
[2023-06-10 17:12:24,603] {logging_mixin.py:115} INFO - [2023-06-10 17:12:24,603] {dagbag.py:508} INFO - Filling up the DagBag from /opt/airflow/dags/download_rocket_launches.py
[2023-06-10 17:12:24,615] {processor.py:651} INFO - DAG(s) dict_keys(['download_rocket_launches']) retrieved from /opt/airflow/dags/download_rocket_launches.py
[2023-06-10 17:12:24,635] {logging_mixin.py:115} INFO - [2023-06-10 17:12:24,635] {dag.py:2420} INFO - Sync 1 DAGs
[2023-06-10 17:12:24,647] {logging_mixin.py:115} INFO - [2023-06-10 17:12:24,647] {dag.py:2972} INFO - Setting next_dagrun for download_rocket_launches to 2023-06-10T00:00:00+00:00, run_after=2023-06-11T00:00:00+00:00
[2023-06-10 17:12:24,653] {processor.py:161} INFO - Processing /opt/airflow/dags/download_rocket_launches.py took 0.056 seconds
[2023-06-10 17:12:54,786] {processor.py:153} INFO - Started process (PID=1245) to work on /opt/airflow/dags/download_rocket_launches.py
[2023-06-10 17:12:54,788] {processor.py:641} INFO - Processing file /opt/airflow/dags/download_rocket_launches.py for tasks to queue
[2023-06-10 17:12:54,790] {logging_mixin.py:115} INFO - [2023-06-10 17:12:54,790] {dagbag.py:508} INFO - Filling up the DagBag from /opt/airflow/dags/download_rocket_launches.py
[2023-06-10 17:12:54,807] {processor.py:651} INFO - DAG(s) dict_keys(['download_rocket_launches']) retrieved from /opt/airflow/dags/download_rocket_launches.py
[2023-06-10 17:12:54,828] {logging_mixin.py:115} INFO - [2023-06-10 17:12:54,828] {dag.py:2420} INFO - Sync 1 DAGs
[2023-06-10 17:12:54,840] {logging_mixin.py:115} INFO - [2023-06-10 17:12:54,839] {dag.py:2972} INFO - Setting next_dagrun for download_rocket_launches to 2023-06-10T00:00:00+00:00, run_after=2023-06-11T00:00:00+00:00
[2023-06-10 17:12:54,846] {processor.py:161} INFO - Processing /opt/airflow/dags/download_rocket_launches.py took 0.064 seconds
[2023-06-10 17:13:24,954] {processor.py:153} INFO - Started process (PID=1272) to work on /opt/airflow/dags/download_rocket_launches.py
[2023-06-10 17:13:24,957] {processor.py:641} INFO - Processing file /opt/airflow/dags/download_rocket_launches.py for tasks to queue
[2023-06-10 17:13:24,959] {logging_mixin.py:115} INFO - [2023-06-10 17:13:24,959] {dagbag.py:508} INFO - Filling up the DagBag from /opt/airflow/dags/download_rocket_launches.py
[2023-06-10 17:13:24,974] {processor.py:651} INFO - DAG(s) dict_keys(['download_rocket_launches']) retrieved from /opt/airflow/dags/download_rocket_launches.py
[2023-06-10 17:13:24,995] {logging_mixin.py:115} INFO - [2023-06-10 17:13:24,995] {dag.py:2420} INFO - Sync 1 DAGs
[2023-06-10 17:13:25,008] {logging_mixin.py:115} INFO - [2023-06-10 17:13:25,008] {dag.py:2972} INFO - Setting next_dagrun for download_rocket_launches to 2023-06-10T00:00:00+00:00, run_after=2023-06-11T00:00:00+00:00
[2023-06-10 17:13:25,014] {processor.py:161} INFO - Processing /opt/airflow/dags/download_rocket_launches.py took 0.065 seconds
[2023-06-10 17:13:55,162] {processor.py:153} INFO - Started process (PID=1300) to work on /opt/airflow/dags/download_rocket_launches.py
[2023-06-10 17:13:55,164] {processor.py:641} INFO - Processing file /opt/airflow/dags/download_rocket_launches.py for tasks to queue
[2023-06-10 17:13:55,166] {logging_mixin.py:115} INFO - [2023-06-10 17:13:55,166] {dagbag.py:508} INFO - Filling up the DagBag from /opt/airflow/dags/download_rocket_launches.py
[2023-06-10 17:13:55,181] {processor.py:651} INFO - DAG(s) dict_keys(['download_rocket_launches']) retrieved from /opt/airflow/dags/download_rocket_launches.py
[2023-06-10 17:13:55,201] {logging_mixin.py:115} INFO - [2023-06-10 17:13:55,201] {dag.py:2420} INFO - Sync 1 DAGs
[2023-06-10 17:13:55,213] {logging_mixin.py:115} INFO - [2023-06-10 17:13:55,213] {dag.py:2972} INFO - Setting next_dagrun for download_rocket_launches to 2023-06-10T00:00:00+00:00, run_after=2023-06-11T00:00:00+00:00
[2023-06-10 17:13:55,219] {processor.py:161} INFO - Processing /opt/airflow/dags/download_rocket_launches.py took 0.061 seconds
[2023-06-10 17:14:25,423] {processor.py:153} INFO - Started process (PID=1328) to work on /opt/airflow/dags/download_rocket_launches.py
[2023-06-10 17:14:25,425] {processor.py:641} INFO - Processing file /opt/airflow/dags/download_rocket_launches.py for tasks to queue
[2023-06-10 17:14:25,427] {logging_mixin.py:115} INFO - [2023-06-10 17:14:25,427] {dagbag.py:508} INFO - Filling up the DagBag from /opt/airflow/dags/download_rocket_launches.py
[2023-06-10 17:14:25,444] {processor.py:651} INFO - DAG(s) dict_keys(['download_rocket_launches']) retrieved from /opt/airflow/dags/download_rocket_launches.py
[2023-06-10 17:14:25,465] {logging_mixin.py:115} INFO - [2023-06-10 17:14:25,465] {dag.py:2420} INFO - Sync 1 DAGs
[2023-06-10 17:14:25,476] {logging_mixin.py:115} INFO - [2023-06-10 17:14:25,476] {dag.py:2972} INFO - Setting next_dagrun for download_rocket_launches to 2023-06-10T00:00:00+00:00, run_after=2023-06-11T00:00:00+00:00
[2023-06-10 17:14:25,482] {processor.py:161} INFO - Processing /opt/airflow/dags/download_rocket_launches.py took 0.063 seconds
[2023-06-10 17:14:55,698] {processor.py:153} INFO - Started process (PID=1356) to work on /opt/airflow/dags/download_rocket_launches.py
[2023-06-10 17:14:55,700] {processor.py:641} INFO - Processing file /opt/airflow/dags/download_rocket_launches.py for tasks to queue
[2023-06-10 17:14:55,703] {logging_mixin.py:115} INFO - [2023-06-10 17:14:55,702] {dagbag.py:508} INFO - Filling up the DagBag from /opt/airflow/dags/download_rocket_launches.py
[2023-06-10 17:14:55,720] {processor.py:651} INFO - DAG(s) dict_keys(['download_rocket_launches']) retrieved from /opt/airflow/dags/download_rocket_launches.py
[2023-06-10 17:14:55,740] {logging_mixin.py:115} INFO - [2023-06-10 17:14:55,740] {dag.py:2420} INFO - Sync 1 DAGs
[2023-06-10 17:14:55,755] {logging_mixin.py:115} INFO - [2023-06-10 17:14:55,755] {dag.py:2972} INFO - Setting next_dagrun for download_rocket_launches to 2023-06-10T00:00:00+00:00, run_after=2023-06-11T00:00:00+00:00
[2023-06-10 17:14:55,765] {processor.py:161} INFO - Processing /opt/airflow/dags/download_rocket_launches.py took 0.070 seconds
[2023-06-10 17:15:25,954] {processor.py:153} INFO - Started process (PID=1375) to work on /opt/airflow/dags/download_rocket_launches.py
[2023-06-10 17:15:25,956] {processor.py:641} INFO - Processing file /opt/airflow/dags/download_rocket_launches.py for tasks to queue
[2023-06-10 17:15:25,959] {logging_mixin.py:115} INFO - [2023-06-10 17:15:25,959] {dagbag.py:508} INFO - Filling up the DagBag from /opt/airflow/dags/download_rocket_launches.py
[2023-06-10 17:15:25,982] {processor.py:651} INFO - DAG(s) dict_keys(['download_rocket_launches']) retrieved from /opt/airflow/dags/download_rocket_launches.py
[2023-06-10 17:15:26,001] {logging_mixin.py:115} INFO - [2023-06-10 17:15:26,001] {dag.py:2420} INFO - Sync 1 DAGs
[2023-06-10 17:15:26,014] {logging_mixin.py:115} INFO - [2023-06-10 17:15:26,014] {dag.py:2972} INFO - Setting next_dagrun for download_rocket_launches to 2023-06-10T00:00:00+00:00, run_after=2023-06-11T00:00:00+00:00
[2023-06-10 17:15:26,020] {processor.py:161} INFO - Processing /opt/airflow/dags/download_rocket_launches.py took 0.071 seconds
[2023-06-10 17:15:56,161] {processor.py:153} INFO - Started process (PID=1403) to work on /opt/airflow/dags/download_rocket_launches.py
[2023-06-10 17:15:56,164] {processor.py:641} INFO - Processing file /opt/airflow/dags/download_rocket_launches.py for tasks to queue
[2023-06-10 17:15:56,166] {logging_mixin.py:115} INFO - [2023-06-10 17:15:56,166] {dagbag.py:508} INFO - Filling up the DagBag from /opt/airflow/dags/download_rocket_launches.py
[2023-06-10 17:15:56,187] {processor.py:651} INFO - DAG(s) dict_keys(['download_rocket_launches']) retrieved from /opt/airflow/dags/download_rocket_launches.py
[2023-06-10 17:15:56,206] {logging_mixin.py:115} INFO - [2023-06-10 17:15:56,206] {dag.py:2420} INFO - Sync 1 DAGs
[2023-06-10 17:15:56,217] {logging_mixin.py:115} INFO - [2023-06-10 17:15:56,217] {dag.py:2972} INFO - Setting next_dagrun for download_rocket_launches to 2023-06-10T00:00:00+00:00, run_after=2023-06-11T00:00:00+00:00
[2023-06-10 17:15:56,224] {processor.py:161} INFO - Processing /opt/airflow/dags/download_rocket_launches.py took 0.068 seconds
[2023-06-10 17:16:26,448] {processor.py:153} INFO - Started process (PID=1431) to work on /opt/airflow/dags/download_rocket_launches.py
[2023-06-10 17:16:26,451] {processor.py:641} INFO - Processing file /opt/airflow/dags/download_rocket_launches.py for tasks to queue
[2023-06-10 17:16:26,453] {logging_mixin.py:115} INFO - [2023-06-10 17:16:26,453] {dagbag.py:508} INFO - Filling up the DagBag from /opt/airflow/dags/download_rocket_launches.py
[2023-06-10 17:16:26,473] {processor.py:651} INFO - DAG(s) dict_keys(['download_rocket_launches']) retrieved from /opt/airflow/dags/download_rocket_launches.py
[2023-06-10 17:16:26,491] {logging_mixin.py:115} INFO - [2023-06-10 17:16:26,491] {dag.py:2420} INFO - Sync 1 DAGs
[2023-06-10 17:16:26,504] {logging_mixin.py:115} INFO - [2023-06-10 17:16:26,504] {dag.py:2972} INFO - Setting next_dagrun for download_rocket_launches to 2023-06-10T00:00:00+00:00, run_after=2023-06-11T00:00:00+00:00
[2023-06-10 17:16:26,510] {processor.py:161} INFO - Processing /opt/airflow/dags/download_rocket_launches.py took 0.067 seconds
[2023-06-10 17:16:56,694] {processor.py:153} INFO - Started process (PID=1459) to work on /opt/airflow/dags/download_rocket_launches.py
[2023-06-10 17:16:56,697] {processor.py:641} INFO - Processing file /opt/airflow/dags/download_rocket_launches.py for tasks to queue
[2023-06-10 17:16:56,698] {logging_mixin.py:115} INFO - [2023-06-10 17:16:56,698] {dagbag.py:508} INFO - Filling up the DagBag from /opt/airflow/dags/download_rocket_launches.py
[2023-06-10 17:16:56,716] {processor.py:651} INFO - DAG(s) dict_keys(['download_rocket_launches']) retrieved from /opt/airflow/dags/download_rocket_launches.py
[2023-06-10 17:16:56,734] {logging_mixin.py:115} INFO - [2023-06-10 17:16:56,734] {dag.py:2420} INFO - Sync 1 DAGs
[2023-06-10 17:16:56,746] {logging_mixin.py:115} INFO - [2023-06-10 17:16:56,746] {dag.py:2972} INFO - Setting next_dagrun for download_rocket_launches to 2023-06-10T00:00:00+00:00, run_after=2023-06-11T00:00:00+00:00
[2023-06-10 17:16:56,753] {processor.py:161} INFO - Processing /opt/airflow/dags/download_rocket_launches.py took 0.063 seconds
[2023-06-10 17:17:26,936] {processor.py:153} INFO - Started process (PID=1488) to work on /opt/airflow/dags/download_rocket_launches.py
[2023-06-10 17:17:26,938] {processor.py:641} INFO - Processing file /opt/airflow/dags/download_rocket_launches.py for tasks to queue
[2023-06-10 17:17:26,940] {logging_mixin.py:115} INFO - [2023-06-10 17:17:26,940] {dagbag.py:508} INFO - Filling up the DagBag from /opt/airflow/dags/download_rocket_launches.py
[2023-06-10 17:17:26,957] {processor.py:651} INFO - DAG(s) dict_keys(['download_rocket_launches']) retrieved from /opt/airflow/dags/download_rocket_launches.py
[2023-06-10 17:17:26,978] {logging_mixin.py:115} INFO - [2023-06-10 17:17:26,978] {dag.py:2420} INFO - Sync 1 DAGs
[2023-06-10 17:17:26,995] {logging_mixin.py:115} INFO - [2023-06-10 17:17:26,994] {dag.py:2972} INFO - Setting next_dagrun for download_rocket_launches to 2023-06-10T00:00:00+00:00, run_after=2023-06-11T00:00:00+00:00
[2023-06-10 17:17:27,007] {processor.py:161} INFO - Processing /opt/airflow/dags/download_rocket_launches.py took 0.073 seconds
[2023-06-10 17:17:57,136] {processor.py:153} INFO - Started process (PID=1507) to work on /opt/airflow/dags/download_rocket_launches.py
[2023-06-10 17:17:57,138] {processor.py:641} INFO - Processing file /opt/airflow/dags/download_rocket_launches.py for tasks to queue
[2023-06-10 17:17:57,141] {logging_mixin.py:115} INFO - [2023-06-10 17:17:57,140] {dagbag.py:508} INFO - Filling up the DagBag from /opt/airflow/dags/download_rocket_launches.py
[2023-06-10 17:17:57,160] {processor.py:651} INFO - DAG(s) dict_keys(['download_rocket_launches']) retrieved from /opt/airflow/dags/download_rocket_launches.py
[2023-06-10 17:17:57,177] {logging_mixin.py:115} INFO - [2023-06-10 17:17:57,177] {dag.py:2420} INFO - Sync 1 DAGs
[2023-06-10 17:17:57,189] {logging_mixin.py:115} INFO - [2023-06-10 17:17:57,189] {dag.py:2972} INFO - Setting next_dagrun for download_rocket_launches to 2023-06-10T00:00:00+00:00, run_after=2023-06-11T00:00:00+00:00
[2023-06-10 17:17:57,195] {processor.py:161} INFO - Processing /opt/airflow/dags/download_rocket_launches.py took 0.064 seconds
[2023-06-10 17:18:27,334] {processor.py:153} INFO - Started process (PID=1534) to work on /opt/airflow/dags/download_rocket_launches.py
[2023-06-10 17:18:27,336] {processor.py:641} INFO - Processing file /opt/airflow/dags/download_rocket_launches.py for tasks to queue
[2023-06-10 17:18:27,337] {logging_mixin.py:115} INFO - [2023-06-10 17:18:27,337] {dagbag.py:508} INFO - Filling up the DagBag from /opt/airflow/dags/download_rocket_launches.py
[2023-06-10 17:18:27,351] {processor.py:651} INFO - DAG(s) dict_keys(['download_rocket_launches']) retrieved from /opt/airflow/dags/download_rocket_launches.py
[2023-06-10 17:18:27,367] {logging_mixin.py:115} INFO - [2023-06-10 17:18:27,367] {dag.py:2420} INFO - Sync 1 DAGs
[2023-06-10 17:18:27,382] {logging_mixin.py:115} INFO - [2023-06-10 17:18:27,381] {dag.py:2972} INFO - Setting next_dagrun for download_rocket_launches to 2023-06-10T00:00:00+00:00, run_after=2023-06-11T00:00:00+00:00
[2023-06-10 17:18:27,391] {processor.py:161} INFO - Processing /opt/airflow/dags/download_rocket_launches.py took 0.059 seconds
[2023-06-10 17:18:57,522] {processor.py:153} INFO - Started process (PID=1562) to work on /opt/airflow/dags/download_rocket_launches.py
[2023-06-10 17:18:57,525] {processor.py:641} INFO - Processing file /opt/airflow/dags/download_rocket_launches.py for tasks to queue
[2023-06-10 17:18:57,527] {logging_mixin.py:115} INFO - [2023-06-10 17:18:57,527] {dagbag.py:508} INFO - Filling up the DagBag from /opt/airflow/dags/download_rocket_launches.py
[2023-06-10 17:18:57,547] {processor.py:651} INFO - DAG(s) dict_keys(['download_rocket_launches']) retrieved from /opt/airflow/dags/download_rocket_launches.py
[2023-06-10 17:18:57,564] {logging_mixin.py:115} INFO - [2023-06-10 17:18:57,564] {dag.py:2420} INFO - Sync 1 DAGs
[2023-06-10 17:18:57,576] {logging_mixin.py:115} INFO - [2023-06-10 17:18:57,576] {dag.py:2972} INFO - Setting next_dagrun for download_rocket_launches to 2023-06-10T00:00:00+00:00, run_after=2023-06-11T00:00:00+00:00
[2023-06-10 17:18:57,582] {processor.py:161} INFO - Processing /opt/airflow/dags/download_rocket_launches.py took 0.066 seconds
[2023-06-10 17:19:27,800] {processor.py:153} INFO - Started process (PID=1591) to work on /opt/airflow/dags/download_rocket_launches.py
[2023-06-10 17:19:27,801] {processor.py:641} INFO - Processing file /opt/airflow/dags/download_rocket_launches.py for tasks to queue
[2023-06-10 17:19:27,803] {logging_mixin.py:115} INFO - [2023-06-10 17:19:27,802] {dagbag.py:508} INFO - Filling up the DagBag from /opt/airflow/dags/download_rocket_launches.py
[2023-06-10 17:19:27,814] {processor.py:651} INFO - DAG(s) dict_keys(['download_rocket_launches']) retrieved from /opt/airflow/dags/download_rocket_launches.py
[2023-06-10 17:19:27,829] {logging_mixin.py:115} INFO - [2023-06-10 17:19:27,829] {dag.py:2420} INFO - Sync 1 DAGs
[2023-06-10 17:19:27,842] {logging_mixin.py:115} INFO - [2023-06-10 17:19:27,842] {dag.py:2972} INFO - Setting next_dagrun for download_rocket_launches to 2023-06-10T00:00:00+00:00, run_after=2023-06-11T00:00:00+00:00
[2023-06-10 17:19:27,849] {processor.py:161} INFO - Processing /opt/airflow/dags/download_rocket_launches.py took 0.051 seconds
[2023-06-10 17:19:57,978] {processor.py:153} INFO - Started process (PID=1609) to work on /opt/airflow/dags/download_rocket_launches.py
[2023-06-10 17:19:57,980] {processor.py:641} INFO - Processing file /opt/airflow/dags/download_rocket_launches.py for tasks to queue
[2023-06-10 17:19:57,982] {logging_mixin.py:115} INFO - [2023-06-10 17:19:57,982] {dagbag.py:508} INFO - Filling up the DagBag from /opt/airflow/dags/download_rocket_launches.py
[2023-06-10 17:19:58,005] {processor.py:651} INFO - DAG(s) dict_keys(['download_rocket_launches']) retrieved from /opt/airflow/dags/download_rocket_launches.py
[2023-06-10 17:19:58,027] {logging_mixin.py:115} INFO - [2023-06-10 17:19:58,027] {dag.py:2420} INFO - Sync 1 DAGs
[2023-06-10 17:19:58,042] {logging_mixin.py:115} INFO - [2023-06-10 17:19:58,042] {dag.py:2972} INFO - Setting next_dagrun for download_rocket_launches to 2023-06-10T00:00:00+00:00, run_after=2023-06-11T00:00:00+00:00
[2023-06-10 17:19:58,052] {processor.py:161} INFO - Processing /opt/airflow/dags/download_rocket_launches.py took 0.077 seconds
[2023-06-10 17:20:28,117] {processor.py:153} INFO - Started process (PID=1637) to work on /opt/airflow/dags/download_rocket_launches.py
[2023-06-10 17:20:28,119] {processor.py:641} INFO - Processing file /opt/airflow/dags/download_rocket_launches.py for tasks to queue
[2023-06-10 17:20:28,121] {logging_mixin.py:115} INFO - [2023-06-10 17:20:28,121] {dagbag.py:508} INFO - Filling up the DagBag from /opt/airflow/dags/download_rocket_launches.py
[2023-06-10 17:20:28,134] {processor.py:651} INFO - DAG(s) dict_keys(['download_rocket_launches']) retrieved from /opt/airflow/dags/download_rocket_launches.py
[2023-06-10 17:20:28,150] {logging_mixin.py:115} INFO - [2023-06-10 17:20:28,150] {dag.py:2420} INFO - Sync 1 DAGs
[2023-06-10 17:20:28,161] {logging_mixin.py:115} INFO - [2023-06-10 17:20:28,161] {dag.py:2972} INFO - Setting next_dagrun for download_rocket_launches to 2023-06-10T00:00:00+00:00, run_after=2023-06-11T00:00:00+00:00
[2023-06-10 17:20:28,168] {processor.py:161} INFO - Processing /opt/airflow/dags/download_rocket_launches.py took 0.053 seconds
[2023-06-10 17:20:58,304] {processor.py:153} INFO - Started process (PID=1664) to work on /opt/airflow/dags/download_rocket_launches.py
[2023-06-10 17:20:58,306] {processor.py:641} INFO - Processing file /opt/airflow/dags/download_rocket_launches.py for tasks to queue
[2023-06-10 17:20:58,309] {logging_mixin.py:115} INFO - [2023-06-10 17:20:58,308] {dagbag.py:508} INFO - Filling up the DagBag from /opt/airflow/dags/download_rocket_launches.py
[2023-06-10 17:20:58,330] {processor.py:651} INFO - DAG(s) dict_keys(['download_rocket_launches']) retrieved from /opt/airflow/dags/download_rocket_launches.py
[2023-06-10 17:20:58,349] {logging_mixin.py:115} INFO - [2023-06-10 17:20:58,349] {dag.py:2420} INFO - Sync 1 DAGs
[2023-06-10 17:20:58,360] {logging_mixin.py:115} INFO - [2023-06-10 17:20:58,360] {dag.py:2972} INFO - Setting next_dagrun for download_rocket_launches to 2023-06-10T00:00:00+00:00, run_after=2023-06-11T00:00:00+00:00
[2023-06-10 17:20:58,367] {processor.py:161} INFO - Processing /opt/airflow/dags/download_rocket_launches.py took 0.068 seconds
[2023-06-10 17:21:28,450] {processor.py:153} INFO - Started process (PID=1692) to work on /opt/airflow/dags/download_rocket_launches.py
[2023-06-10 17:21:28,452] {processor.py:641} INFO - Processing file /opt/airflow/dags/download_rocket_launches.py for tasks to queue
[2023-06-10 17:21:28,453] {logging_mixin.py:115} INFO - [2023-06-10 17:21:28,453] {dagbag.py:508} INFO - Filling up the DagBag from /opt/airflow/dags/download_rocket_launches.py
[2023-06-10 17:21:28,464] {processor.py:651} INFO - DAG(s) dict_keys(['download_rocket_launches']) retrieved from /opt/airflow/dags/download_rocket_launches.py
[2023-06-10 17:21:28,480] {logging_mixin.py:115} INFO - [2023-06-10 17:21:28,480] {dag.py:2420} INFO - Sync 1 DAGs
[2023-06-10 17:21:28,491] {logging_mixin.py:115} INFO - [2023-06-10 17:21:28,491] {dag.py:2972} INFO - Setting next_dagrun for download_rocket_launches to 2023-06-10T00:00:00+00:00, run_after=2023-06-11T00:00:00+00:00
[2023-06-10 17:21:28,497] {processor.py:161} INFO - Processing /opt/airflow/dags/download_rocket_launches.py took 0.049 seconds
[2023-06-10 17:21:58,650] {processor.py:153} INFO - Started process (PID=1719) to work on /opt/airflow/dags/download_rocket_launches.py
[2023-06-10 17:21:58,653] {processor.py:641} INFO - Processing file /opt/airflow/dags/download_rocket_launches.py for tasks to queue
[2023-06-10 17:21:58,655] {logging_mixin.py:115} INFO - [2023-06-10 17:21:58,655] {dagbag.py:508} INFO - Filling up the DagBag from /opt/airflow/dags/download_rocket_launches.py
[2023-06-10 17:21:58,678] {processor.py:651} INFO - DAG(s) dict_keys(['download_rocket_launches']) retrieved from /opt/airflow/dags/download_rocket_launches.py
[2023-06-10 17:21:58,696] {logging_mixin.py:115} INFO - [2023-06-10 17:21:58,696] {dag.py:2420} INFO - Sync 1 DAGs
[2023-06-10 17:21:58,709] {logging_mixin.py:115} INFO - [2023-06-10 17:21:58,709] {dag.py:2972} INFO - Setting next_dagrun for download_rocket_launches to 2023-06-10T00:00:00+00:00, run_after=2023-06-11T00:00:00+00:00
[2023-06-10 17:21:58,716] {processor.py:161} INFO - Processing /opt/airflow/dags/download_rocket_launches.py took 0.070 seconds
[2023-06-10 17:22:28,829] {processor.py:153} INFO - Started process (PID=1738) to work on /opt/airflow/dags/download_rocket_launches.py
[2023-06-10 17:22:28,831] {processor.py:641} INFO - Processing file /opt/airflow/dags/download_rocket_launches.py for tasks to queue
[2023-06-10 17:22:28,834] {logging_mixin.py:115} INFO - [2023-06-10 17:22:28,834] {dagbag.py:508} INFO - Filling up the DagBag from /opt/airflow/dags/download_rocket_launches.py
[2023-06-10 17:22:28,854] {processor.py:651} INFO - DAG(s) dict_keys(['download_rocket_launches']) retrieved from /opt/airflow/dags/download_rocket_launches.py
[2023-06-10 17:22:28,872] {logging_mixin.py:115} INFO - [2023-06-10 17:22:28,872] {dag.py:2420} INFO - Sync 1 DAGs
[2023-06-10 17:22:28,885] {logging_mixin.py:115} INFO - [2023-06-10 17:22:28,885] {dag.py:2972} INFO - Setting next_dagrun for download_rocket_launches to 2023-06-10T00:00:00+00:00, run_after=2023-06-11T00:00:00+00:00
[2023-06-10 17:22:28,892] {processor.py:161} INFO - Processing /opt/airflow/dags/download_rocket_launches.py took 0.068 seconds
[2023-06-10 17:22:59,071] {processor.py:153} INFO - Started process (PID=1767) to work on /opt/airflow/dags/download_rocket_launches.py
[2023-06-10 17:22:59,073] {processor.py:641} INFO - Processing file /opt/airflow/dags/download_rocket_launches.py for tasks to queue
[2023-06-10 17:22:59,075] {logging_mixin.py:115} INFO - [2023-06-10 17:22:59,075] {dagbag.py:508} INFO - Filling up the DagBag from /opt/airflow/dags/download_rocket_launches.py
[2023-06-10 17:22:59,097] {processor.py:651} INFO - DAG(s) dict_keys(['download_rocket_launches']) retrieved from /opt/airflow/dags/download_rocket_launches.py
[2023-06-10 17:22:59,115] {logging_mixin.py:115} INFO - [2023-06-10 17:22:59,114] {dag.py:2420} INFO - Sync 1 DAGs
[2023-06-10 17:22:59,126] {logging_mixin.py:115} INFO - [2023-06-10 17:22:59,126] {dag.py:2972} INFO - Setting next_dagrun for download_rocket_launches to 2023-06-10T00:00:00+00:00, run_after=2023-06-11T00:00:00+00:00
[2023-06-10 17:22:59,133] {processor.py:161} INFO - Processing /opt/airflow/dags/download_rocket_launches.py took 0.067 seconds
[2023-06-10 17:23:29,241] {processor.py:153} INFO - Started process (PID=1795) to work on /opt/airflow/dags/download_rocket_launches.py
[2023-06-10 17:23:29,243] {processor.py:641} INFO - Processing file /opt/airflow/dags/download_rocket_launches.py for tasks to queue
[2023-06-10 17:23:29,245] {logging_mixin.py:115} INFO - [2023-06-10 17:23:29,245] {dagbag.py:508} INFO - Filling up the DagBag from /opt/airflow/dags/download_rocket_launches.py
[2023-06-10 17:23:29,268] {processor.py:651} INFO - DAG(s) dict_keys(['download_rocket_launches']) retrieved from /opt/airflow/dags/download_rocket_launches.py
[2023-06-10 17:23:29,287] {logging_mixin.py:115} INFO - [2023-06-10 17:23:29,287] {dag.py:2420} INFO - Sync 1 DAGs
[2023-06-10 17:23:29,300] {logging_mixin.py:115} INFO - [2023-06-10 17:23:29,300] {dag.py:2972} INFO - Setting next_dagrun for download_rocket_launches to 2023-06-10T00:00:00+00:00, run_after=2023-06-11T00:00:00+00:00
[2023-06-10 17:23:29,306] {processor.py:161} INFO - Processing /opt/airflow/dags/download_rocket_launches.py took 0.071 seconds
