[2023-06-11 07:40:04,164] {taskinstance.py:1179} INFO - Dependencies all met for <TaskInstance: listing_4_15.fetch_pageviews scheduled__2023-06-10T04:00:00+00:00 [queued]>
[2023-06-11 07:40:04,171] {taskinstance.py:1179} INFO - Dependencies all met for <TaskInstance: listing_4_15.fetch_pageviews scheduled__2023-06-10T04:00:00+00:00 [queued]>
[2023-06-11 07:40:04,172] {taskinstance.py:1376} INFO - 
--------------------------------------------------------------------------------
[2023-06-11 07:40:04,173] {taskinstance.py:1377} INFO - Starting attempt 1 of 1
[2023-06-11 07:40:04,174] {taskinstance.py:1378} INFO - 
--------------------------------------------------------------------------------
[2023-06-11 07:40:04,182] {taskinstance.py:1397} INFO - Executing <Task(PythonOperator): fetch_pageviews> on 2023-06-10 04:00:00+00:00
[2023-06-11 07:40:04,186] {standard_task_runner.py:52} INFO - Started process 89229 to run task
[2023-06-11 07:40:04,188] {standard_task_runner.py:79} INFO - Running: ['***', 'tasks', 'run', 'listing_4_15', 'fetch_pageviews', 'scheduled__2023-06-10T04:00:00+00:00', '--job-id', '131', '--raw', '--subdir', 'DAGS_FOLDER/listing_4_15.py', '--cfg-path', '/tmp/tmpbco3f2lg', '--error-file', '/tmp/tmp83m9xqxp']
[2023-06-11 07:40:04,189] {standard_task_runner.py:80} INFO - Job 131: Subtask fetch_pageviews
[2023-06-11 07:40:04,234] {task_command.py:371} INFO - Running <TaskInstance: listing_4_15.fetch_pageviews scheduled__2023-06-10T04:00:00+00:00 [running]> on host fd847b0d0eb3
[2023-06-11 07:40:04,276] {taskinstance.py:1591} INFO - Exporting the following env vars:
AIRFLOW_CTX_DAG_OWNER=***
AIRFLOW_CTX_DAG_ID=listing_4_15
AIRFLOW_CTX_TASK_ID=fetch_pageviews
AIRFLOW_CTX_EXECUTION_DATE=2023-06-10T04:00:00+00:00
AIRFLOW_CTX_TRY_NUMBER=1
AIRFLOW_CTX_DAG_RUN_ID=scheduled__2023-06-10T04:00:00+00:00
[2023-06-11 07:40:05,422] {logging_mixin.py:115} INFO - {'Google': '560', 'Amazon': '20', 'Apple': '35', 'Microsoft': '106', 'Facebook': '520'}
[2023-06-11 07:40:05,424] {python.py:173} INFO - Done. Returned value was: None
[2023-06-11 07:40:05,437] {taskinstance.py:1420} INFO - Marking task as SUCCESS. dag_id=listing_4_15, task_id=fetch_pageviews, execution_date=20230610T040000, start_date=20230611T074004, end_date=20230611T074005
[2023-06-11 07:40:05,478] {local_task_job.py:156} INFO - Task exited with return code 0
[2023-06-11 07:40:05,501] {local_task_job.py:273} INFO - 0 downstream tasks scheduled from follow-on schedule check
