[2023-06-12 01:28:01,699] {processor.py:153} INFO - Started process (PID=39) to work on /opt/airflow/dags/listing_4_15.py
[2023-06-12 01:28:01,700] {processor.py:641} INFO - Processing file /opt/airflow/dags/listing_4_15.py for tasks to queue
[2023-06-12 01:28:01,701] {logging_mixin.py:115} INFO - [2023-06-12 01:28:01,701] {dagbag.py:508} INFO - Filling up the DagBag from /opt/airflow/dags/listing_4_15.py
[2023-06-12 01:28:01,721] {processor.py:651} INFO - DAG(s) dict_keys(['listing_4_15']) retrieved from /opt/airflow/dags/listing_4_15.py
[2023-06-12 01:28:01,825] {logging_mixin.py:115} INFO - [2023-06-12 01:28:01,825] {manager.py:508} INFO - Created Permission View: can read on DAG:listing_4_15
[2023-06-12 01:28:01,835] {logging_mixin.py:115} INFO - [2023-06-12 01:28:01,835] {manager.py:508} INFO - Created Permission View: can edit on DAG:listing_4_15
[2023-06-12 01:28:01,843] {logging_mixin.py:115} INFO - [2023-06-12 01:28:01,843] {manager.py:508} INFO - Created Permission View: can delete on DAG:listing_4_15
[2023-06-12 01:28:01,844] {logging_mixin.py:115} INFO - [2023-06-12 01:28:01,843] {dag.py:2420} INFO - Sync 1 DAGs
[2023-06-12 01:28:01,854] {logging_mixin.py:115} INFO - [2023-06-12 01:28:01,853] {dag.py:2439} INFO - Creating ORM DAG for listing_4_15
[2023-06-12 01:28:01,868] {logging_mixin.py:115} INFO - [2023-06-12 01:28:01,868] {dag.py:2972} INFO - Setting next_dagrun for listing_4_15 to 2023-06-11T00:00:00+00:00, run_after=2023-06-11T01:00:00+00:00
[2023-06-12 01:28:01,882] {processor.py:161} INFO - Processing /opt/airflow/dags/listing_4_15.py took 0.188 seconds
[2023-06-12 01:34:13,620] {processor.py:153} INFO - Started process (PID=39) to work on /opt/airflow/dags/listing_4_15.py
[2023-06-12 01:34:13,621] {processor.py:641} INFO - Processing file /opt/airflow/dags/listing_4_15.py for tasks to queue
[2023-06-12 01:34:13,623] {logging_mixin.py:115} INFO - [2023-06-12 01:34:13,623] {dagbag.py:508} INFO - Filling up the DagBag from /opt/airflow/dags/listing_4_15.py
[2023-06-12 01:34:13,639] {processor.py:651} INFO - DAG(s) dict_keys(['listing_4_15']) retrieved from /opt/airflow/dags/listing_4_15.py
[2023-06-12 01:34:13,828] {logging_mixin.py:115} INFO - [2023-06-12 01:34:13,828] {dag.py:2420} INFO - Sync 1 DAGs
[2023-06-12 01:34:13,848] {logging_mixin.py:115} INFO - [2023-06-12 01:34:13,848] {dag.py:2972} INFO - Setting next_dagrun for listing_4_15 to 2023-06-11T00:00:00+00:00, run_after=2023-06-11T01:00:00+00:00
[2023-06-12 01:34:13,861] {processor.py:161} INFO - Processing /opt/airflow/dags/listing_4_15.py took 0.245 seconds
[2023-06-12 01:34:44,175] {processor.py:153} INFO - Started process (PID=72) to work on /opt/airflow/dags/listing_4_15.py
[2023-06-12 01:34:44,176] {processor.py:641} INFO - Processing file /opt/airflow/dags/listing_4_15.py for tasks to queue
[2023-06-12 01:34:44,177] {logging_mixin.py:115} INFO - [2023-06-12 01:34:44,177] {dagbag.py:508} INFO - Filling up the DagBag from /opt/airflow/dags/listing_4_15.py
[2023-06-12 01:34:44,191] {processor.py:651} INFO - DAG(s) dict_keys(['listing_4_15']) retrieved from /opt/airflow/dags/listing_4_15.py
[2023-06-12 01:34:44,219] {logging_mixin.py:115} INFO - [2023-06-12 01:34:44,219] {dag.py:2420} INFO - Sync 1 DAGs
[2023-06-12 01:34:44,347] {logging_mixin.py:115} INFO - [2023-06-12 01:34:44,347] {dag.py:2972} INFO - Setting next_dagrun for listing_4_15 to 2023-06-11T00:00:00+00:00, run_after=2023-06-11T01:00:00+00:00
[2023-06-12 01:34:44,359] {processor.py:161} INFO - Processing /opt/airflow/dags/listing_4_15.py took 0.189 seconds
[2023-06-12 01:35:14,903] {processor.py:153} INFO - Started process (PID=105) to work on /opt/airflow/dags/listing_4_15.py
[2023-06-12 01:35:14,904] {processor.py:641} INFO - Processing file /opt/airflow/dags/listing_4_15.py for tasks to queue
[2023-06-12 01:35:14,905] {logging_mixin.py:115} INFO - [2023-06-12 01:35:14,905] {dagbag.py:508} INFO - Filling up the DagBag from /opt/airflow/dags/listing_4_15.py
[2023-06-12 01:35:14,918] {processor.py:651} INFO - DAG(s) dict_keys(['listing_4_15']) retrieved from /opt/airflow/dags/listing_4_15.py
[2023-06-12 01:35:14,948] {logging_mixin.py:115} INFO - [2023-06-12 01:35:14,948] {dag.py:2420} INFO - Sync 1 DAGs
[2023-06-12 01:35:15,070] {logging_mixin.py:115} INFO - [2023-06-12 01:35:15,070] {dag.py:2972} INFO - Setting next_dagrun for listing_4_15 to 2023-06-11T00:00:00+00:00, run_after=2023-06-11T01:00:00+00:00
[2023-06-12 01:35:15,081] {processor.py:161} INFO - Processing /opt/airflow/dags/listing_4_15.py took 0.182 seconds
[2023-06-12 01:35:45,622] {processor.py:153} INFO - Started process (PID=129) to work on /opt/airflow/dags/listing_4_15.py
[2023-06-12 01:35:45,624] {processor.py:641} INFO - Processing file /opt/airflow/dags/listing_4_15.py for tasks to queue
[2023-06-12 01:35:45,625] {logging_mixin.py:115} INFO - [2023-06-12 01:35:45,625] {dagbag.py:508} INFO - Filling up the DagBag from /opt/airflow/dags/listing_4_15.py
[2023-06-12 01:35:45,638] {processor.py:651} INFO - DAG(s) dict_keys(['listing_4_15']) retrieved from /opt/airflow/dags/listing_4_15.py
[2023-06-12 01:35:45,667] {logging_mixin.py:115} INFO - [2023-06-12 01:35:45,666] {dag.py:2420} INFO - Sync 1 DAGs
[2023-06-12 01:35:45,796] {logging_mixin.py:115} INFO - [2023-06-12 01:35:45,796] {dag.py:2972} INFO - Setting next_dagrun for listing_4_15 to 2023-06-11T00:00:00+00:00, run_after=2023-06-11T01:00:00+00:00
[2023-06-12 01:35:45,810] {processor.py:161} INFO - Processing /opt/airflow/dags/listing_4_15.py took 0.192 seconds
