[2023-06-12 01:28:01,901] {processor.py:153} INFO - Started process (PID=41) to work on /opt/airflow/dags/unscheduled.py
[2023-06-12 01:28:01,903] {processor.py:641} INFO - Processing file /opt/airflow/dags/unscheduled.py for tasks to queue
[2023-06-12 01:28:01,904] {logging_mixin.py:115} INFO - [2023-06-12 01:28:01,904] {dagbag.py:508} INFO - Filling up the DagBag from /opt/airflow/dags/unscheduled.py
[2023-06-12 01:28:02,804] {processor.py:651} INFO - DAG(s) dict_keys(['01_unscheduled']) retrieved from /opt/airflow/dags/unscheduled.py
[2023-06-12 01:28:02,919] {logging_mixin.py:115} INFO - [2023-06-12 01:28:02,919] {manager.py:508} INFO - Created Permission View: can read on DAG:01_unscheduled
[2023-06-12 01:28:02,929] {logging_mixin.py:115} INFO - [2023-06-12 01:28:02,929] {manager.py:508} INFO - Created Permission View: can edit on DAG:01_unscheduled
[2023-06-12 01:28:02,937] {logging_mixin.py:115} INFO - [2023-06-12 01:28:02,937] {manager.py:508} INFO - Created Permission View: can delete on DAG:01_unscheduled
[2023-06-12 01:28:02,939] {logging_mixin.py:115} INFO - [2023-06-12 01:28:02,938] {dag.py:2420} INFO - Sync 1 DAGs
[2023-06-12 01:28:02,948] {logging_mixin.py:115} INFO - [2023-06-12 01:28:02,948] {dag.py:2439} INFO - Creating ORM DAG for 01_unscheduled
[2023-06-12 01:28:02,967] {logging_mixin.py:115} INFO - [2023-06-12 01:28:02,967] {dag.py:2972} INFO - Setting next_dagrun for 01_unscheduled to None, run_after=None
[2023-06-12 01:28:02,981] {processor.py:161} INFO - Processing /opt/airflow/dags/unscheduled.py took 1.083 seconds
[2023-06-12 01:34:13,853] {processor.py:153} INFO - Started process (PID=41) to work on /opt/airflow/dags/unscheduled.py
[2023-06-12 01:34:13,854] {processor.py:641} INFO - Processing file /opt/airflow/dags/unscheduled.py for tasks to queue
[2023-06-12 01:34:13,855] {logging_mixin.py:115} INFO - [2023-06-12 01:34:13,855] {dagbag.py:508} INFO - Filling up the DagBag from /opt/airflow/dags/unscheduled.py
[2023-06-12 01:34:14,225] {processor.py:651} INFO - DAG(s) dict_keys(['01_unscheduled']) retrieved from /opt/airflow/dags/unscheduled.py
[2023-06-12 01:34:14,247] {logging_mixin.py:115} INFO - [2023-06-12 01:34:14,247] {dag.py:2420} INFO - Sync 1 DAGs
[2023-06-12 01:34:14,270] {logging_mixin.py:115} INFO - [2023-06-12 01:34:14,270] {dag.py:2972} INFO - Setting next_dagrun for 01_unscheduled to None, run_after=None
[2023-06-12 01:34:14,283] {processor.py:161} INFO - Processing /opt/airflow/dags/unscheduled.py took 0.433 seconds
[2023-06-12 01:34:44,614] {processor.py:153} INFO - Started process (PID=74) to work on /opt/airflow/dags/unscheduled.py
[2023-06-12 01:34:44,615] {processor.py:641} INFO - Processing file /opt/airflow/dags/unscheduled.py for tasks to queue
[2023-06-12 01:34:44,616] {logging_mixin.py:115} INFO - [2023-06-12 01:34:44,616] {dagbag.py:508} INFO - Filling up the DagBag from /opt/airflow/dags/unscheduled.py
[2023-06-12 01:34:44,924] {processor.py:651} INFO - DAG(s) dict_keys(['01_unscheduled']) retrieved from /opt/airflow/dags/unscheduled.py
[2023-06-12 01:34:44,945] {logging_mixin.py:115} INFO - [2023-06-12 01:34:44,945] {dag.py:2420} INFO - Sync 1 DAGs
[2023-06-12 01:34:44,962] {logging_mixin.py:115} INFO - [2023-06-12 01:34:44,962] {dag.py:2972} INFO - Setting next_dagrun for 01_unscheduled to None, run_after=None
[2023-06-12 01:34:44,972] {processor.py:161} INFO - Processing /opt/airflow/dags/unscheduled.py took 0.363 seconds
[2023-06-12 01:35:15,328] {processor.py:153} INFO - Started process (PID=107) to work on /opt/airflow/dags/unscheduled.py
[2023-06-12 01:35:15,329] {processor.py:641} INFO - Processing file /opt/airflow/dags/unscheduled.py for tasks to queue
[2023-06-12 01:35:15,330] {logging_mixin.py:115} INFO - [2023-06-12 01:35:15,330] {dagbag.py:508} INFO - Filling up the DagBag from /opt/airflow/dags/unscheduled.py
[2023-06-12 01:35:15,652] {processor.py:651} INFO - DAG(s) dict_keys(['01_unscheduled']) retrieved from /opt/airflow/dags/unscheduled.py
[2023-06-12 01:35:15,677] {logging_mixin.py:115} INFO - [2023-06-12 01:35:15,676] {dag.py:2420} INFO - Sync 1 DAGs
[2023-06-12 01:35:15,701] {logging_mixin.py:115} INFO - [2023-06-12 01:35:15,701] {dag.py:2972} INFO - Setting next_dagrun for 01_unscheduled to None, run_after=None
[2023-06-12 01:35:15,714] {processor.py:161} INFO - Processing /opt/airflow/dags/unscheduled.py took 0.390 seconds
[2023-06-12 01:35:46,060] {processor.py:153} INFO - Started process (PID=131) to work on /opt/airflow/dags/unscheduled.py
[2023-06-12 01:35:46,061] {processor.py:641} INFO - Processing file /opt/airflow/dags/unscheduled.py for tasks to queue
[2023-06-12 01:35:46,062] {logging_mixin.py:115} INFO - [2023-06-12 01:35:46,062] {dagbag.py:508} INFO - Filling up the DagBag from /opt/airflow/dags/unscheduled.py
[2023-06-12 01:35:46,379] {processor.py:651} INFO - DAG(s) dict_keys(['01_unscheduled']) retrieved from /opt/airflow/dags/unscheduled.py
[2023-06-12 01:35:46,403] {logging_mixin.py:115} INFO - [2023-06-12 01:35:46,402] {dag.py:2420} INFO - Sync 1 DAGs
[2023-06-12 01:35:46,421] {logging_mixin.py:115} INFO - [2023-06-12 01:35:46,421] {dag.py:2972} INFO - Setting next_dagrun for 01_unscheduled to None, run_after=None
[2023-06-12 01:35:46,431] {processor.py:161} INFO - Processing /opt/airflow/dags/unscheduled.py took 0.375 seconds
