[2023-06-11 07:39:27,870] {taskinstance.py:1179} INFO - Dependencies all met for <TaskInstance: listing_4_15.get_data scheduled__2023-06-10T03:00:00+00:00 [queued]>
[2023-06-11 07:39:27,877] {taskinstance.py:1179} INFO - Dependencies all met for <TaskInstance: listing_4_15.get_data scheduled__2023-06-10T03:00:00+00:00 [queued]>
[2023-06-11 07:39:27,878] {taskinstance.py:1376} INFO - 
--------------------------------------------------------------------------------
[2023-06-11 07:39:27,880] {taskinstance.py:1377} INFO - Starting attempt 1 of 1
[2023-06-11 07:39:27,881] {taskinstance.py:1378} INFO - 
--------------------------------------------------------------------------------
[2023-06-11 07:39:27,888] {taskinstance.py:1397} INFO - Executing <Task(PythonOperator): get_data> on 2023-06-10 03:00:00+00:00
[2023-06-11 07:39:27,893] {standard_task_runner.py:52} INFO - Started process 87523 to run task
[2023-06-11 07:39:27,896] {standard_task_runner.py:79} INFO - Running: ['***', 'tasks', 'run', 'listing_4_15', 'get_data', 'scheduled__2023-06-10T03:00:00+00:00', '--job-id', '126', '--raw', '--subdir', 'DAGS_FOLDER/listing_4_15.py', '--cfg-path', '/tmp/tmp169qs8go', '--error-file', '/tmp/tmpkz7clfdg']
[2023-06-11 07:39:27,897] {standard_task_runner.py:80} INFO - Job 126: Subtask get_data
[2023-06-11 07:39:27,942] {task_command.py:371} INFO - Running <TaskInstance: listing_4_15.get_data scheduled__2023-06-10T03:00:00+00:00 [running]> on host fd847b0d0eb3
[2023-06-11 07:39:27,962] {warnings.py:110} WARNING - /home/***/.local/lib/python3.7/site-packages/***/utils/context.py:202: AirflowContextDeprecationWarning: Accessing 'execution_date' from the template is deprecated and will be removed in a future version. Please use 'data_interval_start' or 'logical_date' instead.
  warnings.warn(_create_deprecation_warning(key, self._deprecation_replacements[key]))

[2023-06-11 07:39:27,992] {taskinstance.py:1591} INFO - Exporting the following env vars:
AIRFLOW_CTX_DAG_OWNER=***
AIRFLOW_CTX_DAG_ID=listing_4_15
AIRFLOW_CTX_TASK_ID=get_data
AIRFLOW_CTX_EXECUTION_DATE=2023-06-10T03:00:00+00:00
AIRFLOW_CTX_TRY_NUMBER=1
AIRFLOW_CTX_DAG_RUN_ID=scheduled__2023-06-10T03:00:00+00:00
[2023-06-11 07:39:39,633] {python.py:173} INFO - Done. Returned value was: None
[2023-06-11 07:39:39,651] {taskinstance.py:1420} INFO - Marking task as SUCCESS. dag_id=listing_4_15, task_id=get_data, execution_date=20230610T030000, start_date=20230611T073927, end_date=20230611T073939
[2023-06-11 07:39:39,684] {local_task_job.py:156} INFO - Task exited with return code 0
[2023-06-11 07:39:39,710] {local_task_job.py:273} INFO - 1 downstream tasks scheduled from follow-on schedule check
