[2023-06-10 16:49:56,832] {taskinstance.py:1179} INFO - Dependencies all met for <TaskInstance: download_rocket_launches.download_launches scheduled__2023-06-06T00:00:00+00:00 [queued]>
[2023-06-10 16:49:56,845] {taskinstance.py:1179} INFO - Dependencies all met for <TaskInstance: download_rocket_launches.download_launches scheduled__2023-06-06T00:00:00+00:00 [queued]>
[2023-06-10 16:49:56,846] {taskinstance.py:1376} INFO - 
--------------------------------------------------------------------------------
[2023-06-10 16:49:56,847] {taskinstance.py:1377} INFO - Starting attempt 1 of 1
[2023-06-10 16:49:56,849] {taskinstance.py:1378} INFO - 
--------------------------------------------------------------------------------
[2023-06-10 16:49:56,864] {taskinstance.py:1397} INFO - Executing <Task(BashOperator): download_launches> on 2023-06-06 00:00:00+00:00
[2023-06-10 16:49:56,871] {standard_task_runner.py:52} INFO - Started process 104 to run task
[2023-06-10 16:49:56,873] {standard_task_runner.py:79} INFO - Running: ['***', 'tasks', 'run', 'download_rocket_launches', 'download_launches', 'scheduled__2023-06-06T00:00:00+00:00', '--job-id', '29', '--raw', '--subdir', 'DAGS_FOLDER/download_rocket_launches.py', '--cfg-path', '/tmp/tmpn656ptby', '--error-file', '/tmp/tmpydp62mf_']
[2023-06-10 16:49:56,875] {standard_task_runner.py:80} INFO - Job 29: Subtask download_launches
[2023-06-10 16:49:56,937] {task_command.py:371} INFO - Running <TaskInstance: download_rocket_launches.download_launches scheduled__2023-06-06T00:00:00+00:00 [running]> on host fd847b0d0eb3
[2023-06-10 16:49:57,026] {taskinstance.py:1591} INFO - Exporting the following env vars:
AIRFLOW_CTX_DAG_OWNER=***
AIRFLOW_CTX_DAG_ID=download_rocket_launches
AIRFLOW_CTX_TASK_ID=download_launches
AIRFLOW_CTX_EXECUTION_DATE=2023-06-06T00:00:00+00:00
AIRFLOW_CTX_TRY_NUMBER=1
AIRFLOW_CTX_DAG_RUN_ID=scheduled__2023-06-06T00:00:00+00:00
[2023-06-10 16:49:57,028] {subprocess.py:62} INFO - Tmp dir root location: 
 /tmp
[2023-06-10 16:49:57,030] {subprocess.py:74} INFO - Running command: ['bash', '-c', "curl -o /tmp/launches.json -L 'https://ll.thespacedevs.com/2.0.0/launch/upcoming'"]
[2023-06-10 16:49:57,040] {subprocess.py:85} INFO - Output:
[2023-06-10 16:49:57,047] {subprocess.py:92} INFO -   % Total    % Received % Xferd  Average Speed   Time    Time     Time  Current
[2023-06-10 16:49:57,049] {subprocess.py:92} INFO -                                  Dload  Upload   Total   Spent    Left  Speed
[2023-06-10 16:49:57,714] {subprocess.py:92} INFO -   0     0    0     0    0     0      0      0 --:--:-- --:--:-- --:--:--     0  0     0    0     0    0     0      0      0 --:--:-- --:--:-- --:--:--     0  0     0    0     0    0     0      0      0 --:--:-- --:--:-- --:--:--     0
[2023-06-10 16:49:58,014] {subprocess.py:92} INFO - 100 22256  100 22256    0     0  23015      0 --:--:-- --:--:-- --:--:-- 23015
[2023-06-10 16:49:58,016] {subprocess.py:96} INFO - Command exited with return code 0
[2023-06-10 16:49:58,039] {taskinstance.py:1420} INFO - Marking task as SUCCESS. dag_id=download_rocket_launches, task_id=download_launches, execution_date=20230606T000000, start_date=20230610T164956, end_date=20230610T164958
[2023-06-10 16:49:58,061] {local_task_job.py:156} INFO - Task exited with return code 0
[2023-06-10 16:49:58,092] {local_task_job.py:273} INFO - 1 downstream tasks scheduled from follow-on schedule check
