[2023-06-10 16:50:14,747] {taskinstance.py:1179} INFO - Dependencies all met for <TaskInstance: download_rocket_launches.notify scheduled__2023-05-27T00:00:00+00:00 [queued]>
[2023-06-10 16:50:14,832] {taskinstance.py:1179} INFO - Dependencies all met for <TaskInstance: download_rocket_launches.notify scheduled__2023-05-27T00:00:00+00:00 [queued]>
[2023-06-10 16:50:14,839] {taskinstance.py:1376} INFO - 
--------------------------------------------------------------------------------
[2023-06-10 16:50:14,846] {taskinstance.py:1377} INFO - Starting attempt 1 of 1
[2023-06-10 16:50:14,849] {taskinstance.py:1378} INFO - 
--------------------------------------------------------------------------------
[2023-06-10 16:50:14,916] {taskinstance.py:1397} INFO - Executing <Task(BashOperator): notify> on 2023-05-27 00:00:00+00:00
[2023-06-10 16:50:14,923] {standard_task_runner.py:52} INFO - Started process 189 to run task
[2023-06-10 16:50:14,953] {standard_task_runner.py:79} INFO - Running: ['***', 'tasks', 'run', 'download_rocket_launches', 'notify', 'scheduled__2023-05-27T00:00:00+00:00', '--job-id', '49', '--raw', '--subdir', 'DAGS_FOLDER/download_rocket_launches.py', '--cfg-path', '/tmp/tmp1awhw9t5', '--error-file', '/tmp/tmpler4anet']
[2023-06-10 16:50:14,957] {standard_task_runner.py:80} INFO - Job 49: Subtask notify
[2023-06-10 16:50:15,110] {task_command.py:371} INFO - Running <TaskInstance: download_rocket_launches.notify scheduled__2023-05-27T00:00:00+00:00 [running]> on host fd847b0d0eb3
[2023-06-10 16:50:15,309] {taskinstance.py:1591} INFO - Exporting the following env vars:
AIRFLOW_CTX_DAG_OWNER=***
AIRFLOW_CTX_DAG_ID=download_rocket_launches
AIRFLOW_CTX_TASK_ID=notify
AIRFLOW_CTX_EXECUTION_DATE=2023-05-27T00:00:00+00:00
AIRFLOW_CTX_TRY_NUMBER=1
AIRFLOW_CTX_DAG_RUN_ID=scheduled__2023-05-27T00:00:00+00:00
[2023-06-10 16:50:15,315] {subprocess.py:62} INFO - Tmp dir root location: 
 /tmp
[2023-06-10 16:50:15,328] {subprocess.py:74} INFO - Running command: ['bash', '-c', 'echo "There are now $(ls /tmp/images/ | wc -l) images."']
[2023-06-10 16:50:15,366] {subprocess.py:85} INFO - Output:
[2023-06-10 16:50:15,422] {subprocess.py:92} INFO - There are now 9 images.
[2023-06-10 16:50:15,425] {subprocess.py:96} INFO - Command exited with return code 0
[2023-06-10 16:50:15,545] {taskinstance.py:1420} INFO - Marking task as SUCCESS. dag_id=download_rocket_launches, task_id=notify, execution_date=20230527T000000, start_date=20230610T165014, end_date=20230610T165015
[2023-06-10 16:50:15,645] {local_task_job.py:156} INFO - Task exited with return code 0
[2023-06-10 16:50:15,745] {local_task_job.py:273} INFO - 0 downstream tasks scheduled from follow-on schedule check
