[2023-06-11 07:40:38,181] {taskinstance.py:1179} INFO - Dependencies all met for <TaskInstance: listing_4_15.fetch_pageviews scheduled__2023-06-10T06:00:00+00:00 [queued]>
[2023-06-11 07:40:38,189] {taskinstance.py:1179} INFO - Dependencies all met for <TaskInstance: listing_4_15.fetch_pageviews scheduled__2023-06-10T06:00:00+00:00 [queued]>
[2023-06-11 07:40:38,190] {taskinstance.py:1376} INFO - 
--------------------------------------------------------------------------------
[2023-06-11 07:40:38,191] {taskinstance.py:1377} INFO - Starting attempt 1 of 1
[2023-06-11 07:40:38,192] {taskinstance.py:1378} INFO - 
--------------------------------------------------------------------------------
[2023-06-11 07:40:38,201] {taskinstance.py:1397} INFO - Executing <Task(PythonOperator): fetch_pageviews> on 2023-06-10 06:00:00+00:00
[2023-06-11 07:40:38,205] {standard_task_runner.py:52} INFO - Started process 89610 to run task
[2023-06-11 07:40:38,208] {standard_task_runner.py:79} INFO - Running: ['***', 'tasks', 'run', 'listing_4_15', 'fetch_pageviews', 'scheduled__2023-06-10T06:00:00+00:00', '--job-id', '137', '--raw', '--subdir', 'DAGS_FOLDER/listing_4_15.py', '--cfg-path', '/tmp/tmplrtjhirb', '--error-file', '/tmp/tmpfn2sluhm']
[2023-06-11 07:40:38,209] {standard_task_runner.py:80} INFO - Job 137: Subtask fetch_pageviews
[2023-06-11 07:40:38,254] {task_command.py:371} INFO - Running <TaskInstance: listing_4_15.fetch_pageviews scheduled__2023-06-10T06:00:00+00:00 [running]> on host fd847b0d0eb3
[2023-06-11 07:40:38,298] {taskinstance.py:1591} INFO - Exporting the following env vars:
AIRFLOW_CTX_DAG_OWNER=***
AIRFLOW_CTX_DAG_ID=listing_4_15
AIRFLOW_CTX_TASK_ID=fetch_pageviews
AIRFLOW_CTX_EXECUTION_DATE=2023-06-10T06:00:00+00:00
AIRFLOW_CTX_TRY_NUMBER=1
AIRFLOW_CTX_DAG_RUN_ID=scheduled__2023-06-10T06:00:00+00:00
[2023-06-11 07:40:39,704] {logging_mixin.py:115} INFO - {'Google': '640', 'Amazon': '29', 'Apple': '60', 'Microsoft': '105', 'Facebook': '690'}
[2023-06-11 07:40:39,707] {python.py:173} INFO - Done. Returned value was: None
[2023-06-11 07:40:39,722] {taskinstance.py:1420} INFO - Marking task as SUCCESS. dag_id=listing_4_15, task_id=fetch_pageviews, execution_date=20230610T060000, start_date=20230611T074038, end_date=20230611T074039
[2023-06-11 07:40:39,765] {local_task_job.py:156} INFO - Task exited with return code 0
[2023-06-11 07:40:39,798] {local_task_job.py:273} INFO - 0 downstream tasks scheduled from follow-on schedule check
