[2023-06-10 16:50:14,766] {taskinstance.py:1179} INFO - Dependencies all met for <TaskInstance: download_rocket_launches.notify scheduled__2023-06-02T00:00:00+00:00 [queued]>
[2023-06-10 16:50:14,822] {taskinstance.py:1179} INFO - Dependencies all met for <TaskInstance: download_rocket_launches.notify scheduled__2023-06-02T00:00:00+00:00 [queued]>
[2023-06-10 16:50:14,824] {taskinstance.py:1376} INFO - 
--------------------------------------------------------------------------------
[2023-06-10 16:50:14,826] {taskinstance.py:1377} INFO - Starting attempt 1 of 1
[2023-06-10 16:50:14,828] {taskinstance.py:1378} INFO - 
--------------------------------------------------------------------------------
[2023-06-10 16:50:14,858] {taskinstance.py:1397} INFO - Executing <Task(BashOperator): notify> on 2023-06-02 00:00:00+00:00
[2023-06-10 16:50:14,880] {standard_task_runner.py:52} INFO - Started process 186 to run task
[2023-06-10 16:50:14,899] {standard_task_runner.py:79} INFO - Running: ['***', 'tasks', 'run', 'download_rocket_launches', 'notify', 'scheduled__2023-06-02T00:00:00+00:00', '--job-id', '53', '--raw', '--subdir', 'DAGS_FOLDER/download_rocket_launches.py', '--cfg-path', '/tmp/tmp6v_ectbs', '--error-file', '/tmp/tmpsr1yfa2z']
[2023-06-10 16:50:14,916] {standard_task_runner.py:80} INFO - Job 53: Subtask notify
[2023-06-10 16:50:15,126] {task_command.py:371} INFO - Running <TaskInstance: download_rocket_launches.notify scheduled__2023-06-02T00:00:00+00:00 [running]> on host fd847b0d0eb3
[2023-06-10 16:50:15,302] {taskinstance.py:1591} INFO - Exporting the following env vars:
AIRFLOW_CTX_DAG_OWNER=***
AIRFLOW_CTX_DAG_ID=download_rocket_launches
AIRFLOW_CTX_TASK_ID=notify
AIRFLOW_CTX_EXECUTION_DATE=2023-06-02T00:00:00+00:00
AIRFLOW_CTX_TRY_NUMBER=1
AIRFLOW_CTX_DAG_RUN_ID=scheduled__2023-06-02T00:00:00+00:00
[2023-06-10 16:50:15,308] {subprocess.py:62} INFO - Tmp dir root location: 
 /tmp
[2023-06-10 16:50:15,315] {subprocess.py:74} INFO - Running command: ['bash', '-c', 'echo "There are now $(ls /tmp/images/ | wc -l) images."']
[2023-06-10 16:50:15,349] {subprocess.py:85} INFO - Output:
[2023-06-10 16:50:15,395] {subprocess.py:92} INFO - There are now 9 images.
[2023-06-10 16:50:15,397] {subprocess.py:96} INFO - Command exited with return code 0
[2023-06-10 16:50:15,486] {taskinstance.py:1420} INFO - Marking task as SUCCESS. dag_id=download_rocket_launches, task_id=notify, execution_date=20230602T000000, start_date=20230610T165014, end_date=20230610T165015
[2023-06-10 16:50:15,567] {local_task_job.py:156} INFO - Task exited with return code 0
[2023-06-10 16:50:15,648] {local_task_job.py:273} INFO - 0 downstream tasks scheduled from follow-on schedule check
