[2023-06-11 07:15:59,233] {processor.py:153} INFO - Started process (PID=5966) to work on /opt/airflow/dags/listing_4_13.py
[2023-06-11 07:15:59,235] {processor.py:641} INFO - Processing file /opt/airflow/dags/listing_4_13.py for tasks to queue
[2023-06-11 07:15:59,236] {logging_mixin.py:115} INFO - [2023-06-11 07:15:59,236] {dagbag.py:508} INFO - Filling up the DagBag from /opt/airflow/dags/listing_4_13.py
[2023-06-11 07:15:59,253] {processor.py:651} INFO - DAG(s) dict_keys(['listing_4_13']) retrieved from /opt/airflow/dags/listing_4_13.py
[2023-06-11 07:15:59,368] {logging_mixin.py:115} INFO - [2023-06-11 07:15:59,368] {manager.py:508} INFO - Created Permission View: can delete on DAG:listing_4_13
[2023-06-11 07:15:59,375] {logging_mixin.py:115} INFO - [2023-06-11 07:15:59,375] {manager.py:508} INFO - Created Permission View: can read on DAG:listing_4_13
[2023-06-11 07:15:59,381] {logging_mixin.py:115} INFO - [2023-06-11 07:15:59,381] {manager.py:508} INFO - Created Permission View: can edit on DAG:listing_4_13
[2023-06-11 07:15:59,382] {logging_mixin.py:115} INFO - [2023-06-11 07:15:59,381] {dag.py:2420} INFO - Sync 1 DAGs
[2023-06-11 07:15:59,386] {logging_mixin.py:115} INFO - [2023-06-11 07:15:59,386] {dag.py:2439} INFO - Creating ORM DAG for listing_4_13
[2023-06-11 07:15:59,393] {logging_mixin.py:115} INFO - [2023-06-11 07:15:59,393] {dag.py:2972} INFO - Setting next_dagrun for listing_4_13 to 2023-06-10T00:00:00+00:00, run_after=2023-06-10T01:00:00+00:00
[2023-06-11 07:15:59,401] {processor.py:161} INFO - Processing /opt/airflow/dags/listing_4_13.py took 0.171 seconds
[2023-06-11 07:16:29,617] {processor.py:153} INFO - Started process (PID=5989) to work on /opt/airflow/dags/listing_4_13.py
[2023-06-11 07:16:29,619] {processor.py:641} INFO - Processing file /opt/airflow/dags/listing_4_13.py for tasks to queue
[2023-06-11 07:16:29,620] {logging_mixin.py:115} INFO - [2023-06-11 07:16:29,620] {dagbag.py:508} INFO - Filling up the DagBag from /opt/airflow/dags/listing_4_13.py
[2023-06-11 07:16:29,630] {processor.py:651} INFO - DAG(s) dict_keys(['listing_4_13']) retrieved from /opt/airflow/dags/listing_4_13.py
[2023-06-11 07:16:29,647] {logging_mixin.py:115} INFO - [2023-06-11 07:16:29,646] {dag.py:2420} INFO - Sync 1 DAGs
[2023-06-11 07:16:29,660] {logging_mixin.py:115} INFO - [2023-06-11 07:16:29,660] {dag.py:2972} INFO - Setting next_dagrun for listing_4_13 to 2023-06-10T00:00:00+00:00, run_after=2023-06-10T01:00:00+00:00
[2023-06-11 07:16:29,668] {processor.py:161} INFO - Processing /opt/airflow/dags/listing_4_13.py took 0.053 seconds
[2023-06-11 07:16:59,869] {processor.py:153} INFO - Started process (PID=6021) to work on /opt/airflow/dags/listing_4_13.py
[2023-06-11 07:16:59,872] {processor.py:641} INFO - Processing file /opt/airflow/dags/listing_4_13.py for tasks to queue
[2023-06-11 07:16:59,875] {logging_mixin.py:115} INFO - [2023-06-11 07:16:59,875] {dagbag.py:508} INFO - Filling up the DagBag from /opt/airflow/dags/listing_4_13.py
[2023-06-11 07:16:59,894] {processor.py:651} INFO - DAG(s) dict_keys(['listing_4_13']) retrieved from /opt/airflow/dags/listing_4_13.py
[2023-06-11 07:16:59,913] {logging_mixin.py:115} INFO - [2023-06-11 07:16:59,913] {dag.py:2420} INFO - Sync 1 DAGs
[2023-06-11 07:16:59,926] {logging_mixin.py:115} INFO - [2023-06-11 07:16:59,926] {dag.py:2972} INFO - Setting next_dagrun for listing_4_13 to 2023-06-10T00:00:00+00:00, run_after=2023-06-10T01:00:00+00:00
[2023-06-11 07:16:59,933] {processor.py:161} INFO - Processing /opt/airflow/dags/listing_4_13.py took 0.069 seconds
[2023-06-11 07:17:30,097] {processor.py:153} INFO - Started process (PID=6054) to work on /opt/airflow/dags/listing_4_13.py
[2023-06-11 07:17:30,101] {processor.py:641} INFO - Processing file /opt/airflow/dags/listing_4_13.py for tasks to queue
[2023-06-11 07:17:30,105] {logging_mixin.py:115} INFO - [2023-06-11 07:17:30,104] {dagbag.py:508} INFO - Filling up the DagBag from /opt/airflow/dags/listing_4_13.py
[2023-06-11 07:17:30,122] {processor.py:651} INFO - DAG(s) dict_keys(['listing_4_13']) retrieved from /opt/airflow/dags/listing_4_13.py
[2023-06-11 07:17:30,141] {logging_mixin.py:115} INFO - [2023-06-11 07:17:30,141] {dag.py:2420} INFO - Sync 1 DAGs
[2023-06-11 07:17:30,156] {logging_mixin.py:115} INFO - [2023-06-11 07:17:30,156] {dag.py:2972} INFO - Setting next_dagrun for listing_4_13 to 2023-06-10T00:00:00+00:00, run_after=2023-06-10T01:00:00+00:00
[2023-06-11 07:17:30,164] {processor.py:161} INFO - Processing /opt/airflow/dags/listing_4_13.py took 0.072 seconds
[2023-06-11 07:18:00,405] {processor.py:153} INFO - Started process (PID=6087) to work on /opt/airflow/dags/listing_4_13.py
[2023-06-11 07:18:00,409] {processor.py:641} INFO - Processing file /opt/airflow/dags/listing_4_13.py for tasks to queue
[2023-06-11 07:18:00,412] {logging_mixin.py:115} INFO - [2023-06-11 07:18:00,412] {dagbag.py:508} INFO - Filling up the DagBag from /opt/airflow/dags/listing_4_13.py
[2023-06-11 07:18:00,431] {processor.py:651} INFO - DAG(s) dict_keys(['listing_4_13']) retrieved from /opt/airflow/dags/listing_4_13.py
[2023-06-11 07:18:00,453] {logging_mixin.py:115} INFO - [2023-06-11 07:18:00,453] {dag.py:2420} INFO - Sync 1 DAGs
[2023-06-11 07:18:00,466] {logging_mixin.py:115} INFO - [2023-06-11 07:18:00,466] {dag.py:2972} INFO - Setting next_dagrun for listing_4_13 to 2023-06-10T00:00:00+00:00, run_after=2023-06-10T01:00:00+00:00
[2023-06-11 07:18:00,473] {processor.py:161} INFO - Processing /opt/airflow/dags/listing_4_13.py took 0.075 seconds
[2023-06-11 07:18:30,736] {processor.py:153} INFO - Started process (PID=6119) to work on /opt/airflow/dags/listing_4_13.py
[2023-06-11 07:18:30,737] {processor.py:641} INFO - Processing file /opt/airflow/dags/listing_4_13.py for tasks to queue
[2023-06-11 07:18:30,739] {logging_mixin.py:115} INFO - [2023-06-11 07:18:30,739] {dagbag.py:508} INFO - Filling up the DagBag from /opt/airflow/dags/listing_4_13.py
[2023-06-11 07:18:30,751] {processor.py:651} INFO - DAG(s) dict_keys(['listing_4_13']) retrieved from /opt/airflow/dags/listing_4_13.py
[2023-06-11 07:18:30,768] {logging_mixin.py:115} INFO - [2023-06-11 07:18:30,768] {dag.py:2420} INFO - Sync 1 DAGs
[2023-06-11 07:18:30,781] {logging_mixin.py:115} INFO - [2023-06-11 07:18:30,781] {dag.py:2972} INFO - Setting next_dagrun for listing_4_13 to 2023-06-10T00:00:00+00:00, run_after=2023-06-10T01:00:00+00:00
[2023-06-11 07:18:30,788] {processor.py:161} INFO - Processing /opt/airflow/dags/listing_4_13.py took 0.054 seconds
[2023-06-11 07:19:01,009] {processor.py:153} INFO - Started process (PID=6142) to work on /opt/airflow/dags/listing_4_13.py
[2023-06-11 07:19:01,013] {processor.py:641} INFO - Processing file /opt/airflow/dags/listing_4_13.py for tasks to queue
[2023-06-11 07:19:01,016] {logging_mixin.py:115} INFO - [2023-06-11 07:19:01,016] {dagbag.py:508} INFO - Filling up the DagBag from /opt/airflow/dags/listing_4_13.py
[2023-06-11 07:19:01,032] {processor.py:651} INFO - DAG(s) dict_keys(['listing_4_13']) retrieved from /opt/airflow/dags/listing_4_13.py
[2023-06-11 07:19:01,051] {logging_mixin.py:115} INFO - [2023-06-11 07:19:01,051] {dag.py:2420} INFO - Sync 1 DAGs
[2023-06-11 07:19:01,064] {logging_mixin.py:115} INFO - [2023-06-11 07:19:01,064] {dag.py:2972} INFO - Setting next_dagrun for listing_4_13 to 2023-06-10T00:00:00+00:00, run_after=2023-06-10T01:00:00+00:00
[2023-06-11 07:19:01,072] {processor.py:161} INFO - Processing /opt/airflow/dags/listing_4_13.py took 0.067 seconds
[2023-06-11 07:19:31,292] {processor.py:153} INFO - Started process (PID=6174) to work on /opt/airflow/dags/listing_4_13.py
[2023-06-11 07:19:31,293] {processor.py:641} INFO - Processing file /opt/airflow/dags/listing_4_13.py for tasks to queue
[2023-06-11 07:19:31,295] {logging_mixin.py:115} INFO - [2023-06-11 07:19:31,295] {dagbag.py:508} INFO - Filling up the DagBag from /opt/airflow/dags/listing_4_13.py
[2023-06-11 07:19:31,305] {processor.py:651} INFO - DAG(s) dict_keys(['listing_4_13']) retrieved from /opt/airflow/dags/listing_4_13.py
[2023-06-11 07:19:31,327] {logging_mixin.py:115} INFO - [2023-06-11 07:19:31,327] {dag.py:2420} INFO - Sync 1 DAGs
[2023-06-11 07:19:31,341] {logging_mixin.py:115} INFO - [2023-06-11 07:19:31,341] {dag.py:2972} INFO - Setting next_dagrun for listing_4_13 to 2023-06-10T00:00:00+00:00, run_after=2023-06-10T01:00:00+00:00
[2023-06-11 07:19:31,352] {processor.py:161} INFO - Processing /opt/airflow/dags/listing_4_13.py took 0.063 seconds
[2023-06-11 07:20:01,556] {processor.py:153} INFO - Started process (PID=6206) to work on /opt/airflow/dags/listing_4_13.py
[2023-06-11 07:20:01,559] {processor.py:641} INFO - Processing file /opt/airflow/dags/listing_4_13.py for tasks to queue
[2023-06-11 07:20:01,562] {logging_mixin.py:115} INFO - [2023-06-11 07:20:01,562] {dagbag.py:508} INFO - Filling up the DagBag from /opt/airflow/dags/listing_4_13.py
[2023-06-11 07:20:01,583] {processor.py:651} INFO - DAG(s) dict_keys(['listing_4_13']) retrieved from /opt/airflow/dags/listing_4_13.py
[2023-06-11 07:20:01,604] {logging_mixin.py:115} INFO - [2023-06-11 07:20:01,604] {dag.py:2420} INFO - Sync 1 DAGs
[2023-06-11 07:20:01,618] {logging_mixin.py:115} INFO - [2023-06-11 07:20:01,618] {dag.py:2972} INFO - Setting next_dagrun for listing_4_13 to 2023-06-10T00:00:00+00:00, run_after=2023-06-10T01:00:00+00:00
[2023-06-11 07:20:01,624] {processor.py:161} INFO - Processing /opt/airflow/dags/listing_4_13.py took 0.075 seconds
[2023-06-11 07:20:31,862] {processor.py:153} INFO - Started process (PID=6238) to work on /opt/airflow/dags/listing_4_13.py
[2023-06-11 07:20:31,865] {processor.py:641} INFO - Processing file /opt/airflow/dags/listing_4_13.py for tasks to queue
[2023-06-11 07:20:31,867] {logging_mixin.py:115} INFO - [2023-06-11 07:20:31,867] {dagbag.py:508} INFO - Filling up the DagBag from /opt/airflow/dags/listing_4_13.py
[2023-06-11 07:20:31,877] {processor.py:651} INFO - DAG(s) dict_keys(['listing_4_13']) retrieved from /opt/airflow/dags/listing_4_13.py
[2023-06-11 07:20:31,895] {logging_mixin.py:115} INFO - [2023-06-11 07:20:31,895] {dag.py:2420} INFO - Sync 1 DAGs
[2023-06-11 07:20:31,909] {logging_mixin.py:115} INFO - [2023-06-11 07:20:31,909] {dag.py:2972} INFO - Setting next_dagrun for listing_4_13 to 2023-06-10T00:00:00+00:00, run_after=2023-06-10T01:00:00+00:00
[2023-06-11 07:20:31,917] {processor.py:161} INFO - Processing /opt/airflow/dags/listing_4_13.py took 0.058 seconds
[2023-06-11 07:21:02,195] {processor.py:153} INFO - Started process (PID=6275) to work on /opt/airflow/dags/listing_4_13.py
[2023-06-11 07:21:02,198] {processor.py:641} INFO - Processing file /opt/airflow/dags/listing_4_13.py for tasks to queue
[2023-06-11 07:21:02,199] {logging_mixin.py:115} INFO - [2023-06-11 07:21:02,199] {dagbag.py:508} INFO - Filling up the DagBag from /opt/airflow/dags/listing_4_13.py
[2023-06-11 07:21:02,218] {processor.py:651} INFO - DAG(s) dict_keys(['listing_4_13']) retrieved from /opt/airflow/dags/listing_4_13.py
[2023-06-11 07:21:02,246] {logging_mixin.py:115} INFO - [2023-06-11 07:21:02,246] {dag.py:2420} INFO - Sync 1 DAGs
[2023-06-11 07:21:02,266] {logging_mixin.py:115} INFO - [2023-06-11 07:21:02,266] {dag.py:2972} INFO - Setting next_dagrun for listing_4_13 to 2023-06-10T21:00:00+00:00, run_after=2023-06-10T22:00:00+00:00
[2023-06-11 07:21:02,279] {processor.py:161} INFO - Processing /opt/airflow/dags/listing_4_13.py took 0.087 seconds
[2023-06-11 07:21:32,505] {processor.py:153} INFO - Started process (PID=6298) to work on /opt/airflow/dags/listing_4_13.py
[2023-06-11 07:21:32,508] {processor.py:641} INFO - Processing file /opt/airflow/dags/listing_4_13.py for tasks to queue
[2023-06-11 07:21:32,510] {logging_mixin.py:115} INFO - [2023-06-11 07:21:32,510] {dagbag.py:508} INFO - Filling up the DagBag from /opt/airflow/dags/listing_4_13.py
[2023-06-11 07:21:32,525] {processor.py:651} INFO - DAG(s) dict_keys(['listing_4_13']) retrieved from /opt/airflow/dags/listing_4_13.py
[2023-06-11 07:21:32,543] {logging_mixin.py:115} INFO - [2023-06-11 07:21:32,543] {dag.py:2420} INFO - Sync 1 DAGs
[2023-06-11 07:21:32,558] {logging_mixin.py:115} INFO - [2023-06-11 07:21:32,557] {dag.py:2972} INFO - Setting next_dagrun for listing_4_13 to 2023-06-11T07:00:00+00:00, run_after=2023-06-11T08:00:00+00:00
[2023-06-11 07:21:32,569] {processor.py:161} INFO - Processing /opt/airflow/dags/listing_4_13.py took 0.069 seconds
[2023-06-11 07:22:02,762] {processor.py:153} INFO - Started process (PID=6331) to work on /opt/airflow/dags/listing_4_13.py
[2023-06-11 07:22:02,764] {processor.py:641} INFO - Processing file /opt/airflow/dags/listing_4_13.py for tasks to queue
[2023-06-11 07:22:02,766] {logging_mixin.py:115} INFO - [2023-06-11 07:22:02,766] {dagbag.py:508} INFO - Filling up the DagBag from /opt/airflow/dags/listing_4_13.py
[2023-06-11 07:22:02,776] {processor.py:651} INFO - DAG(s) dict_keys(['listing_4_13']) retrieved from /opt/airflow/dags/listing_4_13.py
[2023-06-11 07:22:02,797] {logging_mixin.py:115} INFO - [2023-06-11 07:22:02,796] {dag.py:2420} INFO - Sync 1 DAGs
[2023-06-11 07:22:02,811] {logging_mixin.py:115} INFO - [2023-06-11 07:22:02,811] {dag.py:2972} INFO - Setting next_dagrun for listing_4_13 to 2023-06-11T07:00:00+00:00, run_after=2023-06-11T08:00:00+00:00
[2023-06-11 07:22:02,820] {processor.py:161} INFO - Processing /opt/airflow/dags/listing_4_13.py took 0.061 seconds
[2023-06-11 07:22:32,976] {processor.py:153} INFO - Started process (PID=6363) to work on /opt/airflow/dags/listing_4_13.py
[2023-06-11 07:22:32,980] {processor.py:641} INFO - Processing file /opt/airflow/dags/listing_4_13.py for tasks to queue
[2023-06-11 07:22:32,982] {logging_mixin.py:115} INFO - [2023-06-11 07:22:32,982] {dagbag.py:508} INFO - Filling up the DagBag from /opt/airflow/dags/listing_4_13.py
[2023-06-11 07:22:32,998] {processor.py:651} INFO - DAG(s) dict_keys(['listing_4_13']) retrieved from /opt/airflow/dags/listing_4_13.py
[2023-06-11 07:22:33,022] {logging_mixin.py:115} INFO - [2023-06-11 07:22:33,022] {dag.py:2420} INFO - Sync 1 DAGs
[2023-06-11 07:22:33,050] {logging_mixin.py:115} INFO - [2023-06-11 07:22:33,050] {dag.py:2972} INFO - Setting next_dagrun for listing_4_13 to 2023-06-11T07:00:00+00:00, run_after=2023-06-11T08:00:00+00:00
[2023-06-11 07:22:33,071] {processor.py:161} INFO - Processing /opt/airflow/dags/listing_4_13.py took 0.099 seconds
[2023-06-11 07:23:03,235] {processor.py:153} INFO - Started process (PID=6395) to work on /opt/airflow/dags/listing_4_13.py
[2023-06-11 07:23:03,237] {processor.py:641} INFO - Processing file /opt/airflow/dags/listing_4_13.py for tasks to queue
[2023-06-11 07:23:03,241] {logging_mixin.py:115} INFO - [2023-06-11 07:23:03,240] {dagbag.py:508} INFO - Filling up the DagBag from /opt/airflow/dags/listing_4_13.py
[2023-06-11 07:23:03,256] {processor.py:651} INFO - DAG(s) dict_keys(['listing_4_13']) retrieved from /opt/airflow/dags/listing_4_13.py
[2023-06-11 07:23:03,278] {logging_mixin.py:115} INFO - [2023-06-11 07:23:03,278] {dag.py:2420} INFO - Sync 1 DAGs
[2023-06-11 07:23:03,293] {logging_mixin.py:115} INFO - [2023-06-11 07:23:03,293] {dag.py:2972} INFO - Setting next_dagrun for listing_4_13 to 2023-06-11T07:00:00+00:00, run_after=2023-06-11T08:00:00+00:00
[2023-06-11 07:23:03,302] {processor.py:161} INFO - Processing /opt/airflow/dags/listing_4_13.py took 0.070 seconds
[2023-06-11 07:23:33,535] {processor.py:153} INFO - Started process (PID=6417) to work on /opt/airflow/dags/listing_4_13.py
[2023-06-11 07:23:33,537] {processor.py:641} INFO - Processing file /opt/airflow/dags/listing_4_13.py for tasks to queue
[2023-06-11 07:23:33,539] {logging_mixin.py:115} INFO - [2023-06-11 07:23:33,539] {dagbag.py:508} INFO - Filling up the DagBag from /opt/airflow/dags/listing_4_13.py
[2023-06-11 07:23:33,551] {processor.py:651} INFO - DAG(s) dict_keys(['listing_4_13']) retrieved from /opt/airflow/dags/listing_4_13.py
[2023-06-11 07:23:33,570] {logging_mixin.py:115} INFO - [2023-06-11 07:23:33,570] {dag.py:2420} INFO - Sync 1 DAGs
[2023-06-11 07:23:33,586] {logging_mixin.py:115} INFO - [2023-06-11 07:23:33,586] {dag.py:2972} INFO - Setting next_dagrun for listing_4_13 to 2023-06-11T07:00:00+00:00, run_after=2023-06-11T08:00:00+00:00
[2023-06-11 07:23:33,595] {processor.py:161} INFO - Processing /opt/airflow/dags/listing_4_13.py took 0.063 seconds
[2023-06-11 07:24:03,806] {processor.py:153} INFO - Started process (PID=6450) to work on /opt/airflow/dags/listing_4_13.py
[2023-06-11 07:24:03,808] {processor.py:641} INFO - Processing file /opt/airflow/dags/listing_4_13.py for tasks to queue
[2023-06-11 07:24:03,810] {logging_mixin.py:115} INFO - [2023-06-11 07:24:03,810] {dagbag.py:508} INFO - Filling up the DagBag from /opt/airflow/dags/listing_4_13.py
[2023-06-11 07:24:03,822] {processor.py:651} INFO - DAG(s) dict_keys(['listing_4_13']) retrieved from /opt/airflow/dags/listing_4_13.py
[2023-06-11 07:24:03,844] {logging_mixin.py:115} INFO - [2023-06-11 07:24:03,844] {dag.py:2420} INFO - Sync 1 DAGs
[2023-06-11 07:24:03,861] {logging_mixin.py:115} INFO - [2023-06-11 07:24:03,861] {dag.py:2972} INFO - Setting next_dagrun for listing_4_13 to 2023-06-11T07:00:00+00:00, run_after=2023-06-11T08:00:00+00:00
[2023-06-11 07:24:03,871] {processor.py:161} INFO - Processing /opt/airflow/dags/listing_4_13.py took 0.067 seconds
[2023-06-11 07:24:34,141] {processor.py:153} INFO - Started process (PID=6482) to work on /opt/airflow/dags/listing_4_13.py
[2023-06-11 07:24:34,145] {processor.py:641} INFO - Processing file /opt/airflow/dags/listing_4_13.py for tasks to queue
[2023-06-11 07:24:34,148] {logging_mixin.py:115} INFO - [2023-06-11 07:24:34,148] {dagbag.py:508} INFO - Filling up the DagBag from /opt/airflow/dags/listing_4_13.py
[2023-06-11 07:24:34,167] {processor.py:651} INFO - DAG(s) dict_keys(['listing_4_13']) retrieved from /opt/airflow/dags/listing_4_13.py
[2023-06-11 07:24:34,191] {logging_mixin.py:115} INFO - [2023-06-11 07:24:34,191] {dag.py:2420} INFO - Sync 1 DAGs
[2023-06-11 07:24:34,207] {logging_mixin.py:115} INFO - [2023-06-11 07:24:34,207] {dag.py:2972} INFO - Setting next_dagrun for listing_4_13 to 2023-06-11T07:00:00+00:00, run_after=2023-06-11T08:00:00+00:00
[2023-06-11 07:24:34,215] {processor.py:161} INFO - Processing /opt/airflow/dags/listing_4_13.py took 0.080 seconds
[2023-06-11 07:25:04,462] {processor.py:153} INFO - Started process (PID=6515) to work on /opt/airflow/dags/listing_4_13.py
[2023-06-11 07:25:04,467] {processor.py:641} INFO - Processing file /opt/airflow/dags/listing_4_13.py for tasks to queue
[2023-06-11 07:25:04,473] {logging_mixin.py:115} INFO - [2023-06-11 07:25:04,473] {dagbag.py:508} INFO - Filling up the DagBag from /opt/airflow/dags/listing_4_13.py
[2023-06-11 07:25:04,494] {processor.py:651} INFO - DAG(s) dict_keys(['listing_4_13']) retrieved from /opt/airflow/dags/listing_4_13.py
[2023-06-11 07:25:04,517] {logging_mixin.py:115} INFO - [2023-06-11 07:25:04,517] {dag.py:2420} INFO - Sync 1 DAGs
[2023-06-11 07:25:04,534] {logging_mixin.py:115} INFO - [2023-06-11 07:25:04,534] {dag.py:2972} INFO - Setting next_dagrun for listing_4_13 to 2023-06-11T07:00:00+00:00, run_after=2023-06-11T08:00:00+00:00
[2023-06-11 07:25:04,543] {processor.py:161} INFO - Processing /opt/airflow/dags/listing_4_13.py took 0.085 seconds
[2023-06-11 07:25:34,711] {processor.py:153} INFO - Started process (PID=6548) to work on /opt/airflow/dags/listing_4_13.py
[2023-06-11 07:25:34,713] {processor.py:641} INFO - Processing file /opt/airflow/dags/listing_4_13.py for tasks to queue
[2023-06-11 07:25:34,715] {logging_mixin.py:115} INFO - [2023-06-11 07:25:34,715] {dagbag.py:508} INFO - Filling up the DagBag from /opt/airflow/dags/listing_4_13.py
[2023-06-11 07:25:34,726] {processor.py:651} INFO - DAG(s) dict_keys(['listing_4_13']) retrieved from /opt/airflow/dags/listing_4_13.py
[2023-06-11 07:25:34,743] {logging_mixin.py:115} INFO - [2023-06-11 07:25:34,743] {dag.py:2420} INFO - Sync 1 DAGs
[2023-06-11 07:25:34,757] {logging_mixin.py:115} INFO - [2023-06-11 07:25:34,756] {dag.py:2972} INFO - Setting next_dagrun for listing_4_13 to 2023-06-11T07:00:00+00:00, run_after=2023-06-11T08:00:00+00:00
[2023-06-11 07:25:34,764] {processor.py:161} INFO - Processing /opt/airflow/dags/listing_4_13.py took 0.055 seconds
[2023-06-11 07:26:05,068] {processor.py:153} INFO - Started process (PID=6572) to work on /opt/airflow/dags/listing_4_13.py
[2023-06-11 07:26:05,070] {processor.py:641} INFO - Processing file /opt/airflow/dags/listing_4_13.py for tasks to queue
[2023-06-11 07:26:05,073] {logging_mixin.py:115} INFO - [2023-06-11 07:26:05,073] {dagbag.py:508} INFO - Filling up the DagBag from /opt/airflow/dags/listing_4_13.py
[2023-06-11 07:26:05,083] {processor.py:651} INFO - DAG(s) dict_keys(['listing_4_13']) retrieved from /opt/airflow/dags/listing_4_13.py
[2023-06-11 07:26:05,099] {logging_mixin.py:115} INFO - [2023-06-11 07:26:05,099] {dag.py:2420} INFO - Sync 1 DAGs
[2023-06-11 07:26:05,112] {logging_mixin.py:115} INFO - [2023-06-11 07:26:05,112] {dag.py:2972} INFO - Setting next_dagrun for listing_4_13 to 2023-06-11T07:00:00+00:00, run_after=2023-06-11T08:00:00+00:00
[2023-06-11 07:26:05,119] {processor.py:161} INFO - Processing /opt/airflow/dags/listing_4_13.py took 0.053 seconds
[2023-06-11 07:26:35,361] {processor.py:153} INFO - Started process (PID=6603) to work on /opt/airflow/dags/listing_4_13.py
[2023-06-11 07:26:35,365] {processor.py:641} INFO - Processing file /opt/airflow/dags/listing_4_13.py for tasks to queue
[2023-06-11 07:26:35,370] {logging_mixin.py:115} INFO - [2023-06-11 07:26:35,370] {dagbag.py:508} INFO - Filling up the DagBag from /opt/airflow/dags/listing_4_13.py
[2023-06-11 07:26:35,390] {processor.py:651} INFO - DAG(s) dict_keys(['listing_4_13']) retrieved from /opt/airflow/dags/listing_4_13.py
[2023-06-11 07:26:35,412] {logging_mixin.py:115} INFO - [2023-06-11 07:26:35,412] {dag.py:2420} INFO - Sync 1 DAGs
[2023-06-11 07:26:35,431] {logging_mixin.py:115} INFO - [2023-06-11 07:26:35,431] {dag.py:2972} INFO - Setting next_dagrun for listing_4_13 to 2023-06-11T07:00:00+00:00, run_after=2023-06-11T08:00:00+00:00
[2023-06-11 07:26:35,440] {processor.py:161} INFO - Processing /opt/airflow/dags/listing_4_13.py took 0.085 seconds
[2023-06-11 07:27:05,657] {processor.py:153} INFO - Started process (PID=6636) to work on /opt/airflow/dags/listing_4_13.py
[2023-06-11 07:27:05,658] {processor.py:641} INFO - Processing file /opt/airflow/dags/listing_4_13.py for tasks to queue
[2023-06-11 07:27:05,660] {logging_mixin.py:115} INFO - [2023-06-11 07:27:05,660] {dagbag.py:508} INFO - Filling up the DagBag from /opt/airflow/dags/listing_4_13.py
[2023-06-11 07:27:05,672] {processor.py:651} INFO - DAG(s) dict_keys(['listing_4_13']) retrieved from /opt/airflow/dags/listing_4_13.py
[2023-06-11 07:27:05,688] {logging_mixin.py:115} INFO - [2023-06-11 07:27:05,688] {dag.py:2420} INFO - Sync 1 DAGs
[2023-06-11 07:27:05,701] {logging_mixin.py:115} INFO - [2023-06-11 07:27:05,701] {dag.py:2972} INFO - Setting next_dagrun for listing_4_13 to 2023-06-11T07:00:00+00:00, run_after=2023-06-11T08:00:00+00:00
[2023-06-11 07:27:05,710] {processor.py:161} INFO - Processing /opt/airflow/dags/listing_4_13.py took 0.056 seconds
[2023-06-11 07:27:36,120] {processor.py:153} INFO - Started process (PID=6667) to work on /opt/airflow/dags/listing_4_13.py
[2023-06-11 07:27:36,123] {processor.py:641} INFO - Processing file /opt/airflow/dags/listing_4_13.py for tasks to queue
[2023-06-11 07:27:36,125] {logging_mixin.py:115} INFO - [2023-06-11 07:27:36,125] {dagbag.py:508} INFO - Filling up the DagBag from /opt/airflow/dags/listing_4_13.py
[2023-06-11 07:27:36,152] {processor.py:651} INFO - DAG(s) dict_keys(['listing_4_13']) retrieved from /opt/airflow/dags/listing_4_13.py
[2023-06-11 07:27:36,192] {logging_mixin.py:115} INFO - [2023-06-11 07:27:36,192] {dag.py:2420} INFO - Sync 1 DAGs
[2023-06-11 07:27:36,222] {logging_mixin.py:115} INFO - [2023-06-11 07:27:36,222] {dag.py:2972} INFO - Setting next_dagrun for listing_4_13 to 2023-06-11T07:00:00+00:00, run_after=2023-06-11T08:00:00+00:00
[2023-06-11 07:27:36,233] {processor.py:161} INFO - Processing /opt/airflow/dags/listing_4_13.py took 0.117 seconds
[2023-06-11 07:28:06,480] {processor.py:153} INFO - Started process (PID=6700) to work on /opt/airflow/dags/listing_4_13.py
[2023-06-11 07:28:06,485] {processor.py:641} INFO - Processing file /opt/airflow/dags/listing_4_13.py for tasks to queue
[2023-06-11 07:28:06,489] {logging_mixin.py:115} INFO - [2023-06-11 07:28:06,489] {dagbag.py:508} INFO - Filling up the DagBag from /opt/airflow/dags/listing_4_13.py
[2023-06-11 07:28:06,509] {processor.py:651} INFO - DAG(s) dict_keys(['listing_4_13']) retrieved from /opt/airflow/dags/listing_4_13.py
[2023-06-11 07:28:06,537] {logging_mixin.py:115} INFO - [2023-06-11 07:28:06,537] {dag.py:2420} INFO - Sync 1 DAGs
[2023-06-11 07:28:06,560] {logging_mixin.py:115} INFO - [2023-06-11 07:28:06,560] {dag.py:2972} INFO - Setting next_dagrun for listing_4_13 to 2023-06-11T07:00:00+00:00, run_after=2023-06-11T08:00:00+00:00
[2023-06-11 07:28:06,575] {processor.py:161} INFO - Processing /opt/airflow/dags/listing_4_13.py took 0.098 seconds
[2023-06-11 07:28:36,762] {processor.py:153} INFO - Started process (PID=6723) to work on /opt/airflow/dags/listing_4_13.py
[2023-06-11 07:28:36,764] {processor.py:641} INFO - Processing file /opt/airflow/dags/listing_4_13.py for tasks to queue
[2023-06-11 07:28:36,767] {logging_mixin.py:115} INFO - [2023-06-11 07:28:36,767] {dagbag.py:508} INFO - Filling up the DagBag from /opt/airflow/dags/listing_4_13.py
[2023-06-11 07:28:36,783] {processor.py:651} INFO - DAG(s) dict_keys(['listing_4_13']) retrieved from /opt/airflow/dags/listing_4_13.py
[2023-06-11 07:28:36,802] {logging_mixin.py:115} INFO - [2023-06-11 07:28:36,802] {dag.py:2420} INFO - Sync 1 DAGs
[2023-06-11 07:28:36,815] {logging_mixin.py:115} INFO - [2023-06-11 07:28:36,815] {dag.py:2972} INFO - Setting next_dagrun for listing_4_13 to 2023-06-11T07:00:00+00:00, run_after=2023-06-11T08:00:00+00:00
[2023-06-11 07:28:36,823] {processor.py:161} INFO - Processing /opt/airflow/dags/listing_4_13.py took 0.066 seconds
[2023-06-11 07:29:07,017] {processor.py:153} INFO - Started process (PID=6756) to work on /opt/airflow/dags/listing_4_13.py
[2023-06-11 07:29:07,018] {processor.py:641} INFO - Processing file /opt/airflow/dags/listing_4_13.py for tasks to queue
[2023-06-11 07:29:07,020] {logging_mixin.py:115} INFO - [2023-06-11 07:29:07,020] {dagbag.py:508} INFO - Filling up the DagBag from /opt/airflow/dags/listing_4_13.py
[2023-06-11 07:29:07,031] {processor.py:651} INFO - DAG(s) dict_keys(['listing_4_13']) retrieved from /opt/airflow/dags/listing_4_13.py
[2023-06-11 07:29:07,050] {logging_mixin.py:115} INFO - [2023-06-11 07:29:07,049] {dag.py:2420} INFO - Sync 1 DAGs
[2023-06-11 07:29:07,062] {logging_mixin.py:115} INFO - [2023-06-11 07:29:07,062] {dag.py:2972} INFO - Setting next_dagrun for listing_4_13 to 2023-06-11T07:00:00+00:00, run_after=2023-06-11T08:00:00+00:00
[2023-06-11 07:29:07,070] {processor.py:161} INFO - Processing /opt/airflow/dags/listing_4_13.py took 0.056 seconds
[2023-06-11 07:29:37,220] {processor.py:153} INFO - Started process (PID=6788) to work on /opt/airflow/dags/listing_4_13.py
[2023-06-11 07:29:37,222] {processor.py:641} INFO - Processing file /opt/airflow/dags/listing_4_13.py for tasks to queue
[2023-06-11 07:29:37,224] {logging_mixin.py:115} INFO - [2023-06-11 07:29:37,224] {dagbag.py:508} INFO - Filling up the DagBag from /opt/airflow/dags/listing_4_13.py
[2023-06-11 07:29:37,238] {processor.py:651} INFO - DAG(s) dict_keys(['listing_4_13']) retrieved from /opt/airflow/dags/listing_4_13.py
[2023-06-11 07:29:37,257] {logging_mixin.py:115} INFO - [2023-06-11 07:29:37,257] {dag.py:2420} INFO - Sync 1 DAGs
[2023-06-11 07:29:37,270] {logging_mixin.py:115} INFO - [2023-06-11 07:29:37,270] {dag.py:2972} INFO - Setting next_dagrun for listing_4_13 to 2023-06-11T07:00:00+00:00, run_after=2023-06-11T08:00:00+00:00
[2023-06-11 07:29:37,278] {processor.py:161} INFO - Processing /opt/airflow/dags/listing_4_13.py took 0.061 seconds
[2023-06-11 07:30:07,495] {processor.py:153} INFO - Started process (PID=6820) to work on /opt/airflow/dags/listing_4_13.py
[2023-06-11 07:30:07,497] {processor.py:641} INFO - Processing file /opt/airflow/dags/listing_4_13.py for tasks to queue
[2023-06-11 07:30:07,499] {logging_mixin.py:115} INFO - [2023-06-11 07:30:07,499] {dagbag.py:508} INFO - Filling up the DagBag from /opt/airflow/dags/listing_4_13.py
[2023-06-11 07:30:07,510] {processor.py:651} INFO - DAG(s) dict_keys(['listing_4_13']) retrieved from /opt/airflow/dags/listing_4_13.py
[2023-06-11 07:30:07,528] {logging_mixin.py:115} INFO - [2023-06-11 07:30:07,528] {dag.py:2420} INFO - Sync 1 DAGs
[2023-06-11 07:30:07,541] {logging_mixin.py:115} INFO - [2023-06-11 07:30:07,541] {dag.py:2972} INFO - Setting next_dagrun for listing_4_13 to 2023-06-11T07:00:00+00:00, run_after=2023-06-11T08:00:00+00:00
[2023-06-11 07:30:07,548] {processor.py:161} INFO - Processing /opt/airflow/dags/listing_4_13.py took 0.057 seconds
[2023-06-11 07:30:37,765] {processor.py:153} INFO - Started process (PID=6844) to work on /opt/airflow/dags/listing_4_13.py
[2023-06-11 07:30:37,766] {processor.py:641} INFO - Processing file /opt/airflow/dags/listing_4_13.py for tasks to queue
[2023-06-11 07:30:37,767] {logging_mixin.py:115} INFO - [2023-06-11 07:30:37,767] {dagbag.py:508} INFO - Filling up the DagBag from /opt/airflow/dags/listing_4_13.py
[2023-06-11 07:30:37,776] {processor.py:651} INFO - DAG(s) dict_keys(['listing_4_13']) retrieved from /opt/airflow/dags/listing_4_13.py
[2023-06-11 07:30:37,794] {logging_mixin.py:115} INFO - [2023-06-11 07:30:37,794] {dag.py:2420} INFO - Sync 1 DAGs
[2023-06-11 07:30:37,810] {logging_mixin.py:115} INFO - [2023-06-11 07:30:37,810] {dag.py:2972} INFO - Setting next_dagrun for listing_4_13 to 2023-06-11T07:00:00+00:00, run_after=2023-06-11T08:00:00+00:00
[2023-06-11 07:30:37,819] {processor.py:161} INFO - Processing /opt/airflow/dags/listing_4_13.py took 0.056 seconds
[2023-06-11 07:31:08,186] {processor.py:153} INFO - Started process (PID=6876) to work on /opt/airflow/dags/listing_4_13.py
[2023-06-11 07:31:08,189] {processor.py:641} INFO - Processing file /opt/airflow/dags/listing_4_13.py for tasks to queue
[2023-06-11 07:31:08,191] {logging_mixin.py:115} INFO - [2023-06-11 07:31:08,191] {dagbag.py:508} INFO - Filling up the DagBag from /opt/airflow/dags/listing_4_13.py
[2023-06-11 07:31:08,203] {processor.py:651} INFO - DAG(s) dict_keys(['listing_4_13']) retrieved from /opt/airflow/dags/listing_4_13.py
[2023-06-11 07:31:08,225] {logging_mixin.py:115} INFO - [2023-06-11 07:31:08,225] {dag.py:2420} INFO - Sync 1 DAGs
[2023-06-11 07:31:08,242] {logging_mixin.py:115} INFO - [2023-06-11 07:31:08,242] {dag.py:2972} INFO - Setting next_dagrun for listing_4_13 to 2023-06-11T07:00:00+00:00, run_after=2023-06-11T08:00:00+00:00
[2023-06-11 07:31:08,250] {processor.py:161} INFO - Processing /opt/airflow/dags/listing_4_13.py took 0.068 seconds
[2023-06-11 07:31:38,516] {processor.py:153} INFO - Started process (PID=6908) to work on /opt/airflow/dags/listing_4_13.py
[2023-06-11 07:31:38,519] {processor.py:641} INFO - Processing file /opt/airflow/dags/listing_4_13.py for tasks to queue
[2023-06-11 07:31:38,521] {logging_mixin.py:115} INFO - [2023-06-11 07:31:38,521] {dagbag.py:508} INFO - Filling up the DagBag from /opt/airflow/dags/listing_4_13.py
[2023-06-11 07:31:38,537] {processor.py:651} INFO - DAG(s) dict_keys(['listing_4_13']) retrieved from /opt/airflow/dags/listing_4_13.py
[2023-06-11 07:31:38,560] {logging_mixin.py:115} INFO - [2023-06-11 07:31:38,560] {dag.py:2420} INFO - Sync 1 DAGs
[2023-06-11 07:31:38,573] {logging_mixin.py:115} INFO - [2023-06-11 07:31:38,573] {dag.py:2972} INFO - Setting next_dagrun for listing_4_13 to 2023-06-11T07:00:00+00:00, run_after=2023-06-11T08:00:00+00:00
[2023-06-11 07:31:38,581] {processor.py:161} INFO - Processing /opt/airflow/dags/listing_4_13.py took 0.070 seconds
[2023-06-11 07:32:08,798] {processor.py:153} INFO - Started process (PID=6939) to work on /opt/airflow/dags/listing_4_13.py
[2023-06-11 07:32:08,799] {processor.py:641} INFO - Processing file /opt/airflow/dags/listing_4_13.py for tasks to queue
[2023-06-11 07:32:08,801] {logging_mixin.py:115} INFO - [2023-06-11 07:32:08,801] {dagbag.py:508} INFO - Filling up the DagBag from /opt/airflow/dags/listing_4_13.py
[2023-06-11 07:32:08,810] {processor.py:651} INFO - DAG(s) dict_keys(['listing_4_13']) retrieved from /opt/airflow/dags/listing_4_13.py
[2023-06-11 07:32:08,827] {logging_mixin.py:115} INFO - [2023-06-11 07:32:08,827] {dag.py:2420} INFO - Sync 1 DAGs
[2023-06-11 07:32:08,840] {logging_mixin.py:115} INFO - [2023-06-11 07:32:08,840] {dag.py:2972} INFO - Setting next_dagrun for listing_4_13 to 2023-06-11T07:00:00+00:00, run_after=2023-06-11T08:00:00+00:00
[2023-06-11 07:32:08,847] {processor.py:161} INFO - Processing /opt/airflow/dags/listing_4_13.py took 0.051 seconds
[2023-06-11 07:32:39,169] {processor.py:153} INFO - Started process (PID=6971) to work on /opt/airflow/dags/listing_4_13.py
[2023-06-11 07:32:39,172] {processor.py:641} INFO - Processing file /opt/airflow/dags/listing_4_13.py for tasks to queue
[2023-06-11 07:32:39,174] {logging_mixin.py:115} INFO - [2023-06-11 07:32:39,174] {dagbag.py:508} INFO - Filling up the DagBag from /opt/airflow/dags/listing_4_13.py
[2023-06-11 07:32:39,192] {processor.py:651} INFO - DAG(s) dict_keys(['listing_4_13']) retrieved from /opt/airflow/dags/listing_4_13.py
[2023-06-11 07:32:39,212] {logging_mixin.py:115} INFO - [2023-06-11 07:32:39,212] {dag.py:2420} INFO - Sync 1 DAGs
[2023-06-11 07:32:39,225] {logging_mixin.py:115} INFO - [2023-06-11 07:32:39,225] {dag.py:2972} INFO - Setting next_dagrun for listing_4_13 to 2023-06-11T07:00:00+00:00, run_after=2023-06-11T08:00:00+00:00
[2023-06-11 07:32:39,233] {processor.py:161} INFO - Processing /opt/airflow/dags/listing_4_13.py took 0.069 seconds
[2023-06-11 07:33:09,516] {processor.py:153} INFO - Started process (PID=6993) to work on /opt/airflow/dags/listing_4_13.py
[2023-06-11 07:33:09,519] {processor.py:641} INFO - Processing file /opt/airflow/dags/listing_4_13.py for tasks to queue
[2023-06-11 07:33:09,521] {logging_mixin.py:115} INFO - [2023-06-11 07:33:09,521] {dagbag.py:508} INFO - Filling up the DagBag from /opt/airflow/dags/listing_4_13.py
[2023-06-11 07:33:09,535] {processor.py:651} INFO - DAG(s) dict_keys(['listing_4_13']) retrieved from /opt/airflow/dags/listing_4_13.py
[2023-06-11 07:33:09,557] {logging_mixin.py:115} INFO - [2023-06-11 07:33:09,557] {dag.py:2420} INFO - Sync 1 DAGs
[2023-06-11 07:33:09,575] {logging_mixin.py:115} INFO - [2023-06-11 07:33:09,574] {dag.py:2972} INFO - Setting next_dagrun for listing_4_13 to 2023-06-11T07:00:00+00:00, run_after=2023-06-11T08:00:00+00:00
[2023-06-11 07:33:09,585] {processor.py:161} INFO - Processing /opt/airflow/dags/listing_4_13.py took 0.073 seconds
[2023-06-11 07:33:39,892] {processor.py:153} INFO - Started process (PID=7025) to work on /opt/airflow/dags/listing_4_13.py
[2023-06-11 07:33:39,895] {processor.py:641} INFO - Processing file /opt/airflow/dags/listing_4_13.py for tasks to queue
[2023-06-11 07:33:39,898] {logging_mixin.py:115} INFO - [2023-06-11 07:33:39,898] {dagbag.py:508} INFO - Filling up the DagBag from /opt/airflow/dags/listing_4_13.py
[2023-06-11 07:33:39,920] {processor.py:651} INFO - DAG(s) dict_keys(['listing_4_13']) retrieved from /opt/airflow/dags/listing_4_13.py
[2023-06-11 07:33:39,943] {logging_mixin.py:115} INFO - [2023-06-11 07:33:39,943] {dag.py:2420} INFO - Sync 1 DAGs
[2023-06-11 07:33:39,958] {logging_mixin.py:115} INFO - [2023-06-11 07:33:39,958] {dag.py:2972} INFO - Setting next_dagrun for listing_4_13 to 2023-06-11T07:00:00+00:00, run_after=2023-06-11T08:00:00+00:00
[2023-06-11 07:33:39,966] {processor.py:161} INFO - Processing /opt/airflow/dags/listing_4_13.py took 0.080 seconds
[2023-06-11 07:34:10,264] {processor.py:153} INFO - Started process (PID=7057) to work on /opt/airflow/dags/listing_4_13.py
[2023-06-11 07:34:10,266] {processor.py:641} INFO - Processing file /opt/airflow/dags/listing_4_13.py for tasks to queue
[2023-06-11 07:34:10,267] {logging_mixin.py:115} INFO - [2023-06-11 07:34:10,267] {dagbag.py:508} INFO - Filling up the DagBag from /opt/airflow/dags/listing_4_13.py
[2023-06-11 07:34:10,281] {processor.py:651} INFO - DAG(s) dict_keys(['listing_4_13']) retrieved from /opt/airflow/dags/listing_4_13.py
[2023-06-11 07:34:10,306] {logging_mixin.py:115} INFO - [2023-06-11 07:34:10,305] {dag.py:2420} INFO - Sync 1 DAGs
[2023-06-11 07:34:10,322] {logging_mixin.py:115} INFO - [2023-06-11 07:34:10,322] {dag.py:2972} INFO - Setting next_dagrun for listing_4_13 to 2023-06-11T07:00:00+00:00, run_after=2023-06-11T08:00:00+00:00
[2023-06-11 07:34:10,333] {processor.py:161} INFO - Processing /opt/airflow/dags/listing_4_13.py took 0.073 seconds
[2023-06-11 07:34:18,385] {processor.py:153} INFO - Started process (PID=7067) to work on /opt/airflow/dags/listing_4_13.py
[2023-06-11 07:34:18,387] {processor.py:641} INFO - Processing file /opt/airflow/dags/listing_4_13.py for tasks to queue
[2023-06-11 07:34:18,388] {logging_mixin.py:115} INFO - [2023-06-11 07:34:18,388] {dagbag.py:508} INFO - Filling up the DagBag from /opt/airflow/dags/listing_4_13.py
[2023-06-11 07:34:18,406] {processor.py:651} INFO - DAG(s) dict_keys(['listing_4_13']) retrieved from /opt/airflow/dags/listing_4_13.py
[2023-06-11 07:34:18,514] {logging_mixin.py:115} INFO - [2023-06-11 07:34:18,514] {dag.py:2420} INFO - Sync 1 DAGs
[2023-06-11 07:34:18,524] {logging_mixin.py:115} INFO - [2023-06-11 07:34:18,524] {dag.py:2972} INFO - Setting next_dagrun for listing_4_13 to 2023-06-11T07:00:00+00:00, run_after=2023-06-11T08:00:00+00:00
[2023-06-11 07:34:18,537] {processor.py:161} INFO - Processing /opt/airflow/dags/listing_4_13.py took 0.155 seconds
[2023-06-11 07:34:48,892] {processor.py:153} INFO - Started process (PID=7096) to work on /opt/airflow/dags/listing_4_13.py
[2023-06-11 07:34:48,895] {processor.py:641} INFO - Processing file /opt/airflow/dags/listing_4_13.py for tasks to queue
[2023-06-11 07:34:48,898] {logging_mixin.py:115} INFO - [2023-06-11 07:34:48,898] {dagbag.py:508} INFO - Filling up the DagBag from /opt/airflow/dags/listing_4_13.py
[2023-06-11 07:34:48,913] {processor.py:651} INFO - DAG(s) dict_keys(['listing_4_13']) retrieved from /opt/airflow/dags/listing_4_13.py
[2023-06-11 07:34:48,937] {logging_mixin.py:115} INFO - [2023-06-11 07:34:48,937] {dag.py:2420} INFO - Sync 1 DAGs
[2023-06-11 07:34:48,953] {logging_mixin.py:115} INFO - [2023-06-11 07:34:48,953] {dag.py:2972} INFO - Setting next_dagrun for listing_4_13 to 2023-06-11T07:00:00+00:00, run_after=2023-06-11T08:00:00+00:00
[2023-06-11 07:34:48,962] {processor.py:161} INFO - Processing /opt/airflow/dags/listing_4_13.py took 0.072 seconds
[2023-06-11 07:35:19,199] {processor.py:153} INFO - Started process (PID=7121) to work on /opt/airflow/dags/listing_4_13.py
[2023-06-11 07:35:19,201] {processor.py:641} INFO - Processing file /opt/airflow/dags/listing_4_13.py for tasks to queue
[2023-06-11 07:35:19,203] {logging_mixin.py:115} INFO - [2023-06-11 07:35:19,203] {dagbag.py:508} INFO - Filling up the DagBag from /opt/airflow/dags/listing_4_13.py
[2023-06-11 07:35:19,215] {processor.py:651} INFO - DAG(s) dict_keys(['listing_4_13']) retrieved from /opt/airflow/dags/listing_4_13.py
[2023-06-11 07:35:19,232] {logging_mixin.py:115} INFO - [2023-06-11 07:35:19,232] {dag.py:2420} INFO - Sync 1 DAGs
[2023-06-11 07:35:19,245] {logging_mixin.py:115} INFO - [2023-06-11 07:35:19,245] {dag.py:2972} INFO - Setting next_dagrun for listing_4_13 to 2023-06-11T07:00:00+00:00, run_after=2023-06-11T08:00:00+00:00
[2023-06-11 07:35:19,252] {processor.py:161} INFO - Processing /opt/airflow/dags/listing_4_13.py took 0.055 seconds
[2023-06-11 07:35:49,519] {processor.py:153} INFO - Started process (PID=7153) to work on /opt/airflow/dags/listing_4_13.py
[2023-06-11 07:35:49,522] {processor.py:641} INFO - Processing file /opt/airflow/dags/listing_4_13.py for tasks to queue
[2023-06-11 07:35:49,526] {logging_mixin.py:115} INFO - [2023-06-11 07:35:49,526] {dagbag.py:508} INFO - Filling up the DagBag from /opt/airflow/dags/listing_4_13.py
[2023-06-11 07:35:49,541] {processor.py:651} INFO - DAG(s) dict_keys(['listing_4_13']) retrieved from /opt/airflow/dags/listing_4_13.py
[2023-06-11 07:35:49,562] {logging_mixin.py:115} INFO - [2023-06-11 07:35:49,562] {dag.py:2420} INFO - Sync 1 DAGs
[2023-06-11 07:35:49,577] {logging_mixin.py:115} INFO - [2023-06-11 07:35:49,577] {dag.py:2972} INFO - Setting next_dagrun for listing_4_13 to 2023-06-11T07:00:00+00:00, run_after=2023-06-11T08:00:00+00:00
[2023-06-11 07:35:49,585] {processor.py:161} INFO - Processing /opt/airflow/dags/listing_4_13.py took 0.069 seconds
[2023-06-11 07:35:52,535] {processor.py:153} INFO - Started process (PID=7154) to work on /opt/airflow/dags/listing_4_13.py
[2023-06-11 07:35:52,537] {processor.py:641} INFO - Processing file /opt/airflow/dags/listing_4_13.py for tasks to queue
[2023-06-11 07:35:52,539] {logging_mixin.py:115} INFO - [2023-06-11 07:35:52,539] {dagbag.py:508} INFO - Filling up the DagBag from /opt/airflow/dags/listing_4_13.py
[2023-06-11 07:35:52,561] {processor.py:651} INFO - DAG(s) dict_keys(['listing_4_13']) retrieved from /opt/airflow/dags/listing_4_13.py
[2023-06-11 07:35:52,585] {logging_mixin.py:115} INFO - [2023-06-11 07:35:52,585] {dag.py:2420} INFO - Sync 1 DAGs
[2023-06-11 07:35:52,601] {logging_mixin.py:115} INFO - [2023-06-11 07:35:52,601] {dag.py:2972} INFO - Setting next_dagrun for listing_4_13 to 2023-06-11T07:00:00+00:00, run_after=2023-06-11T08:00:00+00:00
[2023-06-11 07:35:52,613] {processor.py:161} INFO - Processing /opt/airflow/dags/listing_4_13.py took 0.081 seconds
[2023-06-11 07:36:23,068] {processor.py:153} INFO - Started process (PID=7187) to work on /opt/airflow/dags/listing_4_13.py
[2023-06-11 07:36:23,072] {processor.py:641} INFO - Processing file /opt/airflow/dags/listing_4_13.py for tasks to queue
[2023-06-11 07:36:23,074] {logging_mixin.py:115} INFO - [2023-06-11 07:36:23,074] {dagbag.py:508} INFO - Filling up the DagBag from /opt/airflow/dags/listing_4_13.py
[2023-06-11 07:36:23,089] {processor.py:651} INFO - DAG(s) dict_keys(['listing_4_13']) retrieved from /opt/airflow/dags/listing_4_13.py
[2023-06-11 07:36:23,108] {logging_mixin.py:115} INFO - [2023-06-11 07:36:23,108] {dag.py:2420} INFO - Sync 1 DAGs
[2023-06-11 07:36:23,123] {logging_mixin.py:115} INFO - [2023-06-11 07:36:23,123] {dag.py:2972} INFO - Setting next_dagrun for listing_4_13 to 2023-06-11T07:00:00+00:00, run_after=2023-06-11T08:00:00+00:00
[2023-06-11 07:36:23,131] {processor.py:161} INFO - Processing /opt/airflow/dags/listing_4_13.py took 0.067 seconds
[2023-06-11 07:36:53,422] {processor.py:153} INFO - Started process (PID=7219) to work on /opt/airflow/dags/listing_4_13.py
[2023-06-11 07:36:53,423] {processor.py:641} INFO - Processing file /opt/airflow/dags/listing_4_13.py for tasks to queue
[2023-06-11 07:36:53,425] {logging_mixin.py:115} INFO - [2023-06-11 07:36:53,425] {dagbag.py:508} INFO - Filling up the DagBag from /opt/airflow/dags/listing_4_13.py
[2023-06-11 07:36:53,436] {processor.py:651} INFO - DAG(s) dict_keys(['listing_4_13']) retrieved from /opt/airflow/dags/listing_4_13.py
[2023-06-11 07:36:53,454] {logging_mixin.py:115} INFO - [2023-06-11 07:36:53,454] {dag.py:2420} INFO - Sync 1 DAGs
[2023-06-11 07:36:53,468] {logging_mixin.py:115} INFO - [2023-06-11 07:36:53,468] {dag.py:2972} INFO - Setting next_dagrun for listing_4_13 to 2023-06-11T07:00:00+00:00, run_after=2023-06-11T08:00:00+00:00
[2023-06-11 07:36:53,475] {processor.py:161} INFO - Processing /opt/airflow/dags/listing_4_13.py took 0.056 seconds
[2023-06-11 07:37:23,689] {processor.py:153} INFO - Started process (PID=7251) to work on /opt/airflow/dags/listing_4_13.py
[2023-06-11 07:37:23,691] {processor.py:641} INFO - Processing file /opt/airflow/dags/listing_4_13.py for tasks to queue
[2023-06-11 07:37:23,693] {logging_mixin.py:115} INFO - [2023-06-11 07:37:23,693] {dagbag.py:508} INFO - Filling up the DagBag from /opt/airflow/dags/listing_4_13.py
[2023-06-11 07:37:23,706] {processor.py:651} INFO - DAG(s) dict_keys(['listing_4_13']) retrieved from /opt/airflow/dags/listing_4_13.py
[2023-06-11 07:37:23,724] {logging_mixin.py:115} INFO - [2023-06-11 07:37:23,724] {dag.py:2420} INFO - Sync 1 DAGs
[2023-06-11 07:37:23,737] {logging_mixin.py:115} INFO - [2023-06-11 07:37:23,737] {dag.py:2972} INFO - Setting next_dagrun for listing_4_13 to 2023-06-11T07:00:00+00:00, run_after=2023-06-11T08:00:00+00:00
[2023-06-11 07:37:23,745] {processor.py:161} INFO - Processing /opt/airflow/dags/listing_4_13.py took 0.058 seconds
[2023-06-11 07:37:44,932] {processor.py:153} INFO - Started process (PID=7275) to work on /opt/airflow/dags/listing_4_13.py
[2023-06-11 07:37:44,935] {processor.py:641} INFO - Processing file /opt/airflow/dags/listing_4_13.py for tasks to queue
[2023-06-11 07:37:44,939] {logging_mixin.py:115} INFO - [2023-06-11 07:37:44,939] {dagbag.py:508} INFO - Filling up the DagBag from /opt/airflow/dags/listing_4_13.py
[2023-06-11 07:37:44,952] {logging_mixin.py:115} INFO - [2023-06-11 07:37:44,949] {dagbag.py:321} ERROR - Failed to import: /opt/airflow/dags/listing_4_13.py
Traceback (most recent call last):
  File "/home/airflow/.local/lib/python3.7/site-packages/airflow/models/dagbag.py", line 318, in parse
    loader.exec_module(new_module)
  File "<frozen importlib._bootstrap_external>", line 724, in exec_module
  File "<frozen importlib._bootstrap_external>", line 860, in get_code
  File "<frozen importlib._bootstrap_external>", line 791, in source_to_code
  File "<frozen importlib._bootstrap>", line 219, in _call_with_frames_removed
  File "/opt/airflow/dags/listing_4_13.py", line 38
    https://dumps.wikimedia.org/other/pageviews/2023/2023-06/pageviews-20230611-070000.gz
           ^
SyntaxError: invalid syntax
[2023-06-11 07:37:44,953] {processor.py:653} WARNING - No viable dags retrieved from /opt/airflow/dags/listing_4_13.py
[2023-06-11 07:37:44,974] {processor.py:161} INFO - Processing /opt/airflow/dags/listing_4_13.py took 0.048 seconds
[2023-06-11 07:37:49,005] {processor.py:153} INFO - Started process (PID=7276) to work on /opt/airflow/dags/listing_4_13.py
[2023-06-11 07:37:49,006] {processor.py:641} INFO - Processing file /opt/airflow/dags/listing_4_13.py for tasks to queue
[2023-06-11 07:37:49,007] {logging_mixin.py:115} INFO - [2023-06-11 07:37:49,007] {dagbag.py:508} INFO - Filling up the DagBag from /opt/airflow/dags/listing_4_13.py
[2023-06-11 07:37:49,025] {processor.py:651} INFO - DAG(s) dict_keys(['listing_4_13']) retrieved from /opt/airflow/dags/listing_4_13.py
[2023-06-11 07:37:49,126] {logging_mixin.py:115} INFO - [2023-06-11 07:37:49,126] {dag.py:2420} INFO - Sync 1 DAGs
[2023-06-11 07:37:49,137] {logging_mixin.py:115} INFO - [2023-06-11 07:37:49,137] {dag.py:2972} INFO - Setting next_dagrun for listing_4_13 to 2023-06-11T07:00:00+00:00, run_after=2023-06-11T08:00:00+00:00
[2023-06-11 07:37:49,148] {processor.py:161} INFO - Processing /opt/airflow/dags/listing_4_13.py took 0.146 seconds
[2023-06-11 07:38:19,309] {processor.py:153} INFO - Started process (PID=7311) to work on /opt/airflow/dags/listing_4_13.py
[2023-06-11 07:38:19,311] {processor.py:641} INFO - Processing file /opt/airflow/dags/listing_4_13.py for tasks to queue
[2023-06-11 07:38:19,313] {logging_mixin.py:115} INFO - [2023-06-11 07:38:19,313] {dagbag.py:508} INFO - Filling up the DagBag from /opt/airflow/dags/listing_4_13.py
[2023-06-11 07:38:19,325] {processor.py:651} INFO - DAG(s) dict_keys(['listing_4_13']) retrieved from /opt/airflow/dags/listing_4_13.py
[2023-06-11 07:38:19,341] {logging_mixin.py:115} INFO - [2023-06-11 07:38:19,341] {dag.py:2420} INFO - Sync 1 DAGs
[2023-06-11 07:38:19,355] {logging_mixin.py:115} INFO - [2023-06-11 07:38:19,354] {dag.py:2972} INFO - Setting next_dagrun for listing_4_13 to 2023-06-11T07:00:00+00:00, run_after=2023-06-11T08:00:00+00:00
[2023-06-11 07:38:19,361] {processor.py:161} INFO - Processing /opt/airflow/dags/listing_4_13.py took 0.054 seconds
[2023-06-11 07:38:49,771] {processor.py:153} INFO - Started process (PID=7345) to work on /opt/airflow/dags/listing_4_13.py
[2023-06-11 07:38:49,773] {processor.py:641} INFO - Processing file /opt/airflow/dags/listing_4_13.py for tasks to queue
[2023-06-11 07:38:49,777] {logging_mixin.py:115} INFO - [2023-06-11 07:38:49,777] {dagbag.py:508} INFO - Filling up the DagBag from /opt/airflow/dags/listing_4_13.py
[2023-06-11 07:38:49,792] {processor.py:651} INFO - DAG(s) dict_keys(['listing_4_13']) retrieved from /opt/airflow/dags/listing_4_13.py
[2023-06-11 07:38:49,823] {logging_mixin.py:115} INFO - [2023-06-11 07:38:49,822] {dag.py:2420} INFO - Sync 1 DAGs
[2023-06-11 07:38:49,842] {logging_mixin.py:115} INFO - [2023-06-11 07:38:49,842] {dag.py:2972} INFO - Setting next_dagrun for listing_4_13 to 2023-06-11T07:00:00+00:00, run_after=2023-06-11T08:00:00+00:00
[2023-06-11 07:38:49,862] {processor.py:161} INFO - Processing /opt/airflow/dags/listing_4_13.py took 0.094 seconds
[2023-06-11 07:39:20,047] {processor.py:153} INFO - Started process (PID=7369) to work on /opt/airflow/dags/listing_4_13.py
[2023-06-11 07:39:20,050] {processor.py:641} INFO - Processing file /opt/airflow/dags/listing_4_13.py for tasks to queue
[2023-06-11 07:39:20,053] {logging_mixin.py:115} INFO - [2023-06-11 07:39:20,053] {dagbag.py:508} INFO - Filling up the DagBag from /opt/airflow/dags/listing_4_13.py
[2023-06-11 07:39:20,074] {processor.py:651} INFO - DAG(s) dict_keys(['listing_4_13']) retrieved from /opt/airflow/dags/listing_4_13.py
[2023-06-11 07:39:20,098] {logging_mixin.py:115} INFO - [2023-06-11 07:39:20,098] {dag.py:2420} INFO - Sync 1 DAGs
[2023-06-11 07:39:20,117] {logging_mixin.py:115} INFO - [2023-06-11 07:39:20,117] {dag.py:2972} INFO - Setting next_dagrun for listing_4_13 to 2023-06-11T07:00:00+00:00, run_after=2023-06-11T08:00:00+00:00
[2023-06-11 07:39:20,125] {processor.py:161} INFO - Processing /opt/airflow/dags/listing_4_13.py took 0.080 seconds
[2023-06-11 07:39:50,320] {processor.py:153} INFO - Started process (PID=7403) to work on /opt/airflow/dags/listing_4_13.py
[2023-06-11 07:39:50,321] {processor.py:641} INFO - Processing file /opt/airflow/dags/listing_4_13.py for tasks to queue
[2023-06-11 07:39:50,323] {logging_mixin.py:115} INFO - [2023-06-11 07:39:50,323] {dagbag.py:508} INFO - Filling up the DagBag from /opt/airflow/dags/listing_4_13.py
[2023-06-11 07:39:50,335] {processor.py:651} INFO - DAG(s) dict_keys(['listing_4_13']) retrieved from /opt/airflow/dags/listing_4_13.py
[2023-06-11 07:39:50,352] {logging_mixin.py:115} INFO - [2023-06-11 07:39:50,352] {dag.py:2420} INFO - Sync 1 DAGs
[2023-06-11 07:39:50,365] {logging_mixin.py:115} INFO - [2023-06-11 07:39:50,365] {dag.py:2972} INFO - Setting next_dagrun for listing_4_13 to 2023-06-11T07:00:00+00:00, run_after=2023-06-11T08:00:00+00:00
[2023-06-11 07:39:50,372] {processor.py:161} INFO - Processing /opt/airflow/dags/listing_4_13.py took 0.055 seconds
[2023-06-11 07:40:20,588] {processor.py:153} INFO - Started process (PID=7435) to work on /opt/airflow/dags/listing_4_13.py
[2023-06-11 07:40:20,591] {processor.py:641} INFO - Processing file /opt/airflow/dags/listing_4_13.py for tasks to queue
[2023-06-11 07:40:20,592] {logging_mixin.py:115} INFO - [2023-06-11 07:40:20,592] {dagbag.py:508} INFO - Filling up the DagBag from /opt/airflow/dags/listing_4_13.py
[2023-06-11 07:40:20,604] {processor.py:651} INFO - DAG(s) dict_keys(['listing_4_13']) retrieved from /opt/airflow/dags/listing_4_13.py
[2023-06-11 07:40:20,625] {logging_mixin.py:115} INFO - [2023-06-11 07:40:20,625] {dag.py:2420} INFO - Sync 1 DAGs
[2023-06-11 07:40:20,642] {logging_mixin.py:115} INFO - [2023-06-11 07:40:20,641] {dag.py:2972} INFO - Setting next_dagrun for listing_4_13 to 2023-06-11T07:00:00+00:00, run_after=2023-06-11T08:00:00+00:00
[2023-06-11 07:40:20,650] {processor.py:161} INFO - Processing /opt/airflow/dags/listing_4_13.py took 0.064 seconds
[2023-06-11 07:40:50,868] {processor.py:153} INFO - Started process (PID=7468) to work on /opt/airflow/dags/listing_4_13.py
[2023-06-11 07:40:50,870] {processor.py:641} INFO - Processing file /opt/airflow/dags/listing_4_13.py for tasks to queue
[2023-06-11 07:40:50,872] {logging_mixin.py:115} INFO - [2023-06-11 07:40:50,872] {dagbag.py:508} INFO - Filling up the DagBag from /opt/airflow/dags/listing_4_13.py
[2023-06-11 07:40:50,882] {processor.py:651} INFO - DAG(s) dict_keys(['listing_4_13']) retrieved from /opt/airflow/dags/listing_4_13.py
[2023-06-11 07:40:50,904] {logging_mixin.py:115} INFO - [2023-06-11 07:40:50,904] {dag.py:2420} INFO - Sync 1 DAGs
[2023-06-11 07:40:50,918] {logging_mixin.py:115} INFO - [2023-06-11 07:40:50,918] {dag.py:2972} INFO - Setting next_dagrun for listing_4_13 to 2023-06-11T07:00:00+00:00, run_after=2023-06-11T08:00:00+00:00
[2023-06-11 07:40:50,926] {processor.py:161} INFO - Processing /opt/airflow/dags/listing_4_13.py took 0.060 seconds
