[2023-06-11 07:36:01,852] {processor.py:153} INFO - Started process (PID=7168) to work on /opt/airflow/dags/listing_4_15.py
[2023-06-11 07:36:01,854] {processor.py:641} INFO - Processing file /opt/airflow/dags/listing_4_15.py for tasks to queue
[2023-06-11 07:36:01,857] {logging_mixin.py:115} INFO - [2023-06-11 07:36:01,856] {dagbag.py:508} INFO - Filling up the DagBag from /opt/airflow/dags/listing_4_15.py
[2023-06-11 07:36:01,881] {processor.py:651} INFO - DAG(s) dict_keys(['listing_4_15']) retrieved from /opt/airflow/dags/listing_4_15.py
[2023-06-11 07:36:01,997] {logging_mixin.py:115} INFO - [2023-06-11 07:36:01,997] {manager.py:508} INFO - Created Permission View: can delete on DAG:listing_4_15
[2023-06-11 07:36:02,005] {logging_mixin.py:115} INFO - [2023-06-11 07:36:02,005] {manager.py:508} INFO - Created Permission View: can read on DAG:listing_4_15
[2023-06-11 07:36:02,010] {logging_mixin.py:115} INFO - [2023-06-11 07:36:02,010] {manager.py:508} INFO - Created Permission View: can edit on DAG:listing_4_15
[2023-06-11 07:36:02,011] {logging_mixin.py:115} INFO - [2023-06-11 07:36:02,011] {dag.py:2420} INFO - Sync 1 DAGs
[2023-06-11 07:36:02,016] {logging_mixin.py:115} INFO - [2023-06-11 07:36:02,016] {dag.py:2439} INFO - Creating ORM DAG for listing_4_15
[2023-06-11 07:36:02,024] {logging_mixin.py:115} INFO - [2023-06-11 07:36:02,023] {dag.py:2972} INFO - Setting next_dagrun for listing_4_15 to 2023-06-10T00:00:00+00:00, run_after=2023-06-10T01:00:00+00:00
[2023-06-11 07:36:02,033] {processor.py:161} INFO - Processing /opt/airflow/dags/listing_4_15.py took 0.183 seconds
[2023-06-11 07:36:32,325] {processor.py:153} INFO - Started process (PID=7200) to work on /opt/airflow/dags/listing_4_15.py
[2023-06-11 07:36:32,329] {processor.py:641} INFO - Processing file /opt/airflow/dags/listing_4_15.py for tasks to queue
[2023-06-11 07:36:32,332] {logging_mixin.py:115} INFO - [2023-06-11 07:36:32,332] {dagbag.py:508} INFO - Filling up the DagBag from /opt/airflow/dags/listing_4_15.py
[2023-06-11 07:36:32,351] {processor.py:651} INFO - DAG(s) dict_keys(['listing_4_15']) retrieved from /opt/airflow/dags/listing_4_15.py
[2023-06-11 07:36:32,375] {logging_mixin.py:115} INFO - [2023-06-11 07:36:32,375] {dag.py:2420} INFO - Sync 1 DAGs
[2023-06-11 07:36:32,393] {logging_mixin.py:115} INFO - [2023-06-11 07:36:32,393] {dag.py:2972} INFO - Setting next_dagrun for listing_4_15 to 2023-06-10T00:00:00+00:00, run_after=2023-06-10T01:00:00+00:00
[2023-06-11 07:36:32,404] {processor.py:161} INFO - Processing /opt/airflow/dags/listing_4_15.py took 0.085 seconds
[2023-06-11 07:37:02,597] {processor.py:153} INFO - Started process (PID=7232) to work on /opt/airflow/dags/listing_4_15.py
[2023-06-11 07:37:02,598] {processor.py:641} INFO - Processing file /opt/airflow/dags/listing_4_15.py for tasks to queue
[2023-06-11 07:37:02,601] {logging_mixin.py:115} INFO - [2023-06-11 07:37:02,601] {dagbag.py:508} INFO - Filling up the DagBag from /opt/airflow/dags/listing_4_15.py
[2023-06-11 07:37:02,614] {processor.py:651} INFO - DAG(s) dict_keys(['listing_4_15']) retrieved from /opt/airflow/dags/listing_4_15.py
[2023-06-11 07:37:02,632] {logging_mixin.py:115} INFO - [2023-06-11 07:37:02,631] {dag.py:2420} INFO - Sync 1 DAGs
[2023-06-11 07:37:02,644] {logging_mixin.py:115} INFO - [2023-06-11 07:37:02,644] {dag.py:2972} INFO - Setting next_dagrun for listing_4_15 to 2023-06-10T00:00:00+00:00, run_after=2023-06-10T01:00:00+00:00
[2023-06-11 07:37:02,651] {processor.py:161} INFO - Processing /opt/airflow/dags/listing_4_15.py took 0.058 seconds
[2023-06-11 07:37:32,886] {processor.py:153} INFO - Started process (PID=7265) to work on /opt/airflow/dags/listing_4_15.py
[2023-06-11 07:37:32,888] {processor.py:641} INFO - Processing file /opt/airflow/dags/listing_4_15.py for tasks to queue
[2023-06-11 07:37:32,890] {logging_mixin.py:115} INFO - [2023-06-11 07:37:32,890] {dagbag.py:508} INFO - Filling up the DagBag from /opt/airflow/dags/listing_4_15.py
[2023-06-11 07:37:32,904] {processor.py:651} INFO - DAG(s) dict_keys(['listing_4_15']) retrieved from /opt/airflow/dags/listing_4_15.py
[2023-06-11 07:37:32,927] {logging_mixin.py:115} INFO - [2023-06-11 07:37:32,927] {dag.py:2420} INFO - Sync 1 DAGs
[2023-06-11 07:37:32,949] {logging_mixin.py:115} INFO - [2023-06-11 07:37:32,948] {dag.py:2972} INFO - Setting next_dagrun for listing_4_15 to 2023-06-10T00:00:00+00:00, run_after=2023-06-10T01:00:00+00:00
[2023-06-11 07:37:32,962] {processor.py:161} INFO - Processing /opt/airflow/dags/listing_4_15.py took 0.079 seconds
[2023-06-11 07:38:03,162] {processor.py:153} INFO - Started process (PID=7291) to work on /opt/airflow/dags/listing_4_15.py
[2023-06-11 07:38:03,166] {processor.py:641} INFO - Processing file /opt/airflow/dags/listing_4_15.py for tasks to queue
[2023-06-11 07:38:03,168] {logging_mixin.py:115} INFO - [2023-06-11 07:38:03,168] {dagbag.py:508} INFO - Filling up the DagBag from /opt/airflow/dags/listing_4_15.py
[2023-06-11 07:38:03,185] {processor.py:651} INFO - DAG(s) dict_keys(['listing_4_15']) retrieved from /opt/airflow/dags/listing_4_15.py
[2023-06-11 07:38:03,204] {logging_mixin.py:115} INFO - [2023-06-11 07:38:03,204] {dag.py:2420} INFO - Sync 1 DAGs
[2023-06-11 07:38:03,217] {logging_mixin.py:115} INFO - [2023-06-11 07:38:03,217] {dag.py:2972} INFO - Setting next_dagrun for listing_4_15 to 2023-06-10T00:00:00+00:00, run_after=2023-06-10T01:00:00+00:00
[2023-06-11 07:38:03,225] {processor.py:161} INFO - Processing /opt/airflow/dags/listing_4_15.py took 0.067 seconds
[2023-06-11 07:38:33,719] {processor.py:153} INFO - Started process (PID=7326) to work on /opt/airflow/dags/listing_4_15.py
[2023-06-11 07:38:33,721] {processor.py:641} INFO - Processing file /opt/airflow/dags/listing_4_15.py for tasks to queue
[2023-06-11 07:38:33,723] {logging_mixin.py:115} INFO - [2023-06-11 07:38:33,723] {dagbag.py:508} INFO - Filling up the DagBag from /opt/airflow/dags/listing_4_15.py
[2023-06-11 07:38:33,734] {processor.py:651} INFO - DAG(s) dict_keys(['listing_4_15']) retrieved from /opt/airflow/dags/listing_4_15.py
[2023-06-11 07:38:33,752] {logging_mixin.py:115} INFO - [2023-06-11 07:38:33,752] {dag.py:2420} INFO - Sync 1 DAGs
[2023-06-11 07:38:33,771] {processor.py:161} INFO - Processing /opt/airflow/dags/listing_4_15.py took 0.054 seconds
[2023-06-11 07:39:03,995] {processor.py:153} INFO - Started process (PID=7359) to work on /opt/airflow/dags/listing_4_15.py
[2023-06-11 07:39:03,998] {processor.py:641} INFO - Processing file /opt/airflow/dags/listing_4_15.py for tasks to queue
[2023-06-11 07:39:03,999] {logging_mixin.py:115} INFO - [2023-06-11 07:39:03,999] {dagbag.py:508} INFO - Filling up the DagBag from /opt/airflow/dags/listing_4_15.py
[2023-06-11 07:39:04,013] {processor.py:651} INFO - DAG(s) dict_keys(['listing_4_15']) retrieved from /opt/airflow/dags/listing_4_15.py
[2023-06-11 07:39:04,035] {logging_mixin.py:115} INFO - [2023-06-11 07:39:04,035] {dag.py:2420} INFO - Sync 1 DAGs
[2023-06-11 07:39:04,052] {logging_mixin.py:115} INFO - [2023-06-11 07:39:04,052] {dag.py:2972} INFO - Setting next_dagrun for listing_4_15 to 2023-06-10T02:00:00+00:00, run_after=2023-06-10T03:00:00+00:00
[2023-06-11 07:39:04,063] {processor.py:161} INFO - Processing /opt/airflow/dags/listing_4_15.py took 0.070 seconds
[2023-06-11 07:39:34,261] {processor.py:153} INFO - Started process (PID=7393) to work on /opt/airflow/dags/listing_4_15.py
[2023-06-11 07:39:34,264] {processor.py:641} INFO - Processing file /opt/airflow/dags/listing_4_15.py for tasks to queue
[2023-06-11 07:39:34,267] {logging_mixin.py:115} INFO - [2023-06-11 07:39:34,267] {dagbag.py:508} INFO - Filling up the DagBag from /opt/airflow/dags/listing_4_15.py
[2023-06-11 07:39:34,291] {processor.py:651} INFO - DAG(s) dict_keys(['listing_4_15']) retrieved from /opt/airflow/dags/listing_4_15.py
[2023-06-11 07:39:34,327] {logging_mixin.py:115} INFO - [2023-06-11 07:39:34,327] {dag.py:2420} INFO - Sync 1 DAGs
[2023-06-11 07:39:34,367] {processor.py:161} INFO - Processing /opt/airflow/dags/listing_4_15.py took 0.109 seconds
[2023-06-11 07:40:04,531] {processor.py:153} INFO - Started process (PID=7417) to work on /opt/airflow/dags/listing_4_15.py
[2023-06-11 07:40:04,533] {processor.py:641} INFO - Processing file /opt/airflow/dags/listing_4_15.py for tasks to queue
[2023-06-11 07:40:04,535] {logging_mixin.py:115} INFO - [2023-06-11 07:40:04,535] {dagbag.py:508} INFO - Filling up the DagBag from /opt/airflow/dags/listing_4_15.py
[2023-06-11 07:40:04,547] {processor.py:651} INFO - DAG(s) dict_keys(['listing_4_15']) retrieved from /opt/airflow/dags/listing_4_15.py
[2023-06-11 07:40:04,567] {logging_mixin.py:115} INFO - [2023-06-11 07:40:04,567] {dag.py:2420} INFO - Sync 1 DAGs
[2023-06-11 07:40:04,585] {processor.py:161} INFO - Processing /opt/airflow/dags/listing_4_15.py took 0.056 seconds
[2023-06-11 07:40:34,829] {processor.py:153} INFO - Started process (PID=7449) to work on /opt/airflow/dags/listing_4_15.py
[2023-06-11 07:40:34,831] {processor.py:641} INFO - Processing file /opt/airflow/dags/listing_4_15.py for tasks to queue
[2023-06-11 07:40:34,833] {logging_mixin.py:115} INFO - [2023-06-11 07:40:34,833] {dagbag.py:508} INFO - Filling up the DagBag from /opt/airflow/dags/listing_4_15.py
[2023-06-11 07:40:34,849] {processor.py:651} INFO - DAG(s) dict_keys(['listing_4_15']) retrieved from /opt/airflow/dags/listing_4_15.py
[2023-06-11 07:40:34,869] {logging_mixin.py:115} INFO - [2023-06-11 07:40:34,869] {dag.py:2420} INFO - Sync 1 DAGs
[2023-06-11 07:40:34,887] {processor.py:161} INFO - Processing /opt/airflow/dags/listing_4_15.py took 0.062 seconds
[2023-06-11 07:41:05,090] {processor.py:153} INFO - Started process (PID=7482) to work on /opt/airflow/dags/listing_4_15.py
[2023-06-11 07:41:05,093] {processor.py:641} INFO - Processing file /opt/airflow/dags/listing_4_15.py for tasks to queue
[2023-06-11 07:41:05,095] {logging_mixin.py:115} INFO - [2023-06-11 07:41:05,095] {dagbag.py:508} INFO - Filling up the DagBag from /opt/airflow/dags/listing_4_15.py
[2023-06-11 07:41:05,111] {processor.py:651} INFO - DAG(s) dict_keys(['listing_4_15']) retrieved from /opt/airflow/dags/listing_4_15.py
[2023-06-11 07:41:05,130] {logging_mixin.py:115} INFO - [2023-06-11 07:41:05,130] {dag.py:2420} INFO - Sync 1 DAGs
[2023-06-11 07:41:05,148] {processor.py:161} INFO - Processing /opt/airflow/dags/listing_4_15.py took 0.062 seconds
