[2023-06-11 07:40:21,945] {taskinstance.py:1179} INFO - Dependencies all met for <TaskInstance: listing_4_15.fetch_pageviews scheduled__2023-06-10T05:00:00+00:00 [queued]>
[2023-06-11 07:40:21,952] {taskinstance.py:1179} INFO - Dependencies all met for <TaskInstance: listing_4_15.fetch_pageviews scheduled__2023-06-10T05:00:00+00:00 [queued]>
[2023-06-11 07:40:21,953] {taskinstance.py:1376} INFO - 
--------------------------------------------------------------------------------
[2023-06-11 07:40:21,954] {taskinstance.py:1377} INFO - Starting attempt 1 of 1
[2023-06-11 07:40:21,956] {taskinstance.py:1378} INFO - 
--------------------------------------------------------------------------------
[2023-06-11 07:40:21,963] {taskinstance.py:1397} INFO - Executing <Task(PythonOperator): fetch_pageviews> on 2023-06-10 05:00:00+00:00
[2023-06-11 07:40:21,967] {standard_task_runner.py:52} INFO - Started process 89431 to run task
[2023-06-11 07:40:21,971] {standard_task_runner.py:79} INFO - Running: ['***', 'tasks', 'run', 'listing_4_15', 'fetch_pageviews', 'scheduled__2023-06-10T05:00:00+00:00', '--job-id', '134', '--raw', '--subdir', 'DAGS_FOLDER/listing_4_15.py', '--cfg-path', '/tmp/tmpe0z1k7cj', '--error-file', '/tmp/tmpqznl4xiu']
[2023-06-11 07:40:21,972] {standard_task_runner.py:80} INFO - Job 134: Subtask fetch_pageviews
[2023-06-11 07:40:22,017] {task_command.py:371} INFO - Running <TaskInstance: listing_4_15.fetch_pageviews scheduled__2023-06-10T05:00:00+00:00 [running]> on host fd847b0d0eb3
[2023-06-11 07:40:22,059] {taskinstance.py:1591} INFO - Exporting the following env vars:
AIRFLOW_CTX_DAG_OWNER=***
AIRFLOW_CTX_DAG_ID=listing_4_15
AIRFLOW_CTX_TASK_ID=fetch_pageviews
AIRFLOW_CTX_EXECUTION_DATE=2023-06-10T05:00:00+00:00
AIRFLOW_CTX_TRY_NUMBER=1
AIRFLOW_CTX_DAG_RUN_ID=scheduled__2023-06-10T05:00:00+00:00
[2023-06-11 07:40:23,241] {logging_mixin.py:115} INFO - {'Google': '615', 'Amazon': '32', 'Apple': '44', 'Microsoft': '116', 'Facebook': '618'}
[2023-06-11 07:40:23,243] {python.py:173} INFO - Done. Returned value was: None
[2023-06-11 07:40:23,254] {taskinstance.py:1420} INFO - Marking task as SUCCESS. dag_id=listing_4_15, task_id=fetch_pageviews, execution_date=20230610T050000, start_date=20230611T074021, end_date=20230611T074023
[2023-06-11 07:40:23,299] {local_task_job.py:156} INFO - Task exited with return code 0
[2023-06-11 07:40:23,322] {local_task_job.py:273} INFO - 0 downstream tasks scheduled from follow-on schedule check
