[2023-06-11 07:39:40,440] {taskinstance.py:1179} INFO - Dependencies all met for <TaskInstance: listing_4_15.extract_gz scheduled__2023-06-10T03:00:00+00:00 [queued]>
[2023-06-11 07:39:40,447] {taskinstance.py:1179} INFO - Dependencies all met for <TaskInstance: listing_4_15.extract_gz scheduled__2023-06-10T03:00:00+00:00 [queued]>
[2023-06-11 07:39:40,448] {taskinstance.py:1376} INFO - 
--------------------------------------------------------------------------------
[2023-06-11 07:39:40,449] {taskinstance.py:1377} INFO - Starting attempt 1 of 1
[2023-06-11 07:39:40,450] {taskinstance.py:1378} INFO - 
--------------------------------------------------------------------------------
[2023-06-11 07:39:40,458] {taskinstance.py:1397} INFO - Executing <Task(BashOperator): extract_gz> on 2023-06-10 03:00:00+00:00
[2023-06-11 07:39:40,462] {standard_task_runner.py:52} INFO - Started process 88953 to run task
[2023-06-11 07:39:40,464] {standard_task_runner.py:79} INFO - Running: ['***', 'tasks', 'run', 'listing_4_15', 'extract_gz', 'scheduled__2023-06-10T03:00:00+00:00', '--job-id', '127', '--raw', '--subdir', 'DAGS_FOLDER/listing_4_15.py', '--cfg-path', '/tmp/tmp3_egpgx6', '--error-file', '/tmp/tmp953oefvf']
[2023-06-11 07:39:40,465] {standard_task_runner.py:80} INFO - Job 127: Subtask extract_gz
[2023-06-11 07:39:40,508] {task_command.py:371} INFO - Running <TaskInstance: listing_4_15.extract_gz scheduled__2023-06-10T03:00:00+00:00 [running]> on host fd847b0d0eb3
[2023-06-11 07:39:40,550] {taskinstance.py:1591} INFO - Exporting the following env vars:
AIRFLOW_CTX_DAG_OWNER=***
AIRFLOW_CTX_DAG_ID=listing_4_15
AIRFLOW_CTX_TASK_ID=extract_gz
AIRFLOW_CTX_EXECUTION_DATE=2023-06-10T03:00:00+00:00
AIRFLOW_CTX_TRY_NUMBER=1
AIRFLOW_CTX_DAG_RUN_ID=scheduled__2023-06-10T03:00:00+00:00
[2023-06-11 07:39:40,551] {subprocess.py:62} INFO - Tmp dir root location: 
 /tmp
[2023-06-11 07:39:40,552] {subprocess.py:74} INFO - Running command: ['bash', '-c', 'gunzip --force /opt/***/data/wikipageviews.gz']
[2023-06-11 07:39:40,561] {subprocess.py:85} INFO - Output:
[2023-06-11 07:39:41,610] {subprocess.py:96} INFO - Command exited with return code 0
[2023-06-11 07:39:41,632] {taskinstance.py:1420} INFO - Marking task as SUCCESS. dag_id=listing_4_15, task_id=extract_gz, execution_date=20230610T030000, start_date=20230611T073940, end_date=20230611T073941
[2023-06-11 07:39:41,670] {local_task_job.py:156} INFO - Task exited with return code 0
[2023-06-11 07:39:41,694] {local_task_job.py:273} INFO - 1 downstream tasks scheduled from follow-on schedule check
