[2023-06-10 16:49:56,005] {taskinstance.py:1179} INFO - Dependencies all met for <TaskInstance: download_rocket_launches.download_launches scheduled__2023-06-01T00:00:00+00:00 [queued]>
[2023-06-10 16:49:56,015] {taskinstance.py:1179} INFO - Dependencies all met for <TaskInstance: download_rocket_launches.download_launches scheduled__2023-06-01T00:00:00+00:00 [queued]>
[2023-06-10 16:49:56,017] {taskinstance.py:1376} INFO - 
--------------------------------------------------------------------------------
[2023-06-10 16:49:56,018] {taskinstance.py:1377} INFO - Starting attempt 1 of 1
[2023-06-10 16:49:56,020] {taskinstance.py:1378} INFO - 
--------------------------------------------------------------------------------
[2023-06-10 16:49:56,032] {taskinstance.py:1397} INFO - Executing <Task(BashOperator): download_launches> on 2023-06-01 00:00:00+00:00
[2023-06-10 16:49:56,037] {standard_task_runner.py:52} INFO - Started process 82 to run task
[2023-06-10 16:49:56,040] {standard_task_runner.py:79} INFO - Running: ['***', 'tasks', 'run', 'download_rocket_launches', 'download_launches', 'scheduled__2023-06-01T00:00:00+00:00', '--job-id', '24', '--raw', '--subdir', 'DAGS_FOLDER/download_rocket_launches.py', '--cfg-path', '/tmp/tmpaqxyi42x', '--error-file', '/tmp/tmpv0i8_8lc']
[2023-06-10 16:49:56,042] {standard_task_runner.py:80} INFO - Job 24: Subtask download_launches
[2023-06-10 16:49:56,109] {task_command.py:371} INFO - Running <TaskInstance: download_rocket_launches.download_launches scheduled__2023-06-01T00:00:00+00:00 [running]> on host fd847b0d0eb3
[2023-06-10 16:49:56,177] {taskinstance.py:1591} INFO - Exporting the following env vars:
AIRFLOW_CTX_DAG_OWNER=***
AIRFLOW_CTX_DAG_ID=download_rocket_launches
AIRFLOW_CTX_TASK_ID=download_launches
AIRFLOW_CTX_EXECUTION_DATE=2023-06-01T00:00:00+00:00
AIRFLOW_CTX_TRY_NUMBER=1
AIRFLOW_CTX_DAG_RUN_ID=scheduled__2023-06-01T00:00:00+00:00
[2023-06-10 16:49:56,179] {subprocess.py:62} INFO - Tmp dir root location: 
 /tmp
[2023-06-10 16:49:56,182] {subprocess.py:74} INFO - Running command: ['bash', '-c', "curl -o /tmp/launches.json -L 'https://ll.thespacedevs.com/2.0.0/launch/upcoming'"]
[2023-06-10 16:49:56,194] {subprocess.py:85} INFO - Output:
[2023-06-10 16:49:56,201] {subprocess.py:92} INFO -   % Total    % Received % Xferd  Average Speed   Time    Time     Time  Current
[2023-06-10 16:49:56,203] {subprocess.py:92} INFO -                                  Dload  Upload   Total   Spent    Left  Speed
[2023-06-10 16:49:56,862] {subprocess.py:92} INFO -   0     0    0     0    0     0      0      0 --:--:-- --:--:-- --:--:--     0  0     0    0     0    0     0      0      0 --:--:-- --:--:-- --:--:--     0  0     0    0     0    0     0      0      0 --:--:-- --:--:-- --:--:--     0
[2023-06-10 16:49:58,285] {subprocess.py:92} INFO -   0     0    0     0    0     0      0      0 --:--:--  0:00:01 --:--:--     0100 22256  100 22256    0     0  10684      0  0:00:02  0:00:02 --:--:-- 52739
[2023-06-10 16:49:58,287] {subprocess.py:96} INFO - Command exited with return code 0
[2023-06-10 16:49:58,308] {taskinstance.py:1420} INFO - Marking task as SUCCESS. dag_id=download_rocket_launches, task_id=download_launches, execution_date=20230601T000000, start_date=20230610T164956, end_date=20230610T164958
[2023-06-10 16:49:58,351] {local_task_job.py:156} INFO - Task exited with return code 0
[2023-06-10 16:49:58,431] {local_task_job.py:273} INFO - 0 downstream tasks scheduled from follow-on schedule check
