[2023-06-10 16:49:55,859] {taskinstance.py:1179} INFO - Dependencies all met for <TaskInstance: download_rocket_launches.download_launches scheduled__2023-05-31T00:00:00+00:00 [queued]>
[2023-06-10 16:49:55,870] {taskinstance.py:1179} INFO - Dependencies all met for <TaskInstance: download_rocket_launches.download_launches scheduled__2023-05-31T00:00:00+00:00 [queued]>
[2023-06-10 16:49:55,871] {taskinstance.py:1376} INFO - 
--------------------------------------------------------------------------------
[2023-06-10 16:49:55,874] {taskinstance.py:1377} INFO - Starting attempt 1 of 1
[2023-06-10 16:49:55,877] {taskinstance.py:1378} INFO - 
--------------------------------------------------------------------------------
[2023-06-10 16:49:55,890] {taskinstance.py:1397} INFO - Executing <Task(BashOperator): download_launches> on 2023-05-31 00:00:00+00:00
[2023-06-10 16:49:55,895] {standard_task_runner.py:52} INFO - Started process 79 to run task
[2023-06-10 16:49:55,898] {standard_task_runner.py:79} INFO - Running: ['***', 'tasks', 'run', 'download_rocket_launches', 'download_launches', 'scheduled__2023-05-31T00:00:00+00:00', '--job-id', '23', '--raw', '--subdir', 'DAGS_FOLDER/download_rocket_launches.py', '--cfg-path', '/tmp/tmp5bw2288w', '--error-file', '/tmp/tmpm1bm7mvj']
[2023-06-10 16:49:55,900] {standard_task_runner.py:80} INFO - Job 23: Subtask download_launches
[2023-06-10 16:49:55,966] {task_command.py:371} INFO - Running <TaskInstance: download_rocket_launches.download_launches scheduled__2023-05-31T00:00:00+00:00 [running]> on host fd847b0d0eb3
[2023-06-10 16:49:56,031] {taskinstance.py:1591} INFO - Exporting the following env vars:
AIRFLOW_CTX_DAG_OWNER=***
AIRFLOW_CTX_DAG_ID=download_rocket_launches
AIRFLOW_CTX_TASK_ID=download_launches
AIRFLOW_CTX_EXECUTION_DATE=2023-05-31T00:00:00+00:00
AIRFLOW_CTX_TRY_NUMBER=1
AIRFLOW_CTX_DAG_RUN_ID=scheduled__2023-05-31T00:00:00+00:00
[2023-06-10 16:49:56,034] {subprocess.py:62} INFO - Tmp dir root location: 
 /tmp
[2023-06-10 16:49:56,037] {subprocess.py:74} INFO - Running command: ['bash', '-c', "curl -o /tmp/launches.json -L 'https://ll.thespacedevs.com/2.0.0/launch/upcoming'"]
[2023-06-10 16:49:56,051] {subprocess.py:85} INFO - Output:
[2023-06-10 16:49:56,057] {subprocess.py:92} INFO -   % Total    % Received % Xferd  Average Speed   Time    Time     Time  Current
[2023-06-10 16:49:56,059] {subprocess.py:92} INFO -                                  Dload  Upload   Total   Spent    Left  Speed
[2023-06-10 16:49:56,778] {subprocess.py:92} INFO -   0     0    0     0    0     0      0      0 --:--:-- --:--:-- --:--:--     0  0     0    0     0    0     0      0      0 --:--:-- --:--:-- --:--:--     0  0     0    0     0    0     0      0      0 --:--:-- --:--:-- --:--:--     0
[2023-06-10 16:49:57,637] {subprocess.py:92} INFO -  23 22256   23  5123    0     0   3385      0  0:00:06  0:00:01  0:00:05  3385100 22256  100 22256    0     0  14086      0  0:00:01  0:00:01 --:--:--  249k
[2023-06-10 16:49:57,639] {subprocess.py:96} INFO - Command exited with return code 0
[2023-06-10 16:49:57,664] {taskinstance.py:1420} INFO - Marking task as SUCCESS. dag_id=download_rocket_launches, task_id=download_launches, execution_date=20230531T000000, start_date=20230610T164955, end_date=20230610T164957
[2023-06-10 16:49:57,686] {local_task_job.py:156} INFO - Task exited with return code 0
[2023-06-10 16:49:57,721] {local_task_job.py:273} INFO - 1 downstream tasks scheduled from follow-on schedule check
