[2023-06-10 16:50:18,333] {taskinstance.py:1179} INFO - Dependencies all met for <TaskInstance: download_rocket_launches.notify manual__2023-06-10T16:50:00.213039+00:00 [queued]>
[2023-06-10 16:50:18,341] {taskinstance.py:1179} INFO - Dependencies all met for <TaskInstance: download_rocket_launches.notify manual__2023-06-10T16:50:00.213039+00:00 [queued]>
[2023-06-10 16:50:18,343] {taskinstance.py:1376} INFO - 
--------------------------------------------------------------------------------
[2023-06-10 16:50:18,344] {taskinstance.py:1377} INFO - Starting attempt 1 of 1
[2023-06-10 16:50:18,345] {taskinstance.py:1378} INFO - 
--------------------------------------------------------------------------------
[2023-06-10 16:50:18,353] {taskinstance.py:1397} INFO - Executing <Task(BashOperator): notify> on 2023-06-10 16:50:00.213039+00:00
[2023-06-10 16:50:18,356] {standard_task_runner.py:52} INFO - Started process 256 to run task
[2023-06-10 16:50:18,359] {standard_task_runner.py:79} INFO - Running: ['***', 'tasks', 'run', 'download_rocket_launches', 'notify', 'manual__2023-06-10T16:50:00.213039+00:00', '--job-id', '63', '--raw', '--subdir', 'DAGS_FOLDER/download_rocket_launches.py', '--cfg-path', '/tmp/tmpggdms9rh', '--error-file', '/tmp/tmp157ov6gx']
[2023-06-10 16:50:18,359] {standard_task_runner.py:80} INFO - Job 63: Subtask notify
[2023-06-10 16:50:18,404] {task_command.py:371} INFO - Running <TaskInstance: download_rocket_launches.notify manual__2023-06-10T16:50:00.213039+00:00 [running]> on host fd847b0d0eb3
[2023-06-10 16:50:18,449] {taskinstance.py:1591} INFO - Exporting the following env vars:
AIRFLOW_CTX_DAG_OWNER=***
AIRFLOW_CTX_DAG_ID=download_rocket_launches
AIRFLOW_CTX_TASK_ID=notify
AIRFLOW_CTX_EXECUTION_DATE=2023-06-10T16:50:00.213039+00:00
AIRFLOW_CTX_TRY_NUMBER=1
AIRFLOW_CTX_DAG_RUN_ID=manual__2023-06-10T16:50:00.213039+00:00
[2023-06-10 16:50:18,451] {subprocess.py:62} INFO - Tmp dir root location: 
 /tmp
[2023-06-10 16:50:18,452] {subprocess.py:74} INFO - Running command: ['bash', '-c', 'echo "There are now $(ls /tmp/images/ | wc -l) images."']
[2023-06-10 16:50:18,461] {subprocess.py:85} INFO - Output:
[2023-06-10 16:50:18,465] {subprocess.py:92} INFO - There are now 9 images.
[2023-06-10 16:50:18,466] {subprocess.py:96} INFO - Command exited with return code 0
[2023-06-10 16:50:18,488] {taskinstance.py:1420} INFO - Marking task as SUCCESS. dag_id=download_rocket_launches, task_id=notify, execution_date=20230610T165000, start_date=20230610T165018, end_date=20230610T165018
[2023-06-10 16:50:18,536] {local_task_job.py:156} INFO - Task exited with return code 0
[2023-06-10 16:50:18,559] {local_task_job.py:273} INFO - 0 downstream tasks scheduled from follow-on schedule check
