[2023-06-11 07:40:20,015] {taskinstance.py:1179} INFO - Dependencies all met for <TaskInstance: listing_4_15.extract_gz scheduled__2023-06-10T05:00:00+00:00 [queued]>
[2023-06-11 07:40:20,023] {taskinstance.py:1179} INFO - Dependencies all met for <TaskInstance: listing_4_15.extract_gz scheduled__2023-06-10T05:00:00+00:00 [queued]>
[2023-06-11 07:40:20,024] {taskinstance.py:1376} INFO - 
--------------------------------------------------------------------------------
[2023-06-11 07:40:20,025] {taskinstance.py:1377} INFO - Starting attempt 1 of 1
[2023-06-11 07:40:20,026] {taskinstance.py:1378} INFO - 
--------------------------------------------------------------------------------
[2023-06-11 07:40:20,034] {taskinstance.py:1397} INFO - Executing <Task(BashOperator): extract_gz> on 2023-06-10 05:00:00+00:00
[2023-06-11 07:40:20,038] {standard_task_runner.py:52} INFO - Started process 89406 to run task
[2023-06-11 07:40:20,040] {standard_task_runner.py:79} INFO - Running: ['***', 'tasks', 'run', 'listing_4_15', 'extract_gz', 'scheduled__2023-06-10T05:00:00+00:00', '--job-id', '133', '--raw', '--subdir', 'DAGS_FOLDER/listing_4_15.py', '--cfg-path', '/tmp/tmp_3kmb56v', '--error-file', '/tmp/tmp0wkda0ts']
[2023-06-11 07:40:20,041] {standard_task_runner.py:80} INFO - Job 133: Subtask extract_gz
[2023-06-11 07:40:20,087] {task_command.py:371} INFO - Running <TaskInstance: listing_4_15.extract_gz scheduled__2023-06-10T05:00:00+00:00 [running]> on host fd847b0d0eb3
[2023-06-11 07:40:20,132] {taskinstance.py:1591} INFO - Exporting the following env vars:
AIRFLOW_CTX_DAG_OWNER=***
AIRFLOW_CTX_DAG_ID=listing_4_15
AIRFLOW_CTX_TASK_ID=extract_gz
AIRFLOW_CTX_EXECUTION_DATE=2023-06-10T05:00:00+00:00
AIRFLOW_CTX_TRY_NUMBER=1
AIRFLOW_CTX_DAG_RUN_ID=scheduled__2023-06-10T05:00:00+00:00
[2023-06-11 07:40:20,134] {subprocess.py:62} INFO - Tmp dir root location: 
 /tmp
[2023-06-11 07:40:20,136] {subprocess.py:74} INFO - Running command: ['bash', '-c', 'gunzip --force /opt/***/data/wikipageviews.gz']
[2023-06-11 07:40:20,147] {subprocess.py:85} INFO - Output:
[2023-06-11 07:40:21,249] {subprocess.py:96} INFO - Command exited with return code 0
[2023-06-11 07:40:21,273] {taskinstance.py:1420} INFO - Marking task as SUCCESS. dag_id=listing_4_15, task_id=extract_gz, execution_date=20230610T050000, start_date=20230611T074020, end_date=20230611T074021
[2023-06-11 07:40:21,301] {local_task_job.py:156} INFO - Task exited with return code 0
[2023-06-11 07:40:21,324] {local_task_job.py:273} INFO - 1 downstream tasks scheduled from follow-on schedule check
