[2023-06-11 07:40:36,037] {taskinstance.py:1179} INFO - Dependencies all met for <TaskInstance: listing_4_15.extract_gz scheduled__2023-06-10T06:00:00+00:00 [queued]>
[2023-06-11 07:40:36,044] {taskinstance.py:1179} INFO - Dependencies all met for <TaskInstance: listing_4_15.extract_gz scheduled__2023-06-10T06:00:00+00:00 [queued]>
[2023-06-11 07:40:36,045] {taskinstance.py:1376} INFO - 
--------------------------------------------------------------------------------
[2023-06-11 07:40:36,046] {taskinstance.py:1377} INFO - Starting attempt 1 of 1
[2023-06-11 07:40:36,047] {taskinstance.py:1378} INFO - 
--------------------------------------------------------------------------------
[2023-06-11 07:40:36,055] {taskinstance.py:1397} INFO - Executing <Task(BashOperator): extract_gz> on 2023-06-10 06:00:00+00:00
[2023-06-11 07:40:36,059] {standard_task_runner.py:52} INFO - Started process 89585 to run task
[2023-06-11 07:40:36,062] {standard_task_runner.py:79} INFO - Running: ['***', 'tasks', 'run', 'listing_4_15', 'extract_gz', 'scheduled__2023-06-10T06:00:00+00:00', '--job-id', '136', '--raw', '--subdir', 'DAGS_FOLDER/listing_4_15.py', '--cfg-path', '/tmp/tmp31zvxdu8', '--error-file', '/tmp/tmpw1ak6dt7']
[2023-06-11 07:40:36,063] {standard_task_runner.py:80} INFO - Job 136: Subtask extract_gz
[2023-06-11 07:40:36,109] {task_command.py:371} INFO - Running <TaskInstance: listing_4_15.extract_gz scheduled__2023-06-10T06:00:00+00:00 [running]> on host fd847b0d0eb3
[2023-06-11 07:40:36,153] {taskinstance.py:1591} INFO - Exporting the following env vars:
AIRFLOW_CTX_DAG_OWNER=***
AIRFLOW_CTX_DAG_ID=listing_4_15
AIRFLOW_CTX_TASK_ID=extract_gz
AIRFLOW_CTX_EXECUTION_DATE=2023-06-10T06:00:00+00:00
AIRFLOW_CTX_TRY_NUMBER=1
AIRFLOW_CTX_DAG_RUN_ID=scheduled__2023-06-10T06:00:00+00:00
[2023-06-11 07:40:36,155] {subprocess.py:62} INFO - Tmp dir root location: 
 /tmp
[2023-06-11 07:40:36,157] {subprocess.py:74} INFO - Running command: ['bash', '-c', 'gunzip --force /opt/***/data/wikipageviews.gz']
[2023-06-11 07:40:36,165] {subprocess.py:85} INFO - Output:
[2023-06-11 07:40:37,347] {subprocess.py:96} INFO - Command exited with return code 0
[2023-06-11 07:40:37,370] {taskinstance.py:1420} INFO - Marking task as SUCCESS. dag_id=listing_4_15, task_id=extract_gz, execution_date=20230610T060000, start_date=20230611T074036, end_date=20230611T074037
[2023-06-11 07:40:37,426] {local_task_job.py:156} INFO - Task exited with return code 0
[2023-06-11 07:40:37,453] {local_task_job.py:273} INFO - 1 downstream tasks scheduled from follow-on schedule check
