[2023-06-10 16:49:55,403] {taskinstance.py:1179} INFO - Dependencies all met for <TaskInstance: download_rocket_launches.download_launches scheduled__2023-05-27T00:00:00+00:00 [queued]>
[2023-06-10 16:49:55,411] {taskinstance.py:1179} INFO - Dependencies all met for <TaskInstance: download_rocket_launches.download_launches scheduled__2023-05-27T00:00:00+00:00 [queued]>
[2023-06-10 16:49:55,413] {taskinstance.py:1376} INFO - 
--------------------------------------------------------------------------------
[2023-06-10 16:49:55,414] {taskinstance.py:1377} INFO - Starting attempt 1 of 1
[2023-06-10 16:49:55,415] {taskinstance.py:1378} INFO - 
--------------------------------------------------------------------------------
[2023-06-10 16:49:55,429] {taskinstance.py:1397} INFO - Executing <Task(BashOperator): download_launches> on 2023-05-27 00:00:00+00:00
[2023-06-10 16:49:55,435] {standard_task_runner.py:52} INFO - Started process 64 to run task
[2023-06-10 16:49:55,438] {standard_task_runner.py:79} INFO - Running: ['***', 'tasks', 'run', 'download_rocket_launches', 'download_launches', 'scheduled__2023-05-27T00:00:00+00:00', '--job-id', '19', '--raw', '--subdir', 'DAGS_FOLDER/download_rocket_launches.py', '--cfg-path', '/tmp/tmpsy5lycm0', '--error-file', '/tmp/tmpx3h94cw0']
[2023-06-10 16:49:55,440] {standard_task_runner.py:80} INFO - Job 19: Subtask download_launches
[2023-06-10 16:49:55,504] {task_command.py:371} INFO - Running <TaskInstance: download_rocket_launches.download_launches scheduled__2023-05-27T00:00:00+00:00 [running]> on host fd847b0d0eb3
[2023-06-10 16:49:55,587] {taskinstance.py:1591} INFO - Exporting the following env vars:
AIRFLOW_CTX_DAG_OWNER=***
AIRFLOW_CTX_DAG_ID=download_rocket_launches
AIRFLOW_CTX_TASK_ID=download_launches
AIRFLOW_CTX_EXECUTION_DATE=2023-05-27T00:00:00+00:00
AIRFLOW_CTX_TRY_NUMBER=1
AIRFLOW_CTX_DAG_RUN_ID=scheduled__2023-05-27T00:00:00+00:00
[2023-06-10 16:49:55,590] {subprocess.py:62} INFO - Tmp dir root location: 
 /tmp
[2023-06-10 16:49:55,592] {subprocess.py:74} INFO - Running command: ['bash', '-c', "curl -o /tmp/launches.json -L 'https://ll.thespacedevs.com/2.0.0/launch/upcoming'"]
[2023-06-10 16:49:55,606] {subprocess.py:85} INFO - Output:
[2023-06-10 16:49:55,615] {subprocess.py:92} INFO -   % Total    % Received % Xferd  Average Speed   Time    Time     Time  Current
[2023-06-10 16:49:55,619] {subprocess.py:92} INFO -                                  Dload  Upload   Total   Spent    Left  Speed
[2023-06-10 16:49:56,476] {subprocess.py:92} INFO -   0     0    0     0    0     0      0      0 --:--:-- --:--:-- --:--:--     0  0     0    0     0    0     0      0      0 --:--:-- --:--:-- --:--:--     0
[2023-06-10 16:49:58,729] {subprocess.py:92} INFO -   0     0    0     0    0     0      0      0 --:--:--  0:00:01 --:--:--     0  0     0    0     0    0     0      0      0 --:--:--  0:00:02 --:--:--     0 47 22256   47 10594    0     0   3441      0  0:00:06  0:00:03  0:00:03  8712100 22256  100 22256    0     0   7147      0  0:00:03  0:00:03 --:--:-- 17776
[2023-06-10 16:49:58,737] {subprocess.py:96} INFO - Command exited with return code 0
[2023-06-10 16:49:58,856] {taskinstance.py:1420} INFO - Marking task as SUCCESS. dag_id=download_rocket_launches, task_id=download_launches, execution_date=20230527T000000, start_date=20230610T164955, end_date=20230610T164958
[2023-06-10 16:49:58,977] {local_task_job.py:156} INFO - Task exited with return code 0
[2023-06-10 16:49:59,085] {local_task_job.py:273} INFO - 1 downstream tasks scheduled from follow-on schedule check
