[2023-06-11 07:39:42,626] {taskinstance.py:1179} INFO - Dependencies all met for <TaskInstance: listing_4_15.fetch_pageviews scheduled__2023-06-10T03:00:00+00:00 [queued]>
[2023-06-11 07:39:42,633] {taskinstance.py:1179} INFO - Dependencies all met for <TaskInstance: listing_4_15.fetch_pageviews scheduled__2023-06-10T03:00:00+00:00 [queued]>
[2023-06-11 07:39:42,634] {taskinstance.py:1376} INFO - 
--------------------------------------------------------------------------------
[2023-06-11 07:39:42,635] {taskinstance.py:1377} INFO - Starting attempt 1 of 1
[2023-06-11 07:39:42,636] {taskinstance.py:1378} INFO - 
--------------------------------------------------------------------------------
[2023-06-11 07:39:42,644] {taskinstance.py:1397} INFO - Executing <Task(PythonOperator): fetch_pageviews> on 2023-06-10 03:00:00+00:00
[2023-06-11 07:39:42,648] {standard_task_runner.py:52} INFO - Started process 88976 to run task
[2023-06-11 07:39:42,651] {standard_task_runner.py:79} INFO - Running: ['***', 'tasks', 'run', 'listing_4_15', 'fetch_pageviews', 'scheduled__2023-06-10T03:00:00+00:00', '--job-id', '128', '--raw', '--subdir', 'DAGS_FOLDER/listing_4_15.py', '--cfg-path', '/tmp/tmpngdx6azr', '--error-file', '/tmp/tmplbo3vc58']
[2023-06-11 07:39:42,652] {standard_task_runner.py:80} INFO - Job 128: Subtask fetch_pageviews
[2023-06-11 07:39:42,695] {task_command.py:371} INFO - Running <TaskInstance: listing_4_15.fetch_pageviews scheduled__2023-06-10T03:00:00+00:00 [running]> on host fd847b0d0eb3
[2023-06-11 07:39:42,738] {taskinstance.py:1591} INFO - Exporting the following env vars:
AIRFLOW_CTX_DAG_OWNER=***
AIRFLOW_CTX_DAG_ID=listing_4_15
AIRFLOW_CTX_TASK_ID=fetch_pageviews
AIRFLOW_CTX_EXECUTION_DATE=2023-06-10T03:00:00+00:00
AIRFLOW_CTX_TRY_NUMBER=1
AIRFLOW_CTX_DAG_RUN_ID=scheduled__2023-06-10T03:00:00+00:00
[2023-06-11 07:39:43,941] {logging_mixin.py:115} INFO - {'Google': '495', 'Amazon': '19', 'Apple': '38', 'Microsoft': '82', 'Facebook': '422'}
[2023-06-11 07:39:43,943] {python.py:173} INFO - Done. Returned value was: None
[2023-06-11 07:39:43,955] {taskinstance.py:1420} INFO - Marking task as SUCCESS. dag_id=listing_4_15, task_id=fetch_pageviews, execution_date=20230610T030000, start_date=20230611T073942, end_date=20230611T073943
[2023-06-11 07:39:43,995] {local_task_job.py:156} INFO - Task exited with return code 0
[2023-06-11 07:39:44,017] {local_task_job.py:273} INFO - 0 downstream tasks scheduled from follow-on schedule check
